ARM GAS  C:\Users\MIHAILO\AppData\Local\Temp\ccB6Keeb.s 			page 1


   1              		.syntax unified
   2              		.cpu cortex-m0
   3              		.fpu softvfp
   4              		.eabi_attribute 20, 1
   5              		.eabi_attribute 21, 1
   6              		.eabi_attribute 23, 3
   7              		.eabi_attribute 24, 1
   8              		.eabi_attribute 25, 1
   9              		.eabi_attribute 26, 1
  10              		.eabi_attribute 30, 1
  11              		.eabi_attribute 34, 0
  12              		.eabi_attribute 18, 4
  13              		.thumb
  14              		.syntax unified
  15              		.file	"cyfitter_cfg.c"
  16              		.text
  17              	.Ltext0:
  18              		.cfi_sections	.debug_frame
  19              		.section	.text.cfg_write_bytes32,"ax",%progbits
  20              		.align	2
  21              		.code	16
  22              		.thumb_func
  23              		.type	cfg_write_bytes32, %function
  24              	cfg_write_bytes32:
  25              	.LFB3:
  26              		.file 1 "Generated_Source\\PSoC4\\cyfitter_cfg.c"
   1:Generated_Source\PSoC4/cyfitter_cfg.c **** 
   2:Generated_Source\PSoC4/cyfitter_cfg.c **** /*******************************************************************************
   3:Generated_Source\PSoC4/cyfitter_cfg.c **** * File Name: cyfitter_cfg.c
   4:Generated_Source\PSoC4/cyfitter_cfg.c **** * 
   5:Generated_Source\PSoC4/cyfitter_cfg.c **** * PSoC Creator  4.4
   6:Generated_Source\PSoC4/cyfitter_cfg.c **** *
   7:Generated_Source\PSoC4/cyfitter_cfg.c **** * Description:
   8:Generated_Source\PSoC4/cyfitter_cfg.c **** * This file contains device initialization code.
   9:Generated_Source\PSoC4/cyfitter_cfg.c **** * Except for the user defined sections in CyClockStartupError(), this file should not be modified.
  10:Generated_Source\PSoC4/cyfitter_cfg.c **** * This file is automatically generated by PSoC Creator.
  11:Generated_Source\PSoC4/cyfitter_cfg.c **** *
  12:Generated_Source\PSoC4/cyfitter_cfg.c **** ********************************************************************************
  13:Generated_Source\PSoC4/cyfitter_cfg.c **** * Copyright (c) 2007-2020 Cypress Semiconductor.  All rights reserved.
  14:Generated_Source\PSoC4/cyfitter_cfg.c **** * You may use this file only in accordance with the license, terms, conditions, 
  15:Generated_Source\PSoC4/cyfitter_cfg.c **** * disclaimers, and limitations in the end user license agreement accompanying 
  16:Generated_Source\PSoC4/cyfitter_cfg.c **** * the software package with which this file was provided.
  17:Generated_Source\PSoC4/cyfitter_cfg.c **** ********************************************************************************/
  18:Generated_Source\PSoC4/cyfitter_cfg.c **** 
  19:Generated_Source\PSoC4/cyfitter_cfg.c **** #include <string.h>
  20:Generated_Source\PSoC4/cyfitter_cfg.c **** #include "cytypes.h"
  21:Generated_Source\PSoC4/cyfitter_cfg.c **** #include "cydevice_trm.h"
  22:Generated_Source\PSoC4/cyfitter_cfg.c **** #include "cyfitter.h"
  23:Generated_Source\PSoC4/cyfitter_cfg.c **** #include "CyLib.h"
  24:Generated_Source\PSoC4/cyfitter_cfg.c **** #include "CyLFClk.h"
  25:Generated_Source\PSoC4/cyfitter_cfg.c **** #include "cyfitter_cfg.h"
  26:Generated_Source\PSoC4/cyfitter_cfg.c **** #include "cyapicallbacks.h"
  27:Generated_Source\PSoC4/cyfitter_cfg.c **** 
  28:Generated_Source\PSoC4/cyfitter_cfg.c **** 
  29:Generated_Source\PSoC4/cyfitter_cfg.c **** #if defined(__GNUC__) || defined(__ARMCC_VERSION)
  30:Generated_Source\PSoC4/cyfitter_cfg.c ****     #define CYPACKED 
  31:Generated_Source\PSoC4/cyfitter_cfg.c ****     #define CYPACKED_ATTR __attribute__ ((packed))
ARM GAS  C:\Users\MIHAILO\AppData\Local\Temp\ccB6Keeb.s 			page 2


  32:Generated_Source\PSoC4/cyfitter_cfg.c ****     #define CYALIGNED __attribute__ ((aligned))
  33:Generated_Source\PSoC4/cyfitter_cfg.c ****     #define CY_CFG_UNUSED __attribute__ ((unused))
  34:Generated_Source\PSoC4/cyfitter_cfg.c ****     #ifndef CY_CFG_SECTION
  35:Generated_Source\PSoC4/cyfitter_cfg.c ****         #define CY_CFG_SECTION __attribute__ ((section(".psocinit")))
  36:Generated_Source\PSoC4/cyfitter_cfg.c ****     #endif
  37:Generated_Source\PSoC4/cyfitter_cfg.c ****     
  38:Generated_Source\PSoC4/cyfitter_cfg.c ****     #if defined(__ARMCC_VERSION)
  39:Generated_Source\PSoC4/cyfitter_cfg.c ****         #define CY_CFG_MEMORY_BARRIER() __memory_changed()
  40:Generated_Source\PSoC4/cyfitter_cfg.c ****     #else
  41:Generated_Source\PSoC4/cyfitter_cfg.c ****         #define CY_CFG_MEMORY_BARRIER() __sync_synchronize()
  42:Generated_Source\PSoC4/cyfitter_cfg.c ****     #endif
  43:Generated_Source\PSoC4/cyfitter_cfg.c ****     
  44:Generated_Source\PSoC4/cyfitter_cfg.c **** #elif defined(__ICCARM__)
  45:Generated_Source\PSoC4/cyfitter_cfg.c ****     #include <intrinsics.h>
  46:Generated_Source\PSoC4/cyfitter_cfg.c **** 
  47:Generated_Source\PSoC4/cyfitter_cfg.c ****     #define CYPACKED __packed
  48:Generated_Source\PSoC4/cyfitter_cfg.c ****     #define CYPACKED_ATTR 
  49:Generated_Source\PSoC4/cyfitter_cfg.c ****     #define CYALIGNED _Pragma("data_alignment=4")
  50:Generated_Source\PSoC4/cyfitter_cfg.c ****     #define CY_CFG_UNUSED _Pragma("diag_suppress=Pe177")
  51:Generated_Source\PSoC4/cyfitter_cfg.c ****     #define CY_CFG_SECTION _Pragma("location=\".psocinit\"")
  52:Generated_Source\PSoC4/cyfitter_cfg.c ****     
  53:Generated_Source\PSoC4/cyfitter_cfg.c ****     #define CY_CFG_MEMORY_BARRIER() __DMB()
  54:Generated_Source\PSoC4/cyfitter_cfg.c ****     
  55:Generated_Source\PSoC4/cyfitter_cfg.c **** #else
  56:Generated_Source\PSoC4/cyfitter_cfg.c ****     #error Unsupported toolchain
  57:Generated_Source\PSoC4/cyfitter_cfg.c **** #endif
  58:Generated_Source\PSoC4/cyfitter_cfg.c **** 
  59:Generated_Source\PSoC4/cyfitter_cfg.c **** #ifndef CYCODE
  60:Generated_Source\PSoC4/cyfitter_cfg.c ****     #define CYCODE
  61:Generated_Source\PSoC4/cyfitter_cfg.c **** #endif
  62:Generated_Source\PSoC4/cyfitter_cfg.c **** #ifndef CYDATA
  63:Generated_Source\PSoC4/cyfitter_cfg.c ****     #define CYDATA
  64:Generated_Source\PSoC4/cyfitter_cfg.c **** #endif
  65:Generated_Source\PSoC4/cyfitter_cfg.c **** #ifndef CYFAR
  66:Generated_Source\PSoC4/cyfitter_cfg.c ****     #define CYFAR
  67:Generated_Source\PSoC4/cyfitter_cfg.c **** #endif
  68:Generated_Source\PSoC4/cyfitter_cfg.c **** #ifndef CYXDATA
  69:Generated_Source\PSoC4/cyfitter_cfg.c ****     #define CYXDATA
  70:Generated_Source\PSoC4/cyfitter_cfg.c **** #endif
  71:Generated_Source\PSoC4/cyfitter_cfg.c **** 
  72:Generated_Source\PSoC4/cyfitter_cfg.c **** 
  73:Generated_Source\PSoC4/cyfitter_cfg.c **** CY_CFG_UNUSED
  74:Generated_Source\PSoC4/cyfitter_cfg.c **** static void CYMEMZERO(void *s, size_t n);
  75:Generated_Source\PSoC4/cyfitter_cfg.c **** CY_CFG_UNUSED
  76:Generated_Source\PSoC4/cyfitter_cfg.c **** static void CYMEMZERO(void *s, size_t n)
  77:Generated_Source\PSoC4/cyfitter_cfg.c **** {
  78:Generated_Source\PSoC4/cyfitter_cfg.c **** 	(void)memset(s, 0, n);
  79:Generated_Source\PSoC4/cyfitter_cfg.c **** }
  80:Generated_Source\PSoC4/cyfitter_cfg.c **** CY_CFG_UNUSED
  81:Generated_Source\PSoC4/cyfitter_cfg.c **** static void CYCONFIGCPY(void *dest, const void *src, size_t n);
  82:Generated_Source\PSoC4/cyfitter_cfg.c **** CY_CFG_UNUSED
  83:Generated_Source\PSoC4/cyfitter_cfg.c **** static void CYCONFIGCPY(void *dest, const void *src, size_t n)
  84:Generated_Source\PSoC4/cyfitter_cfg.c **** {
  85:Generated_Source\PSoC4/cyfitter_cfg.c **** 	(void)memcpy(dest, src, n);
  86:Generated_Source\PSoC4/cyfitter_cfg.c **** }
  87:Generated_Source\PSoC4/cyfitter_cfg.c **** CY_CFG_UNUSED
  88:Generated_Source\PSoC4/cyfitter_cfg.c **** static void CYCONFIGCPYCODE(void *dest, const void *src, size_t n);
ARM GAS  C:\Users\MIHAILO\AppData\Local\Temp\ccB6Keeb.s 			page 3


  89:Generated_Source\PSoC4/cyfitter_cfg.c **** CY_CFG_UNUSED
  90:Generated_Source\PSoC4/cyfitter_cfg.c **** static void CYCONFIGCPYCODE(void *dest, const void *src, size_t n)
  91:Generated_Source\PSoC4/cyfitter_cfg.c **** {
  92:Generated_Source\PSoC4/cyfitter_cfg.c **** 	(void)memcpy(dest, src, n);
  93:Generated_Source\PSoC4/cyfitter_cfg.c **** }
  94:Generated_Source\PSoC4/cyfitter_cfg.c **** 
  95:Generated_Source\PSoC4/cyfitter_cfg.c **** 
  96:Generated_Source\PSoC4/cyfitter_cfg.c **** 
  97:Generated_Source\PSoC4/cyfitter_cfg.c **** 
  98:Generated_Source\PSoC4/cyfitter_cfg.c **** /* Clock startup error codes                                                   */
  99:Generated_Source\PSoC4/cyfitter_cfg.c **** #define CYCLOCKSTART_NO_ERROR    0u
 100:Generated_Source\PSoC4/cyfitter_cfg.c **** #define CYCLOCKSTART_XTAL_ERROR  1u
 101:Generated_Source\PSoC4/cyfitter_cfg.c **** #define CYCLOCKSTART_32KHZ_ERROR 2u
 102:Generated_Source\PSoC4/cyfitter_cfg.c **** #define CYCLOCKSTART_PLL_ERROR   3u
 103:Generated_Source\PSoC4/cyfitter_cfg.c **** #define CYCLOCKSTART_FLL_ERROR   4u
 104:Generated_Source\PSoC4/cyfitter_cfg.c **** #define CYCLOCKSTART_WCO_ERROR   5u
 105:Generated_Source\PSoC4/cyfitter_cfg.c **** 
 106:Generated_Source\PSoC4/cyfitter_cfg.c **** 
 107:Generated_Source\PSoC4/cyfitter_cfg.c **** #ifdef CY_NEED_CYCLOCKSTARTUPERROR
 108:Generated_Source\PSoC4/cyfitter_cfg.c **** /*******************************************************************************
 109:Generated_Source\PSoC4/cyfitter_cfg.c **** * Function Name: CyClockStartupError
 110:Generated_Source\PSoC4/cyfitter_cfg.c **** ********************************************************************************
 111:Generated_Source\PSoC4/cyfitter_cfg.c **** * Summary:
 112:Generated_Source\PSoC4/cyfitter_cfg.c **** *  If an error is encountered during clock configuration (crystal startup error,
 113:Generated_Source\PSoC4/cyfitter_cfg.c **** *  PLL lock error, etc.), the system will end up here.  Unless reimplemented by
 114:Generated_Source\PSoC4/cyfitter_cfg.c **** *  the customer, this function will stop in an infinite loop.
 115:Generated_Source\PSoC4/cyfitter_cfg.c **** *
 116:Generated_Source\PSoC4/cyfitter_cfg.c **** * Parameters:
 117:Generated_Source\PSoC4/cyfitter_cfg.c **** *   void
 118:Generated_Source\PSoC4/cyfitter_cfg.c **** *
 119:Generated_Source\PSoC4/cyfitter_cfg.c **** * Return:
 120:Generated_Source\PSoC4/cyfitter_cfg.c **** *   void
 121:Generated_Source\PSoC4/cyfitter_cfg.c **** *
 122:Generated_Source\PSoC4/cyfitter_cfg.c **** *******************************************************************************/
 123:Generated_Source\PSoC4/cyfitter_cfg.c **** CY_CFG_UNUSED
 124:Generated_Source\PSoC4/cyfitter_cfg.c **** static void CyClockStartupError(uint8 errorCode);
 125:Generated_Source\PSoC4/cyfitter_cfg.c **** CY_CFG_UNUSED
 126:Generated_Source\PSoC4/cyfitter_cfg.c **** static void CyClockStartupError(uint8 errorCode)
 127:Generated_Source\PSoC4/cyfitter_cfg.c **** {
 128:Generated_Source\PSoC4/cyfitter_cfg.c ****     /* To remove the compiler warning if errorCode not used.                */
 129:Generated_Source\PSoC4/cyfitter_cfg.c ****     errorCode = errorCode;
 130:Generated_Source\PSoC4/cyfitter_cfg.c **** 
 131:Generated_Source\PSoC4/cyfitter_cfg.c ****     /* If we have a clock startup error (bad MHz crystal, PLL lock, etc.),  */
 132:Generated_Source\PSoC4/cyfitter_cfg.c ****     /* we will end up here to allow the customer to implement something to  */
 133:Generated_Source\PSoC4/cyfitter_cfg.c ****     /* deal with the clock condition.                                       */
 134:Generated_Source\PSoC4/cyfitter_cfg.c **** 
 135:Generated_Source\PSoC4/cyfitter_cfg.c **** #ifdef CY_CFG_CLOCK_STARTUP_ERROR_CALLBACK
 136:Generated_Source\PSoC4/cyfitter_cfg.c ****     CY_CFG_Clock_Startup_ErrorCallback();
 137:Generated_Source\PSoC4/cyfitter_cfg.c **** #else
 138:Generated_Source\PSoC4/cyfitter_cfg.c ****     /*  If not using CY_CFG_CLOCK_STARTUP_ERROR_CALLBACK, place your clock startup code here. */
 139:Generated_Source\PSoC4/cyfitter_cfg.c ****     /* `#START CyClockStartupError` */
 140:Generated_Source\PSoC4/cyfitter_cfg.c **** 
 141:Generated_Source\PSoC4/cyfitter_cfg.c **** 
 142:Generated_Source\PSoC4/cyfitter_cfg.c **** 
 143:Generated_Source\PSoC4/cyfitter_cfg.c ****     /* `#END` */
 144:Generated_Source\PSoC4/cyfitter_cfg.c **** 
 145:Generated_Source\PSoC4/cyfitter_cfg.c ****     while(1) {}
ARM GAS  C:\Users\MIHAILO\AppData\Local\Temp\ccB6Keeb.s 			page 4


 146:Generated_Source\PSoC4/cyfitter_cfg.c **** #endif /* CY_CFG_CLOCK_STARTUP_ERROR_CALLBACK */
 147:Generated_Source\PSoC4/cyfitter_cfg.c **** }
 148:Generated_Source\PSoC4/cyfitter_cfg.c **** #endif
 149:Generated_Source\PSoC4/cyfitter_cfg.c **** 
 150:Generated_Source\PSoC4/cyfitter_cfg.c **** #define CY_CFG_BASE_ADDR_COUNT 7u
 151:Generated_Source\PSoC4/cyfitter_cfg.c **** CYPACKED typedef struct
 152:Generated_Source\PSoC4/cyfitter_cfg.c **** {
 153:Generated_Source\PSoC4/cyfitter_cfg.c **** 	uint8 offset;
 154:Generated_Source\PSoC4/cyfitter_cfg.c **** 	uint8 value;
 155:Generated_Source\PSoC4/cyfitter_cfg.c **** } CYPACKED_ATTR cy_cfg_addrvalue_t;
 156:Generated_Source\PSoC4/cyfitter_cfg.c **** 
 157:Generated_Source\PSoC4/cyfitter_cfg.c **** 
 158:Generated_Source\PSoC4/cyfitter_cfg.c **** 
 159:Generated_Source\PSoC4/cyfitter_cfg.c **** /*******************************************************************************
 160:Generated_Source\PSoC4/cyfitter_cfg.c **** * Function Name: cfg_write_bytes32
 161:Generated_Source\PSoC4/cyfitter_cfg.c **** ********************************************************************************
 162:Generated_Source\PSoC4/cyfitter_cfg.c **** * Summary:
 163:Generated_Source\PSoC4/cyfitter_cfg.c **** *  This function is used for setting up the chip configuration areas that
 164:Generated_Source\PSoC4/cyfitter_cfg.c **** *  contain relatively sparse data.
 165:Generated_Source\PSoC4/cyfitter_cfg.c **** *
 166:Generated_Source\PSoC4/cyfitter_cfg.c **** * Parameters:
 167:Generated_Source\PSoC4/cyfitter_cfg.c **** *   void
 168:Generated_Source\PSoC4/cyfitter_cfg.c **** *
 169:Generated_Source\PSoC4/cyfitter_cfg.c **** * Return:
 170:Generated_Source\PSoC4/cyfitter_cfg.c **** *   void
 171:Generated_Source\PSoC4/cyfitter_cfg.c **** *
 172:Generated_Source\PSoC4/cyfitter_cfg.c **** *******************************************************************************/
 173:Generated_Source\PSoC4/cyfitter_cfg.c **** static void cfg_write_bytes32(const uint32 addr_table[], const cy_cfg_addrvalue_t data_table[]);
 174:Generated_Source\PSoC4/cyfitter_cfg.c **** static void cfg_write_bytes32(const uint32 addr_table[], const cy_cfg_addrvalue_t data_table[])
 175:Generated_Source\PSoC4/cyfitter_cfg.c **** {
  27              		.loc 1 175 0
  28              		.cfi_startproc
  29              		@ args = 0, pretend = 0, frame = 0
  30              		@ frame_needed = 0, uses_anonymous_args = 0
  31              	.LVL0:
  32 0000 F0B5     		push	{r4, r5, r6, r7, lr}
  33              		.cfi_def_cfa_offset 20
  34              		.cfi_offset 4, -20
  35              		.cfi_offset 5, -16
  36              		.cfi_offset 6, -12
  37              		.cfi_offset 7, -8
  38              		.cfi_offset 14, -4
  39              	.LVL1:
 176:Generated_Source\PSoC4/cyfitter_cfg.c **** 	/* For 32-bit little-endian architectures */
 177:Generated_Source\PSoC4/cyfitter_cfg.c **** 	uint32 i, j = 0u;
  40              		.loc 1 177 0
  41 0002 0025     		movs	r5, #0
 178:Generated_Source\PSoC4/cyfitter_cfg.c **** 	for (i = 0u; i < CY_CFG_BASE_ADDR_COUNT; i++)
  42              		.loc 1 178 0
  43 0004 0027     		movs	r7, #0
  44 0006 11E0     		b	.L2
  45              	.LVL2:
  46              	.L5:
  47              	.LBB2:
 179:Generated_Source\PSoC4/cyfitter_cfg.c **** 	{
 180:Generated_Source\PSoC4/cyfitter_cfg.c **** 		uint32 baseAddr = addr_table[i];
  48              		.loc 1 180 0
ARM GAS  C:\Users\MIHAILO\AppData\Local\Temp\ccB6Keeb.s 			page 5


  49 0008 BB00     		lsls	r3, r7, #2
  50 000a C658     		ldr	r6, [r0, r3]
  51              	.LVL3:
 181:Generated_Source\PSoC4/cyfitter_cfg.c **** 		uint8 count = (uint8)baseAddr;
  52              		.loc 1 181 0
  53 000c F3B2     		uxtb	r3, r6
  54              	.LVL4:
 182:Generated_Source\PSoC4/cyfitter_cfg.c **** 		baseAddr &= 0xFFFFFF00u;
  55              		.loc 1 182 0
  56 000e FF22     		movs	r2, #255
  57 0010 9643     		bics	r6, r2
  58              	.LVL5:
 183:Generated_Source\PSoC4/cyfitter_cfg.c **** 		while (count != 0u)
  59              		.loc 1 183 0
  60 0012 08E0     		b	.L3
  61              	.L4:
 184:Generated_Source\PSoC4/cyfitter_cfg.c **** 		{
 185:Generated_Source\PSoC4/cyfitter_cfg.c **** 			CY_SET_REG8((void *)(baseAddr + data_table[j].offset), data_table[j].value);
  62              		.loc 1 185 0
  63 0014 6A00     		lsls	r2, r5, #1
  64 0016 8A18     		adds	r2, r1, r2
  65 0018 1478     		ldrb	r4, [r2]
  66 001a A419     		adds	r4, r4, r6
  67 001c 5278     		ldrb	r2, [r2, #1]
  68 001e 2270     		strb	r2, [r4]
 186:Generated_Source\PSoC4/cyfitter_cfg.c **** 			j++;
  69              		.loc 1 186 0
  70 0020 0135     		adds	r5, r5, #1
  71              	.LVL6:
 187:Generated_Source\PSoC4/cyfitter_cfg.c **** 			count--;
  72              		.loc 1 187 0
  73 0022 013B     		subs	r3, r3, #1
  74              	.LVL7:
  75 0024 DBB2     		uxtb	r3, r3
  76              	.LVL8:
  77              	.L3:
 183:Generated_Source\PSoC4/cyfitter_cfg.c **** 		{
  78              		.loc 1 183 0
  79 0026 002B     		cmp	r3, #0
  80 0028 F4D1     		bne	.L4
  81              	.LBE2:
 178:Generated_Source\PSoC4/cyfitter_cfg.c **** 	{
  82              		.loc 1 178 0 discriminator 2
  83 002a 0137     		adds	r7, r7, #1
  84              	.LVL9:
  85              	.L2:
 178:Generated_Source\PSoC4/cyfitter_cfg.c **** 	{
  86              		.loc 1 178 0 is_stmt 0 discriminator 1
  87 002c 062F     		cmp	r7, #6
  88 002e EBD9     		bls	.L5
 188:Generated_Source\PSoC4/cyfitter_cfg.c **** 		}
 189:Generated_Source\PSoC4/cyfitter_cfg.c **** 	}
 190:Generated_Source\PSoC4/cyfitter_cfg.c **** }
  89              		.loc 1 190 0 is_stmt 1
  90              		@ sp needed
  91              	.LVL10:
  92              	.LVL11:
ARM GAS  C:\Users\MIHAILO\AppData\Local\Temp\ccB6Keeb.s 			page 6


  93 0030 F0BD     		pop	{r4, r5, r6, r7, pc}
  94              		.cfi_endproc
  95              	.LFE3:
  96              		.size	cfg_write_bytes32, .-cfg_write_bytes32
  97 0032 C046     		.section	.text.CYMEMZERO,"ax",%progbits
  98              		.align	2
  99              		.code	16
 100              		.thumb_func
 101              		.type	CYMEMZERO, %function
 102              	CYMEMZERO:
 103              	.LFB0:
  77:Generated_Source\PSoC4/cyfitter_cfg.c **** 	(void)memset(s, 0, n);
 104              		.loc 1 77 0
 105              		.cfi_startproc
 106              		@ args = 0, pretend = 0, frame = 0
 107              		@ frame_needed = 0, uses_anonymous_args = 0
 108              	.LVL12:
 109 0000 10B5     		push	{r4, lr}
 110              		.cfi_def_cfa_offset 8
 111              		.cfi_offset 4, -8
 112              		.cfi_offset 14, -4
 113 0002 0A00     		movs	r2, r1
  78:Generated_Source\PSoC4/cyfitter_cfg.c **** }
 114              		.loc 1 78 0
 115 0004 0021     		movs	r1, #0
 116              	.LVL13:
 117 0006 FFF7FEFF 		bl	memset
 118              	.LVL14:
  79:Generated_Source\PSoC4/cyfitter_cfg.c **** CY_CFG_UNUSED
 119              		.loc 1 79 0
 120              		@ sp needed
 121 000a 10BD     		pop	{r4, pc}
 122              		.cfi_endproc
 123              	.LFE0:
 124              		.size	CYMEMZERO, .-CYMEMZERO
 125              		.section	.psocinit,"ax",%progbits
 126              		.align	2
 127              		.code	16
 128              		.thumb_func
 129              		.type	ClockSetup, %function
 130              	ClockSetup:
 131              	.LFB4:
 191:Generated_Source\PSoC4/cyfitter_cfg.c **** 
 192:Generated_Source\PSoC4/cyfitter_cfg.c **** 
 193:Generated_Source\PSoC4/cyfitter_cfg.c **** /*******************************************************************************
 194:Generated_Source\PSoC4/cyfitter_cfg.c **** * Function Name: ClockSetup
 195:Generated_Source\PSoC4/cyfitter_cfg.c **** ********************************************************************************
 196:Generated_Source\PSoC4/cyfitter_cfg.c **** *
 197:Generated_Source\PSoC4/cyfitter_cfg.c **** * Summary:
 198:Generated_Source\PSoC4/cyfitter_cfg.c **** *   Performs the initialization of all of the clocks in the device based on the
 199:Generated_Source\PSoC4/cyfitter_cfg.c **** *   settings in the Clock tab of the DWR.  This includes enabling the requested
 200:Generated_Source\PSoC4/cyfitter_cfg.c **** *   clocks and setting the necessary dividers to produce the desired frequency. 
 201:Generated_Source\PSoC4/cyfitter_cfg.c **** *
 202:Generated_Source\PSoC4/cyfitter_cfg.c **** * Parameters:
 203:Generated_Source\PSoC4/cyfitter_cfg.c **** *   void
 204:Generated_Source\PSoC4/cyfitter_cfg.c **** *
 205:Generated_Source\PSoC4/cyfitter_cfg.c **** * Return:
ARM GAS  C:\Users\MIHAILO\AppData\Local\Temp\ccB6Keeb.s 			page 7


 206:Generated_Source\PSoC4/cyfitter_cfg.c **** *   void
 207:Generated_Source\PSoC4/cyfitter_cfg.c **** *
 208:Generated_Source\PSoC4/cyfitter_cfg.c **** *******************************************************************************/
 209:Generated_Source\PSoC4/cyfitter_cfg.c **** static void ClockSetup(void);
 210:Generated_Source\PSoC4/cyfitter_cfg.c **** CY_CFG_SECTION
 211:Generated_Source\PSoC4/cyfitter_cfg.c **** static void ClockSetup(void)
 212:Generated_Source\PSoC4/cyfitter_cfg.c **** {
 132              		.loc 1 212 0
 133              		.cfi_startproc
 134              		@ args = 0, pretend = 0, frame = 0
 135              		@ frame_needed = 0, uses_anonymous_args = 0
 136 0000 70B5     		push	{r4, r5, r6, lr}
 137              		.cfi_def_cfa_offset 16
 138              		.cfi_offset 4, -16
 139              		.cfi_offset 5, -12
 140              		.cfi_offset 6, -8
 141              		.cfi_offset 14, -4
 213:Generated_Source\PSoC4/cyfitter_cfg.c **** 	/* Enable HALF_EN before trimming for the flash accelerator. */
 214:Generated_Source\PSoC4/cyfitter_cfg.c **** 	CY_SET_REG32((void CYXDATA *)(CYREG_CLK_SELECT), (CY_GET_REG32((void *)CYREG_CLK_SELECT) | 0x00040
 142              		.loc 1 214 0
 143 0002 134C     		ldr	r4, .L8
 144 0004 2368     		ldr	r3, [r4]
 145 0006 8022     		movs	r2, #128
 146 0008 D202     		lsls	r2, r2, #11
 147 000a 1343     		orrs	r3, r2
 148 000c 2360     		str	r3, [r4]
 215:Generated_Source\PSoC4/cyfitter_cfg.c **** 
 216:Generated_Source\PSoC4/cyfitter_cfg.c **** 	/* Setup and trim IMO based on desired frequency. */
 217:Generated_Source\PSoC4/cyfitter_cfg.c **** 	CySysClkWriteImoFreq(24u);
 149              		.loc 1 217 0
 150 000e 1820     		movs	r0, #24
 151 0010 FFF7FEFF 		bl	CySysClkWriteImoFreq
 152              	.LVL15:
 218:Generated_Source\PSoC4/cyfitter_cfg.c **** 
 219:Generated_Source\PSoC4/cyfitter_cfg.c **** 	/* Disable HALF_EN since it is not required at this IMO frequency. */
 220:Generated_Source\PSoC4/cyfitter_cfg.c **** 	CY_SET_REG32((void CYXDATA *)(CYREG_CLK_SELECT), (CY_GET_REG32((void *)CYREG_CLK_SELECT) & 0xFFFBF
 153              		.loc 1 220 0
 154 0014 2268     		ldr	r2, [r4]
 155 0016 0F4B     		ldr	r3, .L8+4
 156 0018 1340     		ands	r3, r2
 157 001a 2360     		str	r3, [r4]
 221:Generated_Source\PSoC4/cyfitter_cfg.c **** 	/* CYDEV_CLK_ILO_CONFIG Starting address: CYDEV_CLK_ILO_CONFIG */
 222:Generated_Source\PSoC4/cyfitter_cfg.c **** 	CY_SET_REG32((void *)(CYREG_CLK_ILO_CONFIG), 0x80000006u);
 158              		.loc 1 222 0
 159 001c 0E4A     		ldr	r2, .L8+8
 160 001e 0F4B     		ldr	r3, .L8+12
 161 0020 1A60     		str	r2, [r3]
 223:Generated_Source\PSoC4/cyfitter_cfg.c **** 
 224:Generated_Source\PSoC4/cyfitter_cfg.c **** 
 225:Generated_Source\PSoC4/cyfitter_cfg.c **** 	/* CYDEV_CLK_SELECT00 Starting address: CYDEV_CLK_SELECT00 */
 226:Generated_Source\PSoC4/cyfitter_cfg.c **** 	CY_SET_REG32((void *)(CYREG_CLK_SELECT12), 0x00000010u);
 162              		.loc 1 226 0
 163 0022 1022     		movs	r2, #16
 164 0024 0E4B     		ldr	r3, .L8+16
 165 0026 1A60     		str	r2, [r3]
 227:Generated_Source\PSoC4/cyfitter_cfg.c **** 
 228:Generated_Source\PSoC4/cyfitter_cfg.c **** 	/* CYDEV_CLK_IMO_CONFIG Starting address: CYDEV_CLK_IMO_CONFIG */
ARM GAS  C:\Users\MIHAILO\AppData\Local\Temp\ccB6Keeb.s 			page 8


 229:Generated_Source\PSoC4/cyfitter_cfg.c **** 	CY_SET_REG32((void *)(CYREG_CLK_IMO_CONFIG), 0x80000000u);
 166              		.loc 1 229 0
 167 0028 8022     		movs	r2, #128
 168 002a 1206     		lsls	r2, r2, #24
 169 002c 0D4B     		ldr	r3, .L8+20
 170 002e 1A60     		str	r2, [r3]
 230:Generated_Source\PSoC4/cyfitter_cfg.c **** 
 231:Generated_Source\PSoC4/cyfitter_cfg.c **** 	/* CYDEV_CLK_SELECT Starting address: CYDEV_CLK_SELECT */
 232:Generated_Source\PSoC4/cyfitter_cfg.c **** 	CY_SET_REG32((void *)(CYREG_CLK_SELECT), 0x00000000u);
 171              		.loc 1 232 0
 172 0030 0025     		movs	r5, #0
 173 0032 2560     		str	r5, [r4]
 233:Generated_Source\PSoC4/cyfitter_cfg.c **** 
 234:Generated_Source\PSoC4/cyfitter_cfg.c **** 	/* CYDEV_CLK_DIVIDER_A00 Starting address: CYDEV_CLK_DIVIDER_A00 */
 235:Generated_Source\PSoC4/cyfitter_cfg.c **** 	CY_SET_REG32((void *)(CYREG_CLK_DIVIDER_A00), 0x80000001u);
 174              		.loc 1 235 0
 175 0034 0C4A     		ldr	r2, .L8+24
 176 0036 0D4B     		ldr	r3, .L8+28
 177 0038 1A60     		str	r2, [r3]
 236:Generated_Source\PSoC4/cyfitter_cfg.c **** 
 237:Generated_Source\PSoC4/cyfitter_cfg.c **** 	(void)CyIntSetVector(9u, &CySysWdtIsr);
 178              		.loc 1 237 0
 179 003a 0D49     		ldr	r1, .L8+32
 180 003c 0920     		movs	r0, #9
 181 003e FFF7FEFF 		bl	CyIntSetVector
 182              	.LVL16:
 238:Generated_Source\PSoC4/cyfitter_cfg.c **** 	CyIntEnable(9u);
 183              		.loc 1 238 0
 184 0042 0920     		movs	r0, #9
 185 0044 FFF7FEFF 		bl	CyIntEnable
 186              	.LVL17:
 239:Generated_Source\PSoC4/cyfitter_cfg.c **** 	CY_SET_REG32((void *)(CYREG_WDT_CONFIG), 0x00000000u);
 187              		.loc 1 239 0
 188 0048 0A4B     		ldr	r3, .L8+36
 189 004a 1D60     		str	r5, [r3]
 240:Generated_Source\PSoC4/cyfitter_cfg.c **** }
 190              		.loc 1 240 0
 191              		@ sp needed
 192 004c 70BD     		pop	{r4, r5, r6, pc}
 193              	.L9:
 194 004e C046     		.align	2
 195              	.L8:
 196 0050 00010B40 		.word	1074462976
 197 0054 FFFFFBFF 		.word	-262145
 198 0058 06000080 		.word	-2147483642
 199 005c 04010B40 		.word	1074462980
 200 0060 30020240 		.word	1073873456
 201 0064 08010B40 		.word	1074462984
 202 0068 01000080 		.word	-2147483647
 203 006c 00000240 		.word	1073872896
 204 0070 00000000 		.word	CySysWdtIsr
 205 0074 0C020B40 		.word	1074463244
 206              		.cfi_endproc
 207              	.LFE4:
 208              		.size	ClockSetup, .-ClockSetup
 209              		.align	2
 210              		.global	cyfitter_cfg
ARM GAS  C:\Users\MIHAILO\AppData\Local\Temp\ccB6Keeb.s 			page 9


 211              		.code	16
 212              		.thumb_func
 213              		.type	cyfitter_cfg, %function
 214              	cyfitter_cfg:
 215              	.LFB6:
 241:Generated_Source\PSoC4/cyfitter_cfg.c **** 
 242:Generated_Source\PSoC4/cyfitter_cfg.c **** 
 243:Generated_Source\PSoC4/cyfitter_cfg.c **** /* Analog API Functions */
 244:Generated_Source\PSoC4/cyfitter_cfg.c **** 
 245:Generated_Source\PSoC4/cyfitter_cfg.c **** 
 246:Generated_Source\PSoC4/cyfitter_cfg.c **** /*******************************************************************************
 247:Generated_Source\PSoC4/cyfitter_cfg.c **** * Function Name: AnalogSetDefault
 248:Generated_Source\PSoC4/cyfitter_cfg.c **** ********************************************************************************
 249:Generated_Source\PSoC4/cyfitter_cfg.c **** *
 250:Generated_Source\PSoC4/cyfitter_cfg.c **** * Summary:
 251:Generated_Source\PSoC4/cyfitter_cfg.c **** *  Sets up the analog portions of the chip to default values based on chip
 252:Generated_Source\PSoC4/cyfitter_cfg.c **** *  configuration options from the project.
 253:Generated_Source\PSoC4/cyfitter_cfg.c **** *
 254:Generated_Source\PSoC4/cyfitter_cfg.c **** * Parameters:
 255:Generated_Source\PSoC4/cyfitter_cfg.c **** *  void
 256:Generated_Source\PSoC4/cyfitter_cfg.c **** *
 257:Generated_Source\PSoC4/cyfitter_cfg.c **** * Return:
 258:Generated_Source\PSoC4/cyfitter_cfg.c **** *  void
 259:Generated_Source\PSoC4/cyfitter_cfg.c **** *
 260:Generated_Source\PSoC4/cyfitter_cfg.c **** *******************************************************************************/
 261:Generated_Source\PSoC4/cyfitter_cfg.c **** static void AnalogSetDefault(void);
 262:Generated_Source\PSoC4/cyfitter_cfg.c **** static void AnalogSetDefault(void)
 263:Generated_Source\PSoC4/cyfitter_cfg.c **** {
 264:Generated_Source\PSoC4/cyfitter_cfg.c **** }
 265:Generated_Source\PSoC4/cyfitter_cfg.c **** 
 266:Generated_Source\PSoC4/cyfitter_cfg.c **** 
 267:Generated_Source\PSoC4/cyfitter_cfg.c **** 
 268:Generated_Source\PSoC4/cyfitter_cfg.c **** 
 269:Generated_Source\PSoC4/cyfitter_cfg.c **** /*******************************************************************************
 270:Generated_Source\PSoC4/cyfitter_cfg.c **** * Function Name: cyfitter_cfg
 271:Generated_Source\PSoC4/cyfitter_cfg.c **** ********************************************************************************
 272:Generated_Source\PSoC4/cyfitter_cfg.c **** * Summary:
 273:Generated_Source\PSoC4/cyfitter_cfg.c **** *  This function is called by the start-up code for the selected device. It
 274:Generated_Source\PSoC4/cyfitter_cfg.c **** *  performs all of the necessary device configuration based on the design
 275:Generated_Source\PSoC4/cyfitter_cfg.c **** *  settings.  This includes settings from the Design Wide Resources (DWR) such
 276:Generated_Source\PSoC4/cyfitter_cfg.c **** *  as Clocks and Pins as well as any component configuration that is necessary.
 277:Generated_Source\PSoC4/cyfitter_cfg.c **** *
 278:Generated_Source\PSoC4/cyfitter_cfg.c **** * Parameters:
 279:Generated_Source\PSoC4/cyfitter_cfg.c **** *   void
 280:Generated_Source\PSoC4/cyfitter_cfg.c **** *
 281:Generated_Source\PSoC4/cyfitter_cfg.c **** * Return:
 282:Generated_Source\PSoC4/cyfitter_cfg.c **** *   void
 283:Generated_Source\PSoC4/cyfitter_cfg.c **** *
 284:Generated_Source\PSoC4/cyfitter_cfg.c **** *******************************************************************************/
 285:Generated_Source\PSoC4/cyfitter_cfg.c **** CY_CFG_SECTION
 286:Generated_Source\PSoC4/cyfitter_cfg.c **** void cyfitter_cfg(void)
 287:Generated_Source\PSoC4/cyfitter_cfg.c **** {
 216              		.loc 1 287 0
 217              		.cfi_startproc
 218              		@ args = 0, pretend = 0, frame = 0
 219              		@ frame_needed = 0, uses_anonymous_args = 0
 220 0078 10B5     		push	{r4, lr}
ARM GAS  C:\Users\MIHAILO\AppData\Local\Temp\ccB6Keeb.s 			page 10


 221              		.cfi_def_cfa_offset 8
 222              		.cfi_offset 4, -8
 223              		.cfi_offset 14, -4
 288:Generated_Source\PSoC4/cyfitter_cfg.c **** 	/* Disable interrupts by default. Let user enable if/when they want. */
 289:Generated_Source\PSoC4/cyfitter_cfg.c **** 	CyGlobalIntDisable;
 224              		.loc 1 289 0
 225              		.syntax divided
 226              	@ 289 "Generated_Source\PSoC4\cyfitter_cfg.c" 1
 227 007a 72B6     		CPSID   i
 228              	@ 0 "" 2
 229              	.LVL18:
 230              		.thumb
 231              		.syntax unified
 232              	.LBB3:
 290:Generated_Source\PSoC4/cyfitter_cfg.c **** 
 291:Generated_Source\PSoC4/cyfitter_cfg.c **** 	{
 292:Generated_Source\PSoC4/cyfitter_cfg.c **** 		static const uint32 CYCODE cy_cfg_addr_table[] = {
 293:Generated_Source\PSoC4/cyfitter_cfg.c **** 			0x400F0001u, /* Base address: 0x400F0000 Count: 1 */
 294:Generated_Source\PSoC4/cyfitter_cfg.c **** 			0x400F301Au, /* Base address: 0x400F3000 Count: 26 */
 295:Generated_Source\PSoC4/cyfitter_cfg.c **** 			0x400F310Bu, /* Base address: 0x400F3100 Count: 11 */
 296:Generated_Source\PSoC4/cyfitter_cfg.c **** 			0x400F3302u, /* Base address: 0x400F3300 Count: 2 */
 297:Generated_Source\PSoC4/cyfitter_cfg.c **** 			0x400F4002u, /* Base address: 0x400F4000 Count: 2 */
 298:Generated_Source\PSoC4/cyfitter_cfg.c **** 			0x400F4101u, /* Base address: 0x400F4100 Count: 1 */
 299:Generated_Source\PSoC4/cyfitter_cfg.c **** 			0x400F6002u, /* Base address: 0x400F6000 Count: 2 */
 300:Generated_Source\PSoC4/cyfitter_cfg.c **** 		};
 301:Generated_Source\PSoC4/cyfitter_cfg.c **** 
 302:Generated_Source\PSoC4/cyfitter_cfg.c **** 		static const cy_cfg_addrvalue_t CYCODE cy_cfg_data_table[] = {
 303:Generated_Source\PSoC4/cyfitter_cfg.c **** 			{0x81u, 0x08u},
 304:Generated_Source\PSoC4/cyfitter_cfg.c **** 			{0xB8u, 0x20u},
 305:Generated_Source\PSoC4/cyfitter_cfg.c **** 			{0xBEu, 0x10u},
 306:Generated_Source\PSoC4/cyfitter_cfg.c **** 			{0xC0u, 0x02u},
 307:Generated_Source\PSoC4/cyfitter_cfg.c **** 			{0xC1u, 0x05u},
 308:Generated_Source\PSoC4/cyfitter_cfg.c **** 			{0xC5u, 0xD0u},
 309:Generated_Source\PSoC4/cyfitter_cfg.c **** 			{0xC6u, 0x02u},
 310:Generated_Source\PSoC4/cyfitter_cfg.c **** 			{0xC8u, 0x06u},
 311:Generated_Source\PSoC4/cyfitter_cfg.c **** 			{0xC9u, 0xFFu},
 312:Generated_Source\PSoC4/cyfitter_cfg.c **** 			{0xCAu, 0xFFu},
 313:Generated_Source\PSoC4/cyfitter_cfg.c **** 			{0xCBu, 0xFFu},
 314:Generated_Source\PSoC4/cyfitter_cfg.c **** 			{0xCDu, 0xA0u},
 315:Generated_Source\PSoC4/cyfitter_cfg.c **** 			{0xCFu, 0x04u},
 316:Generated_Source\PSoC4/cyfitter_cfg.c **** 			{0xD0u, 0x18u},
 317:Generated_Source\PSoC4/cyfitter_cfg.c **** 			{0xD8u, 0x04u},
 318:Generated_Source\PSoC4/cyfitter_cfg.c **** 			{0xDAu, 0x04u},
 319:Generated_Source\PSoC4/cyfitter_cfg.c **** 			{0xDBu, 0x04u},
 320:Generated_Source\PSoC4/cyfitter_cfg.c **** 			{0xDFu, 0x05u},
 321:Generated_Source\PSoC4/cyfitter_cfg.c **** 			{0xE0u, 0x40u},
 322:Generated_Source\PSoC4/cyfitter_cfg.c **** 			{0xE2u, 0xC0u},
 323:Generated_Source\PSoC4/cyfitter_cfg.c **** 			{0xE4u, 0x40u},
 324:Generated_Source\PSoC4/cyfitter_cfg.c **** 			{0xE5u, 0x40u},
 325:Generated_Source\PSoC4/cyfitter_cfg.c **** 			{0xE6u, 0xC0u},
 326:Generated_Source\PSoC4/cyfitter_cfg.c **** 			{0xE8u, 0xC0u},
 327:Generated_Source\PSoC4/cyfitter_cfg.c **** 			{0xEAu, 0xC0u},
 328:Generated_Source\PSoC4/cyfitter_cfg.c **** 			{0xECu, 0xC0u},
 329:Generated_Source\PSoC4/cyfitter_cfg.c **** 			{0xEEu, 0xC0u},
 330:Generated_Source\PSoC4/cyfitter_cfg.c **** 			{0x1Du, 0x20u},
 331:Generated_Source\PSoC4/cyfitter_cfg.c **** 			{0x1Fu, 0x21u},
 332:Generated_Source\PSoC4/cyfitter_cfg.c **** 			{0x45u, 0x20u},
ARM GAS  C:\Users\MIHAILO\AppData\Local\Temp\ccB6Keeb.s 			page 11


 333:Generated_Source\PSoC4/cyfitter_cfg.c **** 			{0x4Fu, 0x81u},
 334:Generated_Source\PSoC4/cyfitter_cfg.c **** 			{0x57u, 0x40u},
 335:Generated_Source\PSoC4/cyfitter_cfg.c **** 			{0x5Fu, 0x01u},
 336:Generated_Source\PSoC4/cyfitter_cfg.c **** 			{0x7Fu, 0x20u},
 337:Generated_Source\PSoC4/cyfitter_cfg.c **** 			{0xD0u, 0x20u},
 338:Generated_Source\PSoC4/cyfitter_cfg.c **** 			{0xD2u, 0x10u},
 339:Generated_Source\PSoC4/cyfitter_cfg.c **** 			{0xD6u, 0x80u},
 340:Generated_Source\PSoC4/cyfitter_cfg.c **** 			{0xDEu, 0x40u},
 341:Generated_Source\PSoC4/cyfitter_cfg.c **** 			{0xB7u, 0x01u},
 342:Generated_Source\PSoC4/cyfitter_cfg.c **** 			{0xEAu, 0x40u},
 343:Generated_Source\PSoC4/cyfitter_cfg.c **** 			{0x57u, 0x80u},
 344:Generated_Source\PSoC4/cyfitter_cfg.c **** 			{0xD4u, 0x40u},
 345:Generated_Source\PSoC4/cyfitter_cfg.c **** 			{0xB7u, 0x80u},
 346:Generated_Source\PSoC4/cyfitter_cfg.c **** 			{0x01u, 0x01u},
 347:Generated_Source\PSoC4/cyfitter_cfg.c **** 			{0x10u, 0x01u},
 348:Generated_Source\PSoC4/cyfitter_cfg.c **** 		};
 349:Generated_Source\PSoC4/cyfitter_cfg.c **** 
 350:Generated_Source\PSoC4/cyfitter_cfg.c **** 
 351:Generated_Source\PSoC4/cyfitter_cfg.c **** 
 352:Generated_Source\PSoC4/cyfitter_cfg.c **** 		CYPACKED typedef struct {
 353:Generated_Source\PSoC4/cyfitter_cfg.c **** 			void CYFAR *address;
 354:Generated_Source\PSoC4/cyfitter_cfg.c **** 			uint16 size;
 355:Generated_Source\PSoC4/cyfitter_cfg.c **** 		} CYPACKED_ATTR cfg_memset_t;
 356:Generated_Source\PSoC4/cyfitter_cfg.c **** 
 357:Generated_Source\PSoC4/cyfitter_cfg.c **** 		static const cfg_memset_t CYCODE cfg_memset_list[] = {
 358:Generated_Source\PSoC4/cyfitter_cfg.c **** 			/* address, size */
 359:Generated_Source\PSoC4/cyfitter_cfg.c **** 			{(void CYFAR *)(CYDEV_UDB_P0_U0_BASE), 1024u},
 360:Generated_Source\PSoC4/cyfitter_cfg.c **** 			{(void CYFAR *)(CYDEV_UDB_DSI0_BASE), 1024u},
 361:Generated_Source\PSoC4/cyfitter_cfg.c **** 		};
 362:Generated_Source\PSoC4/cyfitter_cfg.c **** 
 363:Generated_Source\PSoC4/cyfitter_cfg.c **** 		uint8 CYDATA i;
 364:Generated_Source\PSoC4/cyfitter_cfg.c **** 
 365:Generated_Source\PSoC4/cyfitter_cfg.c **** 		/* Zero out critical memory blocks before beginning configuration */
 366:Generated_Source\PSoC4/cyfitter_cfg.c **** 		for (i = 0u; i < (sizeof(cfg_memset_list)/sizeof(cfg_memset_list[0])); i++)
 233              		.loc 1 366 0
 234 007c 0024     		movs	r4, #0
 235 007e 0FE0     		b	.L11
 236              	.LVL19:
 237              	.L12:
 238              	.LBB4:
 367:Generated_Source\PSoC4/cyfitter_cfg.c **** 		{
 368:Generated_Source\PSoC4/cyfitter_cfg.c **** 			const cfg_memset_t CYCODE * CYDATA ms = &cfg_memset_list[i];
 369:Generated_Source\PSoC4/cyfitter_cfg.c **** 			CYMEMZERO(ms->address, (size_t)(uint32)(ms->size));
 239              		.loc 1 369 0 discriminator 3
 240 0080 2448     		ldr	r0, .L13
 241 0082 6200     		lsls	r2, r4, #1
 242 0084 1319     		adds	r3, r2, r4
 243 0086 5900     		lsls	r1, r3, #1
 244 0088 0B00     		movs	r3, r1
 245 008a 4118     		adds	r1, r0, r1
 246 008c 8988     		ldrh	r1, [r1, #4]
 247 008e 1A5A     		ldrh	r2, [r3, r0]
 248 0090 C318     		adds	r3, r0, r3
 249 0092 5888     		ldrh	r0, [r3, #2]
 250 0094 0004     		lsls	r0, r0, #16
 251 0096 1043     		orrs	r0, r2
 252 0098 FFF7FEFF 		bl	CYMEMZERO
ARM GAS  C:\Users\MIHAILO\AppData\Local\Temp\ccB6Keeb.s 			page 12


 253              	.LVL20:
 254              	.LBE4:
 366:Generated_Source\PSoC4/cyfitter_cfg.c **** 		{
 255              		.loc 1 366 0 discriminator 3
 256 009c 0134     		adds	r4, r4, #1
 257              	.LVL21:
 258 009e E4B2     		uxtb	r4, r4
 259              	.LVL22:
 260              	.L11:
 366:Generated_Source\PSoC4/cyfitter_cfg.c **** 		{
 261              		.loc 1 366 0 is_stmt 0 discriminator 1
 262 00a0 012C     		cmp	r4, #1
 263 00a2 EDD9     		bls	.L12
 370:Generated_Source\PSoC4/cyfitter_cfg.c **** 		}
 371:Generated_Source\PSoC4/cyfitter_cfg.c **** 
 372:Generated_Source\PSoC4/cyfitter_cfg.c **** 		cfg_write_bytes32(cy_cfg_addr_table, cy_cfg_data_table);
 264              		.loc 1 372 0 is_stmt 1
 265 00a4 1B48     		ldr	r0, .L13
 266 00a6 0100     		movs	r1, r0
 267 00a8 0C31     		adds	r1, r1, #12
 268 00aa 6830     		adds	r0, r0, #104
 269 00ac FFF7FEFF 		bl	cfg_write_bytes32
 270              	.LVL23:
 373:Generated_Source\PSoC4/cyfitter_cfg.c **** 
 374:Generated_Source\PSoC4/cyfitter_cfg.c **** 		/* HSIOM Starting address: CYDEV_HSIOM_BASE */
 375:Generated_Source\PSoC4/cyfitter_cfg.c **** 		CY_SET_REG32((void *)(CYDEV_HSIOM_BASE), 0x00000300u);
 271              		.loc 1 375 0
 272 00b0 C022     		movs	r2, #192
 273 00b2 9200     		lsls	r2, r2, #2
 274 00b4 184B     		ldr	r3, .L13+4
 275 00b6 1A60     		str	r2, [r3]
 376:Generated_Source\PSoC4/cyfitter_cfg.c **** 		CY_SET_REG32((void *)(CYREG_HSIOM_PORT_SEL3), 0x0000EE00u);
 276              		.loc 1 376 0
 277 00b8 EE22     		movs	r2, #238
 278 00ba 1202     		lsls	r2, r2, #8
 279 00bc 174B     		ldr	r3, .L13+8
 280 00be 1A60     		str	r2, [r3]
 377:Generated_Source\PSoC4/cyfitter_cfg.c **** 
 378:Generated_Source\PSoC4/cyfitter_cfg.c **** 		/* UDB_PA_0 Starting address: CYDEV_UDB_PA0_BASE */
 379:Generated_Source\PSoC4/cyfitter_cfg.c **** 		CY_SET_REG32((void *)(CYDEV_UDB_PA0_BASE), 0x00990000u);
 281              		.loc 1 379 0
 282 00c0 9923     		movs	r3, #153
 283 00c2 1B04     		lsls	r3, r3, #16
 284 00c4 164A     		ldr	r2, .L13+12
 285 00c6 1360     		str	r3, [r2]
 380:Generated_Source\PSoC4/cyfitter_cfg.c **** 		CY_SET_REG32((void *)(CYREG_UDB_PA0_CFG8), 0x00100000u);
 286              		.loc 1 380 0
 287 00c8 8021     		movs	r1, #128
 288 00ca 4903     		lsls	r1, r1, #13
 289 00cc 154A     		ldr	r2, .L13+16
 290 00ce 1160     		str	r1, [r2]
 381:Generated_Source\PSoC4/cyfitter_cfg.c **** 
 382:Generated_Source\PSoC4/cyfitter_cfg.c **** 		/* UDB_PA_3 Starting address: CYDEV_UDB_PA3_BASE */
 383:Generated_Source\PSoC4/cyfitter_cfg.c **** 		CY_SET_REG32((void *)(CYDEV_UDB_PA3_BASE), 0x00990000u);
 291              		.loc 1 383 0
 292 00d0 154A     		ldr	r2, .L13+20
 293 00d2 1360     		str	r3, [r2]
ARM GAS  C:\Users\MIHAILO\AppData\Local\Temp\ccB6Keeb.s 			page 13


 384:Generated_Source\PSoC4/cyfitter_cfg.c **** 
 385:Generated_Source\PSoC4/cyfitter_cfg.c **** 		/* UDB_P0_U1_CFG24 Starting address: CYDEV_UDB_P0_U1_CFG24 */
 386:Generated_Source\PSoC4/cyfitter_cfg.c **** 		CY_SET_REG32((void *)(CYREG_UDB_P0_U1_CFG24), 0x84040004u);
 294              		.loc 1 386 0
 295 00d4 154A     		ldr	r2, .L13+24
 296 00d6 164B     		ldr	r3, .L13+28
 297 00d8 1A60     		str	r2, [r3]
 387:Generated_Source\PSoC4/cyfitter_cfg.c **** 
 388:Generated_Source\PSoC4/cyfitter_cfg.c **** 		/* Enable UDB array and digital routing */
 389:Generated_Source\PSoC4/cyfitter_cfg.c **** 		CY_SET_XTND_REG8((void *)CYREG_UDB_UDBIF_WAIT_CFG, (uint8)((CY_GET_XTND_REG8((void *)CYREG_UDB_UD
 298              		.loc 1 389 0
 299 00da 1649     		ldr	r1, .L13+32
 300 00dc 0B78     		ldrb	r3, [r1]
 301 00de 3C22     		movs	r2, #60
 302 00e0 9343     		bics	r3, r2
 303 00e2 1422     		movs	r2, #20
 304 00e4 1343     		orrs	r3, r2
 305 00e6 DBB2     		uxtb	r3, r3
 306 00e8 0B70     		strb	r3, [r1]
 390:Generated_Source\PSoC4/cyfitter_cfg.c **** 		CY_SET_XTND_REG8((void *)CYREG_UDB_UDBIF_BANK_CTL, (uint8)(CY_GET_XTND_REG8((void *)CYREG_UDB_UDB
 307              		.loc 1 390 0
 308 00ea 134A     		ldr	r2, .L13+36
 309 00ec 1178     		ldrb	r1, [r2]
 310 00ee 1623     		movs	r3, #22
 311 00f0 0B43     		orrs	r3, r1
 312 00f2 DBB2     		uxtb	r3, r3
 313 00f4 1370     		strb	r3, [r2]
 314              	.LBE3:
 391:Generated_Source\PSoC4/cyfitter_cfg.c **** 	}
 392:Generated_Source\PSoC4/cyfitter_cfg.c **** 
 393:Generated_Source\PSoC4/cyfitter_cfg.c **** 	/* Perform second pass device configuration. These items must be configured in specific order afte
 394:Generated_Source\PSoC4/cyfitter_cfg.c **** 	/* IOPINS0_0 Starting address: CYDEV_PRT0_BASE */
 395:Generated_Source\PSoC4/cyfitter_cfg.c **** 	CY_SET_REG32((void *)(CYDEV_PRT0_BASE), 0x00000004u);
 315              		.loc 1 395 0
 316 00f6 0422     		movs	r2, #4
 317 00f8 104B     		ldr	r3, .L13+40
 318 00fa 1A60     		str	r2, [r3]
 396:Generated_Source\PSoC4/cyfitter_cfg.c **** 	CY_SET_REG32((void *)(CYREG_PRT0_PC), 0x00000180u);
 319              		.loc 1 396 0
 320 00fc 7D32     		adds	r2, r2, #125
 321 00fe FF32     		adds	r2, r2, #255
 322 0100 0F4B     		ldr	r3, .L13+44
 323 0102 1A60     		str	r2, [r3]
 397:Generated_Source\PSoC4/cyfitter_cfg.c **** 
 398:Generated_Source\PSoC4/cyfitter_cfg.c **** 	/* IOPINS0_3 Starting address: CYDEV_PRT3_BASE */
 399:Generated_Source\PSoC4/cyfitter_cfg.c **** 	CY_SET_REG32((void *)(CYREG_PRT3_PC), 0x00000D80u);
 324              		.loc 1 399 0
 325 0104 D822     		movs	r2, #216
 326 0106 1201     		lsls	r2, r2, #4
 327 0108 0E4B     		ldr	r3, .L13+48
 328 010a 1A60     		str	r2, [r3]
 400:Generated_Source\PSoC4/cyfitter_cfg.c **** 
 401:Generated_Source\PSoC4/cyfitter_cfg.c **** 
 402:Generated_Source\PSoC4/cyfitter_cfg.c **** 	/* Setup clocks based on selections from Clock DWR */
 403:Generated_Source\PSoC4/cyfitter_cfg.c **** 	ClockSetup();
 329              		.loc 1 403 0
 330 010c FFF778FF 		bl	ClockSetup
ARM GAS  C:\Users\MIHAILO\AppData\Local\Temp\ccB6Keeb.s 			page 14


 331              	.LVL24:
 404:Generated_Source\PSoC4/cyfitter_cfg.c **** 
 405:Generated_Source\PSoC4/cyfitter_cfg.c **** 	/* Perform basic analog initialization to defaults */
 406:Generated_Source\PSoC4/cyfitter_cfg.c **** 	AnalogSetDefault();
 407:Generated_Source\PSoC4/cyfitter_cfg.c **** 
 408:Generated_Source\PSoC4/cyfitter_cfg.c **** }
 332              		.loc 1 408 0
 333              		@ sp needed
 334              	.LVL25:
 335 0110 10BD     		pop	{r4, pc}
 336              	.L14:
 337 0112 C046     		.align	2
 338              	.L13:
 339 0114 00000000 		.word	.LANCHOR0
 340 0118 00000140 		.word	1073807360
 341 011c 0C000140 		.word	1073807372
 342 0120 00500F40 		.word	1074745344
 343 0124 08500F40 		.word	1074745352
 344 0128 30500F40 		.word	1074745392
 345 012c 04000484 		.word	-2080112636
 346 0130 D8300F40 		.word	1074737368
 347 0134 01700F40 		.word	1074753537
 348 0138 00700F40 		.word	1074753536
 349 013c 00000440 		.word	1074003968
 350 0140 08000440 		.word	1074003976
 351 0144 08030440 		.word	1074004744
 352              		.cfi_endproc
 353              	.LFE6:
 354              		.size	cyfitter_cfg, .-cyfitter_cfg
 355              		.section	.rodata
 356              		.align	2
 357              		.set	.LANCHOR0,. + 0
 358              		.type	cfg_memset_list.4870, %object
 359              		.size	cfg_memset_list.4870, 12
 360              	cfg_memset_list.4870:
 361 0000 00300F40 		.word	1074737152
 362 0004 0004     		.short	1024
 363 0006 00400F40 		.4byte	1074741248
 364 000a 0004     		.short	1024
 365              		.type	cy_cfg_data_table.4865, %object
 366              		.size	cy_cfg_data_table.4865, 90
 367              	cy_cfg_data_table.4865:
 368 000c 81       		.byte	-127
 369 000d 08       		.byte	8
 370 000e B8       		.byte	-72
 371 000f 20       		.byte	32
 372 0010 BE       		.byte	-66
 373 0011 10       		.byte	16
 374 0012 C0       		.byte	-64
 375 0013 02       		.byte	2
 376 0014 C1       		.byte	-63
 377 0015 05       		.byte	5
 378 0016 C5       		.byte	-59
 379 0017 D0       		.byte	-48
 380 0018 C6       		.byte	-58
 381 0019 02       		.byte	2
 382 001a C8       		.byte	-56
ARM GAS  C:\Users\MIHAILO\AppData\Local\Temp\ccB6Keeb.s 			page 15


 383 001b 06       		.byte	6
 384 001c C9       		.byte	-55
 385 001d FF       		.byte	-1
 386 001e CA       		.byte	-54
 387 001f FF       		.byte	-1
 388 0020 CB       		.byte	-53
 389 0021 FF       		.byte	-1
 390 0022 CD       		.byte	-51
 391 0023 A0       		.byte	-96
 392 0024 CF       		.byte	-49
 393 0025 04       		.byte	4
 394 0026 D0       		.byte	-48
 395 0027 18       		.byte	24
 396 0028 D8       		.byte	-40
 397 0029 04       		.byte	4
 398 002a DA       		.byte	-38
 399 002b 04       		.byte	4
 400 002c DB       		.byte	-37
 401 002d 04       		.byte	4
 402 002e DF       		.byte	-33
 403 002f 05       		.byte	5
 404 0030 E0       		.byte	-32
 405 0031 40       		.byte	64
 406 0032 E2       		.byte	-30
 407 0033 C0       		.byte	-64
 408 0034 E4       		.byte	-28
 409 0035 40       		.byte	64
 410 0036 E5       		.byte	-27
 411 0037 40       		.byte	64
 412 0038 E6       		.byte	-26
 413 0039 C0       		.byte	-64
 414 003a E8       		.byte	-24
 415 003b C0       		.byte	-64
 416 003c EA       		.byte	-22
 417 003d C0       		.byte	-64
 418 003e EC       		.byte	-20
 419 003f C0       		.byte	-64
 420 0040 EE       		.byte	-18
 421 0041 C0       		.byte	-64
 422 0042 1D       		.byte	29
 423 0043 20       		.byte	32
 424 0044 1F       		.byte	31
 425 0045 21       		.byte	33
 426 0046 45       		.byte	69
 427 0047 20       		.byte	32
 428 0048 4F       		.byte	79
 429 0049 81       		.byte	-127
 430 004a 57       		.byte	87
 431 004b 40       		.byte	64
 432 004c 5F       		.byte	95
 433 004d 01       		.byte	1
 434 004e 7F       		.byte	127
 435 004f 20       		.byte	32
 436 0050 D0       		.byte	-48
 437 0051 20       		.byte	32
 438 0052 D2       		.byte	-46
 439 0053 10       		.byte	16
ARM GAS  C:\Users\MIHAILO\AppData\Local\Temp\ccB6Keeb.s 			page 16


 440 0054 D6       		.byte	-42
 441 0055 80       		.byte	-128
 442 0056 DE       		.byte	-34
 443 0057 40       		.byte	64
 444 0058 B7       		.byte	-73
 445 0059 01       		.byte	1
 446 005a EA       		.byte	-22
 447 005b 40       		.byte	64
 448 005c 57       		.byte	87
 449 005d 80       		.byte	-128
 450 005e D4       		.byte	-44
 451 005f 40       		.byte	64
 452 0060 B7       		.byte	-73
 453 0061 80       		.byte	-128
 454 0062 01       		.byte	1
 455 0063 01       		.byte	1
 456 0064 10       		.byte	16
 457 0065 01       		.byte	1
 458 0066 0000     		.space	2
 459              		.type	cy_cfg_addr_table.4864, %object
 460              		.size	cy_cfg_addr_table.4864, 28
 461              	cy_cfg_addr_table.4864:
 462 0068 01000F40 		.word	1074724865
 463 006c 1A300F40 		.word	1074737178
 464 0070 0B310F40 		.word	1074737419
 465 0074 02330F40 		.word	1074737922
 466 0078 02400F40 		.word	1074741250
 467 007c 01410F40 		.word	1074741505
 468 0080 02600F40 		.word	1074749442
 469              		.text
 470              	.Letext0:
 471              		.file 2 "c:\\program files (x86)\\cypress\\psoc creator\\4.4\\psoc creator\\import\\gnu\\arm\\5.4.
 472              		.file 3 "Generated_Source\\PSoC4\\cytypes.h"
 473              		.file 4 "Generated_Source\\PSoC4\\CyLib.h"
 474              		.section	.debug_info,"",%progbits
 475              	.Ldebug_info0:
 476 0000 9C030000 		.4byte	0x39c
 477 0004 0400     		.2byte	0x4
 478 0006 00000000 		.4byte	.Ldebug_abbrev0
 479 000a 04       		.byte	0x4
 480 000b 01       		.uleb128 0x1
 481 000c 30010000 		.4byte	.LASF39
 482 0010 0C       		.byte	0xc
 483 0011 5D020000 		.4byte	.LASF40
 484 0015 83020000 		.4byte	.LASF41
 485 0019 00000000 		.4byte	.Ldebug_ranges0+0
 486 001d 00000000 		.4byte	0
 487 0021 00000000 		.4byte	.Ldebug_line0
 488 0025 02       		.uleb128 0x2
 489 0026 04       		.byte	0x4
 490 0027 05       		.byte	0x5
 491 0028 696E7400 		.ascii	"int\000"
 492 002c 03       		.uleb128 0x3
 493 002d 06000000 		.4byte	.LASF12
 494 0031 02       		.byte	0x2
 495 0032 D8       		.byte	0xd8
 496 0033 37000000 		.4byte	0x37
ARM GAS  C:\Users\MIHAILO\AppData\Local\Temp\ccB6Keeb.s 			page 17


 497 0037 04       		.uleb128 0x4
 498 0038 04       		.byte	0x4
 499 0039 07       		.byte	0x7
 500 003a F7000000 		.4byte	.LASF0
 501 003e 04       		.uleb128 0x4
 502 003f 08       		.byte	0x8
 503 0040 05       		.byte	0x5
 504 0041 F0010000 		.4byte	.LASF1
 505 0045 04       		.uleb128 0x4
 506 0046 08       		.byte	0x8
 507 0047 04       		.byte	0x4
 508 0048 45020000 		.4byte	.LASF2
 509 004c 04       		.uleb128 0x4
 510 004d 01       		.byte	0x1
 511 004e 06       		.byte	0x6
 512 004f 51020000 		.4byte	.LASF3
 513 0053 04       		.uleb128 0x4
 514 0054 01       		.byte	0x1
 515 0055 08       		.byte	0x8
 516 0056 99000000 		.4byte	.LASF4
 517 005a 04       		.uleb128 0x4
 518 005b 02       		.byte	0x2
 519 005c 05       		.byte	0x5
 520 005d 1D020000 		.4byte	.LASF5
 521 0061 04       		.uleb128 0x4
 522 0062 02       		.byte	0x2
 523 0063 07       		.byte	0x7
 524 0064 DD010000 		.4byte	.LASF6
 525 0068 04       		.uleb128 0x4
 526 0069 04       		.byte	0x4
 527 006a 05       		.byte	0x5
 528 006b 3C020000 		.4byte	.LASF7
 529 006f 04       		.uleb128 0x4
 530 0070 04       		.byte	0x4
 531 0071 07       		.byte	0x7
 532 0072 77000000 		.4byte	.LASF8
 533 0076 04       		.uleb128 0x4
 534 0077 08       		.byte	0x8
 535 0078 07       		.byte	0x7
 536 0079 19010000 		.4byte	.LASF9
 537 007d 04       		.uleb128 0x4
 538 007e 04       		.byte	0x4
 539 007f 07       		.byte	0x7
 540 0080 D4010000 		.4byte	.LASF10
 541 0084 05       		.uleb128 0x5
 542 0085 04       		.byte	0x4
 543 0086 04       		.uleb128 0x4
 544 0087 01       		.byte	0x1
 545 0088 08       		.byte	0x8
 546 0089 FE010000 		.4byte	.LASF11
 547 008d 06       		.uleb128 0x6
 548 008e 89000000 		.4byte	.LASF13
 549 0092 03       		.byte	0x3
 550 0093 FB01     		.2byte	0x1fb
 551 0095 53000000 		.4byte	0x53
 552 0099 06       		.uleb128 0x6
 553 009a DE000000 		.4byte	.LASF14
ARM GAS  C:\Users\MIHAILO\AppData\Local\Temp\ccB6Keeb.s 			page 18


 554 009e 03       		.byte	0x3
 555 009f FC01     		.2byte	0x1fc
 556 00a1 61000000 		.4byte	0x61
 557 00a5 06       		.uleb128 0x6
 558 00a6 F0000000 		.4byte	.LASF15
 559 00aa 03       		.byte	0x3
 560 00ab FD01     		.2byte	0x1fd
 561 00ad 6F000000 		.4byte	0x6f
 562 00b1 04       		.uleb128 0x4
 563 00b2 04       		.byte	0x4
 564 00b3 04       		.byte	0x4
 565 00b4 57000000 		.4byte	.LASF16
 566 00b8 04       		.uleb128 0x4
 567 00b9 08       		.byte	0x8
 568 00ba 04       		.byte	0x4
 569 00bb AE000000 		.4byte	.LASF17
 570 00bf 06       		.uleb128 0x6
 571 00c0 72000000 		.4byte	.LASF18
 572 00c4 03       		.byte	0x3
 573 00c5 A502     		.2byte	0x2a5
 574 00c7 CB000000 		.4byte	0xcb
 575 00cb 07       		.uleb128 0x7
 576 00cc 8D000000 		.4byte	0x8d
 577 00d0 06       		.uleb128 0x6
 578 00d1 00000000 		.4byte	.LASF19
 579 00d5 03       		.byte	0x3
 580 00d6 A702     		.2byte	0x2a7
 581 00d8 DC000000 		.4byte	0xdc
 582 00dc 07       		.uleb128 0x7
 583 00dd A5000000 		.4byte	0xa5
 584 00e1 08       		.uleb128 0x8
 585 00e2 02       		.byte	0x2
 586 00e3 01       		.byte	0x1
 587 00e4 97       		.byte	0x97
 588 00e5 02010000 		.4byte	0x102
 589 00e9 09       		.uleb128 0x9
 590 00ea 16020000 		.4byte	.LASF20
 591 00ee 01       		.byte	0x1
 592 00ef 99       		.byte	0x99
 593 00f0 8D000000 		.4byte	0x8d
 594 00f4 00       		.byte	0
 595 00f5 09       		.uleb128 0x9
 596 00f6 1C000000 		.4byte	.LASF21
 597 00fa 01       		.byte	0x1
 598 00fb 9A       		.byte	0x9a
 599 00fc 8D000000 		.4byte	0x8d
 600 0100 01       		.byte	0x1
 601 0101 00       		.byte	0
 602 0102 03       		.uleb128 0x3
 603 0103 03020000 		.4byte	.LASF22
 604 0107 01       		.byte	0x1
 605 0108 9B       		.byte	0x9b
 606 0109 E1000000 		.4byte	0xe1
 607 010d 0A       		.uleb128 0xa
 608 010e B5000000 		.4byte	.LASF27
 609 0112 01       		.byte	0x1
 610 0113 AE       		.byte	0xae
ARM GAS  C:\Users\MIHAILO\AppData\Local\Temp\ccB6Keeb.s 			page 19


 611 0114 00000000 		.4byte	.LFB3
 612 0118 32000000 		.4byte	.LFE3-.LFB3
 613 011c 01       		.uleb128 0x1
 614 011d 9C       		.byte	0x9c
 615 011e 7F010000 		.4byte	0x17f
 616 0122 0B       		.uleb128 0xb
 617 0123 D3000000 		.4byte	.LASF23
 618 0127 01       		.byte	0x1
 619 0128 AE       		.byte	0xae
 620 0129 7F010000 		.4byte	0x17f
 621 012d 01       		.uleb128 0x1
 622 012e 50       		.byte	0x50
 623 012f 0B       		.uleb128 0xb
 624 0130 E5000000 		.4byte	.LASF24
 625 0134 01       		.byte	0x1
 626 0135 AE       		.byte	0xae
 627 0136 8A010000 		.4byte	0x18a
 628 013a 01       		.uleb128 0x1
 629 013b 51       		.byte	0x51
 630 013c 0C       		.uleb128 0xc
 631 013d 6900     		.ascii	"i\000"
 632 013f 01       		.byte	0x1
 633 0140 B1       		.byte	0xb1
 634 0141 A5000000 		.4byte	0xa5
 635 0145 00000000 		.4byte	.LLST0
 636 0149 0C       		.uleb128 0xc
 637 014a 6A00     		.ascii	"j\000"
 638 014c 01       		.byte	0x1
 639 014d B1       		.byte	0xb1
 640 014e A5000000 		.4byte	0xa5
 641 0152 1F000000 		.4byte	.LLST1
 642 0156 0D       		.uleb128 0xd
 643 0157 08000000 		.4byte	.LBB2
 644 015b 22000000 		.4byte	.LBE2-.LBB2
 645 015f 0E       		.uleb128 0xe
 646 0160 CB010000 		.4byte	.LASF25
 647 0164 01       		.byte	0x1
 648 0165 B4       		.byte	0xb4
 649 0166 A5000000 		.4byte	0xa5
 650 016a 3E000000 		.4byte	.LLST2
 651 016e 0E       		.uleb128 0xe
 652 016f 22000000 		.4byte	.LASF26
 653 0173 01       		.byte	0x1
 654 0174 B5       		.byte	0xb5
 655 0175 8D000000 		.4byte	0x8d
 656 0179 51000000 		.4byte	.LLST3
 657 017d 00       		.byte	0
 658 017e 00       		.byte	0
 659 017f 0F       		.uleb128 0xf
 660 0180 04       		.byte	0x4
 661 0181 85010000 		.4byte	0x185
 662 0185 10       		.uleb128 0x10
 663 0186 A5000000 		.4byte	0xa5
 664 018a 0F       		.uleb128 0xf
 665 018b 04       		.byte	0x4
 666 018c 90010000 		.4byte	0x190
 667 0190 10       		.uleb128 0x10
ARM GAS  C:\Users\MIHAILO\AppData\Local\Temp\ccB6Keeb.s 			page 20


 668 0191 02010000 		.4byte	0x102
 669 0195 0A       		.uleb128 0xa
 670 0196 8F000000 		.4byte	.LASF28
 671 019a 01       		.byte	0x1
 672 019b 4C       		.byte	0x4c
 673 019c 00000000 		.4byte	.LFB0
 674 01a0 0C000000 		.4byte	.LFE0-.LFB0
 675 01a4 01       		.uleb128 0x1
 676 01a5 9C       		.byte	0x9c
 677 01a6 E2010000 		.4byte	0x1e2
 678 01aa 11       		.uleb128 0x11
 679 01ab 7300     		.ascii	"s\000"
 680 01ad 01       		.byte	0x1
 681 01ae 4C       		.byte	0x4c
 682 01af 84000000 		.4byte	0x84
 683 01b3 6F000000 		.4byte	.LLST4
 684 01b7 11       		.uleb128 0x11
 685 01b8 6E00     		.ascii	"n\000"
 686 01ba 01       		.byte	0x1
 687 01bb 4C       		.byte	0x4c
 688 01bc 2C000000 		.4byte	0x2c
 689 01c0 90000000 		.4byte	.LLST5
 690 01c4 12       		.uleb128 0x12
 691 01c5 0A000000 		.4byte	.LVL14
 692 01c9 75030000 		.4byte	0x375
 693 01cd 13       		.uleb128 0x13
 694 01ce 01       		.uleb128 0x1
 695 01cf 50       		.byte	0x50
 696 01d0 03       		.uleb128 0x3
 697 01d1 F3       		.byte	0xf3
 698 01d2 01       		.uleb128 0x1
 699 01d3 50       		.byte	0x50
 700 01d4 13       		.uleb128 0x13
 701 01d5 01       		.uleb128 0x1
 702 01d6 51       		.byte	0x51
 703 01d7 01       		.uleb128 0x1
 704 01d8 30       		.byte	0x30
 705 01d9 13       		.uleb128 0x13
 706 01da 01       		.uleb128 0x1
 707 01db 52       		.byte	0x52
 708 01dc 03       		.uleb128 0x3
 709 01dd F3       		.byte	0xf3
 710 01de 01       		.uleb128 0x1
 711 01df 51       		.byte	0x51
 712 01e0 00       		.byte	0
 713 01e1 00       		.byte	0
 714 01e2 0A       		.uleb128 0xa
 715 01e3 28000000 		.4byte	.LASF29
 716 01e7 01       		.byte	0x1
 717 01e8 D3       		.byte	0xd3
 718 01e9 00000000 		.4byte	.LFB4
 719 01ed 78000000 		.4byte	.LFE4-.LFB4
 720 01f1 01       		.uleb128 0x1
 721 01f2 9C       		.byte	0x9c
 722 01f3 2D020000 		.4byte	0x22d
 723 01f7 14       		.uleb128 0x14
 724 01f8 14000000 		.4byte	.LVL15
ARM GAS  C:\Users\MIHAILO\AppData\Local\Temp\ccB6Keeb.s 			page 21


 725 01fc 7E030000 		.4byte	0x37e
 726 0200 0A020000 		.4byte	0x20a
 727 0204 13       		.uleb128 0x13
 728 0205 01       		.uleb128 0x1
 729 0206 50       		.byte	0x50
 730 0207 01       		.uleb128 0x1
 731 0208 48       		.byte	0x48
 732 0209 00       		.byte	0
 733 020a 14       		.uleb128 0x14
 734 020b 42000000 		.4byte	.LVL16
 735 020f 89030000 		.4byte	0x389
 736 0213 1D020000 		.4byte	0x21d
 737 0217 13       		.uleb128 0x13
 738 0218 01       		.uleb128 0x1
 739 0219 50       		.byte	0x50
 740 021a 01       		.uleb128 0x1
 741 021b 39       		.byte	0x39
 742 021c 00       		.byte	0
 743 021d 12       		.uleb128 0x12
 744 021e 48000000 		.4byte	.LVL17
 745 0222 94030000 		.4byte	0x394
 746 0226 13       		.uleb128 0x13
 747 0227 01       		.uleb128 0x1
 748 0228 50       		.byte	0x50
 749 0229 01       		.uleb128 0x1
 750 022a 39       		.byte	0x39
 751 022b 00       		.byte	0
 752 022c 00       		.byte	0
 753 022d 15       		.uleb128 0x15
 754 022e 04010000 		.4byte	.LASF42
 755 0232 01       		.byte	0x1
 756 0233 1E01     		.2byte	0x11e
 757 0235 78000000 		.4byte	.LFB6
 758 0239 D0000000 		.4byte	.LFE6-.LFB6
 759 023d 01       		.uleb128 0x1
 760 023e 9C       		.byte	0x9c
 761 023f 4B030000 		.4byte	0x34b
 762 0243 16       		.uleb128 0x16
 763 0244 7C000000 		.4byte	.LBB3
 764 0248 7A000000 		.4byte	.LBE3-.LBB3
 765 024c 41030000 		.4byte	0x341
 766 0250 17       		.uleb128 0x17
 767 0251 33000000 		.4byte	.LASF30
 768 0255 01       		.byte	0x1
 769 0256 2401     		.2byte	0x124
 770 0258 5B030000 		.4byte	0x35b
 771 025c 05       		.uleb128 0x5
 772 025d 03       		.byte	0x3
 773 025e 68000000 		.4byte	cy_cfg_addr_table.4864
 774 0262 17       		.uleb128 0x17
 775 0263 45000000 		.4byte	.LASF31
 776 0267 01       		.byte	0x1
 777 0268 2E01     		.2byte	0x12e
 778 026a 70030000 		.4byte	0x370
 779 026e 05       		.uleb128 0x5
 780 026f 03       		.byte	0x3
 781 0270 0C000000 		.4byte	cy_cfg_data_table.4865
ARM GAS  C:\Users\MIHAILO\AppData\Local\Temp\ccB6Keeb.s 			page 22


 782 0274 18       		.uleb128 0x18
 783 0275 06       		.byte	0x6
 784 0276 01       		.byte	0x1
 785 0277 6001     		.2byte	0x160
 786 0279 98020000 		.4byte	0x298
 787 027d 19       		.uleb128 0x19
 788 027e 11010000 		.4byte	.LASF32
 789 0282 01       		.byte	0x1
 790 0283 6101     		.2byte	0x161
 791 0285 84000000 		.4byte	0x84
 792 0289 00       		.byte	0
 793 028a 19       		.uleb128 0x19
 794 028b 6D000000 		.4byte	.LASF33
 795 028f 01       		.byte	0x1
 796 0290 6201     		.2byte	0x162
 797 0292 99000000 		.4byte	0x99
 798 0296 04       		.byte	0x4
 799 0297 00       		.byte	0
 800 0298 06       		.uleb128 0x6
 801 0299 BE010000 		.4byte	.LASF34
 802 029d 01       		.byte	0x1
 803 029e 6301     		.2byte	0x163
 804 02a0 74020000 		.4byte	0x274
 805 02a4 1A       		.uleb128 0x1a
 806 02a5 B4020000 		.4byte	0x2b4
 807 02a9 B4020000 		.4byte	0x2b4
 808 02ad 1B       		.uleb128 0x1b
 809 02ae 7D000000 		.4byte	0x7d
 810 02b2 01       		.byte	0x1
 811 02b3 00       		.byte	0
 812 02b4 10       		.uleb128 0x10
 813 02b5 98020000 		.4byte	0x298
 814 02b9 17       		.uleb128 0x17
 815 02ba 5D000000 		.4byte	.LASF35
 816 02be 01       		.byte	0x1
 817 02bf 6501     		.2byte	0x165
 818 02c1 CB020000 		.4byte	0x2cb
 819 02c5 05       		.uleb128 0x5
 820 02c6 03       		.byte	0x3
 821 02c7 00000000 		.4byte	cfg_memset_list.4870
 822 02cb 10       		.uleb128 0x10
 823 02cc A4020000 		.4byte	0x2a4
 824 02d0 1C       		.uleb128 0x1c
 825 02d1 6900     		.ascii	"i\000"
 826 02d3 01       		.byte	0x1
 827 02d4 6B01     		.2byte	0x16b
 828 02d6 8D000000 		.4byte	0x8d
 829 02da BC000000 		.4byte	.LLST6
 830 02de 16       		.uleb128 0x16
 831 02df 80000000 		.4byte	.LBB4
 832 02e3 1C000000 		.4byte	.LBE4-.LBB4
 833 02e7 24030000 		.4byte	0x324
 834 02eb 1C       		.uleb128 0x1c
 835 02ec 6D7300   		.ascii	"ms\000"
 836 02ef 01       		.byte	0x1
 837 02f0 7001     		.2byte	0x170
 838 02f2 FA020000 		.4byte	0x2fa
ARM GAS  C:\Users\MIHAILO\AppData\Local\Temp\ccB6Keeb.s 			page 23


 839 02f6 E6000000 		.4byte	.LLST7
 840 02fa 0F       		.uleb128 0xf
 841 02fb 04       		.byte	0x4
 842 02fc B4020000 		.4byte	0x2b4
 843 0300 12       		.uleb128 0x12
 844 0301 9C000000 		.4byte	.LVL20
 845 0305 95010000 		.4byte	0x195
 846 0309 13       		.uleb128 0x13
 847 030a 01       		.uleb128 0x1
 848 030b 51       		.byte	0x51
 849 030c 15       		.uleb128 0x15
 850 030d 74       		.byte	0x74
 851 030e 00       		.sleb128 0
 852 030f 31       		.byte	0x31
 853 0310 24       		.byte	0x24
 854 0311 74       		.byte	0x74
 855 0312 00       		.sleb128 0
 856 0313 22       		.byte	0x22
 857 0314 31       		.byte	0x31
 858 0315 24       		.byte	0x24
 859 0316 03       		.byte	0x3
 860 0317 04000000 		.4byte	.LANCHOR0+4
 861 031b 22       		.byte	0x22
 862 031c 94       		.byte	0x94
 863 031d 02       		.byte	0x2
 864 031e 0A       		.byte	0xa
 865 031f FFFF     		.2byte	0xffff
 866 0321 1A       		.byte	0x1a
 867 0322 00       		.byte	0
 868 0323 00       		.byte	0
 869 0324 12       		.uleb128 0x12
 870 0325 B0000000 		.4byte	.LVL23
 871 0329 0D010000 		.4byte	0x10d
 872 032d 13       		.uleb128 0x13
 873 032e 01       		.uleb128 0x1
 874 032f 50       		.byte	0x50
 875 0330 05       		.uleb128 0x5
 876 0331 03       		.byte	0x3
 877 0332 68000000 		.4byte	.LANCHOR0+104
 878 0336 13       		.uleb128 0x13
 879 0337 01       		.uleb128 0x1
 880 0338 51       		.byte	0x51
 881 0339 05       		.uleb128 0x5
 882 033a 03       		.byte	0x3
 883 033b 0C000000 		.4byte	.LANCHOR0+12
 884 033f 00       		.byte	0
 885 0340 00       		.byte	0
 886 0341 1D       		.uleb128 0x1d
 887 0342 10010000 		.4byte	.LVL24
 888 0346 E2010000 		.4byte	0x1e2
 889 034a 00       		.byte	0
 890 034b 1A       		.uleb128 0x1a
 891 034c 85010000 		.4byte	0x185
 892 0350 5B030000 		.4byte	0x35b
 893 0354 1B       		.uleb128 0x1b
 894 0355 7D000000 		.4byte	0x7d
 895 0359 06       		.byte	0x6
ARM GAS  C:\Users\MIHAILO\AppData\Local\Temp\ccB6Keeb.s 			page 24


 896 035a 00       		.byte	0
 897 035b 10       		.uleb128 0x10
 898 035c 4B030000 		.4byte	0x34b
 899 0360 1A       		.uleb128 0x1a
 900 0361 90010000 		.4byte	0x190
 901 0365 70030000 		.4byte	0x370
 902 0369 1B       		.uleb128 0x1b
 903 036a 7D000000 		.4byte	0x7d
 904 036e 2C       		.byte	0x2c
 905 036f 00       		.byte	0
 906 0370 10       		.uleb128 0x10
 907 0371 60030000 		.4byte	0x360
 908 0375 1E       		.uleb128 0x1e
 909 0376 A7000000 		.4byte	.LASF43
 910 037a A7000000 		.4byte	.LASF43
 911 037e 1F       		.uleb128 0x1f
 912 037f 27020000 		.4byte	.LASF36
 913 0383 27020000 		.4byte	.LASF36
 914 0387 04       		.byte	0x4
 915 0388 6C       		.byte	0x6c
 916 0389 1F       		.uleb128 0x1f
 917 038a 0D000000 		.4byte	.LASF37
 918 038e 0D000000 		.4byte	.LASF37
 919 0392 04       		.byte	0x4
 920 0393 D0       		.byte	0xd0
 921 0394 1F       		.uleb128 0x1f
 922 0395 C7000000 		.4byte	.LASF38
 923 0399 C7000000 		.4byte	.LASF38
 924 039d 04       		.byte	0x4
 925 039e D6       		.byte	0xd6
 926 039f 00       		.byte	0
 927              		.section	.debug_abbrev,"",%progbits
 928              	.Ldebug_abbrev0:
 929 0000 01       		.uleb128 0x1
 930 0001 11       		.uleb128 0x11
 931 0002 01       		.byte	0x1
 932 0003 25       		.uleb128 0x25
 933 0004 0E       		.uleb128 0xe
 934 0005 13       		.uleb128 0x13
 935 0006 0B       		.uleb128 0xb
 936 0007 03       		.uleb128 0x3
 937 0008 0E       		.uleb128 0xe
 938 0009 1B       		.uleb128 0x1b
 939 000a 0E       		.uleb128 0xe
 940 000b 55       		.uleb128 0x55
 941 000c 17       		.uleb128 0x17
 942 000d 11       		.uleb128 0x11
 943 000e 01       		.uleb128 0x1
 944 000f 10       		.uleb128 0x10
 945 0010 17       		.uleb128 0x17
 946 0011 00       		.byte	0
 947 0012 00       		.byte	0
 948 0013 02       		.uleb128 0x2
 949 0014 24       		.uleb128 0x24
 950 0015 00       		.byte	0
 951 0016 0B       		.uleb128 0xb
 952 0017 0B       		.uleb128 0xb
ARM GAS  C:\Users\MIHAILO\AppData\Local\Temp\ccB6Keeb.s 			page 25


 953 0018 3E       		.uleb128 0x3e
 954 0019 0B       		.uleb128 0xb
 955 001a 03       		.uleb128 0x3
 956 001b 08       		.uleb128 0x8
 957 001c 00       		.byte	0
 958 001d 00       		.byte	0
 959 001e 03       		.uleb128 0x3
 960 001f 16       		.uleb128 0x16
 961 0020 00       		.byte	0
 962 0021 03       		.uleb128 0x3
 963 0022 0E       		.uleb128 0xe
 964 0023 3A       		.uleb128 0x3a
 965 0024 0B       		.uleb128 0xb
 966 0025 3B       		.uleb128 0x3b
 967 0026 0B       		.uleb128 0xb
 968 0027 49       		.uleb128 0x49
 969 0028 13       		.uleb128 0x13
 970 0029 00       		.byte	0
 971 002a 00       		.byte	0
 972 002b 04       		.uleb128 0x4
 973 002c 24       		.uleb128 0x24
 974 002d 00       		.byte	0
 975 002e 0B       		.uleb128 0xb
 976 002f 0B       		.uleb128 0xb
 977 0030 3E       		.uleb128 0x3e
 978 0031 0B       		.uleb128 0xb
 979 0032 03       		.uleb128 0x3
 980 0033 0E       		.uleb128 0xe
 981 0034 00       		.byte	0
 982 0035 00       		.byte	0
 983 0036 05       		.uleb128 0x5
 984 0037 0F       		.uleb128 0xf
 985 0038 00       		.byte	0
 986 0039 0B       		.uleb128 0xb
 987 003a 0B       		.uleb128 0xb
 988 003b 00       		.byte	0
 989 003c 00       		.byte	0
 990 003d 06       		.uleb128 0x6
 991 003e 16       		.uleb128 0x16
 992 003f 00       		.byte	0
 993 0040 03       		.uleb128 0x3
 994 0041 0E       		.uleb128 0xe
 995 0042 3A       		.uleb128 0x3a
 996 0043 0B       		.uleb128 0xb
 997 0044 3B       		.uleb128 0x3b
 998 0045 05       		.uleb128 0x5
 999 0046 49       		.uleb128 0x49
 1000 0047 13       		.uleb128 0x13
 1001 0048 00       		.byte	0
 1002 0049 00       		.byte	0
 1003 004a 07       		.uleb128 0x7
 1004 004b 35       		.uleb128 0x35
 1005 004c 00       		.byte	0
 1006 004d 49       		.uleb128 0x49
 1007 004e 13       		.uleb128 0x13
 1008 004f 00       		.byte	0
 1009 0050 00       		.byte	0
ARM GAS  C:\Users\MIHAILO\AppData\Local\Temp\ccB6Keeb.s 			page 26


 1010 0051 08       		.uleb128 0x8
 1011 0052 13       		.uleb128 0x13
 1012 0053 01       		.byte	0x1
 1013 0054 0B       		.uleb128 0xb
 1014 0055 0B       		.uleb128 0xb
 1015 0056 3A       		.uleb128 0x3a
 1016 0057 0B       		.uleb128 0xb
 1017 0058 3B       		.uleb128 0x3b
 1018 0059 0B       		.uleb128 0xb
 1019 005a 01       		.uleb128 0x1
 1020 005b 13       		.uleb128 0x13
 1021 005c 00       		.byte	0
 1022 005d 00       		.byte	0
 1023 005e 09       		.uleb128 0x9
 1024 005f 0D       		.uleb128 0xd
 1025 0060 00       		.byte	0
 1026 0061 03       		.uleb128 0x3
 1027 0062 0E       		.uleb128 0xe
 1028 0063 3A       		.uleb128 0x3a
 1029 0064 0B       		.uleb128 0xb
 1030 0065 3B       		.uleb128 0x3b
 1031 0066 0B       		.uleb128 0xb
 1032 0067 49       		.uleb128 0x49
 1033 0068 13       		.uleb128 0x13
 1034 0069 38       		.uleb128 0x38
 1035 006a 0B       		.uleb128 0xb
 1036 006b 00       		.byte	0
 1037 006c 00       		.byte	0
 1038 006d 0A       		.uleb128 0xa
 1039 006e 2E       		.uleb128 0x2e
 1040 006f 01       		.byte	0x1
 1041 0070 03       		.uleb128 0x3
 1042 0071 0E       		.uleb128 0xe
 1043 0072 3A       		.uleb128 0x3a
 1044 0073 0B       		.uleb128 0xb
 1045 0074 3B       		.uleb128 0x3b
 1046 0075 0B       		.uleb128 0xb
 1047 0076 27       		.uleb128 0x27
 1048 0077 19       		.uleb128 0x19
 1049 0078 11       		.uleb128 0x11
 1050 0079 01       		.uleb128 0x1
 1051 007a 12       		.uleb128 0x12
 1052 007b 06       		.uleb128 0x6
 1053 007c 40       		.uleb128 0x40
 1054 007d 18       		.uleb128 0x18
 1055 007e 9742     		.uleb128 0x2117
 1056 0080 19       		.uleb128 0x19
 1057 0081 01       		.uleb128 0x1
 1058 0082 13       		.uleb128 0x13
 1059 0083 00       		.byte	0
 1060 0084 00       		.byte	0
 1061 0085 0B       		.uleb128 0xb
 1062 0086 05       		.uleb128 0x5
 1063 0087 00       		.byte	0
 1064 0088 03       		.uleb128 0x3
 1065 0089 0E       		.uleb128 0xe
 1066 008a 3A       		.uleb128 0x3a
ARM GAS  C:\Users\MIHAILO\AppData\Local\Temp\ccB6Keeb.s 			page 27


 1067 008b 0B       		.uleb128 0xb
 1068 008c 3B       		.uleb128 0x3b
 1069 008d 0B       		.uleb128 0xb
 1070 008e 49       		.uleb128 0x49
 1071 008f 13       		.uleb128 0x13
 1072 0090 02       		.uleb128 0x2
 1073 0091 18       		.uleb128 0x18
 1074 0092 00       		.byte	0
 1075 0093 00       		.byte	0
 1076 0094 0C       		.uleb128 0xc
 1077 0095 34       		.uleb128 0x34
 1078 0096 00       		.byte	0
 1079 0097 03       		.uleb128 0x3
 1080 0098 08       		.uleb128 0x8
 1081 0099 3A       		.uleb128 0x3a
 1082 009a 0B       		.uleb128 0xb
 1083 009b 3B       		.uleb128 0x3b
 1084 009c 0B       		.uleb128 0xb
 1085 009d 49       		.uleb128 0x49
 1086 009e 13       		.uleb128 0x13
 1087 009f 02       		.uleb128 0x2
 1088 00a0 17       		.uleb128 0x17
 1089 00a1 00       		.byte	0
 1090 00a2 00       		.byte	0
 1091 00a3 0D       		.uleb128 0xd
 1092 00a4 0B       		.uleb128 0xb
 1093 00a5 01       		.byte	0x1
 1094 00a6 11       		.uleb128 0x11
 1095 00a7 01       		.uleb128 0x1
 1096 00a8 12       		.uleb128 0x12
 1097 00a9 06       		.uleb128 0x6
 1098 00aa 00       		.byte	0
 1099 00ab 00       		.byte	0
 1100 00ac 0E       		.uleb128 0xe
 1101 00ad 34       		.uleb128 0x34
 1102 00ae 00       		.byte	0
 1103 00af 03       		.uleb128 0x3
 1104 00b0 0E       		.uleb128 0xe
 1105 00b1 3A       		.uleb128 0x3a
 1106 00b2 0B       		.uleb128 0xb
 1107 00b3 3B       		.uleb128 0x3b
 1108 00b4 0B       		.uleb128 0xb
 1109 00b5 49       		.uleb128 0x49
 1110 00b6 13       		.uleb128 0x13
 1111 00b7 02       		.uleb128 0x2
 1112 00b8 17       		.uleb128 0x17
 1113 00b9 00       		.byte	0
 1114 00ba 00       		.byte	0
 1115 00bb 0F       		.uleb128 0xf
 1116 00bc 0F       		.uleb128 0xf
 1117 00bd 00       		.byte	0
 1118 00be 0B       		.uleb128 0xb
 1119 00bf 0B       		.uleb128 0xb
 1120 00c0 49       		.uleb128 0x49
 1121 00c1 13       		.uleb128 0x13
 1122 00c2 00       		.byte	0
 1123 00c3 00       		.byte	0
ARM GAS  C:\Users\MIHAILO\AppData\Local\Temp\ccB6Keeb.s 			page 28


 1124 00c4 10       		.uleb128 0x10
 1125 00c5 26       		.uleb128 0x26
 1126 00c6 00       		.byte	0
 1127 00c7 49       		.uleb128 0x49
 1128 00c8 13       		.uleb128 0x13
 1129 00c9 00       		.byte	0
 1130 00ca 00       		.byte	0
 1131 00cb 11       		.uleb128 0x11
 1132 00cc 05       		.uleb128 0x5
 1133 00cd 00       		.byte	0
 1134 00ce 03       		.uleb128 0x3
 1135 00cf 08       		.uleb128 0x8
 1136 00d0 3A       		.uleb128 0x3a
 1137 00d1 0B       		.uleb128 0xb
 1138 00d2 3B       		.uleb128 0x3b
 1139 00d3 0B       		.uleb128 0xb
 1140 00d4 49       		.uleb128 0x49
 1141 00d5 13       		.uleb128 0x13
 1142 00d6 02       		.uleb128 0x2
 1143 00d7 17       		.uleb128 0x17
 1144 00d8 00       		.byte	0
 1145 00d9 00       		.byte	0
 1146 00da 12       		.uleb128 0x12
 1147 00db 898201   		.uleb128 0x4109
 1148 00de 01       		.byte	0x1
 1149 00df 11       		.uleb128 0x11
 1150 00e0 01       		.uleb128 0x1
 1151 00e1 31       		.uleb128 0x31
 1152 00e2 13       		.uleb128 0x13
 1153 00e3 00       		.byte	0
 1154 00e4 00       		.byte	0
 1155 00e5 13       		.uleb128 0x13
 1156 00e6 8A8201   		.uleb128 0x410a
 1157 00e9 00       		.byte	0
 1158 00ea 02       		.uleb128 0x2
 1159 00eb 18       		.uleb128 0x18
 1160 00ec 9142     		.uleb128 0x2111
 1161 00ee 18       		.uleb128 0x18
 1162 00ef 00       		.byte	0
 1163 00f0 00       		.byte	0
 1164 00f1 14       		.uleb128 0x14
 1165 00f2 898201   		.uleb128 0x4109
 1166 00f5 01       		.byte	0x1
 1167 00f6 11       		.uleb128 0x11
 1168 00f7 01       		.uleb128 0x1
 1169 00f8 31       		.uleb128 0x31
 1170 00f9 13       		.uleb128 0x13
 1171 00fa 01       		.uleb128 0x1
 1172 00fb 13       		.uleb128 0x13
 1173 00fc 00       		.byte	0
 1174 00fd 00       		.byte	0
 1175 00fe 15       		.uleb128 0x15
 1176 00ff 2E       		.uleb128 0x2e
 1177 0100 01       		.byte	0x1
 1178 0101 3F       		.uleb128 0x3f
 1179 0102 19       		.uleb128 0x19
 1180 0103 03       		.uleb128 0x3
ARM GAS  C:\Users\MIHAILO\AppData\Local\Temp\ccB6Keeb.s 			page 29


 1181 0104 0E       		.uleb128 0xe
 1182 0105 3A       		.uleb128 0x3a
 1183 0106 0B       		.uleb128 0xb
 1184 0107 3B       		.uleb128 0x3b
 1185 0108 05       		.uleb128 0x5
 1186 0109 27       		.uleb128 0x27
 1187 010a 19       		.uleb128 0x19
 1188 010b 11       		.uleb128 0x11
 1189 010c 01       		.uleb128 0x1
 1190 010d 12       		.uleb128 0x12
 1191 010e 06       		.uleb128 0x6
 1192 010f 40       		.uleb128 0x40
 1193 0110 18       		.uleb128 0x18
 1194 0111 9742     		.uleb128 0x2117
 1195 0113 19       		.uleb128 0x19
 1196 0114 01       		.uleb128 0x1
 1197 0115 13       		.uleb128 0x13
 1198 0116 00       		.byte	0
 1199 0117 00       		.byte	0
 1200 0118 16       		.uleb128 0x16
 1201 0119 0B       		.uleb128 0xb
 1202 011a 01       		.byte	0x1
 1203 011b 11       		.uleb128 0x11
 1204 011c 01       		.uleb128 0x1
 1205 011d 12       		.uleb128 0x12
 1206 011e 06       		.uleb128 0x6
 1207 011f 01       		.uleb128 0x1
 1208 0120 13       		.uleb128 0x13
 1209 0121 00       		.byte	0
 1210 0122 00       		.byte	0
 1211 0123 17       		.uleb128 0x17
 1212 0124 34       		.uleb128 0x34
 1213 0125 00       		.byte	0
 1214 0126 03       		.uleb128 0x3
 1215 0127 0E       		.uleb128 0xe
 1216 0128 3A       		.uleb128 0x3a
 1217 0129 0B       		.uleb128 0xb
 1218 012a 3B       		.uleb128 0x3b
 1219 012b 05       		.uleb128 0x5
 1220 012c 49       		.uleb128 0x49
 1221 012d 13       		.uleb128 0x13
 1222 012e 02       		.uleb128 0x2
 1223 012f 18       		.uleb128 0x18
 1224 0130 00       		.byte	0
 1225 0131 00       		.byte	0
 1226 0132 18       		.uleb128 0x18
 1227 0133 13       		.uleb128 0x13
 1228 0134 01       		.byte	0x1
 1229 0135 0B       		.uleb128 0xb
 1230 0136 0B       		.uleb128 0xb
 1231 0137 3A       		.uleb128 0x3a
 1232 0138 0B       		.uleb128 0xb
 1233 0139 3B       		.uleb128 0x3b
 1234 013a 05       		.uleb128 0x5
 1235 013b 01       		.uleb128 0x1
 1236 013c 13       		.uleb128 0x13
 1237 013d 00       		.byte	0
ARM GAS  C:\Users\MIHAILO\AppData\Local\Temp\ccB6Keeb.s 			page 30


 1238 013e 00       		.byte	0
 1239 013f 19       		.uleb128 0x19
 1240 0140 0D       		.uleb128 0xd
 1241 0141 00       		.byte	0
 1242 0142 03       		.uleb128 0x3
 1243 0143 0E       		.uleb128 0xe
 1244 0144 3A       		.uleb128 0x3a
 1245 0145 0B       		.uleb128 0xb
 1246 0146 3B       		.uleb128 0x3b
 1247 0147 05       		.uleb128 0x5
 1248 0148 49       		.uleb128 0x49
 1249 0149 13       		.uleb128 0x13
 1250 014a 38       		.uleb128 0x38
 1251 014b 0B       		.uleb128 0xb
 1252 014c 00       		.byte	0
 1253 014d 00       		.byte	0
 1254 014e 1A       		.uleb128 0x1a
 1255 014f 01       		.uleb128 0x1
 1256 0150 01       		.byte	0x1
 1257 0151 49       		.uleb128 0x49
 1258 0152 13       		.uleb128 0x13
 1259 0153 01       		.uleb128 0x1
 1260 0154 13       		.uleb128 0x13
 1261 0155 00       		.byte	0
 1262 0156 00       		.byte	0
 1263 0157 1B       		.uleb128 0x1b
 1264 0158 21       		.uleb128 0x21
 1265 0159 00       		.byte	0
 1266 015a 49       		.uleb128 0x49
 1267 015b 13       		.uleb128 0x13
 1268 015c 2F       		.uleb128 0x2f
 1269 015d 0B       		.uleb128 0xb
 1270 015e 00       		.byte	0
 1271 015f 00       		.byte	0
 1272 0160 1C       		.uleb128 0x1c
 1273 0161 34       		.uleb128 0x34
 1274 0162 00       		.byte	0
 1275 0163 03       		.uleb128 0x3
 1276 0164 08       		.uleb128 0x8
 1277 0165 3A       		.uleb128 0x3a
 1278 0166 0B       		.uleb128 0xb
 1279 0167 3B       		.uleb128 0x3b
 1280 0168 05       		.uleb128 0x5
 1281 0169 49       		.uleb128 0x49
 1282 016a 13       		.uleb128 0x13
 1283 016b 02       		.uleb128 0x2
 1284 016c 17       		.uleb128 0x17
 1285 016d 00       		.byte	0
 1286 016e 00       		.byte	0
 1287 016f 1D       		.uleb128 0x1d
 1288 0170 898201   		.uleb128 0x4109
 1289 0173 00       		.byte	0
 1290 0174 11       		.uleb128 0x11
 1291 0175 01       		.uleb128 0x1
 1292 0176 31       		.uleb128 0x31
 1293 0177 13       		.uleb128 0x13
 1294 0178 00       		.byte	0
ARM GAS  C:\Users\MIHAILO\AppData\Local\Temp\ccB6Keeb.s 			page 31


 1295 0179 00       		.byte	0
 1296 017a 1E       		.uleb128 0x1e
 1297 017b 2E       		.uleb128 0x2e
 1298 017c 00       		.byte	0
 1299 017d 3F       		.uleb128 0x3f
 1300 017e 19       		.uleb128 0x19
 1301 017f 3C       		.uleb128 0x3c
 1302 0180 19       		.uleb128 0x19
 1303 0181 6E       		.uleb128 0x6e
 1304 0182 0E       		.uleb128 0xe
 1305 0183 03       		.uleb128 0x3
 1306 0184 0E       		.uleb128 0xe
 1307 0185 00       		.byte	0
 1308 0186 00       		.byte	0
 1309 0187 1F       		.uleb128 0x1f
 1310 0188 2E       		.uleb128 0x2e
 1311 0189 00       		.byte	0
 1312 018a 3F       		.uleb128 0x3f
 1313 018b 19       		.uleb128 0x19
 1314 018c 3C       		.uleb128 0x3c
 1315 018d 19       		.uleb128 0x19
 1316 018e 6E       		.uleb128 0x6e
 1317 018f 0E       		.uleb128 0xe
 1318 0190 03       		.uleb128 0x3
 1319 0191 0E       		.uleb128 0xe
 1320 0192 3A       		.uleb128 0x3a
 1321 0193 0B       		.uleb128 0xb
 1322 0194 3B       		.uleb128 0x3b
 1323 0195 0B       		.uleb128 0xb
 1324 0196 00       		.byte	0
 1325 0197 00       		.byte	0
 1326 0198 00       		.byte	0
 1327              		.section	.debug_loc,"",%progbits
 1328              	.Ldebug_loc0:
 1329              	.LLST0:
 1330 0000 02000000 		.4byte	.LVL1
 1331 0004 08000000 		.4byte	.LVL2
 1332 0008 0200     		.2byte	0x2
 1333 000a 30       		.byte	0x30
 1334 000b 9F       		.byte	0x9f
 1335 000c 08000000 		.4byte	.LVL2
 1336 0010 30000000 		.4byte	.LVL11
 1337 0014 0100     		.2byte	0x1
 1338 0016 57       		.byte	0x57
 1339 0017 00000000 		.4byte	0
 1340 001b 00000000 		.4byte	0
 1341              	.LLST1:
 1342 001f 02000000 		.4byte	.LVL1
 1343 0023 08000000 		.4byte	.LVL2
 1344 0027 0200     		.2byte	0x2
 1345 0029 30       		.byte	0x30
 1346 002a 9F       		.byte	0x9f
 1347 002b 08000000 		.4byte	.LVL2
 1348 002f 30000000 		.4byte	.LVL10
 1349 0033 0100     		.2byte	0x1
 1350 0035 55       		.byte	0x55
 1351 0036 00000000 		.4byte	0
ARM GAS  C:\Users\MIHAILO\AppData\Local\Temp\ccB6Keeb.s 			page 32


 1352 003a 00000000 		.4byte	0
 1353              	.LLST2:
 1354 003e 0C000000 		.4byte	.LVL3
 1355 0042 2C000000 		.4byte	.LVL9
 1356 0046 0100     		.2byte	0x1
 1357 0048 56       		.byte	0x56
 1358 0049 00000000 		.4byte	0
 1359 004d 00000000 		.4byte	0
 1360              	.LLST3:
 1361 0051 0E000000 		.4byte	.LVL4
 1362 0055 24000000 		.4byte	.LVL7
 1363 0059 0100     		.2byte	0x1
 1364 005b 53       		.byte	0x53
 1365 005c 26000000 		.4byte	.LVL8
 1366 0060 2C000000 		.4byte	.LVL9
 1367 0064 0100     		.2byte	0x1
 1368 0066 53       		.byte	0x53
 1369 0067 00000000 		.4byte	0
 1370 006b 00000000 		.4byte	0
 1371              	.LLST4:
 1372 006f 00000000 		.4byte	.LVL12
 1373 0073 09000000 		.4byte	.LVL14-1
 1374 0077 0100     		.2byte	0x1
 1375 0079 50       		.byte	0x50
 1376 007a 09000000 		.4byte	.LVL14-1
 1377 007e 0C000000 		.4byte	.LFE0
 1378 0082 0400     		.2byte	0x4
 1379 0084 F3       		.byte	0xf3
 1380 0085 01       		.uleb128 0x1
 1381 0086 50       		.byte	0x50
 1382 0087 9F       		.byte	0x9f
 1383 0088 00000000 		.4byte	0
 1384 008c 00000000 		.4byte	0
 1385              	.LLST5:
 1386 0090 00000000 		.4byte	.LVL12
 1387 0094 06000000 		.4byte	.LVL13
 1388 0098 0100     		.2byte	0x1
 1389 009a 51       		.byte	0x51
 1390 009b 06000000 		.4byte	.LVL13
 1391 009f 09000000 		.4byte	.LVL14-1
 1392 00a3 0100     		.2byte	0x1
 1393 00a5 52       		.byte	0x52
 1394 00a6 09000000 		.4byte	.LVL14-1
 1395 00aa 0C000000 		.4byte	.LFE0
 1396 00ae 0400     		.2byte	0x4
 1397 00b0 F3       		.byte	0xf3
 1398 00b1 01       		.uleb128 0x1
 1399 00b2 51       		.byte	0x51
 1400 00b3 9F       		.byte	0x9f
 1401 00b4 00000000 		.4byte	0
 1402 00b8 00000000 		.4byte	0
 1403              	.LLST6:
 1404 00bc 7C000000 		.4byte	.LVL18
 1405 00c0 80000000 		.4byte	.LVL19
 1406 00c4 0200     		.2byte	0x2
 1407 00c6 30       		.byte	0x30
 1408 00c7 9F       		.byte	0x9f
ARM GAS  C:\Users\MIHAILO\AppData\Local\Temp\ccB6Keeb.s 			page 33


 1409 00c8 80000000 		.4byte	.LVL19
 1410 00cc 9E000000 		.4byte	.LVL21
 1411 00d0 0100     		.2byte	0x1
 1412 00d2 54       		.byte	0x54
 1413 00d3 A0000000 		.4byte	.LVL22
 1414 00d7 10010000 		.4byte	.LVL25
 1415 00db 0100     		.2byte	0x1
 1416 00dd 54       		.byte	0x54
 1417 00de 00000000 		.4byte	0
 1418 00e2 00000000 		.4byte	0
 1419              	.LLST7:
 1420 00e6 80000000 		.4byte	.LVL19
 1421 00ea 9E000000 		.4byte	.LVL21
 1422 00ee 0B00     		.2byte	0xb
 1423 00f0 74       		.byte	0x74
 1424 00f1 00       		.sleb128 0
 1425 00f2 36       		.byte	0x36
 1426 00f3 1E       		.byte	0x1e
 1427 00f4 03       		.byte	0x3
 1428 00f5 00000000 		.4byte	cfg_memset_list.4870
 1429 00f9 22       		.byte	0x22
 1430 00fa 9F       		.byte	0x9f
 1431 00fb 9E000000 		.4byte	.LVL21
 1432 00ff A0000000 		.4byte	.LVL22
 1433 0103 0B00     		.2byte	0xb
 1434 0105 74       		.byte	0x74
 1435 0106 7F       		.sleb128 -1
 1436 0107 36       		.byte	0x36
 1437 0108 1E       		.byte	0x1e
 1438 0109 03       		.byte	0x3
 1439 010a 00000000 		.4byte	cfg_memset_list.4870
 1440 010e 22       		.byte	0x22
 1441 010f 9F       		.byte	0x9f
 1442 0110 00000000 		.4byte	0
 1443 0114 00000000 		.4byte	0
 1444              		.section	.debug_aranges,"",%progbits
 1445 0000 34000000 		.4byte	0x34
 1446 0004 0200     		.2byte	0x2
 1447 0006 00000000 		.4byte	.Ldebug_info0
 1448 000a 04       		.byte	0x4
 1449 000b 00       		.byte	0
 1450 000c 0000     		.2byte	0
 1451 000e 0000     		.2byte	0
 1452 0010 00000000 		.4byte	.LFB3
 1453 0014 32000000 		.4byte	.LFE3-.LFB3
 1454 0018 00000000 		.4byte	.LFB0
 1455 001c 0C000000 		.4byte	.LFE0-.LFB0
 1456 0020 00000000 		.4byte	.LFB4
 1457 0024 78000000 		.4byte	.LFE4-.LFB4
 1458 0028 78000000 		.4byte	.LFB6
 1459 002c D0000000 		.4byte	.LFE6-.LFB6
 1460 0030 00000000 		.4byte	0
 1461 0034 00000000 		.4byte	0
 1462              		.section	.debug_ranges,"",%progbits
 1463              	.Ldebug_ranges0:
 1464 0000 00000000 		.4byte	.LFB3
 1465 0004 32000000 		.4byte	.LFE3
ARM GAS  C:\Users\MIHAILO\AppData\Local\Temp\ccB6Keeb.s 			page 34


 1466 0008 00000000 		.4byte	.LFB0
 1467 000c 0C000000 		.4byte	.LFE0
 1468 0010 00000000 		.4byte	.LFB4
 1469 0014 78000000 		.4byte	.LFE4
 1470 0018 78000000 		.4byte	.LFB6
 1471 001c 48010000 		.4byte	.LFE6
 1472 0020 00000000 		.4byte	0
 1473 0024 00000000 		.4byte	0
 1474              		.section	.debug_line,"",%progbits
 1475              	.Ldebug_line0:
 1476 0000 5B010000 		.section	.debug_str,"MS",%progbits,1
 1476      0200D600 
 1476      00000201 
 1476      FB0E0D00 
 1476      01010101 
 1477              	.LASF19:
 1478 0000 72656733 		.ascii	"reg32\000"
 1478      3200
 1479              	.LASF12:
 1480 0006 73697A65 		.ascii	"size_t\000"
 1480      5F7400
 1481              	.LASF37:
 1482 000d 4379496E 		.ascii	"CyIntSetVector\000"
 1482      74536574 
 1482      56656374 
 1482      6F7200
 1483              	.LASF21:
 1484 001c 76616C75 		.ascii	"value\000"
 1484      6500
 1485              	.LASF26:
 1486 0022 636F756E 		.ascii	"count\000"
 1486      7400
 1487              	.LASF29:
 1488 0028 436C6F63 		.ascii	"ClockSetup\000"
 1488      6B536574 
 1488      757000
 1489              	.LASF30:
 1490 0033 63795F63 		.ascii	"cy_cfg_addr_table\000"
 1490      66675F61 
 1490      6464725F 
 1490      7461626C 
 1490      6500
 1491              	.LASF31:
 1492 0045 63795F63 		.ascii	"cy_cfg_data_table\000"
 1492      66675F64 
 1492      6174615F 
 1492      7461626C 
 1492      6500
 1493              	.LASF16:
 1494 0057 666C6F61 		.ascii	"float\000"
 1494      7400
 1495              	.LASF35:
 1496 005d 6366675F 		.ascii	"cfg_memset_list\000"
 1496      6D656D73 
 1496      65745F6C 
 1496      69737400 
 1497              	.LASF33:
ARM GAS  C:\Users\MIHAILO\AppData\Local\Temp\ccB6Keeb.s 			page 35


 1498 006d 73697A65 		.ascii	"size\000"
 1498      00
 1499              	.LASF18:
 1500 0072 72656738 		.ascii	"reg8\000"
 1500      00
 1501              	.LASF8:
 1502 0077 6C6F6E67 		.ascii	"long unsigned int\000"
 1502      20756E73 
 1502      69676E65 
 1502      6420696E 
 1502      7400
 1503              	.LASF13:
 1504 0089 75696E74 		.ascii	"uint8\000"
 1504      3800
 1505              	.LASF28:
 1506 008f 43594D45 		.ascii	"CYMEMZERO\000"
 1506      4D5A4552 
 1506      4F00
 1507              	.LASF4:
 1508 0099 756E7369 		.ascii	"unsigned char\000"
 1508      676E6564 
 1508      20636861 
 1508      7200
 1509              	.LASF43:
 1510 00a7 6D656D73 		.ascii	"memset\000"
 1510      657400
 1511              	.LASF17:
 1512 00ae 646F7562 		.ascii	"double\000"
 1512      6C6500
 1513              	.LASF27:
 1514 00b5 6366675F 		.ascii	"cfg_write_bytes32\000"
 1514      77726974 
 1514      655F6279 
 1514      74657333 
 1514      3200
 1515              	.LASF38:
 1516 00c7 4379496E 		.ascii	"CyIntEnable\000"
 1516      74456E61 
 1516      626C6500 
 1517              	.LASF23:
 1518 00d3 61646472 		.ascii	"addr_table\000"
 1518      5F746162 
 1518      6C6500
 1519              	.LASF14:
 1520 00de 75696E74 		.ascii	"uint16\000"
 1520      313600
 1521              	.LASF24:
 1522 00e5 64617461 		.ascii	"data_table\000"
 1522      5F746162 
 1522      6C6500
 1523              	.LASF15:
 1524 00f0 75696E74 		.ascii	"uint32\000"
 1524      333200
 1525              	.LASF0:
 1526 00f7 756E7369 		.ascii	"unsigned int\000"
 1526      676E6564 
 1526      20696E74 
ARM GAS  C:\Users\MIHAILO\AppData\Local\Temp\ccB6Keeb.s 			page 36


 1526      00
 1527              	.LASF42:
 1528 0104 63796669 		.ascii	"cyfitter_cfg\000"
 1528      74746572 
 1528      5F636667 
 1528      00
 1529              	.LASF32:
 1530 0111 61646472 		.ascii	"address\000"
 1530      65737300 
 1531              	.LASF9:
 1532 0119 6C6F6E67 		.ascii	"long long unsigned int\000"
 1532      206C6F6E 
 1532      6720756E 
 1532      7369676E 
 1532      65642069 
 1533              	.LASF39:
 1534 0130 474E5520 		.ascii	"GNU C11 5.4.1 20160609 (release) [ARM/embedded-5-br"
 1534      43313120 
 1534      352E342E 
 1534      31203230 
 1534      31363036 
 1535 0163 616E6368 		.ascii	"anch revision 237715] -mcpu=cortex-m0 -mthumb -g -O"
 1535      20726576 
 1535      6973696F 
 1535      6E203233 
 1535      37373135 
 1536 0196 67202D66 		.ascii	"g -ffunction-sections -ffat-lto-objects\000"
 1536      66756E63 
 1536      74696F6E 
 1536      2D736563 
 1536      74696F6E 
 1537              	.LASF34:
 1538 01be 6366675F 		.ascii	"cfg_memset_t\000"
 1538      6D656D73 
 1538      65745F74 
 1538      00
 1539              	.LASF25:
 1540 01cb 62617365 		.ascii	"baseAddr\000"
 1540      41646472 
 1540      00
 1541              	.LASF10:
 1542 01d4 73697A65 		.ascii	"sizetype\000"
 1542      74797065 
 1542      00
 1543              	.LASF6:
 1544 01dd 73686F72 		.ascii	"short unsigned int\000"
 1544      7420756E 
 1544      7369676E 
 1544      65642069 
 1544      6E7400
 1545              	.LASF1:
 1546 01f0 6C6F6E67 		.ascii	"long long int\000"
 1546      206C6F6E 
 1546      6720696E 
 1546      7400
 1547              	.LASF11:
 1548 01fe 63686172 		.ascii	"char\000"
ARM GAS  C:\Users\MIHAILO\AppData\Local\Temp\ccB6Keeb.s 			page 37


 1548      00
 1549              	.LASF22:
 1550 0203 63795F63 		.ascii	"cy_cfg_addrvalue_t\000"
 1550      66675F61 
 1550      64647276 
 1550      616C7565 
 1550      5F7400
 1551              	.LASF20:
 1552 0216 6F666673 		.ascii	"offset\000"
 1552      657400
 1553              	.LASF5:
 1554 021d 73686F72 		.ascii	"short int\000"
 1554      7420696E 
 1554      7400
 1555              	.LASF36:
 1556 0227 43795379 		.ascii	"CySysClkWriteImoFreq\000"
 1556      73436C6B 
 1556      57726974 
 1556      65496D6F 
 1556      46726571 
 1557              	.LASF7:
 1558 023c 6C6F6E67 		.ascii	"long int\000"
 1558      20696E74 
 1558      00
 1559              	.LASF2:
 1560 0245 6C6F6E67 		.ascii	"long double\000"
 1560      20646F75 
 1560      626C6500 
 1561              	.LASF3:
 1562 0251 7369676E 		.ascii	"signed char\000"
 1562      65642063 
 1562      68617200 
 1563              	.LASF40:
 1564 025d 47656E65 		.ascii	"Generated_Source\\PSoC4\\cyfitter_cfg.c\000"
 1564      72617465 
 1564      645F536F 
 1564      75726365 
 1564      5C50536F 
 1565              	.LASF41:
 1566 0283 433A5C55 		.ascii	"C:\\Users\\MIHAILO\\Documents\\PSoC Creator\\PSoC10"
 1566      73657273 
 1566      5C4D4948 
 1566      41494C4F 
 1566      5C446F63 
 1567 02b1 315C4C61 		.ascii	"1\\Lab05.cydsn\000"
 1567      6230352E 
 1567      63796473 
 1567      6E00
 1568              		.ident	"GCC: (GNU Tools for ARM Embedded Processors) 5.4.1 20160609 (release) [ARM/embedded-5-bran
