ARM GAS  C:\Users\MIHAILO\AppData\Local\Temp\ccVIxsmR.s 			page 1


   1              		.syntax unified
   2              		.cpu cortex-m0
   3              		.fpu softvfp
   4              		.eabi_attribute 20, 1
   5              		.eabi_attribute 21, 1
   6              		.eabi_attribute 23, 3
   7              		.eabi_attribute 24, 1
   8              		.eabi_attribute 25, 1
   9              		.eabi_attribute 26, 1
  10              		.eabi_attribute 30, 1
  11              		.eabi_attribute 34, 0
  12              		.eabi_attribute 18, 4
  13              		.thumb
  14              		.syntax unified
  15              		.file	"cyfitter_cfg.c"
  16              		.text
  17              	.Ltext0:
  18              		.cfi_sections	.debug_frame
  19              		.section	.text.cfg_write_bytes32,"ax",%progbits
  20              		.align	2
  21              		.code	16
  22              		.thumb_func
  23              		.type	cfg_write_bytes32, %function
  24              	cfg_write_bytes32:
  25              	.LFB3:
  26              		.file 1 "Generated_Source\\PSoC4\\cyfitter_cfg.c"
   1:Generated_Source\PSoC4/cyfitter_cfg.c **** 
   2:Generated_Source\PSoC4/cyfitter_cfg.c **** /*******************************************************************************
   3:Generated_Source\PSoC4/cyfitter_cfg.c **** * File Name: cyfitter_cfg.c
   4:Generated_Source\PSoC4/cyfitter_cfg.c **** * 
   5:Generated_Source\PSoC4/cyfitter_cfg.c **** * PSoC Creator  4.4
   6:Generated_Source\PSoC4/cyfitter_cfg.c **** *
   7:Generated_Source\PSoC4/cyfitter_cfg.c **** * Description:
   8:Generated_Source\PSoC4/cyfitter_cfg.c **** * This file contains device initialization code.
   9:Generated_Source\PSoC4/cyfitter_cfg.c **** * Except for the user defined sections in CyClockStartupError(), this file should not be modified.
  10:Generated_Source\PSoC4/cyfitter_cfg.c **** * This file is automatically generated by PSoC Creator.
  11:Generated_Source\PSoC4/cyfitter_cfg.c **** *
  12:Generated_Source\PSoC4/cyfitter_cfg.c **** ********************************************************************************
  13:Generated_Source\PSoC4/cyfitter_cfg.c **** * Copyright (c) 2007-2020 Cypress Semiconductor.  All rights reserved.
  14:Generated_Source\PSoC4/cyfitter_cfg.c **** * You may use this file only in accordance with the license, terms, conditions, 
  15:Generated_Source\PSoC4/cyfitter_cfg.c **** * disclaimers, and limitations in the end user license agreement accompanying 
  16:Generated_Source\PSoC4/cyfitter_cfg.c **** * the software package with which this file was provided.
  17:Generated_Source\PSoC4/cyfitter_cfg.c **** ********************************************************************************/
  18:Generated_Source\PSoC4/cyfitter_cfg.c **** 
  19:Generated_Source\PSoC4/cyfitter_cfg.c **** #include <string.h>
  20:Generated_Source\PSoC4/cyfitter_cfg.c **** #include "cytypes.h"
  21:Generated_Source\PSoC4/cyfitter_cfg.c **** #include "cydevice_trm.h"
  22:Generated_Source\PSoC4/cyfitter_cfg.c **** #include "cyfitter.h"
  23:Generated_Source\PSoC4/cyfitter_cfg.c **** #include "CyLib.h"
  24:Generated_Source\PSoC4/cyfitter_cfg.c **** #include "CyLFClk.h"
  25:Generated_Source\PSoC4/cyfitter_cfg.c **** #include "cyfitter_cfg.h"
  26:Generated_Source\PSoC4/cyfitter_cfg.c **** #include "cyapicallbacks.h"
  27:Generated_Source\PSoC4/cyfitter_cfg.c **** 
  28:Generated_Source\PSoC4/cyfitter_cfg.c **** 
  29:Generated_Source\PSoC4/cyfitter_cfg.c **** #if defined(__GNUC__) || defined(__ARMCC_VERSION)
  30:Generated_Source\PSoC4/cyfitter_cfg.c ****     #define CYPACKED 
  31:Generated_Source\PSoC4/cyfitter_cfg.c ****     #define CYPACKED_ATTR __attribute__ ((packed))
ARM GAS  C:\Users\MIHAILO\AppData\Local\Temp\ccVIxsmR.s 			page 2


  32:Generated_Source\PSoC4/cyfitter_cfg.c ****     #define CYALIGNED __attribute__ ((aligned))
  33:Generated_Source\PSoC4/cyfitter_cfg.c ****     #define CY_CFG_UNUSED __attribute__ ((unused))
  34:Generated_Source\PSoC4/cyfitter_cfg.c ****     #ifndef CY_CFG_SECTION
  35:Generated_Source\PSoC4/cyfitter_cfg.c ****         #define CY_CFG_SECTION __attribute__ ((section(".psocinit")))
  36:Generated_Source\PSoC4/cyfitter_cfg.c ****     #endif
  37:Generated_Source\PSoC4/cyfitter_cfg.c ****     
  38:Generated_Source\PSoC4/cyfitter_cfg.c ****     #if defined(__ARMCC_VERSION)
  39:Generated_Source\PSoC4/cyfitter_cfg.c ****         #define CY_CFG_MEMORY_BARRIER() __memory_changed()
  40:Generated_Source\PSoC4/cyfitter_cfg.c ****     #else
  41:Generated_Source\PSoC4/cyfitter_cfg.c ****         #define CY_CFG_MEMORY_BARRIER() __sync_synchronize()
  42:Generated_Source\PSoC4/cyfitter_cfg.c ****     #endif
  43:Generated_Source\PSoC4/cyfitter_cfg.c ****     
  44:Generated_Source\PSoC4/cyfitter_cfg.c **** #elif defined(__ICCARM__)
  45:Generated_Source\PSoC4/cyfitter_cfg.c ****     #include <intrinsics.h>
  46:Generated_Source\PSoC4/cyfitter_cfg.c **** 
  47:Generated_Source\PSoC4/cyfitter_cfg.c ****     #define CYPACKED __packed
  48:Generated_Source\PSoC4/cyfitter_cfg.c ****     #define CYPACKED_ATTR 
  49:Generated_Source\PSoC4/cyfitter_cfg.c ****     #define CYALIGNED _Pragma("data_alignment=4")
  50:Generated_Source\PSoC4/cyfitter_cfg.c ****     #define CY_CFG_UNUSED _Pragma("diag_suppress=Pe177")
  51:Generated_Source\PSoC4/cyfitter_cfg.c ****     #define CY_CFG_SECTION _Pragma("location=\".psocinit\"")
  52:Generated_Source\PSoC4/cyfitter_cfg.c ****     
  53:Generated_Source\PSoC4/cyfitter_cfg.c ****     #define CY_CFG_MEMORY_BARRIER() __DMB()
  54:Generated_Source\PSoC4/cyfitter_cfg.c ****     
  55:Generated_Source\PSoC4/cyfitter_cfg.c **** #else
  56:Generated_Source\PSoC4/cyfitter_cfg.c ****     #error Unsupported toolchain
  57:Generated_Source\PSoC4/cyfitter_cfg.c **** #endif
  58:Generated_Source\PSoC4/cyfitter_cfg.c **** 
  59:Generated_Source\PSoC4/cyfitter_cfg.c **** #ifndef CYCODE
  60:Generated_Source\PSoC4/cyfitter_cfg.c ****     #define CYCODE
  61:Generated_Source\PSoC4/cyfitter_cfg.c **** #endif
  62:Generated_Source\PSoC4/cyfitter_cfg.c **** #ifndef CYDATA
  63:Generated_Source\PSoC4/cyfitter_cfg.c ****     #define CYDATA
  64:Generated_Source\PSoC4/cyfitter_cfg.c **** #endif
  65:Generated_Source\PSoC4/cyfitter_cfg.c **** #ifndef CYFAR
  66:Generated_Source\PSoC4/cyfitter_cfg.c ****     #define CYFAR
  67:Generated_Source\PSoC4/cyfitter_cfg.c **** #endif
  68:Generated_Source\PSoC4/cyfitter_cfg.c **** #ifndef CYXDATA
  69:Generated_Source\PSoC4/cyfitter_cfg.c ****     #define CYXDATA
  70:Generated_Source\PSoC4/cyfitter_cfg.c **** #endif
  71:Generated_Source\PSoC4/cyfitter_cfg.c **** 
  72:Generated_Source\PSoC4/cyfitter_cfg.c **** 
  73:Generated_Source\PSoC4/cyfitter_cfg.c **** CY_CFG_UNUSED
  74:Generated_Source\PSoC4/cyfitter_cfg.c **** static void CYMEMZERO(void *s, size_t n);
  75:Generated_Source\PSoC4/cyfitter_cfg.c **** CY_CFG_UNUSED
  76:Generated_Source\PSoC4/cyfitter_cfg.c **** static void CYMEMZERO(void *s, size_t n)
  77:Generated_Source\PSoC4/cyfitter_cfg.c **** {
  78:Generated_Source\PSoC4/cyfitter_cfg.c **** 	(void)memset(s, 0, n);
  79:Generated_Source\PSoC4/cyfitter_cfg.c **** }
  80:Generated_Source\PSoC4/cyfitter_cfg.c **** CY_CFG_UNUSED
  81:Generated_Source\PSoC4/cyfitter_cfg.c **** static void CYCONFIGCPY(void *dest, const void *src, size_t n);
  82:Generated_Source\PSoC4/cyfitter_cfg.c **** CY_CFG_UNUSED
  83:Generated_Source\PSoC4/cyfitter_cfg.c **** static void CYCONFIGCPY(void *dest, const void *src, size_t n)
  84:Generated_Source\PSoC4/cyfitter_cfg.c **** {
  85:Generated_Source\PSoC4/cyfitter_cfg.c **** 	(void)memcpy(dest, src, n);
  86:Generated_Source\PSoC4/cyfitter_cfg.c **** }
  87:Generated_Source\PSoC4/cyfitter_cfg.c **** CY_CFG_UNUSED
  88:Generated_Source\PSoC4/cyfitter_cfg.c **** static void CYCONFIGCPYCODE(void *dest, const void *src, size_t n);
ARM GAS  C:\Users\MIHAILO\AppData\Local\Temp\ccVIxsmR.s 			page 3


  89:Generated_Source\PSoC4/cyfitter_cfg.c **** CY_CFG_UNUSED
  90:Generated_Source\PSoC4/cyfitter_cfg.c **** static void CYCONFIGCPYCODE(void *dest, const void *src, size_t n)
  91:Generated_Source\PSoC4/cyfitter_cfg.c **** {
  92:Generated_Source\PSoC4/cyfitter_cfg.c **** 	(void)memcpy(dest, src, n);
  93:Generated_Source\PSoC4/cyfitter_cfg.c **** }
  94:Generated_Source\PSoC4/cyfitter_cfg.c **** 
  95:Generated_Source\PSoC4/cyfitter_cfg.c **** 
  96:Generated_Source\PSoC4/cyfitter_cfg.c **** 
  97:Generated_Source\PSoC4/cyfitter_cfg.c **** 
  98:Generated_Source\PSoC4/cyfitter_cfg.c **** /* Clock startup error codes                                                   */
  99:Generated_Source\PSoC4/cyfitter_cfg.c **** #define CYCLOCKSTART_NO_ERROR    0u
 100:Generated_Source\PSoC4/cyfitter_cfg.c **** #define CYCLOCKSTART_XTAL_ERROR  1u
 101:Generated_Source\PSoC4/cyfitter_cfg.c **** #define CYCLOCKSTART_32KHZ_ERROR 2u
 102:Generated_Source\PSoC4/cyfitter_cfg.c **** #define CYCLOCKSTART_PLL_ERROR   3u
 103:Generated_Source\PSoC4/cyfitter_cfg.c **** #define CYCLOCKSTART_FLL_ERROR   4u
 104:Generated_Source\PSoC4/cyfitter_cfg.c **** #define CYCLOCKSTART_WCO_ERROR   5u
 105:Generated_Source\PSoC4/cyfitter_cfg.c **** 
 106:Generated_Source\PSoC4/cyfitter_cfg.c **** 
 107:Generated_Source\PSoC4/cyfitter_cfg.c **** #ifdef CY_NEED_CYCLOCKSTARTUPERROR
 108:Generated_Source\PSoC4/cyfitter_cfg.c **** /*******************************************************************************
 109:Generated_Source\PSoC4/cyfitter_cfg.c **** * Function Name: CyClockStartupError
 110:Generated_Source\PSoC4/cyfitter_cfg.c **** ********************************************************************************
 111:Generated_Source\PSoC4/cyfitter_cfg.c **** * Summary:
 112:Generated_Source\PSoC4/cyfitter_cfg.c **** *  If an error is encountered during clock configuration (crystal startup error,
 113:Generated_Source\PSoC4/cyfitter_cfg.c **** *  PLL lock error, etc.), the system will end up here.  Unless reimplemented by
 114:Generated_Source\PSoC4/cyfitter_cfg.c **** *  the customer, this function will stop in an infinite loop.
 115:Generated_Source\PSoC4/cyfitter_cfg.c **** *
 116:Generated_Source\PSoC4/cyfitter_cfg.c **** * Parameters:
 117:Generated_Source\PSoC4/cyfitter_cfg.c **** *   void
 118:Generated_Source\PSoC4/cyfitter_cfg.c **** *
 119:Generated_Source\PSoC4/cyfitter_cfg.c **** * Return:
 120:Generated_Source\PSoC4/cyfitter_cfg.c **** *   void
 121:Generated_Source\PSoC4/cyfitter_cfg.c **** *
 122:Generated_Source\PSoC4/cyfitter_cfg.c **** *******************************************************************************/
 123:Generated_Source\PSoC4/cyfitter_cfg.c **** CY_CFG_UNUSED
 124:Generated_Source\PSoC4/cyfitter_cfg.c **** static void CyClockStartupError(uint8 errorCode);
 125:Generated_Source\PSoC4/cyfitter_cfg.c **** CY_CFG_UNUSED
 126:Generated_Source\PSoC4/cyfitter_cfg.c **** static void CyClockStartupError(uint8 errorCode)
 127:Generated_Source\PSoC4/cyfitter_cfg.c **** {
 128:Generated_Source\PSoC4/cyfitter_cfg.c ****     /* To remove the compiler warning if errorCode not used.                */
 129:Generated_Source\PSoC4/cyfitter_cfg.c ****     errorCode = errorCode;
 130:Generated_Source\PSoC4/cyfitter_cfg.c **** 
 131:Generated_Source\PSoC4/cyfitter_cfg.c ****     /* If we have a clock startup error (bad MHz crystal, PLL lock, etc.),  */
 132:Generated_Source\PSoC4/cyfitter_cfg.c ****     /* we will end up here to allow the customer to implement something to  */
 133:Generated_Source\PSoC4/cyfitter_cfg.c ****     /* deal with the clock condition.                                       */
 134:Generated_Source\PSoC4/cyfitter_cfg.c **** 
 135:Generated_Source\PSoC4/cyfitter_cfg.c **** #ifdef CY_CFG_CLOCK_STARTUP_ERROR_CALLBACK
 136:Generated_Source\PSoC4/cyfitter_cfg.c ****     CY_CFG_Clock_Startup_ErrorCallback();
 137:Generated_Source\PSoC4/cyfitter_cfg.c **** #else
 138:Generated_Source\PSoC4/cyfitter_cfg.c ****     /*  If not using CY_CFG_CLOCK_STARTUP_ERROR_CALLBACK, place your clock startup code here. */
 139:Generated_Source\PSoC4/cyfitter_cfg.c ****     /* `#START CyClockStartupError` */
 140:Generated_Source\PSoC4/cyfitter_cfg.c **** 
 141:Generated_Source\PSoC4/cyfitter_cfg.c **** 
 142:Generated_Source\PSoC4/cyfitter_cfg.c **** 
 143:Generated_Source\PSoC4/cyfitter_cfg.c ****     /* `#END` */
 144:Generated_Source\PSoC4/cyfitter_cfg.c **** 
 145:Generated_Source\PSoC4/cyfitter_cfg.c ****     while(1) {}
ARM GAS  C:\Users\MIHAILO\AppData\Local\Temp\ccVIxsmR.s 			page 4


 146:Generated_Source\PSoC4/cyfitter_cfg.c **** #endif /* CY_CFG_CLOCK_STARTUP_ERROR_CALLBACK */
 147:Generated_Source\PSoC4/cyfitter_cfg.c **** }
 148:Generated_Source\PSoC4/cyfitter_cfg.c **** #endif
 149:Generated_Source\PSoC4/cyfitter_cfg.c **** 
 150:Generated_Source\PSoC4/cyfitter_cfg.c **** #define CY_CFG_BASE_ADDR_COUNT 4u
 151:Generated_Source\PSoC4/cyfitter_cfg.c **** CYPACKED typedef struct
 152:Generated_Source\PSoC4/cyfitter_cfg.c **** {
 153:Generated_Source\PSoC4/cyfitter_cfg.c **** 	uint8 offset;
 154:Generated_Source\PSoC4/cyfitter_cfg.c **** 	uint8 value;
 155:Generated_Source\PSoC4/cyfitter_cfg.c **** } CYPACKED_ATTR cy_cfg_addrvalue_t;
 156:Generated_Source\PSoC4/cyfitter_cfg.c **** 
 157:Generated_Source\PSoC4/cyfitter_cfg.c **** 
 158:Generated_Source\PSoC4/cyfitter_cfg.c **** 
 159:Generated_Source\PSoC4/cyfitter_cfg.c **** /*******************************************************************************
 160:Generated_Source\PSoC4/cyfitter_cfg.c **** * Function Name: cfg_write_bytes32
 161:Generated_Source\PSoC4/cyfitter_cfg.c **** ********************************************************************************
 162:Generated_Source\PSoC4/cyfitter_cfg.c **** * Summary:
 163:Generated_Source\PSoC4/cyfitter_cfg.c **** *  This function is used for setting up the chip configuration areas that
 164:Generated_Source\PSoC4/cyfitter_cfg.c **** *  contain relatively sparse data.
 165:Generated_Source\PSoC4/cyfitter_cfg.c **** *
 166:Generated_Source\PSoC4/cyfitter_cfg.c **** * Parameters:
 167:Generated_Source\PSoC4/cyfitter_cfg.c **** *   void
 168:Generated_Source\PSoC4/cyfitter_cfg.c **** *
 169:Generated_Source\PSoC4/cyfitter_cfg.c **** * Return:
 170:Generated_Source\PSoC4/cyfitter_cfg.c **** *   void
 171:Generated_Source\PSoC4/cyfitter_cfg.c **** *
 172:Generated_Source\PSoC4/cyfitter_cfg.c **** *******************************************************************************/
 173:Generated_Source\PSoC4/cyfitter_cfg.c **** static void cfg_write_bytes32(const uint32 addr_table[], const cy_cfg_addrvalue_t data_table[]);
 174:Generated_Source\PSoC4/cyfitter_cfg.c **** static void cfg_write_bytes32(const uint32 addr_table[], const cy_cfg_addrvalue_t data_table[])
 175:Generated_Source\PSoC4/cyfitter_cfg.c **** {
  27              		.loc 1 175 0
  28              		.cfi_startproc
  29              		@ args = 0, pretend = 0, frame = 0
  30              		@ frame_needed = 0, uses_anonymous_args = 0
  31              	.LVL0:
  32 0000 F0B5     		push	{r4, r5, r6, r7, lr}
  33              		.cfi_def_cfa_offset 20
  34              		.cfi_offset 4, -20
  35              		.cfi_offset 5, -16
  36              		.cfi_offset 6, -12
  37              		.cfi_offset 7, -8
  38              		.cfi_offset 14, -4
  39              	.LVL1:
 176:Generated_Source\PSoC4/cyfitter_cfg.c **** 	/* For 32-bit little-endian architectures */
 177:Generated_Source\PSoC4/cyfitter_cfg.c **** 	uint32 i, j = 0u;
  40              		.loc 1 177 0
  41 0002 0025     		movs	r5, #0
 178:Generated_Source\PSoC4/cyfitter_cfg.c **** 	for (i = 0u; i < CY_CFG_BASE_ADDR_COUNT; i++)
  42              		.loc 1 178 0
  43 0004 0027     		movs	r7, #0
  44 0006 11E0     		b	.L2
  45              	.LVL2:
  46              	.L5:
  47              	.LBB2:
 179:Generated_Source\PSoC4/cyfitter_cfg.c **** 	{
 180:Generated_Source\PSoC4/cyfitter_cfg.c **** 		uint32 baseAddr = addr_table[i];
  48              		.loc 1 180 0
ARM GAS  C:\Users\MIHAILO\AppData\Local\Temp\ccVIxsmR.s 			page 5


  49 0008 BB00     		lsls	r3, r7, #2
  50 000a C658     		ldr	r6, [r0, r3]
  51              	.LVL3:
 181:Generated_Source\PSoC4/cyfitter_cfg.c **** 		uint8 count = (uint8)baseAddr;
  52              		.loc 1 181 0
  53 000c F3B2     		uxtb	r3, r6
  54              	.LVL4:
 182:Generated_Source\PSoC4/cyfitter_cfg.c **** 		baseAddr &= 0xFFFFFF00u;
  55              		.loc 1 182 0
  56 000e FF22     		movs	r2, #255
  57 0010 9643     		bics	r6, r2
  58              	.LVL5:
 183:Generated_Source\PSoC4/cyfitter_cfg.c **** 		while (count != 0u)
  59              		.loc 1 183 0
  60 0012 08E0     		b	.L3
  61              	.L4:
 184:Generated_Source\PSoC4/cyfitter_cfg.c **** 		{
 185:Generated_Source\PSoC4/cyfitter_cfg.c **** 			CY_SET_REG8((void *)(baseAddr + data_table[j].offset), data_table[j].value);
  62              		.loc 1 185 0
  63 0014 6A00     		lsls	r2, r5, #1
  64 0016 8A18     		adds	r2, r1, r2
  65 0018 1478     		ldrb	r4, [r2]
  66 001a A419     		adds	r4, r4, r6
  67 001c 5278     		ldrb	r2, [r2, #1]
  68 001e 2270     		strb	r2, [r4]
 186:Generated_Source\PSoC4/cyfitter_cfg.c **** 			j++;
  69              		.loc 1 186 0
  70 0020 0135     		adds	r5, r5, #1
  71              	.LVL6:
 187:Generated_Source\PSoC4/cyfitter_cfg.c **** 			count--;
  72              		.loc 1 187 0
  73 0022 013B     		subs	r3, r3, #1
  74              	.LVL7:
  75 0024 DBB2     		uxtb	r3, r3
  76              	.LVL8:
  77              	.L3:
 183:Generated_Source\PSoC4/cyfitter_cfg.c **** 		{
  78              		.loc 1 183 0
  79 0026 002B     		cmp	r3, #0
  80 0028 F4D1     		bne	.L4
  81              	.LBE2:
 178:Generated_Source\PSoC4/cyfitter_cfg.c **** 	{
  82              		.loc 1 178 0 discriminator 2
  83 002a 0137     		adds	r7, r7, #1
  84              	.LVL9:
  85              	.L2:
 178:Generated_Source\PSoC4/cyfitter_cfg.c **** 	{
  86              		.loc 1 178 0 is_stmt 0 discriminator 1
  87 002c 032F     		cmp	r7, #3
  88 002e EBD9     		bls	.L5
 188:Generated_Source\PSoC4/cyfitter_cfg.c **** 		}
 189:Generated_Source\PSoC4/cyfitter_cfg.c **** 	}
 190:Generated_Source\PSoC4/cyfitter_cfg.c **** }
  89              		.loc 1 190 0 is_stmt 1
  90              		@ sp needed
  91              	.LVL10:
  92              	.LVL11:
ARM GAS  C:\Users\MIHAILO\AppData\Local\Temp\ccVIxsmR.s 			page 6


  93 0030 F0BD     		pop	{r4, r5, r6, r7, pc}
  94              		.cfi_endproc
  95              	.LFE3:
  96              		.size	cfg_write_bytes32, .-cfg_write_bytes32
  97 0032 C046     		.section	.text.CYMEMZERO,"ax",%progbits
  98              		.align	2
  99              		.code	16
 100              		.thumb_func
 101              		.type	CYMEMZERO, %function
 102              	CYMEMZERO:
 103              	.LFB0:
  77:Generated_Source\PSoC4/cyfitter_cfg.c **** 	(void)memset(s, 0, n);
 104              		.loc 1 77 0
 105              		.cfi_startproc
 106              		@ args = 0, pretend = 0, frame = 0
 107              		@ frame_needed = 0, uses_anonymous_args = 0
 108              	.LVL12:
 109 0000 10B5     		push	{r4, lr}
 110              		.cfi_def_cfa_offset 8
 111              		.cfi_offset 4, -8
 112              		.cfi_offset 14, -4
 113 0002 0A00     		movs	r2, r1
  78:Generated_Source\PSoC4/cyfitter_cfg.c **** }
 114              		.loc 1 78 0
 115 0004 0021     		movs	r1, #0
 116              	.LVL13:
 117 0006 FFF7FEFF 		bl	memset
 118              	.LVL14:
  79:Generated_Source\PSoC4/cyfitter_cfg.c **** CY_CFG_UNUSED
 119              		.loc 1 79 0
 120              		@ sp needed
 121 000a 10BD     		pop	{r4, pc}
 122              		.cfi_endproc
 123              	.LFE0:
 124              		.size	CYMEMZERO, .-CYMEMZERO
 125              		.section	.psocinit,"ax",%progbits
 126              		.align	2
 127              		.code	16
 128              		.thumb_func
 129              		.type	ClockSetup, %function
 130              	ClockSetup:
 131              	.LFB4:
 191:Generated_Source\PSoC4/cyfitter_cfg.c **** 
 192:Generated_Source\PSoC4/cyfitter_cfg.c **** 
 193:Generated_Source\PSoC4/cyfitter_cfg.c **** /*******************************************************************************
 194:Generated_Source\PSoC4/cyfitter_cfg.c **** * Function Name: ClockSetup
 195:Generated_Source\PSoC4/cyfitter_cfg.c **** ********************************************************************************
 196:Generated_Source\PSoC4/cyfitter_cfg.c **** *
 197:Generated_Source\PSoC4/cyfitter_cfg.c **** * Summary:
 198:Generated_Source\PSoC4/cyfitter_cfg.c **** *   Performs the initialization of all of the clocks in the device based on the
 199:Generated_Source\PSoC4/cyfitter_cfg.c **** *   settings in the Clock tab of the DWR.  This includes enabling the requested
 200:Generated_Source\PSoC4/cyfitter_cfg.c **** *   clocks and setting the necessary dividers to produce the desired frequency. 
 201:Generated_Source\PSoC4/cyfitter_cfg.c **** *
 202:Generated_Source\PSoC4/cyfitter_cfg.c **** * Parameters:
 203:Generated_Source\PSoC4/cyfitter_cfg.c **** *   void
 204:Generated_Source\PSoC4/cyfitter_cfg.c **** *
 205:Generated_Source\PSoC4/cyfitter_cfg.c **** * Return:
ARM GAS  C:\Users\MIHAILO\AppData\Local\Temp\ccVIxsmR.s 			page 7


 206:Generated_Source\PSoC4/cyfitter_cfg.c **** *   void
 207:Generated_Source\PSoC4/cyfitter_cfg.c **** *
 208:Generated_Source\PSoC4/cyfitter_cfg.c **** *******************************************************************************/
 209:Generated_Source\PSoC4/cyfitter_cfg.c **** static void ClockSetup(void);
 210:Generated_Source\PSoC4/cyfitter_cfg.c **** CY_CFG_SECTION
 211:Generated_Source\PSoC4/cyfitter_cfg.c **** static void ClockSetup(void)
 212:Generated_Source\PSoC4/cyfitter_cfg.c **** {
 132              		.loc 1 212 0
 133              		.cfi_startproc
 134              		@ args = 0, pretend = 0, frame = 0
 135              		@ frame_needed = 0, uses_anonymous_args = 0
 136 0000 70B5     		push	{r4, r5, r6, lr}
 137              		.cfi_def_cfa_offset 16
 138              		.cfi_offset 4, -16
 139              		.cfi_offset 5, -12
 140              		.cfi_offset 6, -8
 141              		.cfi_offset 14, -4
 213:Generated_Source\PSoC4/cyfitter_cfg.c **** 	/* Enable HALF_EN before trimming for the flash accelerator. */
 214:Generated_Source\PSoC4/cyfitter_cfg.c **** 	CY_SET_REG32((void CYXDATA *)(CYREG_CLK_SELECT), (CY_GET_REG32((void *)CYREG_CLK_SELECT) | 0x00040
 142              		.loc 1 214 0
 143 0002 194C     		ldr	r4, .L8
 144 0004 2368     		ldr	r3, [r4]
 145 0006 8022     		movs	r2, #128
 146 0008 D202     		lsls	r2, r2, #11
 147 000a 1343     		orrs	r3, r2
 148 000c 2360     		str	r3, [r4]
 215:Generated_Source\PSoC4/cyfitter_cfg.c **** 
 216:Generated_Source\PSoC4/cyfitter_cfg.c **** 	/* Setup and trim IMO based on desired frequency. */
 217:Generated_Source\PSoC4/cyfitter_cfg.c **** 	CySysClkWriteImoFreq(24u);
 149              		.loc 1 217 0
 150 000e 1820     		movs	r0, #24
 151 0010 FFF7FEFF 		bl	CySysClkWriteImoFreq
 152              	.LVL15:
 218:Generated_Source\PSoC4/cyfitter_cfg.c **** 
 219:Generated_Source\PSoC4/cyfitter_cfg.c **** 	/* Disable HALF_EN since it is not required at this IMO frequency. */
 220:Generated_Source\PSoC4/cyfitter_cfg.c **** 	CY_SET_REG32((void CYXDATA *)(CYREG_CLK_SELECT), (CY_GET_REG32((void *)CYREG_CLK_SELECT) & 0xFFFBF
 153              		.loc 1 220 0
 154 0014 2268     		ldr	r2, [r4]
 155 0016 154B     		ldr	r3, .L8+4
 156 0018 1340     		ands	r3, r2
 157 001a 2360     		str	r3, [r4]
 221:Generated_Source\PSoC4/cyfitter_cfg.c **** 	/* CYDEV_CLK_ILO_CONFIG Starting address: CYDEV_CLK_ILO_CONFIG */
 222:Generated_Source\PSoC4/cyfitter_cfg.c **** 	CY_SET_REG32((void *)(CYREG_CLK_ILO_CONFIG), 0x80000006u);
 158              		.loc 1 222 0
 159 001c 144A     		ldr	r2, .L8+8
 160 001e 154B     		ldr	r3, .L8+12
 161 0020 1A60     		str	r2, [r3]
 223:Generated_Source\PSoC4/cyfitter_cfg.c **** 
 224:Generated_Source\PSoC4/cyfitter_cfg.c **** 
 225:Generated_Source\PSoC4/cyfitter_cfg.c **** 	/* CYDEV_CLK_SELECT00 Starting address: CYDEV_CLK_SELECT00 */
 226:Generated_Source\PSoC4/cyfitter_cfg.c **** 	CY_SET_REG32((void *)(CYREG_CLK_SELECT03), 0x00000010u);
 162              		.loc 1 226 0
 163 0022 1022     		movs	r2, #16
 164 0024 144B     		ldr	r3, .L8+16
 165 0026 1A60     		str	r2, [r3]
 227:Generated_Source\PSoC4/cyfitter_cfg.c **** 	CY_SET_REG32((void *)(CYREG_CLK_SELECT08), 0x00000013u);
 166              		.loc 1 227 0
ARM GAS  C:\Users\MIHAILO\AppData\Local\Temp\ccVIxsmR.s 			page 8


 167 0028 1323     		movs	r3, #19
 168 002a 144A     		ldr	r2, .L8+20
 169 002c 1360     		str	r3, [r2]
 228:Generated_Source\PSoC4/cyfitter_cfg.c **** 	CY_SET_REG32((void *)(CYREG_CLK_SELECT09), 0x00000013u);
 170              		.loc 1 228 0
 171 002e 144A     		ldr	r2, .L8+24
 172 0030 1360     		str	r3, [r2]
 229:Generated_Source\PSoC4/cyfitter_cfg.c **** 	CY_SET_REG32((void *)(CYREG_CLK_SELECT10), 0x00000013u);
 173              		.loc 1 229 0
 174 0032 144A     		ldr	r2, .L8+28
 175 0034 1360     		str	r3, [r2]
 230:Generated_Source\PSoC4/cyfitter_cfg.c **** 	CY_SET_REG32((void *)(CYREG_CLK_SELECT11), 0x00000013u);
 176              		.loc 1 230 0
 177 0036 144A     		ldr	r2, .L8+32
 178 0038 1360     		str	r3, [r2]
 231:Generated_Source\PSoC4/cyfitter_cfg.c **** 
 232:Generated_Source\PSoC4/cyfitter_cfg.c **** 	/* CYDEV_CLK_IMO_CONFIG Starting address: CYDEV_CLK_IMO_CONFIG */
 233:Generated_Source\PSoC4/cyfitter_cfg.c **** 	CY_SET_REG32((void *)(CYREG_CLK_IMO_CONFIG), 0x80000000u);
 179              		.loc 1 233 0
 180 003a 8022     		movs	r2, #128
 181 003c 1206     		lsls	r2, r2, #24
 182 003e 134B     		ldr	r3, .L8+36
 183 0040 1A60     		str	r2, [r3]
 234:Generated_Source\PSoC4/cyfitter_cfg.c **** 
 235:Generated_Source\PSoC4/cyfitter_cfg.c **** 	/* CYDEV_CLK_SELECT Starting address: CYDEV_CLK_SELECT */
 236:Generated_Source\PSoC4/cyfitter_cfg.c **** 	CY_SET_REG32((void *)(CYREG_CLK_SELECT), 0x00000000u);
 184              		.loc 1 236 0
 185 0042 0025     		movs	r5, #0
 186 0044 2560     		str	r5, [r4]
 237:Generated_Source\PSoC4/cyfitter_cfg.c **** 
 238:Generated_Source\PSoC4/cyfitter_cfg.c **** 	/* CYDEV_CLK_DIVIDER_A00 Starting address: CYDEV_CLK_DIVIDER_A00 */
 239:Generated_Source\PSoC4/cyfitter_cfg.c **** 	CY_SET_REG32((void *)(CYREG_CLK_DIVIDER_A00), 0x8000000Eu);
 187              		.loc 1 239 0
 188 0046 124A     		ldr	r2, .L8+40
 189 0048 124B     		ldr	r3, .L8+44
 190 004a 1A60     		str	r2, [r3]
 240:Generated_Source\PSoC4/cyfitter_cfg.c **** 
 241:Generated_Source\PSoC4/cyfitter_cfg.c **** 	/* CYDEV_CLK_DIVIDER_FRAC_A00 Starting address: CYDEV_CLK_DIVIDER_FRAC_A00 */
 242:Generated_Source\PSoC4/cyfitter_cfg.c **** 	CY_SET_REG32((void *)(CYREG_CLK_DIVIDER_FRAC_A00), 0x8004005Du);
 191              		.loc 1 242 0
 192 004c 124A     		ldr	r2, .L8+48
 193 004e 134B     		ldr	r3, .L8+52
 194 0050 1A60     		str	r2, [r3]
 243:Generated_Source\PSoC4/cyfitter_cfg.c **** 
 244:Generated_Source\PSoC4/cyfitter_cfg.c **** 	(void)CyIntSetVector(9u, &CySysWdtIsr);
 195              		.loc 1 244 0
 196 0052 1349     		ldr	r1, .L8+56
 197 0054 0920     		movs	r0, #9
 198 0056 FFF7FEFF 		bl	CyIntSetVector
 199              	.LVL16:
 245:Generated_Source\PSoC4/cyfitter_cfg.c **** 	CyIntEnable(9u);
 200              		.loc 1 245 0
 201 005a 0920     		movs	r0, #9
 202 005c FFF7FEFF 		bl	CyIntEnable
 203              	.LVL17:
 246:Generated_Source\PSoC4/cyfitter_cfg.c **** 	CY_SET_REG32((void *)(CYREG_WDT_CONFIG), 0x00000000u);
 204              		.loc 1 246 0
ARM GAS  C:\Users\MIHAILO\AppData\Local\Temp\ccVIxsmR.s 			page 9


 205 0060 104B     		ldr	r3, .L8+60
 206 0062 1D60     		str	r5, [r3]
 247:Generated_Source\PSoC4/cyfitter_cfg.c **** }
 207              		.loc 1 247 0
 208              		@ sp needed
 209 0064 70BD     		pop	{r4, r5, r6, pc}
 210              	.L9:
 211 0066 C046     		.align	2
 212              	.L8:
 213 0068 00010B40 		.word	1074462976
 214 006c FFFFFBFF 		.word	-262145
 215 0070 06000080 		.word	-2147483642
 216 0074 04010B40 		.word	1074462980
 217 0078 0C020240 		.word	1073873420
 218 007c 20020240 		.word	1073873440
 219 0080 24020240 		.word	1073873444
 220 0084 28020240 		.word	1073873448
 221 0088 2C020240 		.word	1073873452
 222 008c 08010B40 		.word	1074462984
 223 0090 0E000080 		.word	-2147483634
 224 0094 00000240 		.word	1073872896
 225 0098 5D000480 		.word	-2147221411
 226 009c 00010240 		.word	1073873152
 227 00a0 00000000 		.word	CySysWdtIsr
 228 00a4 0C020B40 		.word	1074463244
 229              		.cfi_endproc
 230              	.LFE4:
 231              		.size	ClockSetup, .-ClockSetup
 232              		.align	2
 233              		.global	cyfitter_cfg
 234              		.code	16
 235              		.thumb_func
 236              		.type	cyfitter_cfg, %function
 237              	cyfitter_cfg:
 238              	.LFB6:
 248:Generated_Source\PSoC4/cyfitter_cfg.c **** 
 249:Generated_Source\PSoC4/cyfitter_cfg.c **** 
 250:Generated_Source\PSoC4/cyfitter_cfg.c **** /* Analog API Functions */
 251:Generated_Source\PSoC4/cyfitter_cfg.c **** 
 252:Generated_Source\PSoC4/cyfitter_cfg.c **** 
 253:Generated_Source\PSoC4/cyfitter_cfg.c **** /*******************************************************************************
 254:Generated_Source\PSoC4/cyfitter_cfg.c **** * Function Name: AnalogSetDefault
 255:Generated_Source\PSoC4/cyfitter_cfg.c **** ********************************************************************************
 256:Generated_Source\PSoC4/cyfitter_cfg.c **** *
 257:Generated_Source\PSoC4/cyfitter_cfg.c **** * Summary:
 258:Generated_Source\PSoC4/cyfitter_cfg.c **** *  Sets up the analog portions of the chip to default values based on chip
 259:Generated_Source\PSoC4/cyfitter_cfg.c **** *  configuration options from the project.
 260:Generated_Source\PSoC4/cyfitter_cfg.c **** *
 261:Generated_Source\PSoC4/cyfitter_cfg.c **** * Parameters:
 262:Generated_Source\PSoC4/cyfitter_cfg.c **** *  void
 263:Generated_Source\PSoC4/cyfitter_cfg.c **** *
 264:Generated_Source\PSoC4/cyfitter_cfg.c **** * Return:
 265:Generated_Source\PSoC4/cyfitter_cfg.c **** *  void
 266:Generated_Source\PSoC4/cyfitter_cfg.c **** *
 267:Generated_Source\PSoC4/cyfitter_cfg.c **** *******************************************************************************/
 268:Generated_Source\PSoC4/cyfitter_cfg.c **** static void AnalogSetDefault(void);
 269:Generated_Source\PSoC4/cyfitter_cfg.c **** static void AnalogSetDefault(void)
ARM GAS  C:\Users\MIHAILO\AppData\Local\Temp\ccVIxsmR.s 			page 10


 270:Generated_Source\PSoC4/cyfitter_cfg.c **** {
 271:Generated_Source\PSoC4/cyfitter_cfg.c **** }
 272:Generated_Source\PSoC4/cyfitter_cfg.c **** 
 273:Generated_Source\PSoC4/cyfitter_cfg.c **** 
 274:Generated_Source\PSoC4/cyfitter_cfg.c **** 
 275:Generated_Source\PSoC4/cyfitter_cfg.c **** 
 276:Generated_Source\PSoC4/cyfitter_cfg.c **** /*******************************************************************************
 277:Generated_Source\PSoC4/cyfitter_cfg.c **** * Function Name: cyfitter_cfg
 278:Generated_Source\PSoC4/cyfitter_cfg.c **** ********************************************************************************
 279:Generated_Source\PSoC4/cyfitter_cfg.c **** * Summary:
 280:Generated_Source\PSoC4/cyfitter_cfg.c **** *  This function is called by the start-up code for the selected device. It
 281:Generated_Source\PSoC4/cyfitter_cfg.c **** *  performs all of the necessary device configuration based on the design
 282:Generated_Source\PSoC4/cyfitter_cfg.c **** *  settings.  This includes settings from the Design Wide Resources (DWR) such
 283:Generated_Source\PSoC4/cyfitter_cfg.c **** *  as Clocks and Pins as well as any component configuration that is necessary.
 284:Generated_Source\PSoC4/cyfitter_cfg.c **** *
 285:Generated_Source\PSoC4/cyfitter_cfg.c **** * Parameters:
 286:Generated_Source\PSoC4/cyfitter_cfg.c **** *   void
 287:Generated_Source\PSoC4/cyfitter_cfg.c **** *
 288:Generated_Source\PSoC4/cyfitter_cfg.c **** * Return:
 289:Generated_Source\PSoC4/cyfitter_cfg.c **** *   void
 290:Generated_Source\PSoC4/cyfitter_cfg.c **** *
 291:Generated_Source\PSoC4/cyfitter_cfg.c **** *******************************************************************************/
 292:Generated_Source\PSoC4/cyfitter_cfg.c **** CY_CFG_SECTION
 293:Generated_Source\PSoC4/cyfitter_cfg.c **** void cyfitter_cfg(void)
 294:Generated_Source\PSoC4/cyfitter_cfg.c **** {
 239              		.loc 1 294 0
 240              		.cfi_startproc
 241              		@ args = 0, pretend = 0, frame = 0
 242              		@ frame_needed = 0, uses_anonymous_args = 0
 243 00a8 10B5     		push	{r4, lr}
 244              		.cfi_def_cfa_offset 8
 245              		.cfi_offset 4, -8
 246              		.cfi_offset 14, -4
 295:Generated_Source\PSoC4/cyfitter_cfg.c **** 	/* Disable interrupts by default. Let user enable if/when they want. */
 296:Generated_Source\PSoC4/cyfitter_cfg.c **** 	CyGlobalIntDisable;
 247              		.loc 1 296 0
 248              		.syntax divided
 249              	@ 296 "Generated_Source\PSoC4\cyfitter_cfg.c" 1
 250 00aa 72B6     		CPSID   i
 251              	@ 0 "" 2
 252              	.LVL18:
 253              		.thumb
 254              		.syntax unified
 255              	.LBB3:
 297:Generated_Source\PSoC4/cyfitter_cfg.c **** 
 298:Generated_Source\PSoC4/cyfitter_cfg.c **** 	{
 299:Generated_Source\PSoC4/cyfitter_cfg.c **** 		static const uint32 CYCODE cy_cfg_addr_table[] = {
 300:Generated_Source\PSoC4/cyfitter_cfg.c **** 			0x400F3302u, /* Base address: 0x400F3300 Count: 2 */
 301:Generated_Source\PSoC4/cyfitter_cfg.c **** 			0x400F4004u, /* Base address: 0x400F4000 Count: 4 */
 302:Generated_Source\PSoC4/cyfitter_cfg.c **** 			0x400F4107u, /* Base address: 0x400F4100 Count: 7 */
 303:Generated_Source\PSoC4/cyfitter_cfg.c **** 			0x400F4307u, /* Base address: 0x400F4300 Count: 7 */
 304:Generated_Source\PSoC4/cyfitter_cfg.c **** 		};
 305:Generated_Source\PSoC4/cyfitter_cfg.c **** 
 306:Generated_Source\PSoC4/cyfitter_cfg.c **** 		static const cy_cfg_addrvalue_t CYCODE cy_cfg_data_table[] = {
 307:Generated_Source\PSoC4/cyfitter_cfg.c **** 			{0xE2u, 0x80u},
 308:Generated_Source\PSoC4/cyfitter_cfg.c **** 			{0xE6u, 0x30u},
 309:Generated_Source\PSoC4/cyfitter_cfg.c **** 			{0x56u, 0x80u},
ARM GAS  C:\Users\MIHAILO\AppData\Local\Temp\ccVIxsmR.s 			page 11


 310:Generated_Source\PSoC4/cyfitter_cfg.c **** 			{0x5Bu, 0x01u},
 311:Generated_Source\PSoC4/cyfitter_cfg.c **** 			{0xD4u, 0x40u},
 312:Generated_Source\PSoC4/cyfitter_cfg.c **** 			{0xD6u, 0x40u},
 313:Generated_Source\PSoC4/cyfitter_cfg.c **** 			{0x5Eu, 0x20u},
 314:Generated_Source\PSoC4/cyfitter_cfg.c **** 			{0x8Au, 0x10u},
 315:Generated_Source\PSoC4/cyfitter_cfg.c **** 			{0x8Bu, 0x01u},
 316:Generated_Source\PSoC4/cyfitter_cfg.c **** 			{0x8Eu, 0x80u},
 317:Generated_Source\PSoC4/cyfitter_cfg.c **** 			{0x9Eu, 0x80u},
 318:Generated_Source\PSoC4/cyfitter_cfg.c **** 			{0x9Fu, 0x01u},
 319:Generated_Source\PSoC4/cyfitter_cfg.c **** 			{0xD6u, 0x20u},
 320:Generated_Source\PSoC4/cyfitter_cfg.c **** 			{0x20u, 0x82u},
 321:Generated_Source\PSoC4/cyfitter_cfg.c **** 			{0x25u, 0x10u},
 322:Generated_Source\PSoC4/cyfitter_cfg.c **** 			{0x88u, 0x41u},
 323:Generated_Source\PSoC4/cyfitter_cfg.c **** 			{0x8Du, 0x10u},
 324:Generated_Source\PSoC4/cyfitter_cfg.c **** 			{0xC8u, 0x0Eu},
 325:Generated_Source\PSoC4/cyfitter_cfg.c **** 			{0xE2u, 0x01u},
 326:Generated_Source\PSoC4/cyfitter_cfg.c **** 			{0xE6u, 0x0Cu},
 327:Generated_Source\PSoC4/cyfitter_cfg.c **** 		};
 328:Generated_Source\PSoC4/cyfitter_cfg.c **** 
 329:Generated_Source\PSoC4/cyfitter_cfg.c **** 
 330:Generated_Source\PSoC4/cyfitter_cfg.c **** 
 331:Generated_Source\PSoC4/cyfitter_cfg.c **** 		CYPACKED typedef struct {
 332:Generated_Source\PSoC4/cyfitter_cfg.c **** 			void CYFAR *address;
 333:Generated_Source\PSoC4/cyfitter_cfg.c **** 			uint16 size;
 334:Generated_Source\PSoC4/cyfitter_cfg.c **** 		} CYPACKED_ATTR cfg_memset_t;
 335:Generated_Source\PSoC4/cyfitter_cfg.c **** 
 336:Generated_Source\PSoC4/cyfitter_cfg.c **** 		static const cfg_memset_t CYCODE cfg_memset_list[] = {
 337:Generated_Source\PSoC4/cyfitter_cfg.c **** 			/* address, size */
 338:Generated_Source\PSoC4/cyfitter_cfg.c **** 			{(void CYFAR *)(CYDEV_UDB_P0_U0_BASE), 1024u},
 339:Generated_Source\PSoC4/cyfitter_cfg.c **** 			{(void CYFAR *)(CYDEV_UDB_DSI0_BASE), 1024u},
 340:Generated_Source\PSoC4/cyfitter_cfg.c **** 		};
 341:Generated_Source\PSoC4/cyfitter_cfg.c **** 
 342:Generated_Source\PSoC4/cyfitter_cfg.c **** 		uint8 CYDATA i;
 343:Generated_Source\PSoC4/cyfitter_cfg.c **** 
 344:Generated_Source\PSoC4/cyfitter_cfg.c **** 		/* Zero out critical memory blocks before beginning configuration */
 345:Generated_Source\PSoC4/cyfitter_cfg.c **** 		for (i = 0u; i < (sizeof(cfg_memset_list)/sizeof(cfg_memset_list[0])); i++)
 256              		.loc 1 345 0
 257 00ac 0024     		movs	r4, #0
 258 00ae 0FE0     		b	.L11
 259              	.LVL19:
 260              	.L12:
 261              	.LBB4:
 346:Generated_Source\PSoC4/cyfitter_cfg.c **** 		{
 347:Generated_Source\PSoC4/cyfitter_cfg.c **** 			const cfg_memset_t CYCODE * CYDATA ms = &cfg_memset_list[i];
 348:Generated_Source\PSoC4/cyfitter_cfg.c **** 			CYMEMZERO(ms->address, (size_t)(uint32)(ms->size));
 262              		.loc 1 348 0 discriminator 3
 263 00b0 2548     		ldr	r0, .L13
 264 00b2 6200     		lsls	r2, r4, #1
 265 00b4 1319     		adds	r3, r2, r4
 266 00b6 5900     		lsls	r1, r3, #1
 267 00b8 0B00     		movs	r3, r1
 268 00ba 4118     		adds	r1, r0, r1
 269 00bc 8988     		ldrh	r1, [r1, #4]
 270 00be 1A5A     		ldrh	r2, [r3, r0]
 271 00c0 C318     		adds	r3, r0, r3
 272 00c2 5888     		ldrh	r0, [r3, #2]
 273 00c4 0004     		lsls	r0, r0, #16
ARM GAS  C:\Users\MIHAILO\AppData\Local\Temp\ccVIxsmR.s 			page 12


 274 00c6 1043     		orrs	r0, r2
 275 00c8 FFF7FEFF 		bl	CYMEMZERO
 276              	.LVL20:
 277              	.LBE4:
 345:Generated_Source\PSoC4/cyfitter_cfg.c **** 		{
 278              		.loc 1 345 0 discriminator 3
 279 00cc 0134     		adds	r4, r4, #1
 280              	.LVL21:
 281 00ce E4B2     		uxtb	r4, r4
 282              	.LVL22:
 283              	.L11:
 345:Generated_Source\PSoC4/cyfitter_cfg.c **** 		{
 284              		.loc 1 345 0 is_stmt 0 discriminator 1
 285 00d0 012C     		cmp	r4, #1
 286 00d2 EDD9     		bls	.L12
 349:Generated_Source\PSoC4/cyfitter_cfg.c **** 		}
 350:Generated_Source\PSoC4/cyfitter_cfg.c **** 
 351:Generated_Source\PSoC4/cyfitter_cfg.c **** 		cfg_write_bytes32(cy_cfg_addr_table, cy_cfg_data_table);
 287              		.loc 1 351 0 is_stmt 1
 288 00d4 1C48     		ldr	r0, .L13
 289 00d6 0100     		movs	r1, r0
 290 00d8 0C31     		adds	r1, r1, #12
 291 00da 3430     		adds	r0, r0, #52
 292 00dc FFF7FEFF 		bl	cfg_write_bytes32
 293              	.LVL23:
 352:Generated_Source\PSoC4/cyfitter_cfg.c **** 
 353:Generated_Source\PSoC4/cyfitter_cfg.c **** 		/* HSIOM Starting address: CYDEV_HSIOM_BASE */
 354:Generated_Source\PSoC4/cyfitter_cfg.c **** 		CY_SET_REG32((void *)(CYDEV_HSIOM_BASE), 0x00300003u);
 294              		.loc 1 354 0
 295 00e0 1A4A     		ldr	r2, .L13+4
 296 00e2 1B4B     		ldr	r3, .L13+8
 297 00e4 1A60     		str	r2, [r3]
 355:Generated_Source\PSoC4/cyfitter_cfg.c **** 		CY_SET_REG32((void *)(CYREG_HSIOM_PORT_SEL1), 0x00000003u);
 298              		.loc 1 355 0
 299 00e6 0322     		movs	r2, #3
 300 00e8 1A4B     		ldr	r3, .L13+12
 301 00ea 1A60     		str	r2, [r3]
 356:Generated_Source\PSoC4/cyfitter_cfg.c **** 		CY_SET_REG32((void *)(CYREG_HSIOM_PORT_SEL3), 0x8000EEEEu);
 302              		.loc 1 356 0
 303 00ec 1A4A     		ldr	r2, .L13+16
 304 00ee 1B4B     		ldr	r3, .L13+20
 305 00f0 1A60     		str	r2, [r3]
 357:Generated_Source\PSoC4/cyfitter_cfg.c **** 
 358:Generated_Source\PSoC4/cyfitter_cfg.c **** 		/* UDB_PA_0 Starting address: CYDEV_UDB_PA0_BASE */
 359:Generated_Source\PSoC4/cyfitter_cfg.c **** 		CY_SET_REG32((void *)(CYDEV_UDB_PA0_BASE), 0x00990000u);
 306              		.loc 1 359 0
 307 00f2 9923     		movs	r3, #153
 308 00f4 1B04     		lsls	r3, r3, #16
 309 00f6 1A4A     		ldr	r2, .L13+24
 310 00f8 1360     		str	r3, [r2]
 360:Generated_Source\PSoC4/cyfitter_cfg.c **** 		CY_SET_REG32((void *)(CYREG_UDB_PA0_CFG8), 0x51010000u);
 311              		.loc 1 360 0
 312 00fa 1A49     		ldr	r1, .L13+28
 313 00fc 1A4A     		ldr	r2, .L13+32
 314 00fe 1160     		str	r1, [r2]
 361:Generated_Source\PSoC4/cyfitter_cfg.c **** 
 362:Generated_Source\PSoC4/cyfitter_cfg.c **** 		/* UDB_PA_1 Starting address: CYDEV_UDB_PA1_BASE */
ARM GAS  C:\Users\MIHAILO\AppData\Local\Temp\ccVIxsmR.s 			page 13


 363:Generated_Source\PSoC4/cyfitter_cfg.c **** 		CY_SET_REG32((void *)(CYDEV_UDB_PA1_BASE), 0x00990000u);
 315              		.loc 1 363 0
 316 0100 1A4A     		ldr	r2, .L13+36
 317 0102 1360     		str	r3, [r2]
 364:Generated_Source\PSoC4/cyfitter_cfg.c **** 		CY_SET_REG32((void *)(CYREG_UDB_PA1_CFG8), 0x00030000u);
 318              		.loc 1 364 0
 319 0104 C021     		movs	r1, #192
 320 0106 8902     		lsls	r1, r1, #10
 321 0108 194A     		ldr	r2, .L13+40
 322 010a 1160     		str	r1, [r2]
 365:Generated_Source\PSoC4/cyfitter_cfg.c **** 
 366:Generated_Source\PSoC4/cyfitter_cfg.c **** 		/* UDB_PA_3 Starting address: CYDEV_UDB_PA3_BASE */
 367:Generated_Source\PSoC4/cyfitter_cfg.c **** 		CY_SET_REG32((void *)(CYDEV_UDB_PA3_BASE), 0x00990000u);
 323              		.loc 1 367 0
 324 010c 194A     		ldr	r2, .L13+44
 325 010e 1360     		str	r3, [r2]
 368:Generated_Source\PSoC4/cyfitter_cfg.c **** 
 369:Generated_Source\PSoC4/cyfitter_cfg.c **** 		/* Enable digital routing */
 370:Generated_Source\PSoC4/cyfitter_cfg.c **** 		CY_SET_XTND_REG8((void *)CYREG_UDB_UDBIF_BANK_CTL, (uint8)(CY_GET_XTND_REG8((void *)CYREG_UDB_UDB
 326              		.loc 1 370 0
 327 0110 194A     		ldr	r2, .L13+48
 328 0112 1178     		ldrb	r1, [r2]
 329 0114 0623     		movs	r3, #6
 330 0116 0B43     		orrs	r3, r1
 331 0118 DBB2     		uxtb	r3, r3
 332 011a 1370     		strb	r3, [r2]
 333              	.LBE3:
 371:Generated_Source\PSoC4/cyfitter_cfg.c **** 	}
 372:Generated_Source\PSoC4/cyfitter_cfg.c **** 
 373:Generated_Source\PSoC4/cyfitter_cfg.c **** 	/* Perform second pass device configuration. These items must be configured in specific order afte
 374:Generated_Source\PSoC4/cyfitter_cfg.c **** 	/* IOPINS0_0 Starting address: CYDEV_PRT0_BASE */
 375:Generated_Source\PSoC4/cyfitter_cfg.c **** 	CY_SET_REG32((void *)(CYDEV_PRT0_BASE), 0x00000021u);
 334              		.loc 1 375 0
 335 011c 2122     		movs	r2, #33
 336 011e 174B     		ldr	r3, .L13+52
 337 0120 1A60     		str	r2, [r3]
 376:Generated_Source\PSoC4/cyfitter_cfg.c **** 	CY_SET_REG32((void *)(CYREG_PRT0_PC), 0x00030006u);
 338              		.loc 1 376 0
 339 0122 174A     		ldr	r2, .L13+56
 340 0124 174B     		ldr	r3, .L13+60
 341 0126 1A60     		str	r2, [r3]
 377:Generated_Source\PSoC4/cyfitter_cfg.c **** 
 378:Generated_Source\PSoC4/cyfitter_cfg.c **** 	/* IOPINS0_1 Starting address: CYDEV_PRT1_BASE */
 379:Generated_Source\PSoC4/cyfitter_cfg.c **** 	CY_SET_REG32((void *)(CYDEV_PRT1_BASE), 0x00000001u);
 342              		.loc 1 379 0
 343 0128 0122     		movs	r2, #1
 344 012a 174B     		ldr	r3, .L13+64
 345 012c 1A60     		str	r2, [r3]
 380:Generated_Source\PSoC4/cyfitter_cfg.c **** 	CY_SET_REG32((void *)(CYREG_PRT1_PC), 0x00000006u);
 346              		.loc 1 380 0
 347 012e 174B     		ldr	r3, .L13+68
 348 0130 0532     		adds	r2, r2, #5
 349 0132 1A60     		str	r2, [r3]
 381:Generated_Source\PSoC4/cyfitter_cfg.c **** 
 382:Generated_Source\PSoC4/cyfitter_cfg.c **** 	/* IOPINS0_3 Starting address: CYDEV_PRT3_BASE */
 383:Generated_Source\PSoC4/cyfitter_cfg.c **** 	CY_SET_REG32((void *)(CYDEV_PRT3_BASE), 0x00000083u);
 350              		.loc 1 383 0
ARM GAS  C:\Users\MIHAILO\AppData\Local\Temp\ccVIxsmR.s 			page 14


 351 0134 7D32     		adds	r2, r2, #125
 352 0136 164B     		ldr	r3, .L13+72
 353 0138 1A60     		str	r2, [r3]
 384:Generated_Source\PSoC4/cyfitter_cfg.c **** 	CY_SET_REG32((void *)(CYREG_PRT3_PC), 0x00C00DA4u);
 354              		.loc 1 384 0
 355 013a 164A     		ldr	r2, .L13+76
 356 013c 164B     		ldr	r3, .L13+80
 357 013e 1A60     		str	r2, [r3]
 385:Generated_Source\PSoC4/cyfitter_cfg.c **** 
 386:Generated_Source\PSoC4/cyfitter_cfg.c **** 
 387:Generated_Source\PSoC4/cyfitter_cfg.c **** 	/* Setup clocks based on selections from Clock DWR */
 388:Generated_Source\PSoC4/cyfitter_cfg.c **** 	ClockSetup();
 358              		.loc 1 388 0
 359 0140 FFF75EFF 		bl	ClockSetup
 360              	.LVL24:
 389:Generated_Source\PSoC4/cyfitter_cfg.c **** 
 390:Generated_Source\PSoC4/cyfitter_cfg.c **** 	/* Perform basic analog initialization to defaults */
 391:Generated_Source\PSoC4/cyfitter_cfg.c **** 	AnalogSetDefault();
 392:Generated_Source\PSoC4/cyfitter_cfg.c **** 
 393:Generated_Source\PSoC4/cyfitter_cfg.c **** }
 361              		.loc 1 393 0
 362              		@ sp needed
 363              	.LVL25:
 364 0144 10BD     		pop	{r4, pc}
 365              	.L14:
 366 0146 C046     		.align	2
 367              	.L13:
 368 0148 00000000 		.word	.LANCHOR0
 369 014c 03003000 		.word	3145731
 370 0150 00000140 		.word	1073807360
 371 0154 04000140 		.word	1073807364
 372 0158 EEEE0080 		.word	-2147422482
 373 015c 0C000140 		.word	1073807372
 374 0160 00500F40 		.word	1074745344
 375 0164 00000151 		.word	1359020032
 376 0168 08500F40 		.word	1074745352
 377 016c 10500F40 		.word	1074745360
 378 0170 18500F40 		.word	1074745368
 379 0174 30500F40 		.word	1074745392
 380 0178 00700F40 		.word	1074753536
 381 017c 00000440 		.word	1074003968
 382 0180 06000300 		.word	196614
 383 0184 08000440 		.word	1074003976
 384 0188 00010440 		.word	1074004224
 385 018c 08010440 		.word	1074004232
 386 0190 00030440 		.word	1074004736
 387 0194 A40DC000 		.word	12586404
 388 0198 08030440 		.word	1074004744
 389              		.cfi_endproc
 390              	.LFE6:
 391              		.size	cyfitter_cfg, .-cyfitter_cfg
 392              		.section	.rodata
 393              		.align	2
 394              		.set	.LANCHOR0,. + 0
 395              		.type	cfg_memset_list.4870, %object
 396              		.size	cfg_memset_list.4870, 12
 397              	cfg_memset_list.4870:
ARM GAS  C:\Users\MIHAILO\AppData\Local\Temp\ccVIxsmR.s 			page 15


 398 0000 00300F40 		.word	1074737152
 399 0004 0004     		.short	1024
 400 0006 00400F40 		.4byte	1074741248
 401 000a 0004     		.short	1024
 402              		.type	cy_cfg_data_table.4865, %object
 403              		.size	cy_cfg_data_table.4865, 40
 404              	cy_cfg_data_table.4865:
 405 000c E2       		.byte	-30
 406 000d 80       		.byte	-128
 407 000e E6       		.byte	-26
 408 000f 30       		.byte	48
 409 0010 56       		.byte	86
 410 0011 80       		.byte	-128
 411 0012 5B       		.byte	91
 412 0013 01       		.byte	1
 413 0014 D4       		.byte	-44
 414 0015 40       		.byte	64
 415 0016 D6       		.byte	-42
 416 0017 40       		.byte	64
 417 0018 5E       		.byte	94
 418 0019 20       		.byte	32
 419 001a 8A       		.byte	-118
 420 001b 10       		.byte	16
 421 001c 8B       		.byte	-117
 422 001d 01       		.byte	1
 423 001e 8E       		.byte	-114
 424 001f 80       		.byte	-128
 425 0020 9E       		.byte	-98
 426 0021 80       		.byte	-128
 427 0022 9F       		.byte	-97
 428 0023 01       		.byte	1
 429 0024 D6       		.byte	-42
 430 0025 20       		.byte	32
 431 0026 20       		.byte	32
 432 0027 82       		.byte	-126
 433 0028 25       		.byte	37
 434 0029 10       		.byte	16
 435 002a 88       		.byte	-120
 436 002b 41       		.byte	65
 437 002c 8D       		.byte	-115
 438 002d 10       		.byte	16
 439 002e C8       		.byte	-56
 440 002f 0E       		.byte	14
 441 0030 E2       		.byte	-30
 442 0031 01       		.byte	1
 443 0032 E6       		.byte	-26
 444 0033 0C       		.byte	12
 445              		.type	cy_cfg_addr_table.4864, %object
 446              		.size	cy_cfg_addr_table.4864, 16
 447              	cy_cfg_addr_table.4864:
 448 0034 02330F40 		.word	1074737922
 449 0038 04400F40 		.word	1074741252
 450 003c 07410F40 		.word	1074741511
 451 0040 07430F40 		.word	1074742023
 452              		.text
 453              	.Letext0:
 454              		.file 2 "c:\\program files (x86)\\cypress\\psoc creator\\4.4\\psoc creator\\import\\gnu\\arm\\5.4.
ARM GAS  C:\Users\MIHAILO\AppData\Local\Temp\ccVIxsmR.s 			page 16


 455              		.file 3 "Generated_Source\\PSoC4\\cytypes.h"
 456              		.file 4 "Generated_Source\\PSoC4\\CyLib.h"
 457              		.section	.debug_info,"",%progbits
 458              	.Ldebug_info0:
 459 0000 9C030000 		.4byte	0x39c
 460 0004 0400     		.2byte	0x4
 461 0006 00000000 		.4byte	.Ldebug_abbrev0
 462 000a 04       		.byte	0x4
 463 000b 01       		.uleb128 0x1
 464 000c 6E010000 		.4byte	.LASF39
 465 0010 0C       		.byte	0xc
 466 0011 9B020000 		.4byte	.LASF40
 467 0015 5D000000 		.4byte	.LASF41
 468 0019 00000000 		.4byte	.Ldebug_ranges0+0
 469 001d 00000000 		.4byte	0
 470 0021 00000000 		.4byte	.Ldebug_line0
 471 0025 02       		.uleb128 0x2
 472 0026 04       		.byte	0x4
 473 0027 05       		.byte	0x5
 474 0028 696E7400 		.ascii	"int\000"
 475 002c 03       		.uleb128 0x3
 476 002d 06000000 		.4byte	.LASF12
 477 0031 02       		.byte	0x2
 478 0032 D8       		.byte	0xd8
 479 0033 37000000 		.4byte	0x37
 480 0037 04       		.uleb128 0x4
 481 0038 04       		.byte	0x4
 482 0039 07       		.byte	0x7
 483 003a 35010000 		.4byte	.LASF0
 484 003e 04       		.uleb128 0x4
 485 003f 08       		.byte	0x8
 486 0040 05       		.byte	0x5
 487 0041 2E020000 		.4byte	.LASF1
 488 0045 04       		.uleb128 0x4
 489 0046 08       		.byte	0x8
 490 0047 04       		.byte	0x4
 491 0048 83020000 		.4byte	.LASF2
 492 004c 04       		.uleb128 0x4
 493 004d 01       		.byte	0x1
 494 004e 06       		.byte	0x6
 495 004f 8F020000 		.4byte	.LASF3
 496 0053 04       		.uleb128 0x4
 497 0054 01       		.byte	0x1
 498 0055 08       		.byte	0x8
 499 0056 D7000000 		.4byte	.LASF4
 500 005a 04       		.uleb128 0x4
 501 005b 02       		.byte	0x2
 502 005c 05       		.byte	0x5
 503 005d 5B020000 		.4byte	.LASF5
 504 0061 04       		.uleb128 0x4
 505 0062 02       		.byte	0x2
 506 0063 07       		.byte	0x7
 507 0064 1B020000 		.4byte	.LASF6
 508 0068 04       		.uleb128 0x4
 509 0069 04       		.byte	0x4
 510 006a 05       		.byte	0x5
 511 006b 7A020000 		.4byte	.LASF7
ARM GAS  C:\Users\MIHAILO\AppData\Local\Temp\ccVIxsmR.s 			page 17


 512 006f 04       		.uleb128 0x4
 513 0070 04       		.byte	0x4
 514 0071 07       		.byte	0x7
 515 0072 B5000000 		.4byte	.LASF8
 516 0076 04       		.uleb128 0x4
 517 0077 08       		.byte	0x8
 518 0078 07       		.byte	0x7
 519 0079 57010000 		.4byte	.LASF9
 520 007d 04       		.uleb128 0x4
 521 007e 04       		.byte	0x4
 522 007f 07       		.byte	0x7
 523 0080 12020000 		.4byte	.LASF10
 524 0084 05       		.uleb128 0x5
 525 0085 04       		.byte	0x4
 526 0086 04       		.uleb128 0x4
 527 0087 01       		.byte	0x1
 528 0088 08       		.byte	0x8
 529 0089 3C020000 		.4byte	.LASF11
 530 008d 06       		.uleb128 0x6
 531 008e C7000000 		.4byte	.LASF13
 532 0092 03       		.byte	0x3
 533 0093 FB01     		.2byte	0x1fb
 534 0095 53000000 		.4byte	0x53
 535 0099 06       		.uleb128 0x6
 536 009a 1C010000 		.4byte	.LASF14
 537 009e 03       		.byte	0x3
 538 009f FC01     		.2byte	0x1fc
 539 00a1 61000000 		.4byte	0x61
 540 00a5 06       		.uleb128 0x6
 541 00a6 2E010000 		.4byte	.LASF15
 542 00aa 03       		.byte	0x3
 543 00ab FD01     		.2byte	0x1fd
 544 00ad 6F000000 		.4byte	0x6f
 545 00b1 04       		.uleb128 0x4
 546 00b2 04       		.byte	0x4
 547 00b3 04       		.byte	0x4
 548 00b4 57000000 		.4byte	.LASF16
 549 00b8 04       		.uleb128 0x4
 550 00b9 08       		.byte	0x8
 551 00ba 04       		.byte	0x4
 552 00bb EC000000 		.4byte	.LASF17
 553 00bf 06       		.uleb128 0x6
 554 00c0 B0000000 		.4byte	.LASF18
 555 00c4 03       		.byte	0x3
 556 00c5 A502     		.2byte	0x2a5
 557 00c7 CB000000 		.4byte	0xcb
 558 00cb 07       		.uleb128 0x7
 559 00cc 8D000000 		.4byte	0x8d
 560 00d0 06       		.uleb128 0x6
 561 00d1 00000000 		.4byte	.LASF19
 562 00d5 03       		.byte	0x3
 563 00d6 A702     		.2byte	0x2a7
 564 00d8 DC000000 		.4byte	0xdc
 565 00dc 07       		.uleb128 0x7
 566 00dd A5000000 		.4byte	0xa5
 567 00e1 08       		.uleb128 0x8
 568 00e2 02       		.byte	0x2
ARM GAS  C:\Users\MIHAILO\AppData\Local\Temp\ccVIxsmR.s 			page 18


 569 00e3 01       		.byte	0x1
 570 00e4 97       		.byte	0x97
 571 00e5 02010000 		.4byte	0x102
 572 00e9 09       		.uleb128 0x9
 573 00ea 54020000 		.4byte	.LASF20
 574 00ee 01       		.byte	0x1
 575 00ef 99       		.byte	0x99
 576 00f0 8D000000 		.4byte	0x8d
 577 00f4 00       		.byte	0
 578 00f5 09       		.uleb128 0x9
 579 00f6 1C000000 		.4byte	.LASF21
 580 00fa 01       		.byte	0x1
 581 00fb 9A       		.byte	0x9a
 582 00fc 8D000000 		.4byte	0x8d
 583 0100 01       		.byte	0x1
 584 0101 00       		.byte	0
 585 0102 03       		.uleb128 0x3
 586 0103 41020000 		.4byte	.LASF22
 587 0107 01       		.byte	0x1
 588 0108 9B       		.byte	0x9b
 589 0109 E1000000 		.4byte	0xe1
 590 010d 0A       		.uleb128 0xa
 591 010e F3000000 		.4byte	.LASF27
 592 0112 01       		.byte	0x1
 593 0113 AE       		.byte	0xae
 594 0114 00000000 		.4byte	.LFB3
 595 0118 32000000 		.4byte	.LFE3-.LFB3
 596 011c 01       		.uleb128 0x1
 597 011d 9C       		.byte	0x9c
 598 011e 7F010000 		.4byte	0x17f
 599 0122 0B       		.uleb128 0xb
 600 0123 11010000 		.4byte	.LASF23
 601 0127 01       		.byte	0x1
 602 0128 AE       		.byte	0xae
 603 0129 7F010000 		.4byte	0x17f
 604 012d 01       		.uleb128 0x1
 605 012e 50       		.byte	0x50
 606 012f 0B       		.uleb128 0xb
 607 0130 23010000 		.4byte	.LASF24
 608 0134 01       		.byte	0x1
 609 0135 AE       		.byte	0xae
 610 0136 8A010000 		.4byte	0x18a
 611 013a 01       		.uleb128 0x1
 612 013b 51       		.byte	0x51
 613 013c 0C       		.uleb128 0xc
 614 013d 6900     		.ascii	"i\000"
 615 013f 01       		.byte	0x1
 616 0140 B1       		.byte	0xb1
 617 0141 A5000000 		.4byte	0xa5
 618 0145 00000000 		.4byte	.LLST0
 619 0149 0C       		.uleb128 0xc
 620 014a 6A00     		.ascii	"j\000"
 621 014c 01       		.byte	0x1
 622 014d B1       		.byte	0xb1
 623 014e A5000000 		.4byte	0xa5
 624 0152 1F000000 		.4byte	.LLST1
 625 0156 0D       		.uleb128 0xd
ARM GAS  C:\Users\MIHAILO\AppData\Local\Temp\ccVIxsmR.s 			page 19


 626 0157 08000000 		.4byte	.LBB2
 627 015b 22000000 		.4byte	.LBE2-.LBB2
 628 015f 0E       		.uleb128 0xe
 629 0160 09020000 		.4byte	.LASF25
 630 0164 01       		.byte	0x1
 631 0165 B4       		.byte	0xb4
 632 0166 A5000000 		.4byte	0xa5
 633 016a 3E000000 		.4byte	.LLST2
 634 016e 0E       		.uleb128 0xe
 635 016f 22000000 		.4byte	.LASF26
 636 0173 01       		.byte	0x1
 637 0174 B5       		.byte	0xb5
 638 0175 8D000000 		.4byte	0x8d
 639 0179 51000000 		.4byte	.LLST3
 640 017d 00       		.byte	0
 641 017e 00       		.byte	0
 642 017f 0F       		.uleb128 0xf
 643 0180 04       		.byte	0x4
 644 0181 85010000 		.4byte	0x185
 645 0185 10       		.uleb128 0x10
 646 0186 A5000000 		.4byte	0xa5
 647 018a 0F       		.uleb128 0xf
 648 018b 04       		.byte	0x4
 649 018c 90010000 		.4byte	0x190
 650 0190 10       		.uleb128 0x10
 651 0191 02010000 		.4byte	0x102
 652 0195 0A       		.uleb128 0xa
 653 0196 CD000000 		.4byte	.LASF28
 654 019a 01       		.byte	0x1
 655 019b 4C       		.byte	0x4c
 656 019c 00000000 		.4byte	.LFB0
 657 01a0 0C000000 		.4byte	.LFE0-.LFB0
 658 01a4 01       		.uleb128 0x1
 659 01a5 9C       		.byte	0x9c
 660 01a6 E2010000 		.4byte	0x1e2
 661 01aa 11       		.uleb128 0x11
 662 01ab 7300     		.ascii	"s\000"
 663 01ad 01       		.byte	0x1
 664 01ae 4C       		.byte	0x4c
 665 01af 84000000 		.4byte	0x84
 666 01b3 6F000000 		.4byte	.LLST4
 667 01b7 11       		.uleb128 0x11
 668 01b8 6E00     		.ascii	"n\000"
 669 01ba 01       		.byte	0x1
 670 01bb 4C       		.byte	0x4c
 671 01bc 2C000000 		.4byte	0x2c
 672 01c0 90000000 		.4byte	.LLST5
 673 01c4 12       		.uleb128 0x12
 674 01c5 0A000000 		.4byte	.LVL14
 675 01c9 75030000 		.4byte	0x375
 676 01cd 13       		.uleb128 0x13
 677 01ce 01       		.uleb128 0x1
 678 01cf 50       		.byte	0x50
 679 01d0 03       		.uleb128 0x3
 680 01d1 F3       		.byte	0xf3
 681 01d2 01       		.uleb128 0x1
 682 01d3 50       		.byte	0x50
ARM GAS  C:\Users\MIHAILO\AppData\Local\Temp\ccVIxsmR.s 			page 20


 683 01d4 13       		.uleb128 0x13
 684 01d5 01       		.uleb128 0x1
 685 01d6 51       		.byte	0x51
 686 01d7 01       		.uleb128 0x1
 687 01d8 30       		.byte	0x30
 688 01d9 13       		.uleb128 0x13
 689 01da 01       		.uleb128 0x1
 690 01db 52       		.byte	0x52
 691 01dc 03       		.uleb128 0x3
 692 01dd F3       		.byte	0xf3
 693 01de 01       		.uleb128 0x1
 694 01df 51       		.byte	0x51
 695 01e0 00       		.byte	0
 696 01e1 00       		.byte	0
 697 01e2 0A       		.uleb128 0xa
 698 01e3 28000000 		.4byte	.LASF29
 699 01e7 01       		.byte	0x1
 700 01e8 D3       		.byte	0xd3
 701 01e9 00000000 		.4byte	.LFB4
 702 01ed A8000000 		.4byte	.LFE4-.LFB4
 703 01f1 01       		.uleb128 0x1
 704 01f2 9C       		.byte	0x9c
 705 01f3 2D020000 		.4byte	0x22d
 706 01f7 14       		.uleb128 0x14
 707 01f8 14000000 		.4byte	.LVL15
 708 01fc 7E030000 		.4byte	0x37e
 709 0200 0A020000 		.4byte	0x20a
 710 0204 13       		.uleb128 0x13
 711 0205 01       		.uleb128 0x1
 712 0206 50       		.byte	0x50
 713 0207 01       		.uleb128 0x1
 714 0208 48       		.byte	0x48
 715 0209 00       		.byte	0
 716 020a 14       		.uleb128 0x14
 717 020b 5A000000 		.4byte	.LVL16
 718 020f 89030000 		.4byte	0x389
 719 0213 1D020000 		.4byte	0x21d
 720 0217 13       		.uleb128 0x13
 721 0218 01       		.uleb128 0x1
 722 0219 50       		.byte	0x50
 723 021a 01       		.uleb128 0x1
 724 021b 39       		.byte	0x39
 725 021c 00       		.byte	0
 726 021d 12       		.uleb128 0x12
 727 021e 60000000 		.4byte	.LVL17
 728 0222 94030000 		.4byte	0x394
 729 0226 13       		.uleb128 0x13
 730 0227 01       		.uleb128 0x1
 731 0228 50       		.byte	0x50
 732 0229 01       		.uleb128 0x1
 733 022a 39       		.byte	0x39
 734 022b 00       		.byte	0
 735 022c 00       		.byte	0
 736 022d 15       		.uleb128 0x15
 737 022e 42010000 		.4byte	.LASF42
 738 0232 01       		.byte	0x1
 739 0233 2501     		.2byte	0x125
ARM GAS  C:\Users\MIHAILO\AppData\Local\Temp\ccVIxsmR.s 			page 21


 740 0235 A8000000 		.4byte	.LFB6
 741 0239 F4000000 		.4byte	.LFE6-.LFB6
 742 023d 01       		.uleb128 0x1
 743 023e 9C       		.byte	0x9c
 744 023f 4B030000 		.4byte	0x34b
 745 0243 16       		.uleb128 0x16
 746 0244 AC000000 		.4byte	.LBB3
 747 0248 70000000 		.4byte	.LBE3-.LBB3
 748 024c 41030000 		.4byte	0x341
 749 0250 17       		.uleb128 0x17
 750 0251 33000000 		.4byte	.LASF30
 751 0255 01       		.byte	0x1
 752 0256 2B01     		.2byte	0x12b
 753 0258 5B030000 		.4byte	0x35b
 754 025c 05       		.uleb128 0x5
 755 025d 03       		.byte	0x3
 756 025e 34000000 		.4byte	cy_cfg_addr_table.4864
 757 0262 17       		.uleb128 0x17
 758 0263 45000000 		.4byte	.LASF31
 759 0267 01       		.byte	0x1
 760 0268 3201     		.2byte	0x132
 761 026a 70030000 		.4byte	0x370
 762 026e 05       		.uleb128 0x5
 763 026f 03       		.byte	0x3
 764 0270 0C000000 		.4byte	cy_cfg_data_table.4865
 765 0274 18       		.uleb128 0x18
 766 0275 06       		.byte	0x6
 767 0276 01       		.byte	0x1
 768 0277 4B01     		.2byte	0x14b
 769 0279 98020000 		.4byte	0x298
 770 027d 19       		.uleb128 0x19
 771 027e 4F010000 		.4byte	.LASF32
 772 0282 01       		.byte	0x1
 773 0283 4C01     		.2byte	0x14c
 774 0285 84000000 		.4byte	0x84
 775 0289 00       		.byte	0
 776 028a 19       		.uleb128 0x19
 777 028b AB000000 		.4byte	.LASF33
 778 028f 01       		.byte	0x1
 779 0290 4D01     		.2byte	0x14d
 780 0292 99000000 		.4byte	0x99
 781 0296 04       		.byte	0x4
 782 0297 00       		.byte	0
 783 0298 06       		.uleb128 0x6
 784 0299 FC010000 		.4byte	.LASF34
 785 029d 01       		.byte	0x1
 786 029e 4E01     		.2byte	0x14e
 787 02a0 74020000 		.4byte	0x274
 788 02a4 1A       		.uleb128 0x1a
 789 02a5 B4020000 		.4byte	0x2b4
 790 02a9 B4020000 		.4byte	0x2b4
 791 02ad 1B       		.uleb128 0x1b
 792 02ae 7D000000 		.4byte	0x7d
 793 02b2 01       		.byte	0x1
 794 02b3 00       		.byte	0
 795 02b4 10       		.uleb128 0x10
 796 02b5 98020000 		.4byte	0x298
ARM GAS  C:\Users\MIHAILO\AppData\Local\Temp\ccVIxsmR.s 			page 22


 797 02b9 17       		.uleb128 0x17
 798 02ba 9B000000 		.4byte	.LASF35
 799 02be 01       		.byte	0x1
 800 02bf 5001     		.2byte	0x150
 801 02c1 CB020000 		.4byte	0x2cb
 802 02c5 05       		.uleb128 0x5
 803 02c6 03       		.byte	0x3
 804 02c7 00000000 		.4byte	cfg_memset_list.4870
 805 02cb 10       		.uleb128 0x10
 806 02cc A4020000 		.4byte	0x2a4
 807 02d0 1C       		.uleb128 0x1c
 808 02d1 6900     		.ascii	"i\000"
 809 02d3 01       		.byte	0x1
 810 02d4 5601     		.2byte	0x156
 811 02d6 8D000000 		.4byte	0x8d
 812 02da BC000000 		.4byte	.LLST6
 813 02de 16       		.uleb128 0x16
 814 02df B0000000 		.4byte	.LBB4
 815 02e3 1C000000 		.4byte	.LBE4-.LBB4
 816 02e7 24030000 		.4byte	0x324
 817 02eb 1C       		.uleb128 0x1c
 818 02ec 6D7300   		.ascii	"ms\000"
 819 02ef 01       		.byte	0x1
 820 02f0 5B01     		.2byte	0x15b
 821 02f2 FA020000 		.4byte	0x2fa
 822 02f6 E6000000 		.4byte	.LLST7
 823 02fa 0F       		.uleb128 0xf
 824 02fb 04       		.byte	0x4
 825 02fc B4020000 		.4byte	0x2b4
 826 0300 12       		.uleb128 0x12
 827 0301 CC000000 		.4byte	.LVL20
 828 0305 95010000 		.4byte	0x195
 829 0309 13       		.uleb128 0x13
 830 030a 01       		.uleb128 0x1
 831 030b 51       		.byte	0x51
 832 030c 15       		.uleb128 0x15
 833 030d 74       		.byte	0x74
 834 030e 00       		.sleb128 0
 835 030f 31       		.byte	0x31
 836 0310 24       		.byte	0x24
 837 0311 74       		.byte	0x74
 838 0312 00       		.sleb128 0
 839 0313 22       		.byte	0x22
 840 0314 31       		.byte	0x31
 841 0315 24       		.byte	0x24
 842 0316 03       		.byte	0x3
 843 0317 04000000 		.4byte	.LANCHOR0+4
 844 031b 22       		.byte	0x22
 845 031c 94       		.byte	0x94
 846 031d 02       		.byte	0x2
 847 031e 0A       		.byte	0xa
 848 031f FFFF     		.2byte	0xffff
 849 0321 1A       		.byte	0x1a
 850 0322 00       		.byte	0
 851 0323 00       		.byte	0
 852 0324 12       		.uleb128 0x12
 853 0325 E0000000 		.4byte	.LVL23
ARM GAS  C:\Users\MIHAILO\AppData\Local\Temp\ccVIxsmR.s 			page 23


 854 0329 0D010000 		.4byte	0x10d
 855 032d 13       		.uleb128 0x13
 856 032e 01       		.uleb128 0x1
 857 032f 50       		.byte	0x50
 858 0330 05       		.uleb128 0x5
 859 0331 03       		.byte	0x3
 860 0332 34000000 		.4byte	.LANCHOR0+52
 861 0336 13       		.uleb128 0x13
 862 0337 01       		.uleb128 0x1
 863 0338 51       		.byte	0x51
 864 0339 05       		.uleb128 0x5
 865 033a 03       		.byte	0x3
 866 033b 0C000000 		.4byte	.LANCHOR0+12
 867 033f 00       		.byte	0
 868 0340 00       		.byte	0
 869 0341 1D       		.uleb128 0x1d
 870 0342 44010000 		.4byte	.LVL24
 871 0346 E2010000 		.4byte	0x1e2
 872 034a 00       		.byte	0
 873 034b 1A       		.uleb128 0x1a
 874 034c 85010000 		.4byte	0x185
 875 0350 5B030000 		.4byte	0x35b
 876 0354 1B       		.uleb128 0x1b
 877 0355 7D000000 		.4byte	0x7d
 878 0359 03       		.byte	0x3
 879 035a 00       		.byte	0
 880 035b 10       		.uleb128 0x10
 881 035c 4B030000 		.4byte	0x34b
 882 0360 1A       		.uleb128 0x1a
 883 0361 90010000 		.4byte	0x190
 884 0365 70030000 		.4byte	0x370
 885 0369 1B       		.uleb128 0x1b
 886 036a 7D000000 		.4byte	0x7d
 887 036e 13       		.byte	0x13
 888 036f 00       		.byte	0
 889 0370 10       		.uleb128 0x10
 890 0371 60030000 		.4byte	0x360
 891 0375 1E       		.uleb128 0x1e
 892 0376 E5000000 		.4byte	.LASF43
 893 037a E5000000 		.4byte	.LASF43
 894 037e 1F       		.uleb128 0x1f
 895 037f 65020000 		.4byte	.LASF36
 896 0383 65020000 		.4byte	.LASF36
 897 0387 04       		.byte	0x4
 898 0388 6C       		.byte	0x6c
 899 0389 1F       		.uleb128 0x1f
 900 038a 0D000000 		.4byte	.LASF37
 901 038e 0D000000 		.4byte	.LASF37
 902 0392 04       		.byte	0x4
 903 0393 D0       		.byte	0xd0
 904 0394 1F       		.uleb128 0x1f
 905 0395 05010000 		.4byte	.LASF38
 906 0399 05010000 		.4byte	.LASF38
 907 039d 04       		.byte	0x4
 908 039e D6       		.byte	0xd6
 909 039f 00       		.byte	0
 910              		.section	.debug_abbrev,"",%progbits
ARM GAS  C:\Users\MIHAILO\AppData\Local\Temp\ccVIxsmR.s 			page 24


 911              	.Ldebug_abbrev0:
 912 0000 01       		.uleb128 0x1
 913 0001 11       		.uleb128 0x11
 914 0002 01       		.byte	0x1
 915 0003 25       		.uleb128 0x25
 916 0004 0E       		.uleb128 0xe
 917 0005 13       		.uleb128 0x13
 918 0006 0B       		.uleb128 0xb
 919 0007 03       		.uleb128 0x3
 920 0008 0E       		.uleb128 0xe
 921 0009 1B       		.uleb128 0x1b
 922 000a 0E       		.uleb128 0xe
 923 000b 55       		.uleb128 0x55
 924 000c 17       		.uleb128 0x17
 925 000d 11       		.uleb128 0x11
 926 000e 01       		.uleb128 0x1
 927 000f 10       		.uleb128 0x10
 928 0010 17       		.uleb128 0x17
 929 0011 00       		.byte	0
 930 0012 00       		.byte	0
 931 0013 02       		.uleb128 0x2
 932 0014 24       		.uleb128 0x24
 933 0015 00       		.byte	0
 934 0016 0B       		.uleb128 0xb
 935 0017 0B       		.uleb128 0xb
 936 0018 3E       		.uleb128 0x3e
 937 0019 0B       		.uleb128 0xb
 938 001a 03       		.uleb128 0x3
 939 001b 08       		.uleb128 0x8
 940 001c 00       		.byte	0
 941 001d 00       		.byte	0
 942 001e 03       		.uleb128 0x3
 943 001f 16       		.uleb128 0x16
 944 0020 00       		.byte	0
 945 0021 03       		.uleb128 0x3
 946 0022 0E       		.uleb128 0xe
 947 0023 3A       		.uleb128 0x3a
 948 0024 0B       		.uleb128 0xb
 949 0025 3B       		.uleb128 0x3b
 950 0026 0B       		.uleb128 0xb
 951 0027 49       		.uleb128 0x49
 952 0028 13       		.uleb128 0x13
 953 0029 00       		.byte	0
 954 002a 00       		.byte	0
 955 002b 04       		.uleb128 0x4
 956 002c 24       		.uleb128 0x24
 957 002d 00       		.byte	0
 958 002e 0B       		.uleb128 0xb
 959 002f 0B       		.uleb128 0xb
 960 0030 3E       		.uleb128 0x3e
 961 0031 0B       		.uleb128 0xb
 962 0032 03       		.uleb128 0x3
 963 0033 0E       		.uleb128 0xe
 964 0034 00       		.byte	0
 965 0035 00       		.byte	0
 966 0036 05       		.uleb128 0x5
 967 0037 0F       		.uleb128 0xf
ARM GAS  C:\Users\MIHAILO\AppData\Local\Temp\ccVIxsmR.s 			page 25


 968 0038 00       		.byte	0
 969 0039 0B       		.uleb128 0xb
 970 003a 0B       		.uleb128 0xb
 971 003b 00       		.byte	0
 972 003c 00       		.byte	0
 973 003d 06       		.uleb128 0x6
 974 003e 16       		.uleb128 0x16
 975 003f 00       		.byte	0
 976 0040 03       		.uleb128 0x3
 977 0041 0E       		.uleb128 0xe
 978 0042 3A       		.uleb128 0x3a
 979 0043 0B       		.uleb128 0xb
 980 0044 3B       		.uleb128 0x3b
 981 0045 05       		.uleb128 0x5
 982 0046 49       		.uleb128 0x49
 983 0047 13       		.uleb128 0x13
 984 0048 00       		.byte	0
 985 0049 00       		.byte	0
 986 004a 07       		.uleb128 0x7
 987 004b 35       		.uleb128 0x35
 988 004c 00       		.byte	0
 989 004d 49       		.uleb128 0x49
 990 004e 13       		.uleb128 0x13
 991 004f 00       		.byte	0
 992 0050 00       		.byte	0
 993 0051 08       		.uleb128 0x8
 994 0052 13       		.uleb128 0x13
 995 0053 01       		.byte	0x1
 996 0054 0B       		.uleb128 0xb
 997 0055 0B       		.uleb128 0xb
 998 0056 3A       		.uleb128 0x3a
 999 0057 0B       		.uleb128 0xb
 1000 0058 3B       		.uleb128 0x3b
 1001 0059 0B       		.uleb128 0xb
 1002 005a 01       		.uleb128 0x1
 1003 005b 13       		.uleb128 0x13
 1004 005c 00       		.byte	0
 1005 005d 00       		.byte	0
 1006 005e 09       		.uleb128 0x9
 1007 005f 0D       		.uleb128 0xd
 1008 0060 00       		.byte	0
 1009 0061 03       		.uleb128 0x3
 1010 0062 0E       		.uleb128 0xe
 1011 0063 3A       		.uleb128 0x3a
 1012 0064 0B       		.uleb128 0xb
 1013 0065 3B       		.uleb128 0x3b
 1014 0066 0B       		.uleb128 0xb
 1015 0067 49       		.uleb128 0x49
 1016 0068 13       		.uleb128 0x13
 1017 0069 38       		.uleb128 0x38
 1018 006a 0B       		.uleb128 0xb
 1019 006b 00       		.byte	0
 1020 006c 00       		.byte	0
 1021 006d 0A       		.uleb128 0xa
 1022 006e 2E       		.uleb128 0x2e
 1023 006f 01       		.byte	0x1
 1024 0070 03       		.uleb128 0x3
ARM GAS  C:\Users\MIHAILO\AppData\Local\Temp\ccVIxsmR.s 			page 26


 1025 0071 0E       		.uleb128 0xe
 1026 0072 3A       		.uleb128 0x3a
 1027 0073 0B       		.uleb128 0xb
 1028 0074 3B       		.uleb128 0x3b
 1029 0075 0B       		.uleb128 0xb
 1030 0076 27       		.uleb128 0x27
 1031 0077 19       		.uleb128 0x19
 1032 0078 11       		.uleb128 0x11
 1033 0079 01       		.uleb128 0x1
 1034 007a 12       		.uleb128 0x12
 1035 007b 06       		.uleb128 0x6
 1036 007c 40       		.uleb128 0x40
 1037 007d 18       		.uleb128 0x18
 1038 007e 9742     		.uleb128 0x2117
 1039 0080 19       		.uleb128 0x19
 1040 0081 01       		.uleb128 0x1
 1041 0082 13       		.uleb128 0x13
 1042 0083 00       		.byte	0
 1043 0084 00       		.byte	0
 1044 0085 0B       		.uleb128 0xb
 1045 0086 05       		.uleb128 0x5
 1046 0087 00       		.byte	0
 1047 0088 03       		.uleb128 0x3
 1048 0089 0E       		.uleb128 0xe
 1049 008a 3A       		.uleb128 0x3a
 1050 008b 0B       		.uleb128 0xb
 1051 008c 3B       		.uleb128 0x3b
 1052 008d 0B       		.uleb128 0xb
 1053 008e 49       		.uleb128 0x49
 1054 008f 13       		.uleb128 0x13
 1055 0090 02       		.uleb128 0x2
 1056 0091 18       		.uleb128 0x18
 1057 0092 00       		.byte	0
 1058 0093 00       		.byte	0
 1059 0094 0C       		.uleb128 0xc
 1060 0095 34       		.uleb128 0x34
 1061 0096 00       		.byte	0
 1062 0097 03       		.uleb128 0x3
 1063 0098 08       		.uleb128 0x8
 1064 0099 3A       		.uleb128 0x3a
 1065 009a 0B       		.uleb128 0xb
 1066 009b 3B       		.uleb128 0x3b
 1067 009c 0B       		.uleb128 0xb
 1068 009d 49       		.uleb128 0x49
 1069 009e 13       		.uleb128 0x13
 1070 009f 02       		.uleb128 0x2
 1071 00a0 17       		.uleb128 0x17
 1072 00a1 00       		.byte	0
 1073 00a2 00       		.byte	0
 1074 00a3 0D       		.uleb128 0xd
 1075 00a4 0B       		.uleb128 0xb
 1076 00a5 01       		.byte	0x1
 1077 00a6 11       		.uleb128 0x11
 1078 00a7 01       		.uleb128 0x1
 1079 00a8 12       		.uleb128 0x12
 1080 00a9 06       		.uleb128 0x6
 1081 00aa 00       		.byte	0
ARM GAS  C:\Users\MIHAILO\AppData\Local\Temp\ccVIxsmR.s 			page 27


 1082 00ab 00       		.byte	0
 1083 00ac 0E       		.uleb128 0xe
 1084 00ad 34       		.uleb128 0x34
 1085 00ae 00       		.byte	0
 1086 00af 03       		.uleb128 0x3
 1087 00b0 0E       		.uleb128 0xe
 1088 00b1 3A       		.uleb128 0x3a
 1089 00b2 0B       		.uleb128 0xb
 1090 00b3 3B       		.uleb128 0x3b
 1091 00b4 0B       		.uleb128 0xb
 1092 00b5 49       		.uleb128 0x49
 1093 00b6 13       		.uleb128 0x13
 1094 00b7 02       		.uleb128 0x2
 1095 00b8 17       		.uleb128 0x17
 1096 00b9 00       		.byte	0
 1097 00ba 00       		.byte	0
 1098 00bb 0F       		.uleb128 0xf
 1099 00bc 0F       		.uleb128 0xf
 1100 00bd 00       		.byte	0
 1101 00be 0B       		.uleb128 0xb
 1102 00bf 0B       		.uleb128 0xb
 1103 00c0 49       		.uleb128 0x49
 1104 00c1 13       		.uleb128 0x13
 1105 00c2 00       		.byte	0
 1106 00c3 00       		.byte	0
 1107 00c4 10       		.uleb128 0x10
 1108 00c5 26       		.uleb128 0x26
 1109 00c6 00       		.byte	0
 1110 00c7 49       		.uleb128 0x49
 1111 00c8 13       		.uleb128 0x13
 1112 00c9 00       		.byte	0
 1113 00ca 00       		.byte	0
 1114 00cb 11       		.uleb128 0x11
 1115 00cc 05       		.uleb128 0x5
 1116 00cd 00       		.byte	0
 1117 00ce 03       		.uleb128 0x3
 1118 00cf 08       		.uleb128 0x8
 1119 00d0 3A       		.uleb128 0x3a
 1120 00d1 0B       		.uleb128 0xb
 1121 00d2 3B       		.uleb128 0x3b
 1122 00d3 0B       		.uleb128 0xb
 1123 00d4 49       		.uleb128 0x49
 1124 00d5 13       		.uleb128 0x13
 1125 00d6 02       		.uleb128 0x2
 1126 00d7 17       		.uleb128 0x17
 1127 00d8 00       		.byte	0
 1128 00d9 00       		.byte	0
 1129 00da 12       		.uleb128 0x12
 1130 00db 898201   		.uleb128 0x4109
 1131 00de 01       		.byte	0x1
 1132 00df 11       		.uleb128 0x11
 1133 00e0 01       		.uleb128 0x1
 1134 00e1 31       		.uleb128 0x31
 1135 00e2 13       		.uleb128 0x13
 1136 00e3 00       		.byte	0
 1137 00e4 00       		.byte	0
 1138 00e5 13       		.uleb128 0x13
ARM GAS  C:\Users\MIHAILO\AppData\Local\Temp\ccVIxsmR.s 			page 28


 1139 00e6 8A8201   		.uleb128 0x410a
 1140 00e9 00       		.byte	0
 1141 00ea 02       		.uleb128 0x2
 1142 00eb 18       		.uleb128 0x18
 1143 00ec 9142     		.uleb128 0x2111
 1144 00ee 18       		.uleb128 0x18
 1145 00ef 00       		.byte	0
 1146 00f0 00       		.byte	0
 1147 00f1 14       		.uleb128 0x14
 1148 00f2 898201   		.uleb128 0x4109
 1149 00f5 01       		.byte	0x1
 1150 00f6 11       		.uleb128 0x11
 1151 00f7 01       		.uleb128 0x1
 1152 00f8 31       		.uleb128 0x31
 1153 00f9 13       		.uleb128 0x13
 1154 00fa 01       		.uleb128 0x1
 1155 00fb 13       		.uleb128 0x13
 1156 00fc 00       		.byte	0
 1157 00fd 00       		.byte	0
 1158 00fe 15       		.uleb128 0x15
 1159 00ff 2E       		.uleb128 0x2e
 1160 0100 01       		.byte	0x1
 1161 0101 3F       		.uleb128 0x3f
 1162 0102 19       		.uleb128 0x19
 1163 0103 03       		.uleb128 0x3
 1164 0104 0E       		.uleb128 0xe
 1165 0105 3A       		.uleb128 0x3a
 1166 0106 0B       		.uleb128 0xb
 1167 0107 3B       		.uleb128 0x3b
 1168 0108 05       		.uleb128 0x5
 1169 0109 27       		.uleb128 0x27
 1170 010a 19       		.uleb128 0x19
 1171 010b 11       		.uleb128 0x11
 1172 010c 01       		.uleb128 0x1
 1173 010d 12       		.uleb128 0x12
 1174 010e 06       		.uleb128 0x6
 1175 010f 40       		.uleb128 0x40
 1176 0110 18       		.uleb128 0x18
 1177 0111 9742     		.uleb128 0x2117
 1178 0113 19       		.uleb128 0x19
 1179 0114 01       		.uleb128 0x1
 1180 0115 13       		.uleb128 0x13
 1181 0116 00       		.byte	0
 1182 0117 00       		.byte	0
 1183 0118 16       		.uleb128 0x16
 1184 0119 0B       		.uleb128 0xb
 1185 011a 01       		.byte	0x1
 1186 011b 11       		.uleb128 0x11
 1187 011c 01       		.uleb128 0x1
 1188 011d 12       		.uleb128 0x12
 1189 011e 06       		.uleb128 0x6
 1190 011f 01       		.uleb128 0x1
 1191 0120 13       		.uleb128 0x13
 1192 0121 00       		.byte	0
 1193 0122 00       		.byte	0
 1194 0123 17       		.uleb128 0x17
 1195 0124 34       		.uleb128 0x34
ARM GAS  C:\Users\MIHAILO\AppData\Local\Temp\ccVIxsmR.s 			page 29


 1196 0125 00       		.byte	0
 1197 0126 03       		.uleb128 0x3
 1198 0127 0E       		.uleb128 0xe
 1199 0128 3A       		.uleb128 0x3a
 1200 0129 0B       		.uleb128 0xb
 1201 012a 3B       		.uleb128 0x3b
 1202 012b 05       		.uleb128 0x5
 1203 012c 49       		.uleb128 0x49
 1204 012d 13       		.uleb128 0x13
 1205 012e 02       		.uleb128 0x2
 1206 012f 18       		.uleb128 0x18
 1207 0130 00       		.byte	0
 1208 0131 00       		.byte	0
 1209 0132 18       		.uleb128 0x18
 1210 0133 13       		.uleb128 0x13
 1211 0134 01       		.byte	0x1
 1212 0135 0B       		.uleb128 0xb
 1213 0136 0B       		.uleb128 0xb
 1214 0137 3A       		.uleb128 0x3a
 1215 0138 0B       		.uleb128 0xb
 1216 0139 3B       		.uleb128 0x3b
 1217 013a 05       		.uleb128 0x5
 1218 013b 01       		.uleb128 0x1
 1219 013c 13       		.uleb128 0x13
 1220 013d 00       		.byte	0
 1221 013e 00       		.byte	0
 1222 013f 19       		.uleb128 0x19
 1223 0140 0D       		.uleb128 0xd
 1224 0141 00       		.byte	0
 1225 0142 03       		.uleb128 0x3
 1226 0143 0E       		.uleb128 0xe
 1227 0144 3A       		.uleb128 0x3a
 1228 0145 0B       		.uleb128 0xb
 1229 0146 3B       		.uleb128 0x3b
 1230 0147 05       		.uleb128 0x5
 1231 0148 49       		.uleb128 0x49
 1232 0149 13       		.uleb128 0x13
 1233 014a 38       		.uleb128 0x38
 1234 014b 0B       		.uleb128 0xb
 1235 014c 00       		.byte	0
 1236 014d 00       		.byte	0
 1237 014e 1A       		.uleb128 0x1a
 1238 014f 01       		.uleb128 0x1
 1239 0150 01       		.byte	0x1
 1240 0151 49       		.uleb128 0x49
 1241 0152 13       		.uleb128 0x13
 1242 0153 01       		.uleb128 0x1
 1243 0154 13       		.uleb128 0x13
 1244 0155 00       		.byte	0
 1245 0156 00       		.byte	0
 1246 0157 1B       		.uleb128 0x1b
 1247 0158 21       		.uleb128 0x21
 1248 0159 00       		.byte	0
 1249 015a 49       		.uleb128 0x49
 1250 015b 13       		.uleb128 0x13
 1251 015c 2F       		.uleb128 0x2f
 1252 015d 0B       		.uleb128 0xb
ARM GAS  C:\Users\MIHAILO\AppData\Local\Temp\ccVIxsmR.s 			page 30


 1253 015e 00       		.byte	0
 1254 015f 00       		.byte	0
 1255 0160 1C       		.uleb128 0x1c
 1256 0161 34       		.uleb128 0x34
 1257 0162 00       		.byte	0
 1258 0163 03       		.uleb128 0x3
 1259 0164 08       		.uleb128 0x8
 1260 0165 3A       		.uleb128 0x3a
 1261 0166 0B       		.uleb128 0xb
 1262 0167 3B       		.uleb128 0x3b
 1263 0168 05       		.uleb128 0x5
 1264 0169 49       		.uleb128 0x49
 1265 016a 13       		.uleb128 0x13
 1266 016b 02       		.uleb128 0x2
 1267 016c 17       		.uleb128 0x17
 1268 016d 00       		.byte	0
 1269 016e 00       		.byte	0
 1270 016f 1D       		.uleb128 0x1d
 1271 0170 898201   		.uleb128 0x4109
 1272 0173 00       		.byte	0
 1273 0174 11       		.uleb128 0x11
 1274 0175 01       		.uleb128 0x1
 1275 0176 31       		.uleb128 0x31
 1276 0177 13       		.uleb128 0x13
 1277 0178 00       		.byte	0
 1278 0179 00       		.byte	0
 1279 017a 1E       		.uleb128 0x1e
 1280 017b 2E       		.uleb128 0x2e
 1281 017c 00       		.byte	0
 1282 017d 3F       		.uleb128 0x3f
 1283 017e 19       		.uleb128 0x19
 1284 017f 3C       		.uleb128 0x3c
 1285 0180 19       		.uleb128 0x19
 1286 0181 6E       		.uleb128 0x6e
 1287 0182 0E       		.uleb128 0xe
 1288 0183 03       		.uleb128 0x3
 1289 0184 0E       		.uleb128 0xe
 1290 0185 00       		.byte	0
 1291 0186 00       		.byte	0
 1292 0187 1F       		.uleb128 0x1f
 1293 0188 2E       		.uleb128 0x2e
 1294 0189 00       		.byte	0
 1295 018a 3F       		.uleb128 0x3f
 1296 018b 19       		.uleb128 0x19
 1297 018c 3C       		.uleb128 0x3c
 1298 018d 19       		.uleb128 0x19
 1299 018e 6E       		.uleb128 0x6e
 1300 018f 0E       		.uleb128 0xe
 1301 0190 03       		.uleb128 0x3
 1302 0191 0E       		.uleb128 0xe
 1303 0192 3A       		.uleb128 0x3a
 1304 0193 0B       		.uleb128 0xb
 1305 0194 3B       		.uleb128 0x3b
 1306 0195 0B       		.uleb128 0xb
 1307 0196 00       		.byte	0
 1308 0197 00       		.byte	0
 1309 0198 00       		.byte	0
ARM GAS  C:\Users\MIHAILO\AppData\Local\Temp\ccVIxsmR.s 			page 31


 1310              		.section	.debug_loc,"",%progbits
 1311              	.Ldebug_loc0:
 1312              	.LLST0:
 1313 0000 02000000 		.4byte	.LVL1
 1314 0004 08000000 		.4byte	.LVL2
 1315 0008 0200     		.2byte	0x2
 1316 000a 30       		.byte	0x30
 1317 000b 9F       		.byte	0x9f
 1318 000c 08000000 		.4byte	.LVL2
 1319 0010 30000000 		.4byte	.LVL11
 1320 0014 0100     		.2byte	0x1
 1321 0016 57       		.byte	0x57
 1322 0017 00000000 		.4byte	0
 1323 001b 00000000 		.4byte	0
 1324              	.LLST1:
 1325 001f 02000000 		.4byte	.LVL1
 1326 0023 08000000 		.4byte	.LVL2
 1327 0027 0200     		.2byte	0x2
 1328 0029 30       		.byte	0x30
 1329 002a 9F       		.byte	0x9f
 1330 002b 08000000 		.4byte	.LVL2
 1331 002f 30000000 		.4byte	.LVL10
 1332 0033 0100     		.2byte	0x1
 1333 0035 55       		.byte	0x55
 1334 0036 00000000 		.4byte	0
 1335 003a 00000000 		.4byte	0
 1336              	.LLST2:
 1337 003e 0C000000 		.4byte	.LVL3
 1338 0042 2C000000 		.4byte	.LVL9
 1339 0046 0100     		.2byte	0x1
 1340 0048 56       		.byte	0x56
 1341 0049 00000000 		.4byte	0
 1342 004d 00000000 		.4byte	0
 1343              	.LLST3:
 1344 0051 0E000000 		.4byte	.LVL4
 1345 0055 24000000 		.4byte	.LVL7
 1346 0059 0100     		.2byte	0x1
 1347 005b 53       		.byte	0x53
 1348 005c 26000000 		.4byte	.LVL8
 1349 0060 2C000000 		.4byte	.LVL9
 1350 0064 0100     		.2byte	0x1
 1351 0066 53       		.byte	0x53
 1352 0067 00000000 		.4byte	0
 1353 006b 00000000 		.4byte	0
 1354              	.LLST4:
 1355 006f 00000000 		.4byte	.LVL12
 1356 0073 09000000 		.4byte	.LVL14-1
 1357 0077 0100     		.2byte	0x1
 1358 0079 50       		.byte	0x50
 1359 007a 09000000 		.4byte	.LVL14-1
 1360 007e 0C000000 		.4byte	.LFE0
 1361 0082 0400     		.2byte	0x4
 1362 0084 F3       		.byte	0xf3
 1363 0085 01       		.uleb128 0x1
 1364 0086 50       		.byte	0x50
 1365 0087 9F       		.byte	0x9f
 1366 0088 00000000 		.4byte	0
ARM GAS  C:\Users\MIHAILO\AppData\Local\Temp\ccVIxsmR.s 			page 32


 1367 008c 00000000 		.4byte	0
 1368              	.LLST5:
 1369 0090 00000000 		.4byte	.LVL12
 1370 0094 06000000 		.4byte	.LVL13
 1371 0098 0100     		.2byte	0x1
 1372 009a 51       		.byte	0x51
 1373 009b 06000000 		.4byte	.LVL13
 1374 009f 09000000 		.4byte	.LVL14-1
 1375 00a3 0100     		.2byte	0x1
 1376 00a5 52       		.byte	0x52
 1377 00a6 09000000 		.4byte	.LVL14-1
 1378 00aa 0C000000 		.4byte	.LFE0
 1379 00ae 0400     		.2byte	0x4
 1380 00b0 F3       		.byte	0xf3
 1381 00b1 01       		.uleb128 0x1
 1382 00b2 51       		.byte	0x51
 1383 00b3 9F       		.byte	0x9f
 1384 00b4 00000000 		.4byte	0
 1385 00b8 00000000 		.4byte	0
 1386              	.LLST6:
 1387 00bc AC000000 		.4byte	.LVL18
 1388 00c0 B0000000 		.4byte	.LVL19
 1389 00c4 0200     		.2byte	0x2
 1390 00c6 30       		.byte	0x30
 1391 00c7 9F       		.byte	0x9f
 1392 00c8 B0000000 		.4byte	.LVL19
 1393 00cc CE000000 		.4byte	.LVL21
 1394 00d0 0100     		.2byte	0x1
 1395 00d2 54       		.byte	0x54
 1396 00d3 D0000000 		.4byte	.LVL22
 1397 00d7 44010000 		.4byte	.LVL25
 1398 00db 0100     		.2byte	0x1
 1399 00dd 54       		.byte	0x54
 1400 00de 00000000 		.4byte	0
 1401 00e2 00000000 		.4byte	0
 1402              	.LLST7:
 1403 00e6 B0000000 		.4byte	.LVL19
 1404 00ea CE000000 		.4byte	.LVL21
 1405 00ee 0B00     		.2byte	0xb
 1406 00f0 74       		.byte	0x74
 1407 00f1 00       		.sleb128 0
 1408 00f2 36       		.byte	0x36
 1409 00f3 1E       		.byte	0x1e
 1410 00f4 03       		.byte	0x3
 1411 00f5 00000000 		.4byte	cfg_memset_list.4870
 1412 00f9 22       		.byte	0x22
 1413 00fa 9F       		.byte	0x9f
 1414 00fb CE000000 		.4byte	.LVL21
 1415 00ff D0000000 		.4byte	.LVL22
 1416 0103 0B00     		.2byte	0xb
 1417 0105 74       		.byte	0x74
 1418 0106 7F       		.sleb128 -1
 1419 0107 36       		.byte	0x36
 1420 0108 1E       		.byte	0x1e
 1421 0109 03       		.byte	0x3
 1422 010a 00000000 		.4byte	cfg_memset_list.4870
 1423 010e 22       		.byte	0x22
ARM GAS  C:\Users\MIHAILO\AppData\Local\Temp\ccVIxsmR.s 			page 33


 1424 010f 9F       		.byte	0x9f
 1425 0110 00000000 		.4byte	0
 1426 0114 00000000 		.4byte	0
 1427              		.section	.debug_aranges,"",%progbits
 1428 0000 34000000 		.4byte	0x34
 1429 0004 0200     		.2byte	0x2
 1430 0006 00000000 		.4byte	.Ldebug_info0
 1431 000a 04       		.byte	0x4
 1432 000b 00       		.byte	0
 1433 000c 0000     		.2byte	0
 1434 000e 0000     		.2byte	0
 1435 0010 00000000 		.4byte	.LFB3
 1436 0014 32000000 		.4byte	.LFE3-.LFB3
 1437 0018 00000000 		.4byte	.LFB0
 1438 001c 0C000000 		.4byte	.LFE0-.LFB0
 1439 0020 00000000 		.4byte	.LFB4
 1440 0024 A8000000 		.4byte	.LFE4-.LFB4
 1441 0028 A8000000 		.4byte	.LFB6
 1442 002c F4000000 		.4byte	.LFE6-.LFB6
 1443 0030 00000000 		.4byte	0
 1444 0034 00000000 		.4byte	0
 1445              		.section	.debug_ranges,"",%progbits
 1446              	.Ldebug_ranges0:
 1447 0000 00000000 		.4byte	.LFB3
 1448 0004 32000000 		.4byte	.LFE3
 1449 0008 00000000 		.4byte	.LFB0
 1450 000c 0C000000 		.4byte	.LFE0
 1451 0010 00000000 		.4byte	.LFB4
 1452 0014 A8000000 		.4byte	.LFE4
 1453 0018 A8000000 		.4byte	.LFB6
 1454 001c 9C010000 		.4byte	.LFE6
 1455 0020 00000000 		.4byte	0
 1456 0024 00000000 		.4byte	0
 1457              		.section	.debug_line,"",%progbits
 1458              	.Ldebug_line0:
 1459 0000 64010000 		.section	.debug_str,"MS",%progbits,1
 1459      0200D600 
 1459      00000201 
 1459      FB0E0D00 
 1459      01010101 
 1460              	.LASF19:
 1461 0000 72656733 		.ascii	"reg32\000"
 1461      3200
 1462              	.LASF12:
 1463 0006 73697A65 		.ascii	"size_t\000"
 1463      5F7400
 1464              	.LASF37:
 1465 000d 4379496E 		.ascii	"CyIntSetVector\000"
 1465      74536574 
 1465      56656374 
 1465      6F7200
 1466              	.LASF21:
 1467 001c 76616C75 		.ascii	"value\000"
 1467      6500
 1468              	.LASF26:
 1469 0022 636F756E 		.ascii	"count\000"
 1469      7400
ARM GAS  C:\Users\MIHAILO\AppData\Local\Temp\ccVIxsmR.s 			page 34


 1470              	.LASF29:
 1471 0028 436C6F63 		.ascii	"ClockSetup\000"
 1471      6B536574 
 1471      757000
 1472              	.LASF30:
 1473 0033 63795F63 		.ascii	"cy_cfg_addr_table\000"
 1473      66675F61 
 1473      6464725F 
 1473      7461626C 
 1473      6500
 1474              	.LASF31:
 1475 0045 63795F63 		.ascii	"cy_cfg_data_table\000"
 1475      66675F64 
 1475      6174615F 
 1475      7461626C 
 1475      6500
 1476              	.LASF16:
 1477 0057 666C6F61 		.ascii	"float\000"
 1477      7400
 1478              	.LASF41:
 1479 005d 433A5C55 		.ascii	"C:\\Users\\MIHAILO\\Documents\\PSoC Creator\\PSoC10"
 1479      73657273 
 1479      5C4D4948 
 1479      41494C4F 
 1479      5C446F63 
 1480 008b 315C4C61 		.ascii	"1\\Lab.9.2.cydsn\000"
 1480      622E392E 
 1480      322E6379 
 1480      64736E00 
 1481              	.LASF35:
 1482 009b 6366675F 		.ascii	"cfg_memset_list\000"
 1482      6D656D73 
 1482      65745F6C 
 1482      69737400 
 1483              	.LASF33:
 1484 00ab 73697A65 		.ascii	"size\000"
 1484      00
 1485              	.LASF18:
 1486 00b0 72656738 		.ascii	"reg8\000"
 1486      00
 1487              	.LASF8:
 1488 00b5 6C6F6E67 		.ascii	"long unsigned int\000"
 1488      20756E73 
 1488      69676E65 
 1488      6420696E 
 1488      7400
 1489              	.LASF13:
 1490 00c7 75696E74 		.ascii	"uint8\000"
 1490      3800
 1491              	.LASF28:
 1492 00cd 43594D45 		.ascii	"CYMEMZERO\000"
 1492      4D5A4552 
 1492      4F00
 1493              	.LASF4:
 1494 00d7 756E7369 		.ascii	"unsigned char\000"
 1494      676E6564 
 1494      20636861 
ARM GAS  C:\Users\MIHAILO\AppData\Local\Temp\ccVIxsmR.s 			page 35


 1494      7200
 1495              	.LASF43:
 1496 00e5 6D656D73 		.ascii	"memset\000"
 1496      657400
 1497              	.LASF17:
 1498 00ec 646F7562 		.ascii	"double\000"
 1498      6C6500
 1499              	.LASF27:
 1500 00f3 6366675F 		.ascii	"cfg_write_bytes32\000"
 1500      77726974 
 1500      655F6279 
 1500      74657333 
 1500      3200
 1501              	.LASF38:
 1502 0105 4379496E 		.ascii	"CyIntEnable\000"
 1502      74456E61 
 1502      626C6500 
 1503              	.LASF23:
 1504 0111 61646472 		.ascii	"addr_table\000"
 1504      5F746162 
 1504      6C6500
 1505              	.LASF14:
 1506 011c 75696E74 		.ascii	"uint16\000"
 1506      313600
 1507              	.LASF24:
 1508 0123 64617461 		.ascii	"data_table\000"
 1508      5F746162 
 1508      6C6500
 1509              	.LASF15:
 1510 012e 75696E74 		.ascii	"uint32\000"
 1510      333200
 1511              	.LASF0:
 1512 0135 756E7369 		.ascii	"unsigned int\000"
 1512      676E6564 
 1512      20696E74 
 1512      00
 1513              	.LASF42:
 1514 0142 63796669 		.ascii	"cyfitter_cfg\000"
 1514      74746572 
 1514      5F636667 
 1514      00
 1515              	.LASF32:
 1516 014f 61646472 		.ascii	"address\000"
 1516      65737300 
 1517              	.LASF9:
 1518 0157 6C6F6E67 		.ascii	"long long unsigned int\000"
 1518      206C6F6E 
 1518      6720756E 
 1518      7369676E 
 1518      65642069 
 1519              	.LASF39:
 1520 016e 474E5520 		.ascii	"GNU C11 5.4.1 20160609 (release) [ARM/embedded-5-br"
 1520      43313120 
 1520      352E342E 
 1520      31203230 
 1520      31363036 
 1521 01a1 616E6368 		.ascii	"anch revision 237715] -mcpu=cortex-m0 -mthumb -g -O"
ARM GAS  C:\Users\MIHAILO\AppData\Local\Temp\ccVIxsmR.s 			page 36


 1521      20726576 
 1521      6973696F 
 1521      6E203233 
 1521      37373135 
 1522 01d4 67202D66 		.ascii	"g -ffunction-sections -ffat-lto-objects\000"
 1522      66756E63 
 1522      74696F6E 
 1522      2D736563 
 1522      74696F6E 
 1523              	.LASF34:
 1524 01fc 6366675F 		.ascii	"cfg_memset_t\000"
 1524      6D656D73 
 1524      65745F74 
 1524      00
 1525              	.LASF25:
 1526 0209 62617365 		.ascii	"baseAddr\000"
 1526      41646472 
 1526      00
 1527              	.LASF10:
 1528 0212 73697A65 		.ascii	"sizetype\000"
 1528      74797065 
 1528      00
 1529              	.LASF6:
 1530 021b 73686F72 		.ascii	"short unsigned int\000"
 1530      7420756E 
 1530      7369676E 
 1530      65642069 
 1530      6E7400
 1531              	.LASF1:
 1532 022e 6C6F6E67 		.ascii	"long long int\000"
 1532      206C6F6E 
 1532      6720696E 
 1532      7400
 1533              	.LASF11:
 1534 023c 63686172 		.ascii	"char\000"
 1534      00
 1535              	.LASF22:
 1536 0241 63795F63 		.ascii	"cy_cfg_addrvalue_t\000"
 1536      66675F61 
 1536      64647276 
 1536      616C7565 
 1536      5F7400
 1537              	.LASF20:
 1538 0254 6F666673 		.ascii	"offset\000"
 1538      657400
 1539              	.LASF5:
 1540 025b 73686F72 		.ascii	"short int\000"
 1540      7420696E 
 1540      7400
 1541              	.LASF36:
 1542 0265 43795379 		.ascii	"CySysClkWriteImoFreq\000"
 1542      73436C6B 
 1542      57726974 
 1542      65496D6F 
 1542      46726571 
 1543              	.LASF7:
 1544 027a 6C6F6E67 		.ascii	"long int\000"
ARM GAS  C:\Users\MIHAILO\AppData\Local\Temp\ccVIxsmR.s 			page 37


 1544      20696E74 
 1544      00
 1545              	.LASF2:
 1546 0283 6C6F6E67 		.ascii	"long double\000"
 1546      20646F75 
 1546      626C6500 
 1547              	.LASF3:
 1548 028f 7369676E 		.ascii	"signed char\000"
 1548      65642063 
 1548      68617200 
 1549              	.LASF40:
 1550 029b 47656E65 		.ascii	"Generated_Source\\PSoC4\\cyfitter_cfg.c\000"
 1550      72617465 
 1550      645F536F 
 1550      75726365 
 1550      5C50536F 
 1551              		.ident	"GCC: (GNU Tools for ARM Embedded Processors) 5.4.1 20160609 (release) [ARM/embedded-5-bran
