ARM GAS  C:\Users\MIHAILO\AppData\Local\Temp\ccc7pEPH.s 			page 1


   1              		.syntax unified
   2              		.cpu cortex-m0
   3              		.fpu softvfp
   4              		.eabi_attribute 20, 1
   5              		.eabi_attribute 21, 1
   6              		.eabi_attribute 23, 3
   7              		.eabi_attribute 24, 1
   8              		.eabi_attribute 25, 1
   9              		.eabi_attribute 26, 1
  10              		.eabi_attribute 30, 1
  11              		.eabi_attribute 34, 0
  12              		.eabi_attribute 18, 4
  13              		.thumb
  14              		.syntax unified
  15              		.file	"CapSense_Tuner.c"
  16              		.text
  17              	.Ltext0:
  18              		.cfi_sections	.debug_frame
  19              		.section	.text.CapSense_TuInitialize,"ax",%progbits
  20              		.align	2
  21              		.global	CapSense_TuInitialize
  22              		.code	16
  23              		.thumb_func
  24              		.type	CapSense_TuInitialize, %function
  25              	CapSense_TuInitialize:
  26              	.LFB0:
  27              		.file 1 "Generated_Source\\PSoC4\\CapSense_Tuner.c"
   1:Generated_Source\PSoC4/CapSense_Tuner.c **** /***************************************************************************//**
   2:Generated_Source\PSoC4/CapSense_Tuner.c **** * \file CapSense_Tuner.c
   3:Generated_Source\PSoC4/CapSense_Tuner.c **** * \version 7.0
   4:Generated_Source\PSoC4/CapSense_Tuner.c **** *
   5:Generated_Source\PSoC4/CapSense_Tuner.c **** * \brief
   6:Generated_Source\PSoC4/CapSense_Tuner.c **** *   This file provides the source code for the Tuner module API of the Component.
   7:Generated_Source\PSoC4/CapSense_Tuner.c **** *
   8:Generated_Source\PSoC4/CapSense_Tuner.c **** * \see CapSense v7.0 Datasheet
   9:Generated_Source\PSoC4/CapSense_Tuner.c **** *
  10:Generated_Source\PSoC4/CapSense_Tuner.c **** *//*****************************************************************************
  11:Generated_Source\PSoC4/CapSense_Tuner.c **** * Copyright (2016-2019), Cypress Semiconductor Corporation.
  12:Generated_Source\PSoC4/CapSense_Tuner.c **** ********************************************************************************
  13:Generated_Source\PSoC4/CapSense_Tuner.c **** * This software is owned by Cypress Semiconductor Corporation (Cypress) and is
  14:Generated_Source\PSoC4/CapSense_Tuner.c **** * protected by and subject to worldwide patent protection (United States and
  15:Generated_Source\PSoC4/CapSense_Tuner.c **** * foreign), United States copyright laws and international treaty provisions.
  16:Generated_Source\PSoC4/CapSense_Tuner.c **** * Cypress hereby grants to licensee a personal, non-exclusive, non-transferable
  17:Generated_Source\PSoC4/CapSense_Tuner.c **** * license to copy, use, modify, create derivative works of, and compile the
  18:Generated_Source\PSoC4/CapSense_Tuner.c **** * Cypress Source Code and derivative works for the sole purpose of creating
  19:Generated_Source\PSoC4/CapSense_Tuner.c **** * custom software in support of licensee product to be used only in conjunction
  20:Generated_Source\PSoC4/CapSense_Tuner.c **** * with a Cypress integrated circuit as specified in the applicable agreement.
  21:Generated_Source\PSoC4/CapSense_Tuner.c **** * Any reproduction, modification, translation, compilation, or representation of
  22:Generated_Source\PSoC4/CapSense_Tuner.c **** * this software except as specified above is prohibited without the express
  23:Generated_Source\PSoC4/CapSense_Tuner.c **** * written permission of Cypress.
  24:Generated_Source\PSoC4/CapSense_Tuner.c **** *
  25:Generated_Source\PSoC4/CapSense_Tuner.c **** * Disclaimer: CYPRESS MAKES NO WARRANTY OF ANY KIND, EXPRESS OR IMPLIED, WITH
  26:Generated_Source\PSoC4/CapSense_Tuner.c **** * REGARD TO THIS MATERIAL, INCLUDING, BUT NOT LIMITED TO, THE IMPLIED
  27:Generated_Source\PSoC4/CapSense_Tuner.c **** * WARRANTIES OF MERCHANTABILITY AND FITNESS FOR A PARTICULAR PURPOSE.
  28:Generated_Source\PSoC4/CapSense_Tuner.c **** * Cypress reserves the right to make changes without further notice to the
  29:Generated_Source\PSoC4/CapSense_Tuner.c **** * materials described herein. Cypress does not assume any liability arising out
  30:Generated_Source\PSoC4/CapSense_Tuner.c **** * of the application or use of any product or circuit described herein. Cypress
ARM GAS  C:\Users\MIHAILO\AppData\Local\Temp\ccc7pEPH.s 			page 2


  31:Generated_Source\PSoC4/CapSense_Tuner.c **** * does not authorize its products for use as critical components in life-support
  32:Generated_Source\PSoC4/CapSense_Tuner.c **** * systems where a malfunction or failure may reasonably be expected to result in
  33:Generated_Source\PSoC4/CapSense_Tuner.c **** * significant injury to the user. The inclusion of Cypress' product in a life-
  34:Generated_Source\PSoC4/CapSense_Tuner.c **** * support systems application implies that the manufacturer assumes all risk of
  35:Generated_Source\PSoC4/CapSense_Tuner.c **** * such use and in doing so indemnifies Cypress against all charges. Use may be
  36:Generated_Source\PSoC4/CapSense_Tuner.c **** * limited by and subject to the applicable Cypress software license agreement.
  37:Generated_Source\PSoC4/CapSense_Tuner.c **** *******************************************************************************/
  38:Generated_Source\PSoC4/CapSense_Tuner.c **** 
  39:Generated_Source\PSoC4/CapSense_Tuner.c **** #include "cytypes.h"
  40:Generated_Source\PSoC4/CapSense_Tuner.c **** #include "CyLib.h"
  41:Generated_Source\PSoC4/CapSense_Tuner.c **** #include "CapSense_Structure.h"
  42:Generated_Source\PSoC4/CapSense_Tuner.c **** #include "CapSense_Tuner.h"
  43:Generated_Source\PSoC4/CapSense_Tuner.c **** #include "CapSense_Control.h"
  44:Generated_Source\PSoC4/CapSense_Tuner.c **** #include "CapSense_Configuration.h"
  45:Generated_Source\PSoC4/CapSense_Tuner.c **** 
  46:Generated_Source\PSoC4/CapSense_Tuner.c **** /* Tuner states definition */
  47:Generated_Source\PSoC4/CapSense_Tuner.c **** #define TU_FSM_RUNNING      (0u)
  48:Generated_Source\PSoC4/CapSense_Tuner.c **** #define TU_FSM_SUSPENDED    (1u)
  49:Generated_Source\PSoC4/CapSense_Tuner.c **** #define TU_FSM_SNR_TEST     (2u)
  50:Generated_Source\PSoC4/CapSense_Tuner.c **** #define TU_FSM_ONE_SCAN     (3u)
  51:Generated_Source\PSoC4/CapSense_Tuner.c **** 
  52:Generated_Source\PSoC4/CapSense_Tuner.c **** /* Tuner state variable */
  53:Generated_Source\PSoC4/CapSense_Tuner.c **** static uint32 tunerFsm = TU_FSM_RUNNING;
  54:Generated_Source\PSoC4/CapSense_Tuner.c **** 
  55:Generated_Source\PSoC4/CapSense_Tuner.c **** 
  56:Generated_Source\PSoC4/CapSense_Tuner.c **** /*******************************************************************************
  57:Generated_Source\PSoC4/CapSense_Tuner.c **** * Function Name: CapSense_TuInitialize
  58:Generated_Source\PSoC4/CapSense_Tuner.c **** ****************************************************************************//**
  59:Generated_Source\PSoC4/CapSense_Tuner.c **** *
  60:Generated_Source\PSoC4/CapSense_Tuner.c **** * \brief
  61:Generated_Source\PSoC4/CapSense_Tuner.c **** *   This function initializes the communication interface with the Tuner GUI.
  62:Generated_Source\PSoC4/CapSense_Tuner.c **** *
  63:Generated_Source\PSoC4/CapSense_Tuner.c **** * \details
  64:Generated_Source\PSoC4/CapSense_Tuner.c **** *   This API sets the tuner state machine to the default state. It is called by
  65:Generated_Source\PSoC4/CapSense_Tuner.c **** *   the CapSense_Start() API.
  66:Generated_Source\PSoC4/CapSense_Tuner.c **** *
  67:Generated_Source\PSoC4/CapSense_Tuner.c **** *******************************************************************************/
  68:Generated_Source\PSoC4/CapSense_Tuner.c **** void CapSense_TuInitialize(void)
  69:Generated_Source\PSoC4/CapSense_Tuner.c **** {
  28              		.loc 1 69 0
  29              		.cfi_startproc
  30              		@ args = 0, pretend = 0, frame = 0
  31              		@ frame_needed = 0, uses_anonymous_args = 0
  32              		@ link register save eliminated.
  33              	.LVL0:
  70:Generated_Source\PSoC4/CapSense_Tuner.c ****     volatile CapSense_RAM_STRUCT *ptrDsRam = &CapSense_dsRam;
  71:Generated_Source\PSoC4/CapSense_Tuner.c **** 
  72:Generated_Source\PSoC4/CapSense_Tuner.c ****     ptrDsRam->tunerCmd = (uint16)CapSense_TU_CMD_NONE_E;
  34              		.loc 1 72 0
  35 0000 0023     		movs	r3, #0
  36 0002 024A     		ldr	r2, .L2
  37 0004 D380     		strh	r3, [r2, #6]
  73:Generated_Source\PSoC4/CapSense_Tuner.c ****     tunerFsm = TU_FSM_RUNNING;
  38              		.loc 1 73 0
  39 0006 024A     		ldr	r2, .L2+4
  40 0008 1360     		str	r3, [r2]
  74:Generated_Source\PSoC4/CapSense_Tuner.c **** }
ARM GAS  C:\Users\MIHAILO\AppData\Local\Temp\ccc7pEPH.s 			page 3


  41              		.loc 1 74 0
  42              		@ sp needed
  43 000a 7047     		bx	lr
  44              	.L3:
  45              		.align	2
  46              	.L2:
  47 000c 00000000 		.word	CapSense_dsRam
  48 0010 00000000 		.word	.LANCHOR0
  49              		.cfi_endproc
  50              	.LFE0:
  51              		.size	CapSense_TuInitialize, .-CapSense_TuInitialize
  52              		.section	.text.CapSense_RunTuner,"ax",%progbits
  53              		.align	2
  54              		.global	CapSense_RunTuner
  55              		.code	16
  56              		.thumb_func
  57              		.type	CapSense_RunTuner, %function
  58              	CapSense_RunTuner:
  59              	.LFB1:
  75:Generated_Source\PSoC4/CapSense_Tuner.c **** 
  76:Generated_Source\PSoC4/CapSense_Tuner.c **** /*******************************************************************************
  77:Generated_Source\PSoC4/CapSense_Tuner.c **** * Function Name: CapSense_RunTuner
  78:Generated_Source\PSoC4/CapSense_Tuner.c **** ****************************************************************************//**
  79:Generated_Source\PSoC4/CapSense_Tuner.c **** *
  80:Generated_Source\PSoC4/CapSense_Tuner.c **** * \brief
  81:Generated_Source\PSoC4/CapSense_Tuner.c **** *  Establishes synchronized communication with the Tuner application.
  82:Generated_Source\PSoC4/CapSense_Tuner.c **** *
  83:Generated_Source\PSoC4/CapSense_Tuner.c **** * \details
  84:Generated_Source\PSoC4/CapSense_Tuner.c **** *  This function is used to establish synchronized communication between the
  85:Generated_Source\PSoC4/CapSense_Tuner.c **** *  CapSense Component and Tuner application (or other host controllers).
  86:Generated_Source\PSoC4/CapSense_Tuner.c **** *  This function is called periodically in the application program loop
  87:Generated_Source\PSoC4/CapSense_Tuner.c **** *  to serve the Tuner application (or host controller) requests and commands.
  88:Generated_Source\PSoC4/CapSense_Tuner.c **** *  In most cases, the best place to call this function is after processing and
  89:Generated_Source\PSoC4/CapSense_Tuner.c **** *  before next scanning.
  90:Generated_Source\PSoC4/CapSense_Tuner.c **** *
  91:Generated_Source\PSoC4/CapSense_Tuner.c **** *  If this function is absent in the application program, then communication is
  92:Generated_Source\PSoC4/CapSense_Tuner.c **** *  asynchronous and the following disadvantages are applicable:
  93:Generated_Source\PSoC4/CapSense_Tuner.c **** *    - The raw counts displayed in the tuner may be filtered and/or unfiltered.
  94:Generated_Source\PSoC4/CapSense_Tuner.c **** *      As a result, noise and SNR measurements will not be accurate.
  95:Generated_Source\PSoC4/CapSense_Tuner.c **** *    - The Tuner tool may read the sensor data such as raw counts from a scan
  96:Generated_Source\PSoC4/CapSense_Tuner.c **** *      multiple times, as a result, noise and SNR measurement will not be
  97:Generated_Source\PSoC4/CapSense_Tuner.c **** *      accurate.
  98:Generated_Source\PSoC4/CapSense_Tuner.c **** *    - The Tuner tool and host controller should not change the Component parameters
  99:Generated_Source\PSoC4/CapSense_Tuner.c **** *      via the tuner interface. Changing the Component parameters via the tuner
 100:Generated_Source\PSoC4/CapSense_Tuner.c **** *      interface in the async mode will result in Component abnormal behavior.
 101:Generated_Source\PSoC4/CapSense_Tuner.c **** *
 102:Generated_Source\PSoC4/CapSense_Tuner.c **** *  Note that calling this function is not mandatory for the application, but
 103:Generated_Source\PSoC4/CapSense_Tuner.c **** *  required only to synchronize the communication with the host controller or
 104:Generated_Source\PSoC4/CapSense_Tuner.c **** *  tuner application.
 105:Generated_Source\PSoC4/CapSense_Tuner.c **** *
 106:Generated_Source\PSoC4/CapSense_Tuner.c **** * \return
 107:Generated_Source\PSoC4/CapSense_Tuner.c **** *  In some cases, the application program may need to know if the Component was
 108:Generated_Source\PSoC4/CapSense_Tuner.c **** *  re-initialized. The return indicates if a restart command was executed or not:
 109:Generated_Source\PSoC4/CapSense_Tuner.c **** *    - CapSense_STATUS_RESTART_DONE - Based on a received command, the
 110:Generated_Source\PSoC4/CapSense_Tuner.c **** *      Component was restarted.
 111:Generated_Source\PSoC4/CapSense_Tuner.c **** *    -  CapSense_STATUS_RESTART_NONE - No restart was executed by this
 112:Generated_Source\PSoC4/CapSense_Tuner.c **** *      function.
ARM GAS  C:\Users\MIHAILO\AppData\Local\Temp\ccc7pEPH.s 			page 4


 113:Generated_Source\PSoC4/CapSense_Tuner.c **** *
 114:Generated_Source\PSoC4/CapSense_Tuner.c **** *******************************************************************************/
 115:Generated_Source\PSoC4/CapSense_Tuner.c **** uint32 CapSense_RunTuner(void)
 116:Generated_Source\PSoC4/CapSense_Tuner.c **** {
  60              		.loc 1 116 0
  61              		.cfi_startproc
  62              		@ args = 0, pretend = 0, frame = 0
  63              		@ frame_needed = 0, uses_anonymous_args = 0
  64 0000 70B5     		push	{r4, r5, r6, lr}
  65              		.cfi_def_cfa_offset 16
  66              		.cfi_offset 4, -16
  67              		.cfi_offset 5, -12
  68              		.cfi_offset 6, -8
  69              		.cfi_offset 14, -4
  70              	.LVL1:
 117:Generated_Source\PSoC4/CapSense_Tuner.c ****     uint8 interruptState;
 118:Generated_Source\PSoC4/CapSense_Tuner.c ****     uint32 widgetId;
 119:Generated_Source\PSoC4/CapSense_Tuner.c ****     uint32 sensorId;
 120:Generated_Source\PSoC4/CapSense_Tuner.c ****     uint32 updateFlag = 0Lu;
 121:Generated_Source\PSoC4/CapSense_Tuner.c ****     CapSense_TU_CMD_ENUM command;
 122:Generated_Source\PSoC4/CapSense_Tuner.c ****     uint32 tunerStatus = CapSense_STATUS_RESTART_NONE;
  71              		.loc 1 122 0
  72 0002 0025     		movs	r5, #0
 120:Generated_Source\PSoC4/CapSense_Tuner.c ****     CapSense_TU_CMD_ENUM command;
  73              		.loc 1 120 0
  74 0004 0026     		movs	r6, #0
  75              	.LVL2:
  76              	.L16:
 123:Generated_Source\PSoC4/CapSense_Tuner.c **** 
 124:Generated_Source\PSoC4/CapSense_Tuner.c ****     volatile CapSense_RAM_STRUCT *ptrDsRam;
 125:Generated_Source\PSoC4/CapSense_Tuner.c ****     volatile CapSense_RAM_SNS_STRUCT *ptrSnsTmp;
 126:Generated_Source\PSoC4/CapSense_Tuner.c **** 
 127:Generated_Source\PSoC4/CapSense_Tuner.c ****     ptrDsRam = &CapSense_dsRam;
 128:Generated_Source\PSoC4/CapSense_Tuner.c **** 
 129:Generated_Source\PSoC4/CapSense_Tuner.c ****     do
 130:Generated_Source\PSoC4/CapSense_Tuner.c ****     {
 131:Generated_Source\PSoC4/CapSense_Tuner.c ****         /* ONE_SCAN command could be interpreted as two commands:
 132:Generated_Source\PSoC4/CapSense_Tuner.c ****         * RESUME till next call of this function and then
 133:Generated_Source\PSoC4/CapSense_Tuner.c ****         * SUSPEND till next command receiving.
 134:Generated_Source\PSoC4/CapSense_Tuner.c ****         */
 135:Generated_Source\PSoC4/CapSense_Tuner.c ****         if (TU_FSM_ONE_SCAN == tunerFsm)
  77              		.loc 1 135 0
  78 0006 3C4B     		ldr	r3, .L18
  79 0008 1B68     		ldr	r3, [r3]
  80 000a 032B     		cmp	r3, #3
  81 000c 06D1     		bne	.L5
 136:Generated_Source\PSoC4/CapSense_Tuner.c ****         {
 137:Generated_Source\PSoC4/CapSense_Tuner.c ****             interruptState = CyEnterCriticalSection();
  82              		.loc 1 137 0
  83 000e FFF7FEFF 		bl	CyEnterCriticalSection
  84              	.LVL3:
 138:Generated_Source\PSoC4/CapSense_Tuner.c ****             ptrDsRam->tunerCmd = (uint16)CapSense_TU_CMD_SUSPEND_E;
  85              		.loc 1 138 0
  86 0012 0122     		movs	r2, #1
  87 0014 394B     		ldr	r3, .L18+4
  88 0016 DA80     		strh	r2, [r3, #6]
 139:Generated_Source\PSoC4/CapSense_Tuner.c ****             CyExitCriticalSection(interruptState);
ARM GAS  C:\Users\MIHAILO\AppData\Local\Temp\ccc7pEPH.s 			page 5


  89              		.loc 1 139 0
  90 0018 FFF7FEFF 		bl	CyExitCriticalSection
  91              	.LVL4:
  92              	.L5:
 140:Generated_Source\PSoC4/CapSense_Tuner.c ****         }
 141:Generated_Source\PSoC4/CapSense_Tuner.c ****         command = (CapSense_TU_CMD_ENUM)ptrDsRam->tunerCmd;
  93              		.loc 1 141 0
  94 001c 374B     		ldr	r3, .L18+4
  95 001e DC88     		ldrh	r4, [r3, #6]
  96 0020 E4B2     		uxtb	r4, r4
  97              	.LVL5:
 142:Generated_Source\PSoC4/CapSense_Tuner.c **** 
 143:Generated_Source\PSoC4/CapSense_Tuner.c ****         /* Check command register */
 144:Generated_Source\PSoC4/CapSense_Tuner.c ****         switch (command)
  98              		.loc 1 144 0
  99 0022 062C     		cmp	r4, #6
 100 0024 23D8     		bhi	.L6
 101 0026 A300     		lsls	r3, r4, #2
 102 0028 354A     		ldr	r2, .L18+8
 103 002a D358     		ldr	r3, [r2, r3]
 104 002c 9F46     		mov	pc, r3
 105              		.section	.rodata
 106              		.align	2
 107              	.L8:
 108 0000 6E000000 		.word	.L6
 109 0004 2E000000 		.word	.L7
 110 0008 38000000 		.word	.L9
 111 000c 42000000 		.word	.L10
 112 0010 52000000 		.word	.L11
 113 0014 5C000000 		.word	.L12
 114 0018 66000000 		.word	.L13
 115              		.section	.text.CapSense_RunTuner
 116              	.L7:
 145:Generated_Source\PSoC4/CapSense_Tuner.c ****         {
 146:Generated_Source\PSoC4/CapSense_Tuner.c ****         case CapSense_TU_CMD_SUSPEND_E:
 147:Generated_Source\PSoC4/CapSense_Tuner.c ****             tunerFsm = TU_FSM_SUSPENDED;
 117              		.loc 1 147 0
 118 002e 0122     		movs	r2, #1
 119 0030 314B     		ldr	r3, .L18
 120 0032 1A60     		str	r2, [r3]
 121              	.LVL6:
 148:Generated_Source\PSoC4/CapSense_Tuner.c ****             updateFlag = 1Lu;
 122              		.loc 1 148 0
 123 0034 0126     		movs	r6, #1
 149:Generated_Source\PSoC4/CapSense_Tuner.c ****             break;
 124              		.loc 1 149 0
 125 0036 1AE0     		b	.L6
 126              	.LVL7:
 127              	.L9:
 150:Generated_Source\PSoC4/CapSense_Tuner.c **** 
 151:Generated_Source\PSoC4/CapSense_Tuner.c ****         case CapSense_TU_CMD_RESUME_E:
 152:Generated_Source\PSoC4/CapSense_Tuner.c ****             tunerFsm = TU_FSM_RUNNING;
 128              		.loc 1 152 0
 129 0038 0022     		movs	r2, #0
 130 003a 2F4B     		ldr	r3, .L18
 131 003c 1A60     		str	r2, [r3]
 132              	.LVL8:
ARM GAS  C:\Users\MIHAILO\AppData\Local\Temp\ccc7pEPH.s 			page 6


 153:Generated_Source\PSoC4/CapSense_Tuner.c ****             updateFlag = 1Lu;
 133              		.loc 1 153 0
 134 003e 0126     		movs	r6, #1
 154:Generated_Source\PSoC4/CapSense_Tuner.c ****             break;
 135              		.loc 1 154 0
 136 0040 15E0     		b	.L6
 137              	.LVL9:
 138              	.L10:
 155:Generated_Source\PSoC4/CapSense_Tuner.c **** 
 156:Generated_Source\PSoC4/CapSense_Tuner.c ****         case CapSense_TU_CMD_RESTART_E:
 157:Generated_Source\PSoC4/CapSense_Tuner.c ****             (void)CapSense_Start();
 139              		.loc 1 157 0
 140 0042 FFF7FEFF 		bl	CapSense_Start
 141              	.LVL10:
 158:Generated_Source\PSoC4/CapSense_Tuner.c ****             tunerStatus = CapSense_STATUS_RESTART_DONE;
 159:Generated_Source\PSoC4/CapSense_Tuner.c ****             tunerFsm = TU_FSM_RUNNING;
 142              		.loc 1 159 0
 143 0046 0022     		movs	r2, #0
 144 0048 2B4B     		ldr	r3, .L18
 145 004a 1A60     		str	r2, [r3]
 146              	.LVL11:
 158:Generated_Source\PSoC4/CapSense_Tuner.c ****             tunerStatus = CapSense_STATUS_RESTART_DONE;
 147              		.loc 1 158 0
 148 004c 0125     		movs	r5, #1
 160:Generated_Source\PSoC4/CapSense_Tuner.c ****             updateFlag = 1Lu;
 149              		.loc 1 160 0
 150 004e 0126     		movs	r6, #1
 161:Generated_Source\PSoC4/CapSense_Tuner.c ****             break;
 151              		.loc 1 161 0
 152 0050 0DE0     		b	.L6
 153              	.LVL12:
 154              	.L11:
 162:Generated_Source\PSoC4/CapSense_Tuner.c **** 
 163:Generated_Source\PSoC4/CapSense_Tuner.c ****         case CapSense_TU_CMD_RUN_SNR_TEST_E:
 164:Generated_Source\PSoC4/CapSense_Tuner.c ****             tunerFsm = TU_FSM_SNR_TEST;
 155              		.loc 1 164 0
 156 0052 0222     		movs	r2, #2
 157 0054 284B     		ldr	r3, .L18
 158 0056 1A60     		str	r2, [r3]
 159              	.LVL13:
 165:Generated_Source\PSoC4/CapSense_Tuner.c ****             updateFlag = 1Lu;
 160              		.loc 1 165 0
 161 0058 0126     		movs	r6, #1
 166:Generated_Source\PSoC4/CapSense_Tuner.c ****             break;
 162              		.loc 1 166 0
 163 005a 08E0     		b	.L6
 164              	.LVL14:
 165              	.L12:
 167:Generated_Source\PSoC4/CapSense_Tuner.c **** 
 168:Generated_Source\PSoC4/CapSense_Tuner.c ****         case CapSense_TU_CMD_PING_E:
 169:Generated_Source\PSoC4/CapSense_Tuner.c ****             tunerFsm = TU_FSM_RUNNING;
 166              		.loc 1 169 0
 167 005c 0022     		movs	r2, #0
 168 005e 264B     		ldr	r3, .L18
 169 0060 1A60     		str	r2, [r3]
 170              	.LVL15:
 170:Generated_Source\PSoC4/CapSense_Tuner.c ****             updateFlag = 1Lu;
ARM GAS  C:\Users\MIHAILO\AppData\Local\Temp\ccc7pEPH.s 			page 7


 171              		.loc 1 170 0
 172 0062 0126     		movs	r6, #1
 171:Generated_Source\PSoC4/CapSense_Tuner.c ****             break;
 173              		.loc 1 171 0
 174 0064 03E0     		b	.L6
 175              	.LVL16:
 176              	.L13:
 172:Generated_Source\PSoC4/CapSense_Tuner.c **** 
 173:Generated_Source\PSoC4/CapSense_Tuner.c ****         case CapSense_TU_CMD_ONE_SCAN_E:
 174:Generated_Source\PSoC4/CapSense_Tuner.c ****             tunerFsm = TU_FSM_ONE_SCAN;
 177              		.loc 1 174 0
 178 0066 0322     		movs	r2, #3
 179 0068 234B     		ldr	r3, .L18
 180 006a 1A60     		str	r2, [r3]
 181              	.LVL17:
 175:Generated_Source\PSoC4/CapSense_Tuner.c ****             updateFlag = 0Lu;
 182              		.loc 1 175 0
 183 006c 0026     		movs	r6, #0
 184              	.LVL18:
 185              	.L6:
 176:Generated_Source\PSoC4/CapSense_Tuner.c ****             break;
 177:Generated_Source\PSoC4/CapSense_Tuner.c **** 
 178:Generated_Source\PSoC4/CapSense_Tuner.c ****         default:
 179:Generated_Source\PSoC4/CapSense_Tuner.c ****             break;
 180:Generated_Source\PSoC4/CapSense_Tuner.c ****         }
 181:Generated_Source\PSoC4/CapSense_Tuner.c **** 
 182:Generated_Source\PSoC4/CapSense_Tuner.c ****         /* Set Complete flag in command register if needed */
 183:Generated_Source\PSoC4/CapSense_Tuner.c ****         if (0Lu != updateFlag)
 186              		.loc 1 183 0
 187 006e 002E     		cmp	r6, #0
 188 0070 0FD0     		beq	.L14
 184:Generated_Source\PSoC4/CapSense_Tuner.c ****         {
 185:Generated_Source\PSoC4/CapSense_Tuner.c ****             interruptState = CyEnterCriticalSection();
 189              		.loc 1 185 0
 190 0072 FFF7FEFF 		bl	CyEnterCriticalSection
 191              	.LVL19:
 186:Generated_Source\PSoC4/CapSense_Tuner.c **** 
 187:Generated_Source\PSoC4/CapSense_Tuner.c ****             /* Check if command wasn't overwritten with new command */
 188:Generated_Source\PSoC4/CapSense_Tuner.c ****             if (command == (CapSense_TU_CMD_ENUM)ptrDsRam->tunerCmd)
 192              		.loc 1 188 0
 193 0076 214B     		ldr	r3, .L18+4
 194 0078 DB88     		ldrh	r3, [r3, #6]
 195 007a DBB2     		uxtb	r3, r3
 196 007c 9C42     		cmp	r4, r3
 197 007e 05D1     		bne	.L15
 189:Generated_Source\PSoC4/CapSense_Tuner.c ****             {
 190:Generated_Source\PSoC4/CapSense_Tuner.c ****                 ptrDsRam->tunerCmd |= CapSense_TU_CMD_COMPLETE_BIT;
 198              		.loc 1 190 0
 199 0080 1E4A     		ldr	r2, .L18+4
 200 0082 D188     		ldrh	r1, [r2, #6]
 201 0084 1F4B     		ldr	r3, .L18+12
 202 0086 0B43     		orrs	r3, r1
 203 0088 9BB2     		uxth	r3, r3
 204 008a D380     		strh	r3, [r2, #6]
 205              	.L15:
 191:Generated_Source\PSoC4/CapSense_Tuner.c ****             }
 192:Generated_Source\PSoC4/CapSense_Tuner.c ****             CyExitCriticalSection(interruptState);
ARM GAS  C:\Users\MIHAILO\AppData\Local\Temp\ccc7pEPH.s 			page 8


 206              		.loc 1 192 0
 207 008c FFF7FEFF 		bl	CyExitCriticalSection
 208              	.LVL20:
 193:Generated_Source\PSoC4/CapSense_Tuner.c **** 
 194:Generated_Source\PSoC4/CapSense_Tuner.c ****             updateFlag = 0Lu;
 209              		.loc 1 194 0
 210 0090 0026     		movs	r6, #0
 211              	.LVL21:
 212              	.L14:
 195:Generated_Source\PSoC4/CapSense_Tuner.c ****         }
 196:Generated_Source\PSoC4/CapSense_Tuner.c ****     } while (TU_FSM_SUSPENDED == tunerFsm);
 213              		.loc 1 196 0
 214 0092 194B     		ldr	r3, .L18
 215 0094 1B68     		ldr	r3, [r3]
 216 0096 012B     		cmp	r3, #1
 217 0098 B5D0     		beq	.L16
 197:Generated_Source\PSoC4/CapSense_Tuner.c **** 
 198:Generated_Source\PSoC4/CapSense_Tuner.c ****     /* Check for SNR Test mode and do appropriate actions */
 199:Generated_Source\PSoC4/CapSense_Tuner.c ****     if (TU_FSM_SNR_TEST == tunerFsm)
 218              		.loc 1 199 0
 219 009a 022B     		cmp	r3, #2
 220 009c 29D1     		bne	.L17
 200:Generated_Source\PSoC4/CapSense_Tuner.c ****     {
 201:Generated_Source\PSoC4/CapSense_Tuner.c ****         widgetId = ptrDsRam->snrTestWidgetId;
 221              		.loc 1 201 0
 222 009e 174A     		ldr	r2, .L18+4
 223 00a0 3A33     		adds	r3, r3, #58
 224 00a2 D35C     		ldrb	r3, [r2, r3]
 225 00a4 DBB2     		uxtb	r3, r3
 226              	.LVL22:
 202:Generated_Source\PSoC4/CapSense_Tuner.c ****         sensorId = ptrDsRam->snrTestSensorId;
 227              		.loc 1 202 0
 228 00a6 3D21     		movs	r1, #61
 229 00a8 525C     		ldrb	r2, [r2, r1]
 230 00aa D2B2     		uxtb	r2, r2
 231              	.LVL23:
 203:Generated_Source\PSoC4/CapSense_Tuner.c **** 
 204:Generated_Source\PSoC4/CapSense_Tuner.c ****         /* Check if widgetId and sensorId are in range,
 205:Generated_Source\PSoC4/CapSense_Tuner.c ****          * and data was updated in RAM (scan counter changed)
 206:Generated_Source\PSoC4/CapSense_Tuner.c ****          */
 207:Generated_Source\PSoC4/CapSense_Tuner.c ****         if ((widgetId < CapSense_TOTAL_WIDGETS)              &&
 232              		.loc 1 207 0
 233 00ac 002B     		cmp	r3, #0
 234 00ae 20D1     		bne	.L17
 208:Generated_Source\PSoC4/CapSense_Tuner.c ****             (sensorId < CapSense_GET_SENSOR_COUNT(widgetId)) &&
 235              		.loc 1 208 0 discriminator 1
 236 00b0 5901     		lsls	r1, r3, #5
 237 00b2 1548     		ldr	r0, .L18+16
 238 00b4 4118     		adds	r1, r0, r1
 239 00b6 098B     		ldrh	r1, [r1, #24]
 207:Generated_Source\PSoC4/CapSense_Tuner.c ****             (sensorId < CapSense_GET_SENSOR_COUNT(widgetId)) &&
 240              		.loc 1 207 0 discriminator 1
 241 00b8 8A42     		cmp	r2, r1
 242 00ba 1AD2     		bcs	.L17
 209:Generated_Source\PSoC4/CapSense_Tuner.c ****             (ptrDsRam->scanCounter != ptrDsRam->snrTestScanCounter))
 243              		.loc 1 209 0
 244 00bc 0F49     		ldr	r1, .L18+4
ARM GAS  C:\Users\MIHAILO\AppData\Local\Temp\ccc7pEPH.s 			page 9


 245 00be 0889     		ldrh	r0, [r1, #8]
 246 00c0 80B2     		uxth	r0, r0
 247 00c2 C98F     		ldrh	r1, [r1, #62]
 248 00c4 89B2     		uxth	r1, r1
 208:Generated_Source\PSoC4/CapSense_Tuner.c ****             (sensorId < CapSense_GET_SENSOR_COUNT(widgetId)) &&
 249              		.loc 1 208 0
 250 00c6 8842     		cmp	r0, r1
 251 00c8 13D0     		beq	.L17
 210:Generated_Source\PSoC4/CapSense_Tuner.c ****         {
 211:Generated_Source\PSoC4/CapSense_Tuner.c ****             /* Get access to the Sensor Object */
 212:Generated_Source\PSoC4/CapSense_Tuner.c ****             ptrSnsTmp = CapSense_dsFlash.wdgtArray[widgetId].ptr2SnsRam;
 252              		.loc 1 212 0
 253 00ca 5B01     		lsls	r3, r3, #5
 254              	.LVL24:
 255 00cc 0E49     		ldr	r1, .L18+16
 256 00ce CB18     		adds	r3, r1, r3
 257 00d0 9C68     		ldr	r4, [r3, #8]
 258              	.LVL25:
 213:Generated_Source\PSoC4/CapSense_Tuner.c ****             ptrSnsTmp += sensorId;
 259              		.loc 1 213 0
 260 00d2 9300     		lsls	r3, r2, #2
 261 00d4 9A18     		adds	r2, r3, r2
 262              	.LVL26:
 263 00d6 5300     		lsls	r3, r2, #1
 264 00d8 E418     		adds	r4, r4, r3
 265              	.LVL27:
 214:Generated_Source\PSoC4/CapSense_Tuner.c **** 
 215:Generated_Source\PSoC4/CapSense_Tuner.c ****             /* Update data in SNR Test Object */
 216:Generated_Source\PSoC4/CapSense_Tuner.c ****             interruptState = CyEnterCriticalSection();
 266              		.loc 1 216 0
 267 00da FFF7FEFF 		bl	CyEnterCriticalSection
 268              	.LVL28:
 217:Generated_Source\PSoC4/CapSense_Tuner.c ****             ptrDsRam->snrTestScanCounter = ptrDsRam->scanCounter;
 269              		.loc 1 217 0
 270 00de 074B     		ldr	r3, .L18+4
 271 00e0 1A89     		ldrh	r2, [r3, #8]
 272 00e2 92B2     		uxth	r2, r2
 273 00e4 DA87     		strh	r2, [r3, #62]
 218:Generated_Source\PSoC4/CapSense_Tuner.c ****             ptrDsRam->snrTestRawCount[0u] = ptrSnsTmp->raw[0u];
 274              		.loc 1 218 0
 275 00e6 2288     		ldrh	r2, [r4]
 276 00e8 92B2     		uxth	r2, r2
 277 00ea 4021     		movs	r1, #64
 278 00ec 5A52     		strh	r2, [r3, r1]
 219:Generated_Source\PSoC4/CapSense_Tuner.c **** 
 220:Generated_Source\PSoC4/CapSense_Tuner.c ****             #if (0u != CapSense_MULTI_FREQ_SCAN_EN)
 221:Generated_Source\PSoC4/CapSense_Tuner.c ****                 ptrDsRam->snrTestRawCount[1u] = ptrSnsTmp->raw[1u];
 222:Generated_Source\PSoC4/CapSense_Tuner.c ****                 ptrDsRam->snrTestRawCount[2u] = ptrSnsTmp->raw[2u];
 223:Generated_Source\PSoC4/CapSense_Tuner.c ****             #endif
 224:Generated_Source\PSoC4/CapSense_Tuner.c **** 
 225:Generated_Source\PSoC4/CapSense_Tuner.c ****             CyExitCriticalSection(interruptState);
 279              		.loc 1 225 0
 280 00ee FFF7FEFF 		bl	CyExitCriticalSection
 281              	.LVL29:
 282              	.L17:
 226:Generated_Source\PSoC4/CapSense_Tuner.c ****         }
 227:Generated_Source\PSoC4/CapSense_Tuner.c ****     }
ARM GAS  C:\Users\MIHAILO\AppData\Local\Temp\ccc7pEPH.s 			page 10


 228:Generated_Source\PSoC4/CapSense_Tuner.c ****     return tunerStatus;
 229:Generated_Source\PSoC4/CapSense_Tuner.c **** }
 283              		.loc 1 229 0
 284 00f2 2800     		movs	r0, r5
 285              		@ sp needed
 286              	.LVL30:
 287              	.LVL31:
 288 00f4 70BD     		pop	{r4, r5, r6, pc}
 289              	.L19:
 290 00f6 C046     		.align	2
 291              	.L18:
 292 00f8 00000000 		.word	.LANCHOR0
 293 00fc 00000000 		.word	CapSense_dsRam
 294 0100 00000000 		.word	.L8
 295 0104 0080FFFF 		.word	-32768
 296 0108 00000000 		.word	CapSense_dsFlash
 297              		.cfi_endproc
 298              	.LFE1:
 299              		.size	CapSense_RunTuner, .-CapSense_RunTuner
 300              		.bss
 301              		.align	2
 302              		.set	.LANCHOR0,. + 0
 303              		.type	tunerFsm, %object
 304              		.size	tunerFsm, 4
 305              	tunerFsm:
 306 0000 00000000 		.space	4
 307              		.text
 308              	.Letext0:
 309              		.file 2 "Generated_Source\\PSoC4\\cytypes.h"
 310              		.file 3 "Generated_Source\\PSoC4\\CapSense_Configuration.h"
 311              		.file 4 "Generated_Source\\PSoC4\\CapSense_SmartSense_LL.h"
 312              		.file 5 "Generated_Source\\PSoC4\\CapSense_Structure.h"
 313              		.file 6 "Generated_Source\\PSoC4\\CapSense_Tuner.h"
 314              		.file 7 "Generated_Source\\PSoC4\\CyLib.h"
 315              		.file 8 "Generated_Source\\PSoC4\\CapSense_Control.h"
 316              		.section	.debug_info,"",%progbits
 317              	.Ldebug_info0:
 318 0000 74060000 		.4byte	0x674
 319 0004 0400     		.2byte	0x4
 320 0006 00000000 		.4byte	.Ldebug_abbrev0
 321 000a 04       		.byte	0x4
 322 000b 01       		.uleb128 0x1
 323 000c 13020000 		.4byte	.LASF105
 324 0010 0C       		.byte	0xc
 325 0011 30030000 		.4byte	.LASF106
 326 0015 00000000 		.4byte	.LASF107
 327 0019 00000000 		.4byte	.Ldebug_ranges0+0
 328 001d 00000000 		.4byte	0
 329 0021 00000000 		.4byte	.Ldebug_line0
 330 0025 02       		.uleb128 0x2
 331 0026 01       		.byte	0x1
 332 0027 06       		.byte	0x6
 333 0028 0B040000 		.4byte	.LASF0
 334 002c 02       		.uleb128 0x2
 335 002d 01       		.byte	0x1
 336 002e 08       		.byte	0x8
 337 002f E5030000 		.4byte	.LASF1
ARM GAS  C:\Users\MIHAILO\AppData\Local\Temp\ccc7pEPH.s 			page 11


 338 0033 02       		.uleb128 0x2
 339 0034 02       		.byte	0x2
 340 0035 05       		.byte	0x5
 341 0036 1A010000 		.4byte	.LASF2
 342 003a 02       		.uleb128 0x2
 343 003b 02       		.byte	0x2
 344 003c 07       		.byte	0x7
 345 003d 13050000 		.4byte	.LASF3
 346 0041 02       		.uleb128 0x2
 347 0042 04       		.byte	0x4
 348 0043 05       		.byte	0x5
 349 0044 1E030000 		.4byte	.LASF4
 350 0048 02       		.uleb128 0x2
 351 0049 04       		.byte	0x4
 352 004a 07       		.byte	0x7
 353 004b 74040000 		.4byte	.LASF5
 354 004f 02       		.uleb128 0x2
 355 0050 08       		.byte	0x8
 356 0051 05       		.byte	0x5
 357 0052 A6010000 		.4byte	.LASF6
 358 0056 02       		.uleb128 0x2
 359 0057 08       		.byte	0x8
 360 0058 07       		.byte	0x7
 361 0059 34040000 		.4byte	.LASF7
 362 005d 03       		.uleb128 0x3
 363 005e 04       		.byte	0x4
 364 005f 05       		.byte	0x5
 365 0060 696E7400 		.ascii	"int\000"
 366 0064 02       		.uleb128 0x2
 367 0065 04       		.byte	0x4
 368 0066 07       		.byte	0x7
 369 0067 67040000 		.4byte	.LASF8
 370 006b 04       		.uleb128 0x4
 371 006c C3020000 		.4byte	.LASF9
 372 0070 02       		.byte	0x2
 373 0071 FB01     		.2byte	0x1fb
 374 0073 2C000000 		.4byte	0x2c
 375 0077 04       		.uleb128 0x4
 376 0078 0C020000 		.4byte	.LASF10
 377 007c 02       		.byte	0x2
 378 007d FC01     		.2byte	0x1fc
 379 007f 3A000000 		.4byte	0x3a
 380 0083 04       		.uleb128 0x4
 381 0084 77050000 		.4byte	.LASF11
 382 0088 02       		.byte	0x2
 383 0089 FD01     		.2byte	0x1fd
 384 008b 48000000 		.4byte	0x48
 385 008f 02       		.uleb128 0x2
 386 0090 04       		.byte	0x4
 387 0091 04       		.byte	0x4
 388 0092 D0020000 		.4byte	.LASF12
 389 0096 02       		.uleb128 0x2
 390 0097 08       		.byte	0x8
 391 0098 04       		.byte	0x4
 392 0099 92050000 		.4byte	.LASF13
 393 009d 02       		.uleb128 0x2
 394 009e 01       		.byte	0x1
ARM GAS  C:\Users\MIHAILO\AppData\Local\Temp\ccc7pEPH.s 			page 12


 395 009f 08       		.byte	0x8
 396 00a0 19030000 		.4byte	.LASF14
 397 00a4 05       		.uleb128 0x5
 398 00a5 83000000 		.4byte	0x83
 399 00a9 02       		.uleb128 0x2
 400 00aa 08       		.byte	0x8
 401 00ab 04       		.byte	0x4
 402 00ac AD030000 		.4byte	.LASF15
 403 00b0 02       		.uleb128 0x2
 404 00b1 04       		.byte	0x4
 405 00b2 07       		.byte	0x7
 406 00b3 4D010000 		.4byte	.LASF16
 407 00b7 06       		.uleb128 0x6
 408 00b8 04       		.byte	0x4
 409 00b9 04       		.uleb128 0x4
 410 00ba F3030000 		.4byte	.LASF17
 411 00be 03       		.byte	0x3
 412 00bf 1E01     		.2byte	0x11e
 413 00c1 77000000 		.4byte	0x77
 414 00c5 04       		.uleb128 0x4
 415 00c6 CA040000 		.4byte	.LASF18
 416 00ca 03       		.byte	0x3
 417 00cb 2201     		.2byte	0x122
 418 00cd 6B000000 		.4byte	0x6b
 419 00d1 07       		.uleb128 0x7
 420 00d2 0C       		.byte	0xc
 421 00d3 04       		.byte	0x4
 422 00d4 75       		.byte	0x75
 423 00d5 2E010000 		.4byte	0x12e
 424 00d9 08       		.uleb128 0x8
 425 00da B4010000 		.4byte	.LASF19
 426 00de 04       		.byte	0x4
 427 00df 7A       		.byte	0x7a
 428 00e0 77000000 		.4byte	0x77
 429 00e4 00       		.byte	0
 430 00e5 08       		.uleb128 0x8
 431 00e6 91040000 		.4byte	.LASF20
 432 00ea 04       		.byte	0x4
 433 00eb 7E       		.byte	0x7e
 434 00ec 77000000 		.4byte	0x77
 435 00f0 02       		.byte	0x2
 436 00f1 08       		.uleb128 0x8
 437 00f2 C8010000 		.4byte	.LASF21
 438 00f6 04       		.byte	0x4
 439 00f7 82       		.byte	0x82
 440 00f8 77000000 		.4byte	0x77
 441 00fc 04       		.byte	0x4
 442 00fd 08       		.uleb128 0x8
 443 00fe CF010000 		.4byte	.LASF22
 444 0102 04       		.byte	0x4
 445 0103 86       		.byte	0x86
 446 0104 77000000 		.4byte	0x77
 447 0108 06       		.byte	0x6
 448 0109 08       		.uleb128 0x8
 449 010a 9D030000 		.4byte	.LASF23
 450 010e 04       		.byte	0x4
 451 010f 8A       		.byte	0x8a
ARM GAS  C:\Users\MIHAILO\AppData\Local\Temp\ccc7pEPH.s 			page 13


 452 0110 77000000 		.4byte	0x77
 453 0114 08       		.byte	0x8
 454 0115 08       		.uleb128 0x8
 455 0116 ED010000 		.4byte	.LASF24
 456 011a 04       		.byte	0x4
 457 011b 8E       		.byte	0x8e
 458 011c 6B000000 		.4byte	0x6b
 459 0120 0A       		.byte	0xa
 460 0121 08       		.uleb128 0x8
 461 0122 F4010000 		.4byte	.LASF25
 462 0126 04       		.byte	0x4
 463 0127 92       		.byte	0x92
 464 0128 6B000000 		.4byte	0x6b
 465 012c 0B       		.byte	0xb
 466 012d 00       		.byte	0
 467 012e 09       		.uleb128 0x9
 468 012f 52060000 		.4byte	.LASF26
 469 0133 04       		.byte	0x4
 470 0134 93       		.byte	0x93
 471 0135 D1000000 		.4byte	0xd1
 472 0139 0A       		.uleb128 0xa
 473 013a 6B000000 		.4byte	0x6b
 474 013e 49010000 		.4byte	0x149
 475 0142 0B       		.uleb128 0xb
 476 0143 B0000000 		.4byte	0xb0
 477 0147 00       		.byte	0
 478 0148 00       		.byte	0
 479 0149 07       		.uleb128 0x7
 480 014a 14       		.byte	0x14
 481 014b 05       		.byte	0x5
 482 014c FE       		.byte	0xfe
 483 014d FB010000 		.4byte	0x1fb
 484 0151 0C       		.uleb128 0xc
 485 0152 08050000 		.4byte	.LASF27
 486 0156 05       		.byte	0x5
 487 0157 0301     		.2byte	0x103
 488 0159 77000000 		.4byte	0x77
 489 015d 00       		.byte	0
 490 015e 0C       		.uleb128 0xc
 491 015f 58030000 		.4byte	.LASF28
 492 0163 05       		.byte	0x5
 493 0164 0801     		.2byte	0x108
 494 0166 B9000000 		.4byte	0xb9
 495 016a 02       		.byte	0x2
 496 016b 0C       		.uleb128 0xc
 497 016c FB010000 		.4byte	.LASF29
 498 0170 05       		.byte	0x5
 499 0171 0D01     		.2byte	0x10d
 500 0173 6B000000 		.4byte	0x6b
 501 0177 04       		.byte	0x4
 502 0178 0C       		.uleb128 0xc
 503 0179 44050000 		.4byte	.LASF30
 504 017d 05       		.byte	0x5
 505 017e 1201     		.2byte	0x112
 506 0180 6B000000 		.4byte	0x6b
 507 0184 05       		.byte	0x5
 508 0185 0C       		.uleb128 0xc
ARM GAS  C:\Users\MIHAILO\AppData\Local\Temp\ccc7pEPH.s 			page 14


 509 0186 92030000 		.4byte	.LASF31
 510 018a 05       		.byte	0x5
 511 018b 1801     		.2byte	0x118
 512 018d 6B000000 		.4byte	0x6b
 513 0191 06       		.byte	0x6
 514 0192 0C       		.uleb128 0xc
 515 0193 42010000 		.4byte	.LASF32
 516 0197 05       		.byte	0x5
 517 0198 1E01     		.2byte	0x11e
 518 019a 6B000000 		.4byte	0x6b
 519 019e 07       		.byte	0x7
 520 019f 0C       		.uleb128 0xc
 521 01a0 CA000000 		.4byte	.LASF33
 522 01a4 05       		.byte	0x5
 523 01a5 2501     		.2byte	0x125
 524 01a7 C5000000 		.4byte	0xc5
 525 01ab 08       		.byte	0x8
 526 01ac 0C       		.uleb128 0xc
 527 01ad 12010000 		.4byte	.LASF34
 528 01b1 05       		.byte	0x5
 529 01b2 2C01     		.2byte	0x12c
 530 01b4 39010000 		.4byte	0x139
 531 01b8 09       		.byte	0x9
 532 01b9 0C       		.uleb128 0xc
 533 01ba A7000000 		.4byte	.LASF35
 534 01be 05       		.byte	0x5
 535 01bf 3101     		.2byte	0x131
 536 01c1 6B000000 		.4byte	0x6b
 537 01c5 0A       		.byte	0xa
 538 01c6 0C       		.uleb128 0xc
 539 01c7 C9020000 		.4byte	.LASF36
 540 01cb 05       		.byte	0x5
 541 01cc 3901     		.2byte	0x139
 542 01ce 77000000 		.4byte	0x77
 543 01d2 0C       		.byte	0xc
 544 01d3 0C       		.uleb128 0xc
 545 01d4 BB010000 		.4byte	.LASF37
 546 01d8 05       		.byte	0x5
 547 01d9 3E01     		.2byte	0x13e
 548 01db 6B000000 		.4byte	0x6b
 549 01df 0E       		.byte	0xe
 550 01e0 0C       		.uleb128 0xc
 551 01e1 27060000 		.4byte	.LASF38
 552 01e5 05       		.byte	0x5
 553 01e6 4401     		.2byte	0x144
 554 01e8 77000000 		.4byte	0x77
 555 01ec 10       		.byte	0x10
 556 01ed 0C       		.uleb128 0xc
 557 01ee 70050000 		.4byte	.LASF39
 558 01f2 05       		.byte	0x5
 559 01f3 4901     		.2byte	0x149
 560 01f5 77000000 		.4byte	0x77
 561 01f9 12       		.byte	0x12
 562 01fa 00       		.byte	0
 563 01fb 04       		.uleb128 0x4
 564 01fc 24010000 		.4byte	.LASF40
 565 0200 05       		.byte	0x5
ARM GAS  C:\Users\MIHAILO\AppData\Local\Temp\ccc7pEPH.s 			page 15


 566 0201 4A01     		.2byte	0x14a
 567 0203 49010000 		.4byte	0x149
 568 0207 0D       		.uleb128 0xd
 569 0208 14       		.byte	0x14
 570 0209 05       		.byte	0x5
 571 020a 5001     		.2byte	0x150
 572 020c 1E020000 		.4byte	0x21e
 573 0210 0C       		.uleb128 0xc
 574 0211 9F000000 		.4byte	.LASF41
 575 0215 05       		.byte	0x5
 576 0216 5501     		.2byte	0x155
 577 0218 FB010000 		.4byte	0x1fb
 578 021c 00       		.byte	0
 579 021d 00       		.byte	0
 580 021e 04       		.uleb128 0x4
 581 021f D6020000 		.4byte	.LASF42
 582 0223 05       		.byte	0x5
 583 0224 5601     		.2byte	0x156
 584 0226 07020000 		.4byte	0x207
 585 022a 0D       		.uleb128 0xd
 586 022b 0A       		.byte	0xa
 587 022c 05       		.byte	0x5
 588 022d 5C01     		.2byte	0x15c
 589 022f 82020000 		.4byte	0x282
 590 0233 0E       		.uleb128 0xe
 591 0234 72617700 		.ascii	"raw\000"
 592 0238 05       		.byte	0x5
 593 0239 6101     		.2byte	0x161
 594 023b 82020000 		.4byte	0x282
 595 023f 00       		.byte	0
 596 0240 0C       		.uleb128 0xc
 597 0241 91000000 		.4byte	.LASF43
 598 0245 05       		.byte	0x5
 599 0246 6601     		.2byte	0x166
 600 0248 82020000 		.4byte	0x282
 601 024c 02       		.byte	0x2
 602 024d 0C       		.uleb128 0xc
 603 024e 99050000 		.4byte	.LASF44
 604 0252 05       		.byte	0x5
 605 0253 6C01     		.2byte	0x16c
 606 0255 39010000 		.4byte	0x139
 607 0259 04       		.byte	0x4
 608 025a 0C       		.uleb128 0xc
 609 025b 95060000 		.4byte	.LASF45
 610 025f 05       		.byte	0x5
 611 0260 7101     		.2byte	0x171
 612 0262 B9000000 		.4byte	0xb9
 613 0266 06       		.byte	0x6
 614 0267 0C       		.uleb128 0xc
 615 0268 61030000 		.4byte	.LASF46
 616 026c 05       		.byte	0x5
 617 026d 7601     		.2byte	0x176
 618 026f 92020000 		.4byte	0x292
 619 0273 08       		.byte	0x8
 620 0274 0C       		.uleb128 0xc
 621 0275 92010000 		.4byte	.LASF47
 622 0279 05       		.byte	0x5
ARM GAS  C:\Users\MIHAILO\AppData\Local\Temp\ccc7pEPH.s 			page 16


 623 027a 7B01     		.2byte	0x17b
 624 027c 39010000 		.4byte	0x139
 625 0280 09       		.byte	0x9
 626 0281 00       		.byte	0
 627 0282 0A       		.uleb128 0xa
 628 0283 77000000 		.4byte	0x77
 629 0287 92020000 		.4byte	0x292
 630 028b 0B       		.uleb128 0xb
 631 028c B0000000 		.4byte	0xb0
 632 0290 00       		.byte	0
 633 0291 00       		.byte	0
 634 0292 0A       		.uleb128 0xa
 635 0293 C5000000 		.4byte	0xc5
 636 0297 A2020000 		.4byte	0x2a2
 637 029b 0B       		.uleb128 0xb
 638 029c B0000000 		.4byte	0xb0
 639 02a0 00       		.byte	0
 640 02a1 00       		.byte	0
 641 02a2 04       		.uleb128 0x4
 642 02a3 B2040000 		.4byte	.LASF48
 643 02a7 05       		.byte	0x5
 644 02a8 7C01     		.2byte	0x17c
 645 02aa 2A020000 		.4byte	0x22a
 646 02ae 0D       		.uleb128 0xd
 647 02af 0A       		.byte	0xa
 648 02b0 05       		.byte	0x5
 649 02b1 8201     		.2byte	0x182
 650 02b3 C5020000 		.4byte	0x2c5
 651 02b7 0C       		.uleb128 0xc
 652 02b8 9F000000 		.4byte	.LASF41
 653 02bc 05       		.byte	0x5
 654 02bd 8701     		.2byte	0x187
 655 02bf C5020000 		.4byte	0x2c5
 656 02c3 00       		.byte	0
 657 02c4 00       		.byte	0
 658 02c5 0A       		.uleb128 0xa
 659 02c6 A2020000 		.4byte	0x2a2
 660 02ca D5020000 		.4byte	0x2d5
 661 02ce 0B       		.uleb128 0xb
 662 02cf B0000000 		.4byte	0xb0
 663 02d3 00       		.byte	0
 664 02d4 00       		.byte	0
 665 02d5 04       		.uleb128 0x4
 666 02d6 17040000 		.4byte	.LASF49
 667 02da 05       		.byte	0x5
 668 02db 8801     		.2byte	0x188
 669 02dd AE020000 		.4byte	0x2ae
 670 02e1 0D       		.uleb128 0xd
 671 02e2 44       		.byte	0x44
 672 02e3 05       		.byte	0x5
 673 02e4 8E01     		.2byte	0x18e
 674 02e6 E2030000 		.4byte	0x3e2
 675 02ea 0C       		.uleb128 0xc
 676 02eb 89010000 		.4byte	.LASF50
 677 02ef 05       		.byte	0x5
 678 02f0 9501     		.2byte	0x195
 679 02f2 77000000 		.4byte	0x77
ARM GAS  C:\Users\MIHAILO\AppData\Local\Temp\ccc7pEPH.s 			page 17


 680 02f6 00       		.byte	0
 681 02f7 0C       		.uleb128 0xc
 682 02f8 03020000 		.4byte	.LASF51
 683 02fc 05       		.byte	0x5
 684 02fd 9A01     		.2byte	0x19a
 685 02ff 77000000 		.4byte	0x77
 686 0303 02       		.byte	0x2
 687 0304 0C       		.uleb128 0xc
 688 0305 C9050000 		.4byte	.LASF52
 689 0309 05       		.byte	0x5
 690 030a 9F01     		.2byte	0x19f
 691 030c 77000000 		.4byte	0x77
 692 0310 04       		.byte	0x4
 693 0311 0C       		.uleb128 0xc
 694 0312 A4030000 		.4byte	.LASF53
 695 0316 05       		.byte	0x5
 696 0317 A501     		.2byte	0x1a5
 697 0319 77000000 		.4byte	0x77
 698 031d 06       		.byte	0x6
 699 031e 0C       		.uleb128 0xc
 700 031f 38050000 		.4byte	.LASF54
 701 0323 05       		.byte	0x5
 702 0324 AA01     		.2byte	0x1aa
 703 0326 77000000 		.4byte	0x77
 704 032a 08       		.byte	0x8
 705 032b 0C       		.uleb128 0xc
 706 032c E5040000 		.4byte	.LASF55
 707 0330 05       		.byte	0x5
 708 0331 AF01     		.2byte	0x1af
 709 0333 A4000000 		.4byte	0xa4
 710 0337 0C       		.byte	0xc
 711 0338 0C       		.uleb128 0xc
 712 0339 86040000 		.4byte	.LASF56
 713 033d 05       		.byte	0x5
 714 033e B501     		.2byte	0x1b5
 715 0340 E2030000 		.4byte	0x3e2
 716 0344 10       		.byte	0x10
 717 0345 0C       		.uleb128 0xc
 718 0346 B9030000 		.4byte	.LASF57
 719 034a 05       		.byte	0x5
 720 034b BC01     		.2byte	0x1bc
 721 034d E2030000 		.4byte	0x3e2
 722 0351 14       		.byte	0x14
 723 0352 0C       		.uleb128 0xc
 724 0353 83060000 		.4byte	.LASF58
 725 0357 05       		.byte	0x5
 726 0358 CC01     		.2byte	0x1cc
 727 035a 39010000 		.4byte	0x139
 728 035e 18       		.byte	0x18
 729 035f 0C       		.uleb128 0xc
 730 0360 9B010000 		.4byte	.LASF59
 731 0364 05       		.byte	0x5
 732 0365 D201     		.2byte	0x1d2
 733 0367 77000000 		.4byte	0x77
 734 036b 1A       		.byte	0x1a
 735 036c 0C       		.uleb128 0xc
 736 036d 2E050000 		.4byte	.LASF60
ARM GAS  C:\Users\MIHAILO\AppData\Local\Temp\ccc7pEPH.s 			page 18


 737 0371 05       		.byte	0x5
 738 0372 D701     		.2byte	0x1d7
 739 0374 6B000000 		.4byte	0x6b
 740 0378 1C       		.byte	0x1c
 741 0379 0C       		.uleb128 0xc
 742 037a 53000000 		.4byte	.LASF61
 743 037e 05       		.byte	0x5
 744 037f DC01     		.2byte	0x1dc
 745 0381 1E020000 		.4byte	0x21e
 746 0385 1E       		.byte	0x1e
 747 0386 0C       		.uleb128 0xc
 748 0387 26050000 		.4byte	.LASF62
 749 038b 05       		.byte	0x5
 750 038c E101     		.2byte	0x1e1
 751 038e D5020000 		.4byte	0x2d5
 752 0392 32       		.byte	0x32
 753 0393 0C       		.uleb128 0xc
 754 0394 42060000 		.4byte	.LASF63
 755 0398 05       		.byte	0x5
 756 0399 E601     		.2byte	0x1e6
 757 039b 6B000000 		.4byte	0x6b
 758 039f 3C       		.byte	0x3c
 759 03a0 0C       		.uleb128 0xc
 760 03a1 F2020000 		.4byte	.LASF64
 761 03a5 05       		.byte	0x5
 762 03a6 EB01     		.2byte	0x1eb
 763 03a8 6B000000 		.4byte	0x6b
 764 03ac 3D       		.byte	0x3d
 765 03ad 0C       		.uleb128 0xc
 766 03ae F5040000 		.4byte	.LASF65
 767 03b2 05       		.byte	0x5
 768 03b3 F001     		.2byte	0x1f0
 769 03b5 77000000 		.4byte	0x77
 770 03b9 3E       		.byte	0x3e
 771 03ba 0C       		.uleb128 0xc
 772 03bb 5C000000 		.4byte	.LASF66
 773 03bf 05       		.byte	0x5
 774 03c0 F501     		.2byte	0x1f5
 775 03c2 82020000 		.4byte	0x282
 776 03c6 40       		.byte	0x40
 777 03c7 0C       		.uleb128 0xc
 778 03c8 7E050000 		.4byte	.LASF67
 779 03cc 05       		.byte	0x5
 780 03cd FA01     		.2byte	0x1fa
 781 03cf 6B000000 		.4byte	0x6b
 782 03d3 42       		.byte	0x42
 783 03d4 0C       		.uleb128 0xc
 784 03d5 6C000000 		.4byte	.LASF68
 785 03d9 05       		.byte	0x5
 786 03da FF01     		.2byte	0x1ff
 787 03dc 6B000000 		.4byte	0x6b
 788 03e0 43       		.byte	0x43
 789 03e1 00       		.byte	0
 790 03e2 0A       		.uleb128 0xa
 791 03e3 83000000 		.4byte	0x83
 792 03e7 F2030000 		.4byte	0x3f2
 793 03eb 0B       		.uleb128 0xb
ARM GAS  C:\Users\MIHAILO\AppData\Local\Temp\ccc7pEPH.s 			page 19


 794 03ec B0000000 		.4byte	0xb0
 795 03f0 00       		.byte	0
 796 03f1 00       		.byte	0
 797 03f2 04       		.uleb128 0x4
 798 03f3 5C050000 		.4byte	.LASF69
 799 03f7 05       		.byte	0x5
 800 03f8 0002     		.2byte	0x200
 801 03fa E1020000 		.4byte	0x2e1
 802 03fe 0D       		.uleb128 0xd
 803 03ff 20       		.byte	0x20
 804 0400 05       		.byte	0x5
 805 0401 6702     		.2byte	0x267
 806 0403 8A040000 		.4byte	0x48a
 807 0407 0C       		.uleb128 0xc
 808 0408 00060000 		.4byte	.LASF70
 809 040c 05       		.byte	0x5
 810 040d 7002     		.2byte	0x270
 811 040f 8A040000 		.4byte	0x48a
 812 0413 00       		.byte	0
 813 0414 0C       		.uleb128 0xc
 814 0415 6F030000 		.4byte	.LASF71
 815 0419 05       		.byte	0x5
 816 041a 7702     		.2byte	0x277
 817 041c B7000000 		.4byte	0xb7
 818 0420 04       		.byte	0x4
 819 0421 0C       		.uleb128 0xc
 820 0422 F5050000 		.4byte	.LASF72
 821 0426 05       		.byte	0x5
 822 0427 7D02     		.2byte	0x27d
 823 0429 91040000 		.4byte	0x491
 824 042d 08       		.byte	0x8
 825 042e 0C       		.uleb128 0xc
 826 042f 0D060000 		.4byte	.LASF73
 827 0433 05       		.byte	0x5
 828 0434 8302     		.2byte	0x283
 829 0436 B7000000 		.4byte	0xb7
 830 043a 0C       		.byte	0xc
 831 043b 0C       		.uleb128 0xc
 832 043c B3020000 		.4byte	.LASF74
 833 0440 05       		.byte	0x5
 834 0441 8A02     		.2byte	0x28a
 835 0443 97040000 		.4byte	0x497
 836 0447 10       		.byte	0x10
 837 0448 0C       		.uleb128 0xc
 838 0449 4B040000 		.4byte	.LASF75
 839 044d 05       		.byte	0x5
 840 044e 8F02     		.2byte	0x28f
 841 0450 83000000 		.4byte	0x83
 842 0454 14       		.byte	0x14
 843 0455 0C       		.uleb128 0xc
 844 0456 EB000000 		.4byte	.LASF76
 845 045a 05       		.byte	0x5
 846 045b 9602     		.2byte	0x296
 847 045d 77000000 		.4byte	0x77
 848 0461 18       		.byte	0x18
 849 0462 0C       		.uleb128 0xc
 850 0463 27030000 		.4byte	.LASF77
ARM GAS  C:\Users\MIHAILO\AppData\Local\Temp\ccc7pEPH.s 			page 20


 851 0467 05       		.byte	0x5
 852 0468 9D02     		.2byte	0x29d
 853 046a 6B000000 		.4byte	0x6b
 854 046e 1A       		.byte	0x1a
 855 046f 0C       		.uleb128 0xc
 856 0470 8A030000 		.4byte	.LASF78
 857 0474 05       		.byte	0x5
 858 0475 A702     		.2byte	0x2a7
 859 0477 6B000000 		.4byte	0x6b
 860 047b 1B       		.byte	0x1b
 861 047c 0C       		.uleb128 0xc
 862 047d 9A060000 		.4byte	.LASF79
 863 0481 05       		.byte	0x5
 864 0482 AF02     		.2byte	0x2af
 865 0484 9D040000 		.4byte	0x49d
 866 0488 1C       		.byte	0x1c
 867 0489 00       		.byte	0
 868 048a 0F       		.uleb128 0xf
 869 048b 04       		.byte	0x4
 870 048c 90040000 		.4byte	0x490
 871 0490 10       		.uleb128 0x10
 872 0491 0F       		.uleb128 0xf
 873 0492 04       		.byte	0x4
 874 0493 A2020000 		.4byte	0x2a2
 875 0497 0F       		.uleb128 0xf
 876 0498 04       		.byte	0x4
 877 0499 6B000000 		.4byte	0x6b
 878 049d 0F       		.uleb128 0xf
 879 049e 04       		.byte	0x4
 880 049f 2E010000 		.4byte	0x12e
 881 04a3 04       		.uleb128 0x4
 882 04a4 70010000 		.4byte	.LASF80
 883 04a8 05       		.byte	0x5
 884 04a9 B002     		.2byte	0x2b0
 885 04ab FE030000 		.4byte	0x3fe
 886 04af 0D       		.uleb128 0xd
 887 04b0 20       		.byte	0x20
 888 04b1 05       		.byte	0x5
 889 04b2 B602     		.2byte	0x2b6
 890 04b4 C6040000 		.4byte	0x4c6
 891 04b8 0C       		.uleb128 0xc
 892 04b9 1D060000 		.4byte	.LASF81
 893 04bd 05       		.byte	0x5
 894 04be BB02     		.2byte	0x2bb
 895 04c0 C6040000 		.4byte	0x4c6
 896 04c4 00       		.byte	0
 897 04c5 00       		.byte	0
 898 04c6 0A       		.uleb128 0xa
 899 04c7 A3040000 		.4byte	0x4a3
 900 04cb D6040000 		.4byte	0x4d6
 901 04cf 0B       		.uleb128 0xb
 902 04d0 B0000000 		.4byte	0xb0
 903 04d4 00       		.byte	0
 904 04d5 00       		.byte	0
 905 04d6 04       		.uleb128 0x4
 906 04d7 3D000000 		.4byte	.LASF82
 907 04db 05       		.byte	0x5
ARM GAS  C:\Users\MIHAILO\AppData\Local\Temp\ccc7pEPH.s 			page 21


 908 04dc BC02     		.2byte	0x2bc
 909 04de AF040000 		.4byte	0x4af
 910 04e2 11       		.uleb128 0x11
 911 04e3 01       		.byte	0x1
 912 04e4 2C000000 		.4byte	0x2c
 913 04e8 06       		.byte	0x6
 914 04e9 2E       		.byte	0x2e
 915 04ea 19050000 		.4byte	0x519
 916 04ee 12       		.uleb128 0x12
 917 04ef D6010000 		.4byte	.LASF83
 918 04f3 00       		.byte	0
 919 04f4 12       		.uleb128 0x12
 920 04f5 98040000 		.4byte	.LASF84
 921 04f9 01       		.byte	0x1
 922 04fa 12       		.uleb128 0x12
 923 04fb DC050000 		.4byte	.LASF85
 924 04ff 02       		.byte	0x2
 925 0500 12       		.uleb128 0x12
 926 0501 56010000 		.4byte	.LASF86
 927 0505 03       		.byte	0x3
 928 0506 12       		.uleb128 0x12
 929 0507 A1050000 		.4byte	.LASF87
 930 050b 04       		.byte	0x4
 931 050c 12       		.uleb128 0x12
 932 050d 02030000 		.4byte	.LASF88
 933 0511 05       		.byte	0x5
 934 0512 12       		.uleb128 0x12
 935 0513 F7000000 		.4byte	.LASF89
 936 0517 06       		.byte	0x6
 937 0518 00       		.byte	0
 938 0519 09       		.uleb128 0x9
 939 051a B5000000 		.4byte	.LASF90
 940 051e 06       		.byte	0x6
 941 051f 36       		.byte	0x36
 942 0520 E2040000 		.4byte	0x4e2
 943 0524 13       		.uleb128 0x13
 944 0525 7B000000 		.4byte	.LASF108
 945 0529 01       		.byte	0x1
 946 052a 44       		.byte	0x44
 947 052b 00000000 		.4byte	.LFB0
 948 052f 14000000 		.4byte	.LFE0-.LFB0
 949 0533 01       		.uleb128 0x1
 950 0534 9C       		.byte	0x9c
 951 0535 45050000 		.4byte	0x545
 952 0539 14       		.uleb128 0x14
 953 053a C0050000 		.4byte	.LASF97
 954 053e 01       		.byte	0x1
 955 053f 46       		.byte	0x46
 956 0540 45050000 		.4byte	0x545
 957 0544 00       		.byte	0
 958 0545 0F       		.uleb128 0xf
 959 0546 04       		.byte	0x4
 960 0547 4B050000 		.4byte	0x54b
 961 054b 05       		.uleb128 0x5
 962 054c F2030000 		.4byte	0x3f2
 963 0550 15       		.uleb128 0x15
 964 0551 A1020000 		.4byte	.LASF109
ARM GAS  C:\Users\MIHAILO\AppData\Local\Temp\ccc7pEPH.s 			page 22


 965 0555 01       		.byte	0x1
 966 0556 73       		.byte	0x73
 967 0557 83000000 		.4byte	0x83
 968 055b 00000000 		.4byte	.LFB1
 969 055f 0C010000 		.4byte	.LFE1-.LFB1
 970 0563 01       		.uleb128 0x1
 971 0564 9C       		.byte	0x9c
 972 0565 1D060000 		.4byte	0x61d
 973 0569 16       		.uleb128 0x16
 974 056a 4D050000 		.4byte	.LASF91
 975 056e 01       		.byte	0x1
 976 056f 75       		.byte	0x75
 977 0570 6B000000 		.4byte	0x6b
 978 0574 00000000 		.4byte	.LLST0
 979 0578 16       		.uleb128 0x16
 980 0579 EC040000 		.4byte	.LASF92
 981 057d 01       		.byte	0x1
 982 057e 76       		.byte	0x76
 983 057f 83000000 		.4byte	0x83
 984 0583 29000000 		.4byte	.LLST1
 985 0587 16       		.uleb128 0x16
 986 0588 96000000 		.4byte	.LASF93
 987 058c 01       		.byte	0x1
 988 058d 77       		.byte	0x77
 989 058e 83000000 		.4byte	0x83
 990 0592 3C000000 		.4byte	.LLST2
 991 0596 16       		.uleb128 0x16
 992 0597 D1050000 		.4byte	.LASF94
 993 059b 01       		.byte	0x1
 994 059c 78       		.byte	0x78
 995 059d 83000000 		.4byte	0x83
 996 05a1 4F000000 		.4byte	.LLST3
 997 05a5 16       		.uleb128 0x16
 998 05a6 8D060000 		.4byte	.LASF95
 999 05aa 01       		.byte	0x1
 1000 05ab 79       		.byte	0x79
 1001 05ac 19050000 		.4byte	0x519
 1002 05b0 0F010000 		.4byte	.LLST4
 1003 05b4 16       		.uleb128 0x16
 1004 05b5 77060000 		.4byte	.LASF96
 1005 05b9 01       		.byte	0x1
 1006 05ba 7A       		.byte	0x7a
 1007 05bb 83000000 		.4byte	0x83
 1008 05bf 22010000 		.4byte	.LLST5
 1009 05c3 14       		.uleb128 0x14
 1010 05c4 C0050000 		.4byte	.LASF97
 1011 05c8 01       		.byte	0x1
 1012 05c9 7C       		.byte	0x7c
 1013 05ca 45050000 		.4byte	0x545
 1014 05ce 16       		.uleb128 0x16
 1015 05cf C4030000 		.4byte	.LASF98
 1016 05d3 01       		.byte	0x1
 1017 05d4 7D       		.byte	0x7d
 1018 05d5 1D060000 		.4byte	0x61d
 1019 05d9 63010000 		.4byte	.LLST6
 1020 05dd 17       		.uleb128 0x17
 1021 05de 12000000 		.4byte	.LVL3
ARM GAS  C:\Users\MIHAILO\AppData\Local\Temp\ccc7pEPH.s 			page 23


 1022 05e2 56060000 		.4byte	0x656
 1023 05e6 17       		.uleb128 0x17
 1024 05e7 1C000000 		.4byte	.LVL4
 1025 05eb 61060000 		.4byte	0x661
 1026 05ef 17       		.uleb128 0x17
 1027 05f0 46000000 		.4byte	.LVL10
 1028 05f4 6C060000 		.4byte	0x66c
 1029 05f8 17       		.uleb128 0x17
 1030 05f9 76000000 		.4byte	.LVL19
 1031 05fd 56060000 		.4byte	0x656
 1032 0601 17       		.uleb128 0x17
 1033 0602 90000000 		.4byte	.LVL20
 1034 0606 61060000 		.4byte	0x661
 1035 060a 17       		.uleb128 0x17
 1036 060b DE000000 		.4byte	.LVL28
 1037 060f 56060000 		.4byte	0x656
 1038 0613 17       		.uleb128 0x17
 1039 0614 F2000000 		.4byte	.LVL29
 1040 0618 61060000 		.4byte	0x661
 1041 061c 00       		.byte	0
 1042 061d 0F       		.uleb128 0xf
 1043 061e 04       		.byte	0x4
 1044 061f 23060000 		.4byte	0x623
 1045 0623 05       		.uleb128 0x5
 1046 0624 A2020000 		.4byte	0x2a2
 1047 0628 18       		.uleb128 0x18
 1048 0629 89050000 		.4byte	.LASF99
 1049 062d 01       		.byte	0x1
 1050 062e 35       		.byte	0x35
 1051 062f 83000000 		.4byte	0x83
 1052 0633 05       		.uleb128 0x5
 1053 0634 03       		.byte	0x3
 1054 0635 00000000 		.4byte	tunerFsm
 1055 0639 19       		.uleb128 0x19
 1056 063a 7B030000 		.4byte	.LASF100
 1057 063e 05       		.byte	0x5
 1058 063f 5004     		.2byte	0x450
 1059 0641 F2030000 		.4byte	0x3f2
 1060 0645 19       		.uleb128 0x19
 1061 0646 31060000 		.4byte	.LASF101
 1062 064a 05       		.byte	0x5
 1063 064b 5104     		.2byte	0x451
 1064 064d 51060000 		.4byte	0x651
 1065 0651 1A       		.uleb128 0x1a
 1066 0652 D6040000 		.4byte	0x4d6
 1067 0656 1B       		.uleb128 0x1b
 1068 0657 CE030000 		.4byte	.LASF102
 1069 065b CE030000 		.4byte	.LASF102
 1070 065f 07       		.byte	0x7
 1071 0660 F8       		.byte	0xf8
 1072 0661 1B       		.uleb128 0x1b
 1073 0662 D5000000 		.4byte	.LASF103
 1074 0666 D5000000 		.4byte	.LASF103
 1075 066a 07       		.byte	0x7
 1076 066b F9       		.byte	0xf9
 1077 066c 1B       		.uleb128 0x1b
 1078 066d 58040000 		.4byte	.LASF104
ARM GAS  C:\Users\MIHAILO\AppData\Local\Temp\ccc7pEPH.s 			page 24


 1079 0671 58040000 		.4byte	.LASF104
 1080 0675 08       		.byte	0x8
 1081 0676 3B       		.byte	0x3b
 1082 0677 00       		.byte	0
 1083              		.section	.debug_abbrev,"",%progbits
 1084              	.Ldebug_abbrev0:
 1085 0000 01       		.uleb128 0x1
 1086 0001 11       		.uleb128 0x11
 1087 0002 01       		.byte	0x1
 1088 0003 25       		.uleb128 0x25
 1089 0004 0E       		.uleb128 0xe
 1090 0005 13       		.uleb128 0x13
 1091 0006 0B       		.uleb128 0xb
 1092 0007 03       		.uleb128 0x3
 1093 0008 0E       		.uleb128 0xe
 1094 0009 1B       		.uleb128 0x1b
 1095 000a 0E       		.uleb128 0xe
 1096 000b 55       		.uleb128 0x55
 1097 000c 17       		.uleb128 0x17
 1098 000d 11       		.uleb128 0x11
 1099 000e 01       		.uleb128 0x1
 1100 000f 10       		.uleb128 0x10
 1101 0010 17       		.uleb128 0x17
 1102 0011 00       		.byte	0
 1103 0012 00       		.byte	0
 1104 0013 02       		.uleb128 0x2
 1105 0014 24       		.uleb128 0x24
 1106 0015 00       		.byte	0
 1107 0016 0B       		.uleb128 0xb
 1108 0017 0B       		.uleb128 0xb
 1109 0018 3E       		.uleb128 0x3e
 1110 0019 0B       		.uleb128 0xb
 1111 001a 03       		.uleb128 0x3
 1112 001b 0E       		.uleb128 0xe
 1113 001c 00       		.byte	0
 1114 001d 00       		.byte	0
 1115 001e 03       		.uleb128 0x3
 1116 001f 24       		.uleb128 0x24
 1117 0020 00       		.byte	0
 1118 0021 0B       		.uleb128 0xb
 1119 0022 0B       		.uleb128 0xb
 1120 0023 3E       		.uleb128 0x3e
 1121 0024 0B       		.uleb128 0xb
 1122 0025 03       		.uleb128 0x3
 1123 0026 08       		.uleb128 0x8
 1124 0027 00       		.byte	0
 1125 0028 00       		.byte	0
 1126 0029 04       		.uleb128 0x4
 1127 002a 16       		.uleb128 0x16
 1128 002b 00       		.byte	0
 1129 002c 03       		.uleb128 0x3
 1130 002d 0E       		.uleb128 0xe
 1131 002e 3A       		.uleb128 0x3a
 1132 002f 0B       		.uleb128 0xb
 1133 0030 3B       		.uleb128 0x3b
 1134 0031 05       		.uleb128 0x5
 1135 0032 49       		.uleb128 0x49
ARM GAS  C:\Users\MIHAILO\AppData\Local\Temp\ccc7pEPH.s 			page 25


 1136 0033 13       		.uleb128 0x13
 1137 0034 00       		.byte	0
 1138 0035 00       		.byte	0
 1139 0036 05       		.uleb128 0x5
 1140 0037 35       		.uleb128 0x35
 1141 0038 00       		.byte	0
 1142 0039 49       		.uleb128 0x49
 1143 003a 13       		.uleb128 0x13
 1144 003b 00       		.byte	0
 1145 003c 00       		.byte	0
 1146 003d 06       		.uleb128 0x6
 1147 003e 0F       		.uleb128 0xf
 1148 003f 00       		.byte	0
 1149 0040 0B       		.uleb128 0xb
 1150 0041 0B       		.uleb128 0xb
 1151 0042 00       		.byte	0
 1152 0043 00       		.byte	0
 1153 0044 07       		.uleb128 0x7
 1154 0045 13       		.uleb128 0x13
 1155 0046 01       		.byte	0x1
 1156 0047 0B       		.uleb128 0xb
 1157 0048 0B       		.uleb128 0xb
 1158 0049 3A       		.uleb128 0x3a
 1159 004a 0B       		.uleb128 0xb
 1160 004b 3B       		.uleb128 0x3b
 1161 004c 0B       		.uleb128 0xb
 1162 004d 01       		.uleb128 0x1
 1163 004e 13       		.uleb128 0x13
 1164 004f 00       		.byte	0
 1165 0050 00       		.byte	0
 1166 0051 08       		.uleb128 0x8
 1167 0052 0D       		.uleb128 0xd
 1168 0053 00       		.byte	0
 1169 0054 03       		.uleb128 0x3
 1170 0055 0E       		.uleb128 0xe
 1171 0056 3A       		.uleb128 0x3a
 1172 0057 0B       		.uleb128 0xb
 1173 0058 3B       		.uleb128 0x3b
 1174 0059 0B       		.uleb128 0xb
 1175 005a 49       		.uleb128 0x49
 1176 005b 13       		.uleb128 0x13
 1177 005c 38       		.uleb128 0x38
 1178 005d 0B       		.uleb128 0xb
 1179 005e 00       		.byte	0
 1180 005f 00       		.byte	0
 1181 0060 09       		.uleb128 0x9
 1182 0061 16       		.uleb128 0x16
 1183 0062 00       		.byte	0
 1184 0063 03       		.uleb128 0x3
 1185 0064 0E       		.uleb128 0xe
 1186 0065 3A       		.uleb128 0x3a
 1187 0066 0B       		.uleb128 0xb
 1188 0067 3B       		.uleb128 0x3b
 1189 0068 0B       		.uleb128 0xb
 1190 0069 49       		.uleb128 0x49
 1191 006a 13       		.uleb128 0x13
 1192 006b 00       		.byte	0
ARM GAS  C:\Users\MIHAILO\AppData\Local\Temp\ccc7pEPH.s 			page 26


 1193 006c 00       		.byte	0
 1194 006d 0A       		.uleb128 0xa
 1195 006e 01       		.uleb128 0x1
 1196 006f 01       		.byte	0x1
 1197 0070 49       		.uleb128 0x49
 1198 0071 13       		.uleb128 0x13
 1199 0072 01       		.uleb128 0x1
 1200 0073 13       		.uleb128 0x13
 1201 0074 00       		.byte	0
 1202 0075 00       		.byte	0
 1203 0076 0B       		.uleb128 0xb
 1204 0077 21       		.uleb128 0x21
 1205 0078 00       		.byte	0
 1206 0079 49       		.uleb128 0x49
 1207 007a 13       		.uleb128 0x13
 1208 007b 2F       		.uleb128 0x2f
 1209 007c 0B       		.uleb128 0xb
 1210 007d 00       		.byte	0
 1211 007e 00       		.byte	0
 1212 007f 0C       		.uleb128 0xc
 1213 0080 0D       		.uleb128 0xd
 1214 0081 00       		.byte	0
 1215 0082 03       		.uleb128 0x3
 1216 0083 0E       		.uleb128 0xe
 1217 0084 3A       		.uleb128 0x3a
 1218 0085 0B       		.uleb128 0xb
 1219 0086 3B       		.uleb128 0x3b
 1220 0087 05       		.uleb128 0x5
 1221 0088 49       		.uleb128 0x49
 1222 0089 13       		.uleb128 0x13
 1223 008a 38       		.uleb128 0x38
 1224 008b 0B       		.uleb128 0xb
 1225 008c 00       		.byte	0
 1226 008d 00       		.byte	0
 1227 008e 0D       		.uleb128 0xd
 1228 008f 13       		.uleb128 0x13
 1229 0090 01       		.byte	0x1
 1230 0091 0B       		.uleb128 0xb
 1231 0092 0B       		.uleb128 0xb
 1232 0093 3A       		.uleb128 0x3a
 1233 0094 0B       		.uleb128 0xb
 1234 0095 3B       		.uleb128 0x3b
 1235 0096 05       		.uleb128 0x5
 1236 0097 01       		.uleb128 0x1
 1237 0098 13       		.uleb128 0x13
 1238 0099 00       		.byte	0
 1239 009a 00       		.byte	0
 1240 009b 0E       		.uleb128 0xe
 1241 009c 0D       		.uleb128 0xd
 1242 009d 00       		.byte	0
 1243 009e 03       		.uleb128 0x3
 1244 009f 08       		.uleb128 0x8
 1245 00a0 3A       		.uleb128 0x3a
 1246 00a1 0B       		.uleb128 0xb
 1247 00a2 3B       		.uleb128 0x3b
 1248 00a3 05       		.uleb128 0x5
 1249 00a4 49       		.uleb128 0x49
ARM GAS  C:\Users\MIHAILO\AppData\Local\Temp\ccc7pEPH.s 			page 27


 1250 00a5 13       		.uleb128 0x13
 1251 00a6 38       		.uleb128 0x38
 1252 00a7 0B       		.uleb128 0xb
 1253 00a8 00       		.byte	0
 1254 00a9 00       		.byte	0
 1255 00aa 0F       		.uleb128 0xf
 1256 00ab 0F       		.uleb128 0xf
 1257 00ac 00       		.byte	0
 1258 00ad 0B       		.uleb128 0xb
 1259 00ae 0B       		.uleb128 0xb
 1260 00af 49       		.uleb128 0x49
 1261 00b0 13       		.uleb128 0x13
 1262 00b1 00       		.byte	0
 1263 00b2 00       		.byte	0
 1264 00b3 10       		.uleb128 0x10
 1265 00b4 26       		.uleb128 0x26
 1266 00b5 00       		.byte	0
 1267 00b6 00       		.byte	0
 1268 00b7 00       		.byte	0
 1269 00b8 11       		.uleb128 0x11
 1270 00b9 04       		.uleb128 0x4
 1271 00ba 01       		.byte	0x1
 1272 00bb 0B       		.uleb128 0xb
 1273 00bc 0B       		.uleb128 0xb
 1274 00bd 49       		.uleb128 0x49
 1275 00be 13       		.uleb128 0x13
 1276 00bf 3A       		.uleb128 0x3a
 1277 00c0 0B       		.uleb128 0xb
 1278 00c1 3B       		.uleb128 0x3b
 1279 00c2 0B       		.uleb128 0xb
 1280 00c3 01       		.uleb128 0x1
 1281 00c4 13       		.uleb128 0x13
 1282 00c5 00       		.byte	0
 1283 00c6 00       		.byte	0
 1284 00c7 12       		.uleb128 0x12
 1285 00c8 28       		.uleb128 0x28
 1286 00c9 00       		.byte	0
 1287 00ca 03       		.uleb128 0x3
 1288 00cb 0E       		.uleb128 0xe
 1289 00cc 1C       		.uleb128 0x1c
 1290 00cd 0B       		.uleb128 0xb
 1291 00ce 00       		.byte	0
 1292 00cf 00       		.byte	0
 1293 00d0 13       		.uleb128 0x13
 1294 00d1 2E       		.uleb128 0x2e
 1295 00d2 01       		.byte	0x1
 1296 00d3 3F       		.uleb128 0x3f
 1297 00d4 19       		.uleb128 0x19
 1298 00d5 03       		.uleb128 0x3
 1299 00d6 0E       		.uleb128 0xe
 1300 00d7 3A       		.uleb128 0x3a
 1301 00d8 0B       		.uleb128 0xb
 1302 00d9 3B       		.uleb128 0x3b
 1303 00da 0B       		.uleb128 0xb
 1304 00db 27       		.uleb128 0x27
 1305 00dc 19       		.uleb128 0x19
 1306 00dd 11       		.uleb128 0x11
ARM GAS  C:\Users\MIHAILO\AppData\Local\Temp\ccc7pEPH.s 			page 28


 1307 00de 01       		.uleb128 0x1
 1308 00df 12       		.uleb128 0x12
 1309 00e0 06       		.uleb128 0x6
 1310 00e1 40       		.uleb128 0x40
 1311 00e2 18       		.uleb128 0x18
 1312 00e3 9742     		.uleb128 0x2117
 1313 00e5 19       		.uleb128 0x19
 1314 00e6 01       		.uleb128 0x1
 1315 00e7 13       		.uleb128 0x13
 1316 00e8 00       		.byte	0
 1317 00e9 00       		.byte	0
 1318 00ea 14       		.uleb128 0x14
 1319 00eb 34       		.uleb128 0x34
 1320 00ec 00       		.byte	0
 1321 00ed 03       		.uleb128 0x3
 1322 00ee 0E       		.uleb128 0xe
 1323 00ef 3A       		.uleb128 0x3a
 1324 00f0 0B       		.uleb128 0xb
 1325 00f1 3B       		.uleb128 0x3b
 1326 00f2 0B       		.uleb128 0xb
 1327 00f3 49       		.uleb128 0x49
 1328 00f4 13       		.uleb128 0x13
 1329 00f5 00       		.byte	0
 1330 00f6 00       		.byte	0
 1331 00f7 15       		.uleb128 0x15
 1332 00f8 2E       		.uleb128 0x2e
 1333 00f9 01       		.byte	0x1
 1334 00fa 3F       		.uleb128 0x3f
 1335 00fb 19       		.uleb128 0x19
 1336 00fc 03       		.uleb128 0x3
 1337 00fd 0E       		.uleb128 0xe
 1338 00fe 3A       		.uleb128 0x3a
 1339 00ff 0B       		.uleb128 0xb
 1340 0100 3B       		.uleb128 0x3b
 1341 0101 0B       		.uleb128 0xb
 1342 0102 27       		.uleb128 0x27
 1343 0103 19       		.uleb128 0x19
 1344 0104 49       		.uleb128 0x49
 1345 0105 13       		.uleb128 0x13
 1346 0106 11       		.uleb128 0x11
 1347 0107 01       		.uleb128 0x1
 1348 0108 12       		.uleb128 0x12
 1349 0109 06       		.uleb128 0x6
 1350 010a 40       		.uleb128 0x40
 1351 010b 18       		.uleb128 0x18
 1352 010c 9742     		.uleb128 0x2117
 1353 010e 19       		.uleb128 0x19
 1354 010f 01       		.uleb128 0x1
 1355 0110 13       		.uleb128 0x13
 1356 0111 00       		.byte	0
 1357 0112 00       		.byte	0
 1358 0113 16       		.uleb128 0x16
 1359 0114 34       		.uleb128 0x34
 1360 0115 00       		.byte	0
 1361 0116 03       		.uleb128 0x3
 1362 0117 0E       		.uleb128 0xe
 1363 0118 3A       		.uleb128 0x3a
ARM GAS  C:\Users\MIHAILO\AppData\Local\Temp\ccc7pEPH.s 			page 29


 1364 0119 0B       		.uleb128 0xb
 1365 011a 3B       		.uleb128 0x3b
 1366 011b 0B       		.uleb128 0xb
 1367 011c 49       		.uleb128 0x49
 1368 011d 13       		.uleb128 0x13
 1369 011e 02       		.uleb128 0x2
 1370 011f 17       		.uleb128 0x17
 1371 0120 00       		.byte	0
 1372 0121 00       		.byte	0
 1373 0122 17       		.uleb128 0x17
 1374 0123 898201   		.uleb128 0x4109
 1375 0126 00       		.byte	0
 1376 0127 11       		.uleb128 0x11
 1377 0128 01       		.uleb128 0x1
 1378 0129 31       		.uleb128 0x31
 1379 012a 13       		.uleb128 0x13
 1380 012b 00       		.byte	0
 1381 012c 00       		.byte	0
 1382 012d 18       		.uleb128 0x18
 1383 012e 34       		.uleb128 0x34
 1384 012f 00       		.byte	0
 1385 0130 03       		.uleb128 0x3
 1386 0131 0E       		.uleb128 0xe
 1387 0132 3A       		.uleb128 0x3a
 1388 0133 0B       		.uleb128 0xb
 1389 0134 3B       		.uleb128 0x3b
 1390 0135 0B       		.uleb128 0xb
 1391 0136 49       		.uleb128 0x49
 1392 0137 13       		.uleb128 0x13
 1393 0138 02       		.uleb128 0x2
 1394 0139 18       		.uleb128 0x18
 1395 013a 00       		.byte	0
 1396 013b 00       		.byte	0
 1397 013c 19       		.uleb128 0x19
 1398 013d 34       		.uleb128 0x34
 1399 013e 00       		.byte	0
 1400 013f 03       		.uleb128 0x3
 1401 0140 0E       		.uleb128 0xe
 1402 0141 3A       		.uleb128 0x3a
 1403 0142 0B       		.uleb128 0xb
 1404 0143 3B       		.uleb128 0x3b
 1405 0144 05       		.uleb128 0x5
 1406 0145 49       		.uleb128 0x49
 1407 0146 13       		.uleb128 0x13
 1408 0147 3F       		.uleb128 0x3f
 1409 0148 19       		.uleb128 0x19
 1410 0149 3C       		.uleb128 0x3c
 1411 014a 19       		.uleb128 0x19
 1412 014b 00       		.byte	0
 1413 014c 00       		.byte	0
 1414 014d 1A       		.uleb128 0x1a
 1415 014e 26       		.uleb128 0x26
 1416 014f 00       		.byte	0
 1417 0150 49       		.uleb128 0x49
 1418 0151 13       		.uleb128 0x13
 1419 0152 00       		.byte	0
 1420 0153 00       		.byte	0
ARM GAS  C:\Users\MIHAILO\AppData\Local\Temp\ccc7pEPH.s 			page 30


 1421 0154 1B       		.uleb128 0x1b
 1422 0155 2E       		.uleb128 0x2e
 1423 0156 00       		.byte	0
 1424 0157 3F       		.uleb128 0x3f
 1425 0158 19       		.uleb128 0x19
 1426 0159 3C       		.uleb128 0x3c
 1427 015a 19       		.uleb128 0x19
 1428 015b 6E       		.uleb128 0x6e
 1429 015c 0E       		.uleb128 0xe
 1430 015d 03       		.uleb128 0x3
 1431 015e 0E       		.uleb128 0xe
 1432 015f 3A       		.uleb128 0x3a
 1433 0160 0B       		.uleb128 0xb
 1434 0161 3B       		.uleb128 0x3b
 1435 0162 0B       		.uleb128 0xb
 1436 0163 00       		.byte	0
 1437 0164 00       		.byte	0
 1438 0165 00       		.byte	0
 1439              		.section	.debug_loc,"",%progbits
 1440              	.Ldebug_loc0:
 1441              	.LLST0:
 1442 0000 12000000 		.4byte	.LVL3
 1443 0004 1B000000 		.4byte	.LVL4-1
 1444 0008 0100     		.2byte	0x1
 1445 000a 50       		.byte	0x50
 1446 000b 76000000 		.4byte	.LVL19
 1447 000f 8F000000 		.4byte	.LVL20-1
 1448 0013 0100     		.2byte	0x1
 1449 0015 50       		.byte	0x50
 1450 0016 DE000000 		.4byte	.LVL28
 1451 001a F1000000 		.4byte	.LVL29-1
 1452 001e 0100     		.2byte	0x1
 1453 0020 50       		.byte	0x50
 1454 0021 00000000 		.4byte	0
 1455 0025 00000000 		.4byte	0
 1456              	.LLST1:
 1457 0029 A6000000 		.4byte	.LVL22
 1458 002d CC000000 		.4byte	.LVL24
 1459 0031 0100     		.2byte	0x1
 1460 0033 53       		.byte	0x53
 1461 0034 00000000 		.4byte	0
 1462 0038 00000000 		.4byte	0
 1463              	.LLST2:
 1464 003c AC000000 		.4byte	.LVL23
 1465 0040 D6000000 		.4byte	.LVL26
 1466 0044 0100     		.2byte	0x1
 1467 0046 52       		.byte	0x52
 1468 0047 00000000 		.4byte	0
 1469 004b 00000000 		.4byte	0
 1470              	.LLST3:
 1471 004f 02000000 		.4byte	.LVL1
 1472 0053 06000000 		.4byte	.LVL2
 1473 0057 0200     		.2byte	0x2
 1474 0059 30       		.byte	0x30
 1475 005a 9F       		.byte	0x9f
 1476 005b 06000000 		.4byte	.LVL2
 1477 005f 34000000 		.4byte	.LVL6
ARM GAS  C:\Users\MIHAILO\AppData\Local\Temp\ccc7pEPH.s 			page 31


 1478 0063 0100     		.2byte	0x1
 1479 0065 56       		.byte	0x56
 1480 0066 34000000 		.4byte	.LVL6
 1481 006a 38000000 		.4byte	.LVL7
 1482 006e 0200     		.2byte	0x2
 1483 0070 31       		.byte	0x31
 1484 0071 9F       		.byte	0x9f
 1485 0072 38000000 		.4byte	.LVL7
 1486 0076 3E000000 		.4byte	.LVL8
 1487 007a 0100     		.2byte	0x1
 1488 007c 56       		.byte	0x56
 1489 007d 3E000000 		.4byte	.LVL8
 1490 0081 42000000 		.4byte	.LVL9
 1491 0085 0200     		.2byte	0x2
 1492 0087 31       		.byte	0x31
 1493 0088 9F       		.byte	0x9f
 1494 0089 42000000 		.4byte	.LVL9
 1495 008d 4C000000 		.4byte	.LVL11
 1496 0091 0100     		.2byte	0x1
 1497 0093 56       		.byte	0x56
 1498 0094 4C000000 		.4byte	.LVL11
 1499 0098 52000000 		.4byte	.LVL12
 1500 009c 0200     		.2byte	0x2
 1501 009e 31       		.byte	0x31
 1502 009f 9F       		.byte	0x9f
 1503 00a0 52000000 		.4byte	.LVL12
 1504 00a4 58000000 		.4byte	.LVL13
 1505 00a8 0100     		.2byte	0x1
 1506 00aa 56       		.byte	0x56
 1507 00ab 58000000 		.4byte	.LVL13
 1508 00af 5C000000 		.4byte	.LVL14
 1509 00b3 0200     		.2byte	0x2
 1510 00b5 31       		.byte	0x31
 1511 00b6 9F       		.byte	0x9f
 1512 00b7 5C000000 		.4byte	.LVL14
 1513 00bb 62000000 		.4byte	.LVL15
 1514 00bf 0100     		.2byte	0x1
 1515 00c1 56       		.byte	0x56
 1516 00c2 62000000 		.4byte	.LVL15
 1517 00c6 66000000 		.4byte	.LVL16
 1518 00ca 0200     		.2byte	0x2
 1519 00cc 31       		.byte	0x31
 1520 00cd 9F       		.byte	0x9f
 1521 00ce 66000000 		.4byte	.LVL16
 1522 00d2 6C000000 		.4byte	.LVL17
 1523 00d6 0100     		.2byte	0x1
 1524 00d8 56       		.byte	0x56
 1525 00d9 6C000000 		.4byte	.LVL17
 1526 00dd 6E000000 		.4byte	.LVL18
 1527 00e1 0200     		.2byte	0x2
 1528 00e3 30       		.byte	0x30
 1529 00e4 9F       		.byte	0x9f
 1530 00e5 6E000000 		.4byte	.LVL18
 1531 00e9 90000000 		.4byte	.LVL20
 1532 00ed 0100     		.2byte	0x1
 1533 00ef 56       		.byte	0x56
 1534 00f0 90000000 		.4byte	.LVL20
ARM GAS  C:\Users\MIHAILO\AppData\Local\Temp\ccc7pEPH.s 			page 32


 1535 00f4 92000000 		.4byte	.LVL21
 1536 00f8 0200     		.2byte	0x2
 1537 00fa 30       		.byte	0x30
 1538 00fb 9F       		.byte	0x9f
 1539 00fc 92000000 		.4byte	.LVL21
 1540 0100 F4000000 		.4byte	.LVL31
 1541 0104 0100     		.2byte	0x1
 1542 0106 56       		.byte	0x56
 1543 0107 00000000 		.4byte	0
 1544 010b 00000000 		.4byte	0
 1545              	.LLST4:
 1546 010f 22000000 		.4byte	.LVL5
 1547 0113 D2000000 		.4byte	.LVL25
 1548 0117 0100     		.2byte	0x1
 1549 0119 54       		.byte	0x54
 1550 011a 00000000 		.4byte	0
 1551 011e 00000000 		.4byte	0
 1552              	.LLST5:
 1553 0122 02000000 		.4byte	.LVL1
 1554 0126 06000000 		.4byte	.LVL2
 1555 012a 0200     		.2byte	0x2
 1556 012c 30       		.byte	0x30
 1557 012d 9F       		.byte	0x9f
 1558 012e 06000000 		.4byte	.LVL2
 1559 0132 46000000 		.4byte	.LVL10
 1560 0136 0100     		.2byte	0x1
 1561 0138 55       		.byte	0x55
 1562 0139 46000000 		.4byte	.LVL10
 1563 013d 52000000 		.4byte	.LVL12
 1564 0141 0200     		.2byte	0x2
 1565 0143 31       		.byte	0x31
 1566 0144 9F       		.byte	0x9f
 1567 0145 52000000 		.4byte	.LVL12
 1568 0149 F4000000 		.4byte	.LVL30
 1569 014d 0100     		.2byte	0x1
 1570 014f 55       		.byte	0x55
 1571 0150 F4000000 		.4byte	.LVL30
 1572 0154 0C010000 		.4byte	.LFE1
 1573 0158 0100     		.2byte	0x1
 1574 015a 50       		.byte	0x50
 1575 015b 00000000 		.4byte	0
 1576 015f 00000000 		.4byte	0
 1577              	.LLST6:
 1578 0163 D2000000 		.4byte	.LVL25
 1579 0167 F2000000 		.4byte	.LVL29
 1580 016b 0100     		.2byte	0x1
 1581 016d 54       		.byte	0x54
 1582 016e 00000000 		.4byte	0
 1583 0172 00000000 		.4byte	0
 1584              		.section	.debug_aranges,"",%progbits
 1585 0000 24000000 		.4byte	0x24
 1586 0004 0200     		.2byte	0x2
 1587 0006 00000000 		.4byte	.Ldebug_info0
 1588 000a 04       		.byte	0x4
 1589 000b 00       		.byte	0
 1590 000c 0000     		.2byte	0
 1591 000e 0000     		.2byte	0
ARM GAS  C:\Users\MIHAILO\AppData\Local\Temp\ccc7pEPH.s 			page 33


 1592 0010 00000000 		.4byte	.LFB0
 1593 0014 14000000 		.4byte	.LFE0-.LFB0
 1594 0018 00000000 		.4byte	.LFB1
 1595 001c 0C010000 		.4byte	.LFE1-.LFB1
 1596 0020 00000000 		.4byte	0
 1597 0024 00000000 		.4byte	0
 1598              		.section	.debug_ranges,"",%progbits
 1599              	.Ldebug_ranges0:
 1600 0000 00000000 		.4byte	.LFB0
 1601 0004 14000000 		.4byte	.LFE0
 1602 0008 00000000 		.4byte	.LFB1
 1603 000c 0C010000 		.4byte	.LFE1
 1604 0010 00000000 		.4byte	0
 1605 0014 00000000 		.4byte	0
 1606              		.section	.debug_line,"",%progbits
 1607              	.Ldebug_line0:
 1608 0000 34010000 		.section	.debug_str,"MS",%progbits,1
 1608      0200D000 
 1608      00000201 
 1608      FB0E0D00 
 1608      01010101 
 1609              	.LASF107:
 1610 0000 433A5C55 		.ascii	"C:\\Users\\MIHAILO\\Documents\\PSoC Creator\\PSoC10"
 1610      73657273 
 1610      5C4D4948 
 1610      41494C4F 
 1610      5C446F63 
 1611 002e 315C4C61 		.ascii	"1\\Lab010.cydsn\000"
 1611      62303130 
 1611      2E637964 
 1611      736E00
 1612              	.LASF82:
 1613 003d 43617053 		.ascii	"CapSense_FLASH_STRUCT\000"
 1613      656E7365 
 1613      5F464C41 
 1613      53485F53 
 1613      54525543 
 1614              	.LASF61:
 1615 0053 77646774 		.ascii	"wdgtList\000"
 1615      4C697374 
 1615      00
 1616              	.LASF66:
 1617 005c 736E7254 		.ascii	"snrTestRawCount\000"
 1617      65737452 
 1617      6177436F 
 1617      756E7400 
 1618              	.LASF68:
 1619 006c 7363616E 		.ascii	"scanCurrentISC\000"
 1619      43757272 
 1619      656E7449 
 1619      534300
 1620              	.LASF108:
 1621 007b 43617053 		.ascii	"CapSense_TuInitialize\000"
 1621      656E7365 
 1621      5F547549 
 1621      6E697469 
 1621      616C697A 
ARM GAS  C:\Users\MIHAILO\AppData\Local\Temp\ccc7pEPH.s 			page 34


 1622              	.LASF43:
 1623 0091 62736C6E 		.ascii	"bsln\000"
 1623      00
 1624              	.LASF93:
 1625 0096 73656E73 		.ascii	"sensorId\000"
 1625      6F724964 
 1625      00
 1626              	.LASF41:
 1627 009f 62757474 		.ascii	"button0\000"
 1627      6F6E3000 
 1628              	.LASF35:
 1629 00a7 69646163 		.ascii	"idacGainIndex\000"
 1629      4761696E 
 1629      496E6465 
 1629      7800
 1630              	.LASF90:
 1631 00b5 43617053 		.ascii	"CapSense_TU_CMD_ENUM\000"
 1631      656E7365 
 1631      5F54555F 
 1631      434D445F 
 1631      454E554D 
 1632              	.LASF33:
 1633 00ca 6C6F7742 		.ascii	"lowBslnRst\000"
 1633      736C6E52 
 1633      737400
 1634              	.LASF103:
 1635 00d5 43794578 		.ascii	"CyExitCriticalSection\000"
 1635      69744372 
 1635      69746963 
 1635      616C5365 
 1635      6374696F 
 1636              	.LASF76:
 1637 00eb 746F7461 		.ascii	"totalNumSns\000"
 1637      6C4E756D 
 1637      536E7300 
 1638              	.LASF89:
 1639 00f7 43617053 		.ascii	"CapSense_TU_CMD_ONE_SCAN_E\000"
 1639      656E7365 
 1639      5F54555F 
 1639      434D445F 
 1639      4F4E455F 
 1640              	.LASF34:
 1641 0112 69646163 		.ascii	"idacMod\000"
 1641      4D6F6400 
 1642              	.LASF2:
 1643 011a 73686F72 		.ascii	"short int\000"
 1643      7420696E 
 1643      7400
 1644              	.LASF40:
 1645 0124 43617053 		.ascii	"CapSense_RAM_WD_BUTTON_STRUCT\000"
 1645      656E7365 
 1645      5F52414D 
 1645      5F57445F 
 1645      42555454 
 1646              	.LASF32:
 1647 0142 6F6E4465 		.ascii	"onDebounce\000"
 1647      626F756E 
ARM GAS  C:\Users\MIHAILO\AppData\Local\Temp\ccc7pEPH.s 			page 35


 1647      636500
 1648              	.LASF16:
 1649 014d 73697A65 		.ascii	"sizetype\000"
 1649      74797065 
 1649      00
 1650              	.LASF86:
 1651 0156 43617053 		.ascii	"CapSense_TU_CMD_RESTART_E\000"
 1651      656E7365 
 1651      5F54555F 
 1651      434D445F 
 1651      52455354 
 1652              	.LASF80:
 1653 0170 43617053 		.ascii	"CapSense_FLASH_WD_STRUCT\000"
 1653      656E7365 
 1653      5F464C41 
 1653      53485F57 
 1653      445F5354 
 1654              	.LASF50:
 1655 0189 636F6E66 		.ascii	"configId\000"
 1655      69674964 
 1655      00
 1656              	.LASF47:
 1657 0192 69646163 		.ascii	"idacComp\000"
 1657      436F6D70 
 1657      00
 1658              	.LASF59:
 1659 019b 63736430 		.ascii	"csd0Config\000"
 1659      436F6E66 
 1659      696700
 1660              	.LASF6:
 1661 01a6 6C6F6E67 		.ascii	"long long int\000"
 1661      206C6F6E 
 1661      6720696E 
 1661      7400
 1662              	.LASF19:
 1663 01b4 70617261 		.ascii	"param0\000"
 1663      6D3000
 1664              	.LASF37:
 1665 01bb 736E7343 		.ascii	"snsClkSource\000"
 1665      6C6B536F 
 1665      75726365 
 1665      00
 1666              	.LASF21:
 1667 01c8 70617261 		.ascii	"param2\000"
 1667      6D3200
 1668              	.LASF22:
 1669 01cf 70617261 		.ascii	"param3\000"
 1669      6D3300
 1670              	.LASF83:
 1671 01d6 43617053 		.ascii	"CapSense_TU_CMD_NONE_E\000"
 1671      656E7365 
 1671      5F54555F 
 1671      434D445F 
 1671      4E4F4E45 
 1672              	.LASF24:
 1673 01ed 70617261 		.ascii	"param5\000"
 1673      6D3500
ARM GAS  C:\Users\MIHAILO\AppData\Local\Temp\ccc7pEPH.s 			page 36


 1674              	.LASF25:
 1675 01f4 70617261 		.ascii	"param6\000"
 1675      6D3600
 1676              	.LASF29:
 1677 01fb 6E6F6973 		.ascii	"noiseTh\000"
 1677      65546800 
 1678              	.LASF51:
 1679 0203 64657669 		.ascii	"deviceId\000"
 1679      63654964 
 1679      00
 1680              	.LASF10:
 1681 020c 75696E74 		.ascii	"uint16\000"
 1681      313600
 1682              	.LASF105:
 1683 0213 474E5520 		.ascii	"GNU C11 5.4.1 20160609 (release) [ARM/embedded-5-br"
 1683      43313120 
 1683      352E342E 
 1683      31203230 
 1683      31363036 
 1684 0246 616E6368 		.ascii	"anch revision 237715] -mcpu=cortex-m0 -mthumb -g -O"
 1684      20726576 
 1684      6973696F 
 1684      6E203233 
 1684      37373135 
 1685 0279 67202D66 		.ascii	"g -ffunction-sections -ffat-lto-objects\000"
 1685      66756E63 
 1685      74696F6E 
 1685      2D736563 
 1685      74696F6E 
 1686              	.LASF109:
 1687 02a1 43617053 		.ascii	"CapSense_RunTuner\000"
 1687      656E7365 
 1687      5F52756E 
 1687      54756E65 
 1687      7200
 1688              	.LASF74:
 1689 02b3 70747232 		.ascii	"ptr2DebounceArr\000"
 1689      4465626F 
 1689      756E6365 
 1689      41727200 
 1690              	.LASF9:
 1691 02c3 75696E74 		.ascii	"uint8\000"
 1691      3800
 1692              	.LASF36:
 1693 02c9 736E7343 		.ascii	"snsClk\000"
 1693      6C6B00
 1694              	.LASF12:
 1695 02d0 666C6F61 		.ascii	"float\000"
 1695      7400
 1696              	.LASF42:
 1697 02d6 43617053 		.ascii	"CapSense_RAM_WD_LIST_STRUCT\000"
 1697      656E7365 
 1697      5F52414D 
 1697      5F57445F 
 1697      4C495354 
 1698              	.LASF64:
 1699 02f2 736E7254 		.ascii	"snrTestSensorId\000"
ARM GAS  C:\Users\MIHAILO\AppData\Local\Temp\ccc7pEPH.s 			page 37


 1699      65737453 
 1699      656E736F 
 1699      72496400 
 1700              	.LASF88:
 1701 0302 43617053 		.ascii	"CapSense_TU_CMD_PING_E\000"
 1701      656E7365 
 1701      5F54555F 
 1701      434D445F 
 1701      50494E47 
 1702              	.LASF14:
 1703 0319 63686172 		.ascii	"char\000"
 1703      00
 1704              	.LASF4:
 1705 031e 6C6F6E67 		.ascii	"long int\000"
 1705      20696E74 
 1705      00
 1706              	.LASF77:
 1707 0327 77646774 		.ascii	"wdgtType\000"
 1707      54797065 
 1707      00
 1708              	.LASF106:
 1709 0330 47656E65 		.ascii	"Generated_Source\\PSoC4\\CapSense_Tuner.c\000"
 1709      72617465 
 1709      645F536F 
 1709      75726365 
 1709      5C50536F 
 1710              	.LASF28:
 1711 0358 66696E67 		.ascii	"fingerTh\000"
 1711      65725468 
 1711      00
 1712              	.LASF46:
 1713 0361 6E656742 		.ascii	"negBslnRstCnt\000"
 1713      736C6E52 
 1713      7374436E 
 1713      7400
 1714              	.LASF71:
 1715 036f 70747232 		.ascii	"ptr2WdgtRam\000"
 1715      57646774 
 1715      52616D00 
 1716              	.LASF100:
 1717 037b 43617053 		.ascii	"CapSense_dsRam\000"
 1717      656E7365 
 1717      5F647352 
 1717      616D00
 1718              	.LASF78:
 1719 038a 6E756D43 		.ascii	"numCols\000"
 1719      6F6C7300 
 1720              	.LASF31:
 1721 0392 68797374 		.ascii	"hysteresis\000"
 1721      65726573 
 1721      697300
 1722              	.LASF23:
 1723 039d 70617261 		.ascii	"param4\000"
 1723      6D3400
 1724              	.LASF53:
 1725 03a4 74756E65 		.ascii	"tunerCmd\000"
 1725      72436D64 
ARM GAS  C:\Users\MIHAILO\AppData\Local\Temp\ccc7pEPH.s 			page 38


 1725      00
 1726              	.LASF15:
 1727 03ad 6C6F6E67 		.ascii	"long double\000"
 1727      20646F75 
 1727      626C6500 
 1728              	.LASF57:
 1729 03b9 77646774 		.ascii	"wdgtStatus\000"
 1729      53746174 
 1729      757300
 1730              	.LASF98:
 1731 03c4 70747253 		.ascii	"ptrSnsTmp\000"
 1731      6E73546D 
 1731      7000
 1732              	.LASF102:
 1733 03ce 4379456E 		.ascii	"CyEnterCriticalSection\000"
 1733      74657243 
 1733      72697469 
 1733      63616C53 
 1733      65637469 
 1734              	.LASF1:
 1735 03e5 756E7369 		.ascii	"unsigned char\000"
 1735      676E6564 
 1735      20636861 
 1735      7200
 1736              	.LASF17:
 1737 03f3 43617053 		.ascii	"CapSense_THRESHOLD_TYPE\000"
 1737      656E7365 
 1737      5F544852 
 1737      4553484F 
 1737      4C445F54 
 1738              	.LASF0:
 1739 040b 7369676E 		.ascii	"signed char\000"
 1739      65642063 
 1739      68617200 
 1740              	.LASF49:
 1741 0417 43617053 		.ascii	"CapSense_RAM_SNS_LIST_STRUCT\000"
 1741      656E7365 
 1741      5F52414D 
 1741      5F534E53 
 1741      5F4C4953 
 1742              	.LASF7:
 1743 0434 6C6F6E67 		.ascii	"long long unsigned int\000"
 1743      206C6F6E 
 1743      6720756E 
 1743      7369676E 
 1743      65642069 
 1744              	.LASF75:
 1745 044b 73746174 		.ascii	"staticConfig\000"
 1745      6963436F 
 1745      6E666967 
 1745      00
 1746              	.LASF104:
 1747 0458 43617053 		.ascii	"CapSense_Start\000"
 1747      656E7365 
 1747      5F537461 
 1747      727400
 1748              	.LASF8:
ARM GAS  C:\Users\MIHAILO\AppData\Local\Temp\ccc7pEPH.s 			page 39


 1749 0467 756E7369 		.ascii	"unsigned int\000"
 1749      676E6564 
 1749      20696E74 
 1749      00
 1750              	.LASF5:
 1751 0474 6C6F6E67 		.ascii	"long unsigned int\000"
 1751      20756E73 
 1751      69676E65 
 1751      6420696E 
 1751      7400
 1752              	.LASF56:
 1753 0486 77646774 		.ascii	"wdgtEnable\000"
 1753      456E6162 
 1753      6C6500
 1754              	.LASF20:
 1755 0491 70617261 		.ascii	"param1\000"
 1755      6D3100
 1756              	.LASF84:
 1757 0498 43617053 		.ascii	"CapSense_TU_CMD_SUSPEND_E\000"
 1757      656E7365 
 1757      5F54555F 
 1757      434D445F 
 1757      53555350 
 1758              	.LASF48:
 1759 04b2 43617053 		.ascii	"CapSense_RAM_SNS_STRUCT\000"
 1759      656E7365 
 1759      5F52414D 
 1759      5F534E53 
 1759      5F535452 
 1760              	.LASF18:
 1761 04ca 43617053 		.ascii	"CapSense_LOW_BSLN_RST_TYPE\000"
 1761      656E7365 
 1761      5F4C4F57 
 1761      5F42534C 
 1761      4E5F5253 
 1762              	.LASF55:
 1763 04e5 73746174 		.ascii	"status\000"
 1763      757300
 1764              	.LASF92:
 1765 04ec 77696467 		.ascii	"widgetId\000"
 1765      65744964 
 1765      00
 1766              	.LASF65:
 1767 04f5 736E7254 		.ascii	"snrTestScanCounter\000"
 1767      65737453 
 1767      63616E43 
 1767      6F756E74 
 1767      657200
 1768              	.LASF27:
 1769 0508 7265736F 		.ascii	"resolution\000"
 1769      6C757469 
 1769      6F6E00
 1770              	.LASF3:
 1771 0513 73686F72 		.ascii	"short unsigned int\000"
 1771      7420756E 
 1771      7369676E 
 1771      65642069 
ARM GAS  C:\Users\MIHAILO\AppData\Local\Temp\ccc7pEPH.s 			page 40


 1771      6E7400
 1772              	.LASF62:
 1773 0526 736E734C 		.ascii	"snsList\000"
 1773      69737400 
 1774              	.LASF60:
 1775 052e 6D6F6443 		.ascii	"modCsdClk\000"
 1775      7364436C 
 1775      6B00
 1776              	.LASF54:
 1777 0538 7363616E 		.ascii	"scanCounter\000"
 1777      436F756E 
 1777      74657200 
 1778              	.LASF30:
 1779 0544 6E4E6F69 		.ascii	"nNoiseTh\000"
 1779      73655468 
 1779      00
 1780              	.LASF91:
 1781 054d 696E7465 		.ascii	"interruptState\000"
 1781      72727570 
 1781      74537461 
 1781      746500
 1782              	.LASF69:
 1783 055c 43617053 		.ascii	"CapSense_RAM_STRUCT\000"
 1783      656E7365 
 1783      5F52414D 
 1783      5F535452 
 1783      55435400 
 1784              	.LASF39:
 1785 0570 73696750 		.ascii	"sigPFC\000"
 1785      464300
 1786              	.LASF11:
 1787 0577 75696E74 		.ascii	"uint32\000"
 1787      333200
 1788              	.LASF67:
 1789 057e 7363616E 		.ascii	"scanCsdISC\000"
 1789      43736449 
 1789      534300
 1790              	.LASF99:
 1791 0589 74756E65 		.ascii	"tunerFsm\000"
 1791      7246736D 
 1791      00
 1792              	.LASF13:
 1793 0592 646F7562 		.ascii	"double\000"
 1793      6C6500
 1794              	.LASF44:
 1795 0599 62736C6E 		.ascii	"bslnExt\000"
 1795      45787400 
 1796              	.LASF87:
 1797 05a1 43617053 		.ascii	"CapSense_TU_CMD_RUN_SNR_TEST_E\000"
 1797      656E7365 
 1797      5F54555F 
 1797      434D445F 
 1797      52554E5F 
 1798              	.LASF97:
 1799 05c0 70747244 		.ascii	"ptrDsRam\000"
 1799      7352616D 
 1799      00
ARM GAS  C:\Users\MIHAILO\AppData\Local\Temp\ccc7pEPH.s 			page 41


 1800              	.LASF52:
 1801 05c9 6877436C 		.ascii	"hwClock\000"
 1801      6F636B00 
 1802              	.LASF94:
 1803 05d1 75706461 		.ascii	"updateFlag\000"
 1803      7465466C 
 1803      616700
 1804              	.LASF85:
 1805 05dc 43617053 		.ascii	"CapSense_TU_CMD_RESUME_E\000"
 1805      656E7365 
 1805      5F54555F 
 1805      434D445F 
 1805      52455355 
 1806              	.LASF72:
 1807 05f5 70747232 		.ascii	"ptr2SnsRam\000"
 1807      536E7352 
 1807      616D00
 1808              	.LASF70:
 1809 0600 70747232 		.ascii	"ptr2SnsFlash\000"
 1809      536E7346 
 1809      6C617368 
 1809      00
 1810              	.LASF73:
 1811 060d 70747232 		.ascii	"ptr2FltrHistory\000"
 1811      466C7472 
 1811      48697374 
 1811      6F727900 
 1812              	.LASF81:
 1813 061d 77646774 		.ascii	"wdgtArray\000"
 1813      41727261 
 1813      7900
 1814              	.LASF38:
 1815 0627 66696E67 		.ascii	"fingerCap\000"
 1815      65724361 
 1815      7000
 1816              	.LASF101:
 1817 0631 43617053 		.ascii	"CapSense_dsFlash\000"
 1817      656E7365 
 1817      5F647346 
 1817      6C617368 
 1817      00
 1818              	.LASF63:
 1819 0642 736E7254 		.ascii	"snrTestWidgetId\000"
 1819      65737457 
 1819      69646765 
 1819      74496400 
 1820              	.LASF26:
 1821 0652 534D4152 		.ascii	"SMARTSENSE_CSD_NOISE_ENVELOPE_STRUCT\000"
 1821      5453454E 
 1821      53455F43 
 1821      53445F4E 
 1821      4F495345 
 1822              	.LASF96:
 1823 0677 74756E65 		.ascii	"tunerStatus\000"
 1823      72537461 
 1823      74757300 
 1824              	.LASF58:
ARM GAS  C:\Users\MIHAILO\AppData\Local\Temp\ccc7pEPH.s 			page 42


 1825 0683 736E7353 		.ascii	"snsStatus\000"
 1825      74617475 
 1825      7300
 1826              	.LASF95:
 1827 068d 636F6D6D 		.ascii	"command\000"
 1827      616E6400 
 1828              	.LASF45:
 1829 0695 64696666 		.ascii	"diff\000"
 1829      00
 1830              	.LASF79:
 1831 069a 70747232 		.ascii	"ptr2NoiseEnvlp\000"
 1831      4E6F6973 
 1831      65456E76 
 1831      6C7000
 1832              		.ident	"GCC: (GNU Tools for ARM Embedded Processors) 5.4.1 20160609 (release) [ARM/embedded-5-bran
