ARM GAS  C:\Users\MIHAILO\AppData\Local\Temp\ccvuaoJ0.s 			page 1


   1              		.syntax unified
   2              		.cpu cortex-m0
   3              		.fpu softvfp
   4              		.eabi_attribute 20, 1
   5              		.eabi_attribute 21, 1
   6              		.eabi_attribute 23, 3
   7              		.eabi_attribute 24, 1
   8              		.eabi_attribute 25, 1
   9              		.eabi_attribute 26, 1
  10              		.eabi_attribute 30, 1
  11              		.eabi_attribute 34, 0
  12              		.eabi_attribute 18, 4
  13              		.thumb
  14              		.syntax unified
  15              		.file	"cyfitter_cfg.c"
  16              		.text
  17              	.Ltext0:
  18              		.cfi_sections	.debug_frame
  19              		.section	.text.cfg_write_bytes32,"ax",%progbits
  20              		.align	2
  21              		.code	16
  22              		.thumb_func
  23              		.type	cfg_write_bytes32, %function
  24              	cfg_write_bytes32:
  25              	.LFB3:
  26              		.file 1 "Generated_Source\\PSoC4\\cyfitter_cfg.c"
   1:Generated_Source\PSoC4/cyfitter_cfg.c **** 
   2:Generated_Source\PSoC4/cyfitter_cfg.c **** /*******************************************************************************
   3:Generated_Source\PSoC4/cyfitter_cfg.c **** * File Name: cyfitter_cfg.c
   4:Generated_Source\PSoC4/cyfitter_cfg.c **** * 
   5:Generated_Source\PSoC4/cyfitter_cfg.c **** * PSoC Creator  4.4
   6:Generated_Source\PSoC4/cyfitter_cfg.c **** *
   7:Generated_Source\PSoC4/cyfitter_cfg.c **** * Description:
   8:Generated_Source\PSoC4/cyfitter_cfg.c **** * This file contains device initialization code.
   9:Generated_Source\PSoC4/cyfitter_cfg.c **** * Except for the user defined sections in CyClockStartupError(), this file should not be modified.
  10:Generated_Source\PSoC4/cyfitter_cfg.c **** * This file is automatically generated by PSoC Creator.
  11:Generated_Source\PSoC4/cyfitter_cfg.c **** *
  12:Generated_Source\PSoC4/cyfitter_cfg.c **** ********************************************************************************
  13:Generated_Source\PSoC4/cyfitter_cfg.c **** * Copyright (c) 2007-2020 Cypress Semiconductor.  All rights reserved.
  14:Generated_Source\PSoC4/cyfitter_cfg.c **** * You may use this file only in accordance with the license, terms, conditions, 
  15:Generated_Source\PSoC4/cyfitter_cfg.c **** * disclaimers, and limitations in the end user license agreement accompanying 
  16:Generated_Source\PSoC4/cyfitter_cfg.c **** * the software package with which this file was provided.
  17:Generated_Source\PSoC4/cyfitter_cfg.c **** ********************************************************************************/
  18:Generated_Source\PSoC4/cyfitter_cfg.c **** 
  19:Generated_Source\PSoC4/cyfitter_cfg.c **** #include <string.h>
  20:Generated_Source\PSoC4/cyfitter_cfg.c **** #include "cytypes.h"
  21:Generated_Source\PSoC4/cyfitter_cfg.c **** #include "cydevice_trm.h"
  22:Generated_Source\PSoC4/cyfitter_cfg.c **** #include "cyfitter.h"
  23:Generated_Source\PSoC4/cyfitter_cfg.c **** #include "CyLib.h"
  24:Generated_Source\PSoC4/cyfitter_cfg.c **** #include "CyLFClk.h"
  25:Generated_Source\PSoC4/cyfitter_cfg.c **** #include "cyfitter_cfg.h"
  26:Generated_Source\PSoC4/cyfitter_cfg.c **** #include "cyapicallbacks.h"
  27:Generated_Source\PSoC4/cyfitter_cfg.c **** 
  28:Generated_Source\PSoC4/cyfitter_cfg.c **** 
  29:Generated_Source\PSoC4/cyfitter_cfg.c **** #if defined(__GNUC__) || defined(__ARMCC_VERSION)
  30:Generated_Source\PSoC4/cyfitter_cfg.c ****     #define CYPACKED 
  31:Generated_Source\PSoC4/cyfitter_cfg.c ****     #define CYPACKED_ATTR __attribute__ ((packed))
ARM GAS  C:\Users\MIHAILO\AppData\Local\Temp\ccvuaoJ0.s 			page 2


  32:Generated_Source\PSoC4/cyfitter_cfg.c ****     #define CYALIGNED __attribute__ ((aligned))
  33:Generated_Source\PSoC4/cyfitter_cfg.c ****     #define CY_CFG_UNUSED __attribute__ ((unused))
  34:Generated_Source\PSoC4/cyfitter_cfg.c ****     #ifndef CY_CFG_SECTION
  35:Generated_Source\PSoC4/cyfitter_cfg.c ****         #define CY_CFG_SECTION __attribute__ ((section(".psocinit")))
  36:Generated_Source\PSoC4/cyfitter_cfg.c ****     #endif
  37:Generated_Source\PSoC4/cyfitter_cfg.c ****     
  38:Generated_Source\PSoC4/cyfitter_cfg.c ****     #if defined(__ARMCC_VERSION)
  39:Generated_Source\PSoC4/cyfitter_cfg.c ****         #define CY_CFG_MEMORY_BARRIER() __memory_changed()
  40:Generated_Source\PSoC4/cyfitter_cfg.c ****     #else
  41:Generated_Source\PSoC4/cyfitter_cfg.c ****         #define CY_CFG_MEMORY_BARRIER() __sync_synchronize()
  42:Generated_Source\PSoC4/cyfitter_cfg.c ****     #endif
  43:Generated_Source\PSoC4/cyfitter_cfg.c ****     
  44:Generated_Source\PSoC4/cyfitter_cfg.c **** #elif defined(__ICCARM__)
  45:Generated_Source\PSoC4/cyfitter_cfg.c ****     #include <intrinsics.h>
  46:Generated_Source\PSoC4/cyfitter_cfg.c **** 
  47:Generated_Source\PSoC4/cyfitter_cfg.c ****     #define CYPACKED __packed
  48:Generated_Source\PSoC4/cyfitter_cfg.c ****     #define CYPACKED_ATTR 
  49:Generated_Source\PSoC4/cyfitter_cfg.c ****     #define CYALIGNED _Pragma("data_alignment=4")
  50:Generated_Source\PSoC4/cyfitter_cfg.c ****     #define CY_CFG_UNUSED _Pragma("diag_suppress=Pe177")
  51:Generated_Source\PSoC4/cyfitter_cfg.c ****     #define CY_CFG_SECTION _Pragma("location=\".psocinit\"")
  52:Generated_Source\PSoC4/cyfitter_cfg.c ****     
  53:Generated_Source\PSoC4/cyfitter_cfg.c ****     #define CY_CFG_MEMORY_BARRIER() __DMB()
  54:Generated_Source\PSoC4/cyfitter_cfg.c ****     
  55:Generated_Source\PSoC4/cyfitter_cfg.c **** #else
  56:Generated_Source\PSoC4/cyfitter_cfg.c ****     #error Unsupported toolchain
  57:Generated_Source\PSoC4/cyfitter_cfg.c **** #endif
  58:Generated_Source\PSoC4/cyfitter_cfg.c **** 
  59:Generated_Source\PSoC4/cyfitter_cfg.c **** #ifndef CYCODE
  60:Generated_Source\PSoC4/cyfitter_cfg.c ****     #define CYCODE
  61:Generated_Source\PSoC4/cyfitter_cfg.c **** #endif
  62:Generated_Source\PSoC4/cyfitter_cfg.c **** #ifndef CYDATA
  63:Generated_Source\PSoC4/cyfitter_cfg.c ****     #define CYDATA
  64:Generated_Source\PSoC4/cyfitter_cfg.c **** #endif
  65:Generated_Source\PSoC4/cyfitter_cfg.c **** #ifndef CYFAR
  66:Generated_Source\PSoC4/cyfitter_cfg.c ****     #define CYFAR
  67:Generated_Source\PSoC4/cyfitter_cfg.c **** #endif
  68:Generated_Source\PSoC4/cyfitter_cfg.c **** #ifndef CYXDATA
  69:Generated_Source\PSoC4/cyfitter_cfg.c ****     #define CYXDATA
  70:Generated_Source\PSoC4/cyfitter_cfg.c **** #endif
  71:Generated_Source\PSoC4/cyfitter_cfg.c **** 
  72:Generated_Source\PSoC4/cyfitter_cfg.c **** 
  73:Generated_Source\PSoC4/cyfitter_cfg.c **** CY_CFG_UNUSED
  74:Generated_Source\PSoC4/cyfitter_cfg.c **** static void CYMEMZERO(void *s, size_t n);
  75:Generated_Source\PSoC4/cyfitter_cfg.c **** CY_CFG_UNUSED
  76:Generated_Source\PSoC4/cyfitter_cfg.c **** static void CYMEMZERO(void *s, size_t n)
  77:Generated_Source\PSoC4/cyfitter_cfg.c **** {
  78:Generated_Source\PSoC4/cyfitter_cfg.c **** 	(void)memset(s, 0, n);
  79:Generated_Source\PSoC4/cyfitter_cfg.c **** }
  80:Generated_Source\PSoC4/cyfitter_cfg.c **** CY_CFG_UNUSED
  81:Generated_Source\PSoC4/cyfitter_cfg.c **** static void CYCONFIGCPY(void *dest, const void *src, size_t n);
  82:Generated_Source\PSoC4/cyfitter_cfg.c **** CY_CFG_UNUSED
  83:Generated_Source\PSoC4/cyfitter_cfg.c **** static void CYCONFIGCPY(void *dest, const void *src, size_t n)
  84:Generated_Source\PSoC4/cyfitter_cfg.c **** {
  85:Generated_Source\PSoC4/cyfitter_cfg.c **** 	(void)memcpy(dest, src, n);
  86:Generated_Source\PSoC4/cyfitter_cfg.c **** }
  87:Generated_Source\PSoC4/cyfitter_cfg.c **** CY_CFG_UNUSED
  88:Generated_Source\PSoC4/cyfitter_cfg.c **** static void CYCONFIGCPYCODE(void *dest, const void *src, size_t n);
ARM GAS  C:\Users\MIHAILO\AppData\Local\Temp\ccvuaoJ0.s 			page 3


  89:Generated_Source\PSoC4/cyfitter_cfg.c **** CY_CFG_UNUSED
  90:Generated_Source\PSoC4/cyfitter_cfg.c **** static void CYCONFIGCPYCODE(void *dest, const void *src, size_t n)
  91:Generated_Source\PSoC4/cyfitter_cfg.c **** {
  92:Generated_Source\PSoC4/cyfitter_cfg.c **** 	(void)memcpy(dest, src, n);
  93:Generated_Source\PSoC4/cyfitter_cfg.c **** }
  94:Generated_Source\PSoC4/cyfitter_cfg.c **** 
  95:Generated_Source\PSoC4/cyfitter_cfg.c **** 
  96:Generated_Source\PSoC4/cyfitter_cfg.c **** 
  97:Generated_Source\PSoC4/cyfitter_cfg.c **** 
  98:Generated_Source\PSoC4/cyfitter_cfg.c **** /* Clock startup error codes                                                   */
  99:Generated_Source\PSoC4/cyfitter_cfg.c **** #define CYCLOCKSTART_NO_ERROR    0u
 100:Generated_Source\PSoC4/cyfitter_cfg.c **** #define CYCLOCKSTART_XTAL_ERROR  1u
 101:Generated_Source\PSoC4/cyfitter_cfg.c **** #define CYCLOCKSTART_32KHZ_ERROR 2u
 102:Generated_Source\PSoC4/cyfitter_cfg.c **** #define CYCLOCKSTART_PLL_ERROR   3u
 103:Generated_Source\PSoC4/cyfitter_cfg.c **** #define CYCLOCKSTART_FLL_ERROR   4u
 104:Generated_Source\PSoC4/cyfitter_cfg.c **** #define CYCLOCKSTART_WCO_ERROR   5u
 105:Generated_Source\PSoC4/cyfitter_cfg.c **** 
 106:Generated_Source\PSoC4/cyfitter_cfg.c **** 
 107:Generated_Source\PSoC4/cyfitter_cfg.c **** #ifdef CY_NEED_CYCLOCKSTARTUPERROR
 108:Generated_Source\PSoC4/cyfitter_cfg.c **** /*******************************************************************************
 109:Generated_Source\PSoC4/cyfitter_cfg.c **** * Function Name: CyClockStartupError
 110:Generated_Source\PSoC4/cyfitter_cfg.c **** ********************************************************************************
 111:Generated_Source\PSoC4/cyfitter_cfg.c **** * Summary:
 112:Generated_Source\PSoC4/cyfitter_cfg.c **** *  If an error is encountered during clock configuration (crystal startup error,
 113:Generated_Source\PSoC4/cyfitter_cfg.c **** *  PLL lock error, etc.), the system will end up here.  Unless reimplemented by
 114:Generated_Source\PSoC4/cyfitter_cfg.c **** *  the customer, this function will stop in an infinite loop.
 115:Generated_Source\PSoC4/cyfitter_cfg.c **** *
 116:Generated_Source\PSoC4/cyfitter_cfg.c **** * Parameters:
 117:Generated_Source\PSoC4/cyfitter_cfg.c **** *   void
 118:Generated_Source\PSoC4/cyfitter_cfg.c **** *
 119:Generated_Source\PSoC4/cyfitter_cfg.c **** * Return:
 120:Generated_Source\PSoC4/cyfitter_cfg.c **** *   void
 121:Generated_Source\PSoC4/cyfitter_cfg.c **** *
 122:Generated_Source\PSoC4/cyfitter_cfg.c **** *******************************************************************************/
 123:Generated_Source\PSoC4/cyfitter_cfg.c **** CY_CFG_UNUSED
 124:Generated_Source\PSoC4/cyfitter_cfg.c **** static void CyClockStartupError(uint8 errorCode);
 125:Generated_Source\PSoC4/cyfitter_cfg.c **** CY_CFG_UNUSED
 126:Generated_Source\PSoC4/cyfitter_cfg.c **** static void CyClockStartupError(uint8 errorCode)
 127:Generated_Source\PSoC4/cyfitter_cfg.c **** {
 128:Generated_Source\PSoC4/cyfitter_cfg.c ****     /* To remove the compiler warning if errorCode not used.                */
 129:Generated_Source\PSoC4/cyfitter_cfg.c ****     errorCode = errorCode;
 130:Generated_Source\PSoC4/cyfitter_cfg.c **** 
 131:Generated_Source\PSoC4/cyfitter_cfg.c ****     /* If we have a clock startup error (bad MHz crystal, PLL lock, etc.),  */
 132:Generated_Source\PSoC4/cyfitter_cfg.c ****     /* we will end up here to allow the customer to implement something to  */
 133:Generated_Source\PSoC4/cyfitter_cfg.c ****     /* deal with the clock condition.                                       */
 134:Generated_Source\PSoC4/cyfitter_cfg.c **** 
 135:Generated_Source\PSoC4/cyfitter_cfg.c **** #ifdef CY_CFG_CLOCK_STARTUP_ERROR_CALLBACK
 136:Generated_Source\PSoC4/cyfitter_cfg.c ****     CY_CFG_Clock_Startup_ErrorCallback();
 137:Generated_Source\PSoC4/cyfitter_cfg.c **** #else
 138:Generated_Source\PSoC4/cyfitter_cfg.c ****     /*  If not using CY_CFG_CLOCK_STARTUP_ERROR_CALLBACK, place your clock startup code here. */
 139:Generated_Source\PSoC4/cyfitter_cfg.c ****     /* `#START CyClockStartupError` */
 140:Generated_Source\PSoC4/cyfitter_cfg.c **** 
 141:Generated_Source\PSoC4/cyfitter_cfg.c **** 
 142:Generated_Source\PSoC4/cyfitter_cfg.c **** 
 143:Generated_Source\PSoC4/cyfitter_cfg.c ****     /* `#END` */
 144:Generated_Source\PSoC4/cyfitter_cfg.c **** 
 145:Generated_Source\PSoC4/cyfitter_cfg.c ****     while(1) {}
ARM GAS  C:\Users\MIHAILO\AppData\Local\Temp\ccvuaoJ0.s 			page 4


 146:Generated_Source\PSoC4/cyfitter_cfg.c **** #endif /* CY_CFG_CLOCK_STARTUP_ERROR_CALLBACK */
 147:Generated_Source\PSoC4/cyfitter_cfg.c **** }
 148:Generated_Source\PSoC4/cyfitter_cfg.c **** #endif
 149:Generated_Source\PSoC4/cyfitter_cfg.c **** 
 150:Generated_Source\PSoC4/cyfitter_cfg.c **** #define CY_CFG_BASE_ADDR_COUNT 5u
 151:Generated_Source\PSoC4/cyfitter_cfg.c **** CYPACKED typedef struct
 152:Generated_Source\PSoC4/cyfitter_cfg.c **** {
 153:Generated_Source\PSoC4/cyfitter_cfg.c **** 	uint8 offset;
 154:Generated_Source\PSoC4/cyfitter_cfg.c **** 	uint8 value;
 155:Generated_Source\PSoC4/cyfitter_cfg.c **** } CYPACKED_ATTR cy_cfg_addrvalue_t;
 156:Generated_Source\PSoC4/cyfitter_cfg.c **** 
 157:Generated_Source\PSoC4/cyfitter_cfg.c **** 
 158:Generated_Source\PSoC4/cyfitter_cfg.c **** 
 159:Generated_Source\PSoC4/cyfitter_cfg.c **** /*******************************************************************************
 160:Generated_Source\PSoC4/cyfitter_cfg.c **** * Function Name: cfg_write_bytes32
 161:Generated_Source\PSoC4/cyfitter_cfg.c **** ********************************************************************************
 162:Generated_Source\PSoC4/cyfitter_cfg.c **** * Summary:
 163:Generated_Source\PSoC4/cyfitter_cfg.c **** *  This function is used for setting up the chip configuration areas that
 164:Generated_Source\PSoC4/cyfitter_cfg.c **** *  contain relatively sparse data.
 165:Generated_Source\PSoC4/cyfitter_cfg.c **** *
 166:Generated_Source\PSoC4/cyfitter_cfg.c **** * Parameters:
 167:Generated_Source\PSoC4/cyfitter_cfg.c **** *   void
 168:Generated_Source\PSoC4/cyfitter_cfg.c **** *
 169:Generated_Source\PSoC4/cyfitter_cfg.c **** * Return:
 170:Generated_Source\PSoC4/cyfitter_cfg.c **** *   void
 171:Generated_Source\PSoC4/cyfitter_cfg.c **** *
 172:Generated_Source\PSoC4/cyfitter_cfg.c **** *******************************************************************************/
 173:Generated_Source\PSoC4/cyfitter_cfg.c **** static void cfg_write_bytes32(const uint32 addr_table[], const cy_cfg_addrvalue_t data_table[]);
 174:Generated_Source\PSoC4/cyfitter_cfg.c **** static void cfg_write_bytes32(const uint32 addr_table[], const cy_cfg_addrvalue_t data_table[])
 175:Generated_Source\PSoC4/cyfitter_cfg.c **** {
  27              		.loc 1 175 0
  28              		.cfi_startproc
  29              		@ args = 0, pretend = 0, frame = 0
  30              		@ frame_needed = 0, uses_anonymous_args = 0
  31              	.LVL0:
  32 0000 F0B5     		push	{r4, r5, r6, r7, lr}
  33              		.cfi_def_cfa_offset 20
  34              		.cfi_offset 4, -20
  35              		.cfi_offset 5, -16
  36              		.cfi_offset 6, -12
  37              		.cfi_offset 7, -8
  38              		.cfi_offset 14, -4
  39              	.LVL1:
 176:Generated_Source\PSoC4/cyfitter_cfg.c **** 	/* For 32-bit little-endian architectures */
 177:Generated_Source\PSoC4/cyfitter_cfg.c **** 	uint32 i, j = 0u;
  40              		.loc 1 177 0
  41 0002 0025     		movs	r5, #0
 178:Generated_Source\PSoC4/cyfitter_cfg.c **** 	for (i = 0u; i < CY_CFG_BASE_ADDR_COUNT; i++)
  42              		.loc 1 178 0
  43 0004 0027     		movs	r7, #0
  44 0006 11E0     		b	.L2
  45              	.LVL2:
  46              	.L5:
  47              	.LBB2:
 179:Generated_Source\PSoC4/cyfitter_cfg.c **** 	{
 180:Generated_Source\PSoC4/cyfitter_cfg.c **** 		uint32 baseAddr = addr_table[i];
  48              		.loc 1 180 0
ARM GAS  C:\Users\MIHAILO\AppData\Local\Temp\ccvuaoJ0.s 			page 5


  49 0008 BB00     		lsls	r3, r7, #2
  50 000a C658     		ldr	r6, [r0, r3]
  51              	.LVL3:
 181:Generated_Source\PSoC4/cyfitter_cfg.c **** 		uint8 count = (uint8)baseAddr;
  52              		.loc 1 181 0
  53 000c F3B2     		uxtb	r3, r6
  54              	.LVL4:
 182:Generated_Source\PSoC4/cyfitter_cfg.c **** 		baseAddr &= 0xFFFFFF00u;
  55              		.loc 1 182 0
  56 000e FF22     		movs	r2, #255
  57 0010 9643     		bics	r6, r2
  58              	.LVL5:
 183:Generated_Source\PSoC4/cyfitter_cfg.c **** 		while (count != 0u)
  59              		.loc 1 183 0
  60 0012 08E0     		b	.L3
  61              	.L4:
 184:Generated_Source\PSoC4/cyfitter_cfg.c **** 		{
 185:Generated_Source\PSoC4/cyfitter_cfg.c **** 			CY_SET_REG8((void *)(baseAddr + data_table[j].offset), data_table[j].value);
  62              		.loc 1 185 0
  63 0014 6A00     		lsls	r2, r5, #1
  64 0016 8A18     		adds	r2, r1, r2
  65 0018 1478     		ldrb	r4, [r2]
  66 001a A419     		adds	r4, r4, r6
  67 001c 5278     		ldrb	r2, [r2, #1]
  68 001e 2270     		strb	r2, [r4]
 186:Generated_Source\PSoC4/cyfitter_cfg.c **** 			j++;
  69              		.loc 1 186 0
  70 0020 0135     		adds	r5, r5, #1
  71              	.LVL6:
 187:Generated_Source\PSoC4/cyfitter_cfg.c **** 			count--;
  72              		.loc 1 187 0
  73 0022 013B     		subs	r3, r3, #1
  74              	.LVL7:
  75 0024 DBB2     		uxtb	r3, r3
  76              	.LVL8:
  77              	.L3:
 183:Generated_Source\PSoC4/cyfitter_cfg.c **** 		{
  78              		.loc 1 183 0
  79 0026 002B     		cmp	r3, #0
  80 0028 F4D1     		bne	.L4
  81              	.LBE2:
 178:Generated_Source\PSoC4/cyfitter_cfg.c **** 	{
  82              		.loc 1 178 0 discriminator 2
  83 002a 0137     		adds	r7, r7, #1
  84              	.LVL9:
  85              	.L2:
 178:Generated_Source\PSoC4/cyfitter_cfg.c **** 	{
  86              		.loc 1 178 0 is_stmt 0 discriminator 1
  87 002c 042F     		cmp	r7, #4
  88 002e EBD9     		bls	.L5
 188:Generated_Source\PSoC4/cyfitter_cfg.c **** 		}
 189:Generated_Source\PSoC4/cyfitter_cfg.c **** 	}
 190:Generated_Source\PSoC4/cyfitter_cfg.c **** }
  89              		.loc 1 190 0 is_stmt 1
  90              		@ sp needed
  91              	.LVL10:
  92              	.LVL11:
ARM GAS  C:\Users\MIHAILO\AppData\Local\Temp\ccvuaoJ0.s 			page 6


  93 0030 F0BD     		pop	{r4, r5, r6, r7, pc}
  94              		.cfi_endproc
  95              	.LFE3:
  96              		.size	cfg_write_bytes32, .-cfg_write_bytes32
  97 0032 C046     		.section	.text.CYMEMZERO,"ax",%progbits
  98              		.align	2
  99              		.code	16
 100              		.thumb_func
 101              		.type	CYMEMZERO, %function
 102              	CYMEMZERO:
 103              	.LFB0:
  77:Generated_Source\PSoC4/cyfitter_cfg.c **** 	(void)memset(s, 0, n);
 104              		.loc 1 77 0
 105              		.cfi_startproc
 106              		@ args = 0, pretend = 0, frame = 0
 107              		@ frame_needed = 0, uses_anonymous_args = 0
 108              	.LVL12:
 109 0000 10B5     		push	{r4, lr}
 110              		.cfi_def_cfa_offset 8
 111              		.cfi_offset 4, -8
 112              		.cfi_offset 14, -4
 113 0002 0A00     		movs	r2, r1
  78:Generated_Source\PSoC4/cyfitter_cfg.c **** }
 114              		.loc 1 78 0
 115 0004 0021     		movs	r1, #0
 116              	.LVL13:
 117 0006 FFF7FEFF 		bl	memset
 118              	.LVL14:
  79:Generated_Source\PSoC4/cyfitter_cfg.c **** CY_CFG_UNUSED
 119              		.loc 1 79 0
 120              		@ sp needed
 121 000a 10BD     		pop	{r4, pc}
 122              		.cfi_endproc
 123              	.LFE0:
 124              		.size	CYMEMZERO, .-CYMEMZERO
 125              		.section	.psocinit,"ax",%progbits
 126              		.align	2
 127              		.code	16
 128              		.thumb_func
 129              		.type	ClockSetup, %function
 130              	ClockSetup:
 131              	.LFB4:
 191:Generated_Source\PSoC4/cyfitter_cfg.c **** 
 192:Generated_Source\PSoC4/cyfitter_cfg.c **** 
 193:Generated_Source\PSoC4/cyfitter_cfg.c **** /*******************************************************************************
 194:Generated_Source\PSoC4/cyfitter_cfg.c **** * Function Name: ClockSetup
 195:Generated_Source\PSoC4/cyfitter_cfg.c **** ********************************************************************************
 196:Generated_Source\PSoC4/cyfitter_cfg.c **** *
 197:Generated_Source\PSoC4/cyfitter_cfg.c **** * Summary:
 198:Generated_Source\PSoC4/cyfitter_cfg.c **** *   Performs the initialization of all of the clocks in the device based on the
 199:Generated_Source\PSoC4/cyfitter_cfg.c **** *   settings in the Clock tab of the DWR.  This includes enabling the requested
 200:Generated_Source\PSoC4/cyfitter_cfg.c **** *   clocks and setting the necessary dividers to produce the desired frequency. 
 201:Generated_Source\PSoC4/cyfitter_cfg.c **** *
 202:Generated_Source\PSoC4/cyfitter_cfg.c **** * Parameters:
 203:Generated_Source\PSoC4/cyfitter_cfg.c **** *   void
 204:Generated_Source\PSoC4/cyfitter_cfg.c **** *
 205:Generated_Source\PSoC4/cyfitter_cfg.c **** * Return:
ARM GAS  C:\Users\MIHAILO\AppData\Local\Temp\ccvuaoJ0.s 			page 7


 206:Generated_Source\PSoC4/cyfitter_cfg.c **** *   void
 207:Generated_Source\PSoC4/cyfitter_cfg.c **** *
 208:Generated_Source\PSoC4/cyfitter_cfg.c **** *******************************************************************************/
 209:Generated_Source\PSoC4/cyfitter_cfg.c **** static void ClockSetup(void);
 210:Generated_Source\PSoC4/cyfitter_cfg.c **** CY_CFG_SECTION
 211:Generated_Source\PSoC4/cyfitter_cfg.c **** static void ClockSetup(void)
 212:Generated_Source\PSoC4/cyfitter_cfg.c **** {
 132              		.loc 1 212 0
 133              		.cfi_startproc
 134              		@ args = 0, pretend = 0, frame = 0
 135              		@ frame_needed = 0, uses_anonymous_args = 0
 136 0000 70B5     		push	{r4, r5, r6, lr}
 137              		.cfi_def_cfa_offset 16
 138              		.cfi_offset 4, -16
 139              		.cfi_offset 5, -12
 140              		.cfi_offset 6, -8
 141              		.cfi_offset 14, -4
 213:Generated_Source\PSoC4/cyfitter_cfg.c **** 	/* Enable HALF_EN before trimming for the flash accelerator. */
 214:Generated_Source\PSoC4/cyfitter_cfg.c **** 	CY_SET_REG32((void CYXDATA *)(CYREG_CLK_SELECT), (CY_GET_REG32((void *)CYREG_CLK_SELECT) | 0x00040
 142              		.loc 1 214 0
 143 0002 144C     		ldr	r4, .L8
 144 0004 2368     		ldr	r3, [r4]
 145 0006 8022     		movs	r2, #128
 146 0008 D202     		lsls	r2, r2, #11
 147 000a 1343     		orrs	r3, r2
 148 000c 2360     		str	r3, [r4]
 215:Generated_Source\PSoC4/cyfitter_cfg.c **** 
 216:Generated_Source\PSoC4/cyfitter_cfg.c **** 	/* Setup and trim IMO based on desired frequency. */
 217:Generated_Source\PSoC4/cyfitter_cfg.c **** 	CySysClkWriteImoFreq(24u);
 149              		.loc 1 217 0
 150 000e 1820     		movs	r0, #24
 151 0010 FFF7FEFF 		bl	CySysClkWriteImoFreq
 152              	.LVL15:
 218:Generated_Source\PSoC4/cyfitter_cfg.c **** 
 219:Generated_Source\PSoC4/cyfitter_cfg.c **** 	/* Disable HALF_EN since it is not required at this IMO frequency. */
 220:Generated_Source\PSoC4/cyfitter_cfg.c **** 	CY_SET_REG32((void CYXDATA *)(CYREG_CLK_SELECT), (CY_GET_REG32((void *)CYREG_CLK_SELECT) & 0xFFFBF
 153              		.loc 1 220 0
 154 0014 2268     		ldr	r2, [r4]
 155 0016 104B     		ldr	r3, .L8+4
 156 0018 1340     		ands	r3, r2
 157 001a 2360     		str	r3, [r4]
 221:Generated_Source\PSoC4/cyfitter_cfg.c **** 	/* CYDEV_CLK_ILO_CONFIG Starting address: CYDEV_CLK_ILO_CONFIG */
 222:Generated_Source\PSoC4/cyfitter_cfg.c **** 	CY_SET_REG32((void *)(CYREG_CLK_ILO_CONFIG), 0x80000006u);
 158              		.loc 1 222 0
 159 001c 0F4A     		ldr	r2, .L8+8
 160 001e 104B     		ldr	r3, .L8+12
 161 0020 1A60     		str	r2, [r3]
 223:Generated_Source\PSoC4/cyfitter_cfg.c **** 
 224:Generated_Source\PSoC4/cyfitter_cfg.c **** 
 225:Generated_Source\PSoC4/cyfitter_cfg.c **** 	/* CYDEV_CLK_SELECT00 Starting address: CYDEV_CLK_SELECT00 */
 226:Generated_Source\PSoC4/cyfitter_cfg.c **** 	CY_SET_REG32((void *)(CYREG_CLK_SELECT12), 0x00000020u);
 162              		.loc 1 226 0
 163 0022 2022     		movs	r2, #32
 164 0024 0F4B     		ldr	r3, .L8+16
 165 0026 1A60     		str	r2, [r3]
 227:Generated_Source\PSoC4/cyfitter_cfg.c **** 
 228:Generated_Source\PSoC4/cyfitter_cfg.c **** 	/* CYDEV_CLK_IMO_CONFIG Starting address: CYDEV_CLK_IMO_CONFIG */
ARM GAS  C:\Users\MIHAILO\AppData\Local\Temp\ccvuaoJ0.s 			page 8


 229:Generated_Source\PSoC4/cyfitter_cfg.c **** 	CY_SET_REG32((void *)(CYREG_CLK_IMO_CONFIG), 0x80000000u);
 166              		.loc 1 229 0
 167 0028 8022     		movs	r2, #128
 168 002a 1206     		lsls	r2, r2, #24
 169 002c 0E4B     		ldr	r3, .L8+20
 170 002e 1A60     		str	r2, [r3]
 230:Generated_Source\PSoC4/cyfitter_cfg.c **** 
 231:Generated_Source\PSoC4/cyfitter_cfg.c **** 	/* CYDEV_CLK_SELECT Starting address: CYDEV_CLK_SELECT */
 232:Generated_Source\PSoC4/cyfitter_cfg.c **** 	CY_SET_REG32((void *)(CYREG_CLK_SELECT), 0x00000000u);
 171              		.loc 1 232 0
 172 0030 0025     		movs	r5, #0
 173 0032 2560     		str	r5, [r4]
 233:Generated_Source\PSoC4/cyfitter_cfg.c **** 
 234:Generated_Source\PSoC4/cyfitter_cfg.c **** 	/* CYDEV_CLK_DIVIDER_A00 Starting address: CYDEV_CLK_DIVIDER_A00 */
 235:Generated_Source\PSoC4/cyfitter_cfg.c **** 	CY_SET_REG32((void *)(CYREG_CLK_DIVIDER_A00), 0x80000EA5u);
 174              		.loc 1 235 0
 175 0034 0D4A     		ldr	r2, .L8+24
 176 0036 0E4B     		ldr	r3, .L8+28
 177 0038 1A60     		str	r2, [r3]
 236:Generated_Source\PSoC4/cyfitter_cfg.c **** 
 237:Generated_Source\PSoC4/cyfitter_cfg.c **** 	/* CYDEV_CLK_DIVIDER_B00 Starting address: CYDEV_CLK_DIVIDER_B00 */
 238:Generated_Source\PSoC4/cyfitter_cfg.c **** 	CY_SET_REG32((void *)(CYREG_CLK_DIVIDER_B00), 0xC0000C7Fu);
 178              		.loc 1 238 0
 179 003a 0E4A     		ldr	r2, .L8+32
 180 003c 0E4B     		ldr	r3, .L8+36
 181 003e 1A60     		str	r2, [r3]
 239:Generated_Source\PSoC4/cyfitter_cfg.c **** 
 240:Generated_Source\PSoC4/cyfitter_cfg.c **** 	(void)CyIntSetVector(9u, &CySysWdtIsr);
 182              		.loc 1 240 0
 183 0040 0E49     		ldr	r1, .L8+40
 184 0042 0920     		movs	r0, #9
 185 0044 FFF7FEFF 		bl	CyIntSetVector
 186              	.LVL16:
 241:Generated_Source\PSoC4/cyfitter_cfg.c **** 	CyIntEnable(9u);
 187              		.loc 1 241 0
 188 0048 0920     		movs	r0, #9
 189 004a FFF7FEFF 		bl	CyIntEnable
 190              	.LVL17:
 242:Generated_Source\PSoC4/cyfitter_cfg.c **** 	CY_SET_REG32((void *)(CYREG_WDT_CONFIG), 0x00000000u);
 191              		.loc 1 242 0
 192 004e 0C4B     		ldr	r3, .L8+44
 193 0050 1D60     		str	r5, [r3]
 243:Generated_Source\PSoC4/cyfitter_cfg.c **** }
 194              		.loc 1 243 0
 195              		@ sp needed
 196 0052 70BD     		pop	{r4, r5, r6, pc}
 197              	.L9:
 198              		.align	2
 199              	.L8:
 200 0054 00010B40 		.word	1074462976
 201 0058 FFFFFBFF 		.word	-262145
 202 005c 06000080 		.word	-2147483642
 203 0060 04010B40 		.word	1074462980
 204 0064 30020240 		.word	1073873456
 205 0068 08010B40 		.word	1074462984
 206 006c A50E0080 		.word	-2147479899
 207 0070 00000240 		.word	1073872896
ARM GAS  C:\Users\MIHAILO\AppData\Local\Temp\ccvuaoJ0.s 			page 9


 208 0074 7F0C00C0 		.word	-1073738625
 209 0078 40000240 		.word	1073872960
 210 007c 00000000 		.word	CySysWdtIsr
 211 0080 0C020B40 		.word	1074463244
 212              		.cfi_endproc
 213              	.LFE4:
 214              		.size	ClockSetup, .-ClockSetup
 215              		.align	2
 216              		.global	cyfitter_cfg
 217              		.code	16
 218              		.thumb_func
 219              		.type	cyfitter_cfg, %function
 220              	cyfitter_cfg:
 221              	.LFB6:
 244:Generated_Source\PSoC4/cyfitter_cfg.c **** 
 245:Generated_Source\PSoC4/cyfitter_cfg.c **** 
 246:Generated_Source\PSoC4/cyfitter_cfg.c **** /* Analog API Functions */
 247:Generated_Source\PSoC4/cyfitter_cfg.c **** 
 248:Generated_Source\PSoC4/cyfitter_cfg.c **** 
 249:Generated_Source\PSoC4/cyfitter_cfg.c **** /*******************************************************************************
 250:Generated_Source\PSoC4/cyfitter_cfg.c **** * Function Name: AnalogSetDefault
 251:Generated_Source\PSoC4/cyfitter_cfg.c **** ********************************************************************************
 252:Generated_Source\PSoC4/cyfitter_cfg.c **** *
 253:Generated_Source\PSoC4/cyfitter_cfg.c **** * Summary:
 254:Generated_Source\PSoC4/cyfitter_cfg.c **** *  Sets up the analog portions of the chip to default values based on chip
 255:Generated_Source\PSoC4/cyfitter_cfg.c **** *  configuration options from the project.
 256:Generated_Source\PSoC4/cyfitter_cfg.c **** *
 257:Generated_Source\PSoC4/cyfitter_cfg.c **** * Parameters:
 258:Generated_Source\PSoC4/cyfitter_cfg.c **** *  void
 259:Generated_Source\PSoC4/cyfitter_cfg.c **** *
 260:Generated_Source\PSoC4/cyfitter_cfg.c **** * Return:
 261:Generated_Source\PSoC4/cyfitter_cfg.c **** *  void
 262:Generated_Source\PSoC4/cyfitter_cfg.c **** *
 263:Generated_Source\PSoC4/cyfitter_cfg.c **** *******************************************************************************/
 264:Generated_Source\PSoC4/cyfitter_cfg.c **** static void AnalogSetDefault(void);
 265:Generated_Source\PSoC4/cyfitter_cfg.c **** static void AnalogSetDefault(void)
 266:Generated_Source\PSoC4/cyfitter_cfg.c **** {
 267:Generated_Source\PSoC4/cyfitter_cfg.c **** }
 268:Generated_Source\PSoC4/cyfitter_cfg.c **** 
 269:Generated_Source\PSoC4/cyfitter_cfg.c **** 
 270:Generated_Source\PSoC4/cyfitter_cfg.c **** 
 271:Generated_Source\PSoC4/cyfitter_cfg.c **** 
 272:Generated_Source\PSoC4/cyfitter_cfg.c **** /*******************************************************************************
 273:Generated_Source\PSoC4/cyfitter_cfg.c **** * Function Name: cyfitter_cfg
 274:Generated_Source\PSoC4/cyfitter_cfg.c **** ********************************************************************************
 275:Generated_Source\PSoC4/cyfitter_cfg.c **** * Summary:
 276:Generated_Source\PSoC4/cyfitter_cfg.c **** *  This function is called by the start-up code for the selected device. It
 277:Generated_Source\PSoC4/cyfitter_cfg.c **** *  performs all of the necessary device configuration based on the design
 278:Generated_Source\PSoC4/cyfitter_cfg.c **** *  settings.  This includes settings from the Design Wide Resources (DWR) such
 279:Generated_Source\PSoC4/cyfitter_cfg.c **** *  as Clocks and Pins as well as any component configuration that is necessary.
 280:Generated_Source\PSoC4/cyfitter_cfg.c **** *
 281:Generated_Source\PSoC4/cyfitter_cfg.c **** * Parameters:
 282:Generated_Source\PSoC4/cyfitter_cfg.c **** *   void
 283:Generated_Source\PSoC4/cyfitter_cfg.c **** *
 284:Generated_Source\PSoC4/cyfitter_cfg.c **** * Return:
 285:Generated_Source\PSoC4/cyfitter_cfg.c **** *   void
 286:Generated_Source\PSoC4/cyfitter_cfg.c **** *
ARM GAS  C:\Users\MIHAILO\AppData\Local\Temp\ccvuaoJ0.s 			page 10


 287:Generated_Source\PSoC4/cyfitter_cfg.c **** *******************************************************************************/
 288:Generated_Source\PSoC4/cyfitter_cfg.c **** CY_CFG_SECTION
 289:Generated_Source\PSoC4/cyfitter_cfg.c **** void cyfitter_cfg(void)
 290:Generated_Source\PSoC4/cyfitter_cfg.c **** {
 222              		.loc 1 290 0
 223              		.cfi_startproc
 224              		@ args = 0, pretend = 0, frame = 0
 225              		@ frame_needed = 0, uses_anonymous_args = 0
 226 0084 10B5     		push	{r4, lr}
 227              		.cfi_def_cfa_offset 8
 228              		.cfi_offset 4, -8
 229              		.cfi_offset 14, -4
 291:Generated_Source\PSoC4/cyfitter_cfg.c **** 	/* Disable interrupts by default. Let user enable if/when they want. */
 292:Generated_Source\PSoC4/cyfitter_cfg.c **** 	CyGlobalIntDisable;
 230              		.loc 1 292 0
 231              		.syntax divided
 232              	@ 292 "Generated_Source\PSoC4\cyfitter_cfg.c" 1
 233 0086 72B6     		CPSID   i
 234              	@ 0 "" 2
 235              	.LVL18:
 236              		.thumb
 237              		.syntax unified
 238              	.LBB3:
 293:Generated_Source\PSoC4/cyfitter_cfg.c **** 
 294:Generated_Source\PSoC4/cyfitter_cfg.c **** 	{
 295:Generated_Source\PSoC4/cyfitter_cfg.c **** 		static const uint32 CYCODE cy_cfg_addr_table[] = {
 296:Generated_Source\PSoC4/cyfitter_cfg.c **** 			0x400F3203u, /* Base address: 0x400F3200 Count: 3 */
 297:Generated_Source\PSoC4/cyfitter_cfg.c **** 			0x400F3302u, /* Base address: 0x400F3300 Count: 2 */
 298:Generated_Source\PSoC4/cyfitter_cfg.c **** 			0x400F4002u, /* Base address: 0x400F4000 Count: 2 */
 299:Generated_Source\PSoC4/cyfitter_cfg.c **** 			0x400F4103u, /* Base address: 0x400F4100 Count: 3 */
 300:Generated_Source\PSoC4/cyfitter_cfg.c **** 			0x400F6002u, /* Base address: 0x400F6000 Count: 2 */
 301:Generated_Source\PSoC4/cyfitter_cfg.c **** 		};
 302:Generated_Source\PSoC4/cyfitter_cfg.c **** 
 303:Generated_Source\PSoC4/cyfitter_cfg.c **** 		static const cy_cfg_addrvalue_t CYCODE cy_cfg_data_table[] = {
 304:Generated_Source\PSoC4/cyfitter_cfg.c **** 			{0x3Au, 0xC0u},
 305:Generated_Source\PSoC4/cyfitter_cfg.c **** 			{0x58u, 0x04u},
 306:Generated_Source\PSoC4/cyfitter_cfg.c **** 			{0x5Fu, 0x01u},
 307:Generated_Source\PSoC4/cyfitter_cfg.c **** 			{0x1Fu, 0x80u},
 308:Generated_Source\PSoC4/cyfitter_cfg.c **** 			{0x87u, 0x80u},
 309:Generated_Source\PSoC4/cyfitter_cfg.c **** 			{0x57u, 0x20u},
 310:Generated_Source\PSoC4/cyfitter_cfg.c **** 			{0xD4u, 0x40u},
 311:Generated_Source\PSoC4/cyfitter_cfg.c **** 			{0x87u, 0x20u},
 312:Generated_Source\PSoC4/cyfitter_cfg.c **** 			{0xA7u, 0x20u},
 313:Generated_Source\PSoC4/cyfitter_cfg.c **** 			{0xE6u, 0x10u},
 314:Generated_Source\PSoC4/cyfitter_cfg.c **** 			{0x01u, 0x01u},
 315:Generated_Source\PSoC4/cyfitter_cfg.c **** 			{0x10u, 0x01u},
 316:Generated_Source\PSoC4/cyfitter_cfg.c **** 		};
 317:Generated_Source\PSoC4/cyfitter_cfg.c **** 
 318:Generated_Source\PSoC4/cyfitter_cfg.c **** 
 319:Generated_Source\PSoC4/cyfitter_cfg.c **** 
 320:Generated_Source\PSoC4/cyfitter_cfg.c **** 		CYPACKED typedef struct {
 321:Generated_Source\PSoC4/cyfitter_cfg.c **** 			void CYFAR *address;
 322:Generated_Source\PSoC4/cyfitter_cfg.c **** 			uint16 size;
 323:Generated_Source\PSoC4/cyfitter_cfg.c **** 		} CYPACKED_ATTR cfg_memset_t;
 324:Generated_Source\PSoC4/cyfitter_cfg.c **** 
 325:Generated_Source\PSoC4/cyfitter_cfg.c **** 		static const cfg_memset_t CYCODE cfg_memset_list[] = {
 326:Generated_Source\PSoC4/cyfitter_cfg.c **** 			/* address, size */
ARM GAS  C:\Users\MIHAILO\AppData\Local\Temp\ccvuaoJ0.s 			page 11


 327:Generated_Source\PSoC4/cyfitter_cfg.c **** 			{(void CYFAR *)(CYDEV_UDB_P0_U0_BASE), 1024u},
 328:Generated_Source\PSoC4/cyfitter_cfg.c **** 			{(void CYFAR *)(CYDEV_UDB_DSI0_BASE), 1024u},
 329:Generated_Source\PSoC4/cyfitter_cfg.c **** 		};
 330:Generated_Source\PSoC4/cyfitter_cfg.c **** 
 331:Generated_Source\PSoC4/cyfitter_cfg.c **** 		uint8 CYDATA i;
 332:Generated_Source\PSoC4/cyfitter_cfg.c **** 
 333:Generated_Source\PSoC4/cyfitter_cfg.c **** 		/* Zero out critical memory blocks before beginning configuration */
 334:Generated_Source\PSoC4/cyfitter_cfg.c **** 		for (i = 0u; i < (sizeof(cfg_memset_list)/sizeof(cfg_memset_list[0])); i++)
 239              		.loc 1 334 0
 240 0088 0024     		movs	r4, #0
 241 008a 0FE0     		b	.L11
 242              	.LVL19:
 243              	.L12:
 244              	.LBB4:
 335:Generated_Source\PSoC4/cyfitter_cfg.c **** 		{
 336:Generated_Source\PSoC4/cyfitter_cfg.c **** 			const cfg_memset_t CYCODE * CYDATA ms = &cfg_memset_list[i];
 337:Generated_Source\PSoC4/cyfitter_cfg.c **** 			CYMEMZERO(ms->address, (size_t)(uint32)(ms->size));
 245              		.loc 1 337 0 discriminator 3
 246 008c 2148     		ldr	r0, .L13
 247 008e 6200     		lsls	r2, r4, #1
 248 0090 1319     		adds	r3, r2, r4
 249 0092 5900     		lsls	r1, r3, #1
 250 0094 0B00     		movs	r3, r1
 251 0096 4118     		adds	r1, r0, r1
 252 0098 8988     		ldrh	r1, [r1, #4]
 253 009a 1A5A     		ldrh	r2, [r3, r0]
 254 009c C318     		adds	r3, r0, r3
 255 009e 5888     		ldrh	r0, [r3, #2]
 256 00a0 0004     		lsls	r0, r0, #16
 257 00a2 1043     		orrs	r0, r2
 258 00a4 FFF7FEFF 		bl	CYMEMZERO
 259              	.LVL20:
 260              	.LBE4:
 334:Generated_Source\PSoC4/cyfitter_cfg.c **** 		{
 261              		.loc 1 334 0 discriminator 3
 262 00a8 0134     		adds	r4, r4, #1
 263              	.LVL21:
 264 00aa E4B2     		uxtb	r4, r4
 265              	.LVL22:
 266              	.L11:
 334:Generated_Source\PSoC4/cyfitter_cfg.c **** 		{
 267              		.loc 1 334 0 is_stmt 0 discriminator 1
 268 00ac 012C     		cmp	r4, #1
 269 00ae EDD9     		bls	.L12
 338:Generated_Source\PSoC4/cyfitter_cfg.c **** 		}
 339:Generated_Source\PSoC4/cyfitter_cfg.c **** 
 340:Generated_Source\PSoC4/cyfitter_cfg.c **** 		cfg_write_bytes32(cy_cfg_addr_table, cy_cfg_data_table);
 270              		.loc 1 340 0 is_stmt 1
 271 00b0 1848     		ldr	r0, .L13
 272 00b2 0100     		movs	r1, r0
 273 00b4 0C31     		adds	r1, r1, #12
 274 00b6 2430     		adds	r0, r0, #36
 275 00b8 FFF7FEFF 		bl	cfg_write_bytes32
 276              	.LVL23:
 341:Generated_Source\PSoC4/cyfitter_cfg.c **** 
 342:Generated_Source\PSoC4/cyfitter_cfg.c **** 		/* HSIOM Starting address: CYDEV_HSIOM_BASE */
 343:Generated_Source\PSoC4/cyfitter_cfg.c **** 		CY_SET_REG32((void *)(CYDEV_HSIOM_BASE), 0x00000003u);
ARM GAS  C:\Users\MIHAILO\AppData\Local\Temp\ccvuaoJ0.s 			page 12


 277              		.loc 1 343 0
 278 00bc 0322     		movs	r2, #3
 279 00be 164B     		ldr	r3, .L13+4
 280 00c0 1A60     		str	r2, [r3]
 344:Generated_Source\PSoC4/cyfitter_cfg.c **** 		CY_SET_REG32((void *)(CYREG_HSIOM_PORT_SEL3), 0x0000EE00u);
 281              		.loc 1 344 0
 282 00c2 EE22     		movs	r2, #238
 283 00c4 1202     		lsls	r2, r2, #8
 284 00c6 154B     		ldr	r3, .L13+8
 285 00c8 1A60     		str	r2, [r3]
 345:Generated_Source\PSoC4/cyfitter_cfg.c **** 
 346:Generated_Source\PSoC4/cyfitter_cfg.c **** 		/* UDB_PA_0 Starting address: CYDEV_UDB_PA0_BASE */
 347:Generated_Source\PSoC4/cyfitter_cfg.c **** 		CY_SET_REG32((void *)(CYDEV_UDB_PA0_BASE), 0x00990000u);
 286              		.loc 1 347 0
 287 00ca 9923     		movs	r3, #153
 288 00cc 1B04     		lsls	r3, r3, #16
 289 00ce 144A     		ldr	r2, .L13+12
 290 00d0 1360     		str	r3, [r2]
 348:Generated_Source\PSoC4/cyfitter_cfg.c **** 		CY_SET_REG32((void *)(CYREG_UDB_PA0_CFG8), 0x00010000u);
 291              		.loc 1 348 0
 292 00d2 8021     		movs	r1, #128
 293 00d4 4902     		lsls	r1, r1, #9
 294 00d6 134A     		ldr	r2, .L13+16
 295 00d8 1160     		str	r1, [r2]
 349:Generated_Source\PSoC4/cyfitter_cfg.c **** 
 350:Generated_Source\PSoC4/cyfitter_cfg.c **** 		/* UDB_PA_3 Starting address: CYDEV_UDB_PA3_BASE */
 351:Generated_Source\PSoC4/cyfitter_cfg.c **** 		CY_SET_REG32((void *)(CYDEV_UDB_PA3_BASE), 0x00990000u);
 296              		.loc 1 351 0
 297 00da 134A     		ldr	r2, .L13+20
 298 00dc 1360     		str	r3, [r2]
 352:Generated_Source\PSoC4/cyfitter_cfg.c **** 
 353:Generated_Source\PSoC4/cyfitter_cfg.c **** 		/* Enable UDB array and digital routing */
 354:Generated_Source\PSoC4/cyfitter_cfg.c **** 		CY_SET_XTND_REG8((void *)CYREG_UDB_UDBIF_WAIT_CFG, (uint8)((CY_GET_XTND_REG8((void *)CYREG_UDB_UD
 299              		.loc 1 354 0
 300 00de 1349     		ldr	r1, .L13+24
 301 00e0 0B78     		ldrb	r3, [r1]
 302 00e2 3C22     		movs	r2, #60
 303 00e4 9343     		bics	r3, r2
 304 00e6 1422     		movs	r2, #20
 305 00e8 1343     		orrs	r3, r2
 306 00ea DBB2     		uxtb	r3, r3
 307 00ec 0B70     		strb	r3, [r1]
 355:Generated_Source\PSoC4/cyfitter_cfg.c **** 		CY_SET_XTND_REG8((void *)CYREG_UDB_UDBIF_BANK_CTL, (uint8)(CY_GET_XTND_REG8((void *)CYREG_UDB_UDB
 308              		.loc 1 355 0
 309 00ee 104A     		ldr	r2, .L13+28
 310 00f0 1178     		ldrb	r1, [r2]
 311 00f2 1623     		movs	r3, #22
 312 00f4 0B43     		orrs	r3, r1
 313 00f6 DBB2     		uxtb	r3, r3
 314 00f8 1370     		strb	r3, [r2]
 315              	.LBE3:
 356:Generated_Source\PSoC4/cyfitter_cfg.c **** 	}
 357:Generated_Source\PSoC4/cyfitter_cfg.c **** 
 358:Generated_Source\PSoC4/cyfitter_cfg.c **** 	/* Perform second pass device configuration. These items must be configured in specific order afte
 359:Generated_Source\PSoC4/cyfitter_cfg.c **** 	/* IOPINS0_0 Starting address: CYDEV_PRT0_BASE */
 360:Generated_Source\PSoC4/cyfitter_cfg.c **** 	CY_SET_REG32((void *)(CYDEV_PRT0_BASE), 0x00000001u);
 316              		.loc 1 360 0
ARM GAS  C:\Users\MIHAILO\AppData\Local\Temp\ccvuaoJ0.s 			page 13


 317 00fa 0122     		movs	r2, #1
 318 00fc 0D4B     		ldr	r3, .L13+32
 319 00fe 1A60     		str	r2, [r3]
 361:Generated_Source\PSoC4/cyfitter_cfg.c **** 	CY_SET_REG32((void *)(CYREG_PRT0_PC), 0x00000006u);
 320              		.loc 1 361 0
 321 0100 0532     		adds	r2, r2, #5
 322 0102 0D4B     		ldr	r3, .L13+36
 323 0104 1A60     		str	r2, [r3]
 362:Generated_Source\PSoC4/cyfitter_cfg.c **** 
 363:Generated_Source\PSoC4/cyfitter_cfg.c **** 	/* IOPINS0_3 Starting address: CYDEV_PRT3_BASE */
 364:Generated_Source\PSoC4/cyfitter_cfg.c **** 	CY_SET_REG32((void *)(CYREG_PRT3_PC), 0x00000D80u);
 324              		.loc 1 364 0
 325 0106 D822     		movs	r2, #216
 326 0108 1201     		lsls	r2, r2, #4
 327 010a 0C4B     		ldr	r3, .L13+40
 328 010c 1A60     		str	r2, [r3]
 365:Generated_Source\PSoC4/cyfitter_cfg.c **** 
 366:Generated_Source\PSoC4/cyfitter_cfg.c **** 
 367:Generated_Source\PSoC4/cyfitter_cfg.c **** 	/* Setup clocks based on selections from Clock DWR */
 368:Generated_Source\PSoC4/cyfitter_cfg.c **** 	ClockSetup();
 329              		.loc 1 368 0
 330 010e FFF777FF 		bl	ClockSetup
 331              	.LVL24:
 369:Generated_Source\PSoC4/cyfitter_cfg.c **** 
 370:Generated_Source\PSoC4/cyfitter_cfg.c **** 	/* Perform basic analog initialization to defaults */
 371:Generated_Source\PSoC4/cyfitter_cfg.c **** 	AnalogSetDefault();
 372:Generated_Source\PSoC4/cyfitter_cfg.c **** 
 373:Generated_Source\PSoC4/cyfitter_cfg.c **** }
 332              		.loc 1 373 0
 333              		@ sp needed
 334              	.LVL25:
 335 0112 10BD     		pop	{r4, pc}
 336              	.L14:
 337              		.align	2
 338              	.L13:
 339 0114 00000000 		.word	.LANCHOR0
 340 0118 00000140 		.word	1073807360
 341 011c 0C000140 		.word	1073807372
 342 0120 00500F40 		.word	1074745344
 343 0124 08500F40 		.word	1074745352
 344 0128 30500F40 		.word	1074745392
 345 012c 01700F40 		.word	1074753537
 346 0130 00700F40 		.word	1074753536
 347 0134 00000440 		.word	1074003968
 348 0138 08000440 		.word	1074003976
 349 013c 08030440 		.word	1074004744
 350              		.cfi_endproc
 351              	.LFE6:
 352              		.size	cyfitter_cfg, .-cyfitter_cfg
 353              		.section	.rodata
 354              		.align	2
 355              		.set	.LANCHOR0,. + 0
 356              		.type	cfg_memset_list.4870, %object
 357              		.size	cfg_memset_list.4870, 12
 358              	cfg_memset_list.4870:
 359 0000 00300F40 		.word	1074737152
 360 0004 0004     		.short	1024
ARM GAS  C:\Users\MIHAILO\AppData\Local\Temp\ccvuaoJ0.s 			page 14


 361 0006 00400F40 		.4byte	1074741248
 362 000a 0004     		.short	1024
 363              		.type	cy_cfg_data_table.4865, %object
 364              		.size	cy_cfg_data_table.4865, 24
 365              	cy_cfg_data_table.4865:
 366 000c 3A       		.byte	58
 367 000d C0       		.byte	-64
 368 000e 58       		.byte	88
 369 000f 04       		.byte	4
 370 0010 5F       		.byte	95
 371 0011 01       		.byte	1
 372 0012 1F       		.byte	31
 373 0013 80       		.byte	-128
 374 0014 87       		.byte	-121
 375 0015 80       		.byte	-128
 376 0016 57       		.byte	87
 377 0017 20       		.byte	32
 378 0018 D4       		.byte	-44
 379 0019 40       		.byte	64
 380 001a 87       		.byte	-121
 381 001b 20       		.byte	32
 382 001c A7       		.byte	-89
 383 001d 20       		.byte	32
 384 001e E6       		.byte	-26
 385 001f 10       		.byte	16
 386 0020 01       		.byte	1
 387 0021 01       		.byte	1
 388 0022 10       		.byte	16
 389 0023 01       		.byte	1
 390              		.type	cy_cfg_addr_table.4864, %object
 391              		.size	cy_cfg_addr_table.4864, 20
 392              	cy_cfg_addr_table.4864:
 393 0024 03320F40 		.word	1074737667
 394 0028 02330F40 		.word	1074737922
 395 002c 02400F40 		.word	1074741250
 396 0030 03410F40 		.word	1074741507
 397 0034 02600F40 		.word	1074749442
 398              		.text
 399              	.Letext0:
 400              		.file 2 "c:\\program files (x86)\\cypress\\psoc creator\\4.4\\psoc creator\\import\\gnu\\arm\\5.4.
 401              		.file 3 "Generated_Source\\PSoC4\\cytypes.h"
 402              		.file 4 "Generated_Source\\PSoC4\\CyLib.h"
 403              		.section	.debug_info,"",%progbits
 404              	.Ldebug_info0:
 405 0000 9C030000 		.4byte	0x39c
 406 0004 0400     		.2byte	0x4
 407 0006 00000000 		.4byte	.Ldebug_abbrev0
 408 000a 04       		.byte	0x4
 409 000b 01       		.uleb128 0x1
 410 000c 6C010000 		.4byte	.LASF39
 411 0010 0C       		.byte	0xc
 412 0011 99020000 		.4byte	.LASF40
 413 0015 57000000 		.4byte	.LASF41
 414 0019 00000000 		.4byte	.Ldebug_ranges0+0
 415 001d 00000000 		.4byte	0
 416 0021 00000000 		.4byte	.Ldebug_line0
 417 0025 02       		.uleb128 0x2
ARM GAS  C:\Users\MIHAILO\AppData\Local\Temp\ccvuaoJ0.s 			page 15


 418 0026 04       		.byte	0x4
 419 0027 05       		.byte	0x5
 420 0028 696E7400 		.ascii	"int\000"
 421 002c 03       		.uleb128 0x3
 422 002d 06000000 		.4byte	.LASF12
 423 0031 02       		.byte	0x2
 424 0032 D8       		.byte	0xd8
 425 0033 37000000 		.4byte	0x37
 426 0037 04       		.uleb128 0x4
 427 0038 04       		.byte	0x4
 428 0039 07       		.byte	0x7
 429 003a 33010000 		.4byte	.LASF0
 430 003e 04       		.uleb128 0x4
 431 003f 08       		.byte	0x8
 432 0040 05       		.byte	0x5
 433 0041 2C020000 		.4byte	.LASF1
 434 0045 04       		.uleb128 0x4
 435 0046 08       		.byte	0x8
 436 0047 04       		.byte	0x4
 437 0048 81020000 		.4byte	.LASF2
 438 004c 04       		.uleb128 0x4
 439 004d 01       		.byte	0x1
 440 004e 06       		.byte	0x6
 441 004f 8D020000 		.4byte	.LASF3
 442 0053 04       		.uleb128 0x4
 443 0054 01       		.byte	0x1
 444 0055 08       		.byte	0x8
 445 0056 D5000000 		.4byte	.LASF4
 446 005a 04       		.uleb128 0x4
 447 005b 02       		.byte	0x2
 448 005c 05       		.byte	0x5
 449 005d 59020000 		.4byte	.LASF5
 450 0061 04       		.uleb128 0x4
 451 0062 02       		.byte	0x2
 452 0063 07       		.byte	0x7
 453 0064 19020000 		.4byte	.LASF6
 454 0068 04       		.uleb128 0x4
 455 0069 04       		.byte	0x4
 456 006a 05       		.byte	0x5
 457 006b 78020000 		.4byte	.LASF7
 458 006f 04       		.uleb128 0x4
 459 0070 04       		.byte	0x4
 460 0071 07       		.byte	0x7
 461 0072 B3000000 		.4byte	.LASF8
 462 0076 04       		.uleb128 0x4
 463 0077 08       		.byte	0x8
 464 0078 07       		.byte	0x7
 465 0079 55010000 		.4byte	.LASF9
 466 007d 04       		.uleb128 0x4
 467 007e 04       		.byte	0x4
 468 007f 07       		.byte	0x7
 469 0080 10020000 		.4byte	.LASF10
 470 0084 05       		.uleb128 0x5
 471 0085 04       		.byte	0x4
 472 0086 04       		.uleb128 0x4
 473 0087 01       		.byte	0x1
 474 0088 08       		.byte	0x8
ARM GAS  C:\Users\MIHAILO\AppData\Local\Temp\ccvuaoJ0.s 			page 16


 475 0089 3A020000 		.4byte	.LASF11
 476 008d 06       		.uleb128 0x6
 477 008e C5000000 		.4byte	.LASF13
 478 0092 03       		.byte	0x3
 479 0093 FB01     		.2byte	0x1fb
 480 0095 53000000 		.4byte	0x53
 481 0099 06       		.uleb128 0x6
 482 009a 1A010000 		.4byte	.LASF14
 483 009e 03       		.byte	0x3
 484 009f FC01     		.2byte	0x1fc
 485 00a1 61000000 		.4byte	0x61
 486 00a5 06       		.uleb128 0x6
 487 00a6 2C010000 		.4byte	.LASF15
 488 00aa 03       		.byte	0x3
 489 00ab FD01     		.2byte	0x1fd
 490 00ad 6F000000 		.4byte	0x6f
 491 00b1 04       		.uleb128 0x4
 492 00b2 04       		.byte	0x4
 493 00b3 04       		.byte	0x4
 494 00b4 93000000 		.4byte	.LASF16
 495 00b8 04       		.uleb128 0x4
 496 00b9 08       		.byte	0x8
 497 00ba 04       		.byte	0x4
 498 00bb EA000000 		.4byte	.LASF17
 499 00bf 06       		.uleb128 0x6
 500 00c0 AE000000 		.4byte	.LASF18
 501 00c4 03       		.byte	0x3
 502 00c5 A502     		.2byte	0x2a5
 503 00c7 CB000000 		.4byte	0xcb
 504 00cb 07       		.uleb128 0x7
 505 00cc 8D000000 		.4byte	0x8d
 506 00d0 06       		.uleb128 0x6
 507 00d1 00000000 		.4byte	.LASF19
 508 00d5 03       		.byte	0x3
 509 00d6 A702     		.2byte	0x2a7
 510 00d8 DC000000 		.4byte	0xdc
 511 00dc 07       		.uleb128 0x7
 512 00dd A5000000 		.4byte	0xa5
 513 00e1 08       		.uleb128 0x8
 514 00e2 02       		.byte	0x2
 515 00e3 01       		.byte	0x1
 516 00e4 97       		.byte	0x97
 517 00e5 02010000 		.4byte	0x102
 518 00e9 09       		.uleb128 0x9
 519 00ea 52020000 		.4byte	.LASF20
 520 00ee 01       		.byte	0x1
 521 00ef 99       		.byte	0x99
 522 00f0 8D000000 		.4byte	0x8d
 523 00f4 00       		.byte	0
 524 00f5 09       		.uleb128 0x9
 525 00f6 1C000000 		.4byte	.LASF21
 526 00fa 01       		.byte	0x1
 527 00fb 9A       		.byte	0x9a
 528 00fc 8D000000 		.4byte	0x8d
 529 0100 01       		.byte	0x1
 530 0101 00       		.byte	0
 531 0102 03       		.uleb128 0x3
ARM GAS  C:\Users\MIHAILO\AppData\Local\Temp\ccvuaoJ0.s 			page 17


 532 0103 3F020000 		.4byte	.LASF22
 533 0107 01       		.byte	0x1
 534 0108 9B       		.byte	0x9b
 535 0109 E1000000 		.4byte	0xe1
 536 010d 0A       		.uleb128 0xa
 537 010e F1000000 		.4byte	.LASF27
 538 0112 01       		.byte	0x1
 539 0113 AE       		.byte	0xae
 540 0114 00000000 		.4byte	.LFB3
 541 0118 32000000 		.4byte	.LFE3-.LFB3
 542 011c 01       		.uleb128 0x1
 543 011d 9C       		.byte	0x9c
 544 011e 7F010000 		.4byte	0x17f
 545 0122 0B       		.uleb128 0xb
 546 0123 0F010000 		.4byte	.LASF23
 547 0127 01       		.byte	0x1
 548 0128 AE       		.byte	0xae
 549 0129 7F010000 		.4byte	0x17f
 550 012d 01       		.uleb128 0x1
 551 012e 50       		.byte	0x50
 552 012f 0B       		.uleb128 0xb
 553 0130 21010000 		.4byte	.LASF24
 554 0134 01       		.byte	0x1
 555 0135 AE       		.byte	0xae
 556 0136 8A010000 		.4byte	0x18a
 557 013a 01       		.uleb128 0x1
 558 013b 51       		.byte	0x51
 559 013c 0C       		.uleb128 0xc
 560 013d 6900     		.ascii	"i\000"
 561 013f 01       		.byte	0x1
 562 0140 B1       		.byte	0xb1
 563 0141 A5000000 		.4byte	0xa5
 564 0145 00000000 		.4byte	.LLST0
 565 0149 0C       		.uleb128 0xc
 566 014a 6A00     		.ascii	"j\000"
 567 014c 01       		.byte	0x1
 568 014d B1       		.byte	0xb1
 569 014e A5000000 		.4byte	0xa5
 570 0152 1F000000 		.4byte	.LLST1
 571 0156 0D       		.uleb128 0xd
 572 0157 08000000 		.4byte	.LBB2
 573 015b 22000000 		.4byte	.LBE2-.LBB2
 574 015f 0E       		.uleb128 0xe
 575 0160 07020000 		.4byte	.LASF25
 576 0164 01       		.byte	0x1
 577 0165 B4       		.byte	0xb4
 578 0166 A5000000 		.4byte	0xa5
 579 016a 3E000000 		.4byte	.LLST2
 580 016e 0E       		.uleb128 0xe
 581 016f 22000000 		.4byte	.LASF26
 582 0173 01       		.byte	0x1
 583 0174 B5       		.byte	0xb5
 584 0175 8D000000 		.4byte	0x8d
 585 0179 51000000 		.4byte	.LLST3
 586 017d 00       		.byte	0
 587 017e 00       		.byte	0
 588 017f 0F       		.uleb128 0xf
ARM GAS  C:\Users\MIHAILO\AppData\Local\Temp\ccvuaoJ0.s 			page 18


 589 0180 04       		.byte	0x4
 590 0181 85010000 		.4byte	0x185
 591 0185 10       		.uleb128 0x10
 592 0186 A5000000 		.4byte	0xa5
 593 018a 0F       		.uleb128 0xf
 594 018b 04       		.byte	0x4
 595 018c 90010000 		.4byte	0x190
 596 0190 10       		.uleb128 0x10
 597 0191 02010000 		.4byte	0x102
 598 0195 0A       		.uleb128 0xa
 599 0196 CB000000 		.4byte	.LASF28
 600 019a 01       		.byte	0x1
 601 019b 4C       		.byte	0x4c
 602 019c 00000000 		.4byte	.LFB0
 603 01a0 0C000000 		.4byte	.LFE0-.LFB0
 604 01a4 01       		.uleb128 0x1
 605 01a5 9C       		.byte	0x9c
 606 01a6 E2010000 		.4byte	0x1e2
 607 01aa 11       		.uleb128 0x11
 608 01ab 7300     		.ascii	"s\000"
 609 01ad 01       		.byte	0x1
 610 01ae 4C       		.byte	0x4c
 611 01af 84000000 		.4byte	0x84
 612 01b3 6F000000 		.4byte	.LLST4
 613 01b7 11       		.uleb128 0x11
 614 01b8 6E00     		.ascii	"n\000"
 615 01ba 01       		.byte	0x1
 616 01bb 4C       		.byte	0x4c
 617 01bc 2C000000 		.4byte	0x2c
 618 01c0 90000000 		.4byte	.LLST5
 619 01c4 12       		.uleb128 0x12
 620 01c5 0A000000 		.4byte	.LVL14
 621 01c9 75030000 		.4byte	0x375
 622 01cd 13       		.uleb128 0x13
 623 01ce 01       		.uleb128 0x1
 624 01cf 50       		.byte	0x50
 625 01d0 03       		.uleb128 0x3
 626 01d1 F3       		.byte	0xf3
 627 01d2 01       		.uleb128 0x1
 628 01d3 50       		.byte	0x50
 629 01d4 13       		.uleb128 0x13
 630 01d5 01       		.uleb128 0x1
 631 01d6 51       		.byte	0x51
 632 01d7 01       		.uleb128 0x1
 633 01d8 30       		.byte	0x30
 634 01d9 13       		.uleb128 0x13
 635 01da 01       		.uleb128 0x1
 636 01db 52       		.byte	0x52
 637 01dc 03       		.uleb128 0x3
 638 01dd F3       		.byte	0xf3
 639 01de 01       		.uleb128 0x1
 640 01df 51       		.byte	0x51
 641 01e0 00       		.byte	0
 642 01e1 00       		.byte	0
 643 01e2 0A       		.uleb128 0xa
 644 01e3 28000000 		.4byte	.LASF29
 645 01e7 01       		.byte	0x1
ARM GAS  C:\Users\MIHAILO\AppData\Local\Temp\ccvuaoJ0.s 			page 19


 646 01e8 D3       		.byte	0xd3
 647 01e9 00000000 		.4byte	.LFB4
 648 01ed 84000000 		.4byte	.LFE4-.LFB4
 649 01f1 01       		.uleb128 0x1
 650 01f2 9C       		.byte	0x9c
 651 01f3 2D020000 		.4byte	0x22d
 652 01f7 14       		.uleb128 0x14
 653 01f8 14000000 		.4byte	.LVL15
 654 01fc 7E030000 		.4byte	0x37e
 655 0200 0A020000 		.4byte	0x20a
 656 0204 13       		.uleb128 0x13
 657 0205 01       		.uleb128 0x1
 658 0206 50       		.byte	0x50
 659 0207 01       		.uleb128 0x1
 660 0208 48       		.byte	0x48
 661 0209 00       		.byte	0
 662 020a 14       		.uleb128 0x14
 663 020b 48000000 		.4byte	.LVL16
 664 020f 89030000 		.4byte	0x389
 665 0213 1D020000 		.4byte	0x21d
 666 0217 13       		.uleb128 0x13
 667 0218 01       		.uleb128 0x1
 668 0219 50       		.byte	0x50
 669 021a 01       		.uleb128 0x1
 670 021b 39       		.byte	0x39
 671 021c 00       		.byte	0
 672 021d 12       		.uleb128 0x12
 673 021e 4E000000 		.4byte	.LVL17
 674 0222 94030000 		.4byte	0x394
 675 0226 13       		.uleb128 0x13
 676 0227 01       		.uleb128 0x1
 677 0228 50       		.byte	0x50
 678 0229 01       		.uleb128 0x1
 679 022a 39       		.byte	0x39
 680 022b 00       		.byte	0
 681 022c 00       		.byte	0
 682 022d 15       		.uleb128 0x15
 683 022e 40010000 		.4byte	.LASF42
 684 0232 01       		.byte	0x1
 685 0233 2101     		.2byte	0x121
 686 0235 84000000 		.4byte	.LFB6
 687 0239 BC000000 		.4byte	.LFE6-.LFB6
 688 023d 01       		.uleb128 0x1
 689 023e 9C       		.byte	0x9c
 690 023f 4B030000 		.4byte	0x34b
 691 0243 16       		.uleb128 0x16
 692 0244 88000000 		.4byte	.LBB3
 693 0248 72000000 		.4byte	.LBE3-.LBB3
 694 024c 41030000 		.4byte	0x341
 695 0250 17       		.uleb128 0x17
 696 0251 33000000 		.4byte	.LASF30
 697 0255 01       		.byte	0x1
 698 0256 2701     		.2byte	0x127
 699 0258 5B030000 		.4byte	0x35b
 700 025c 05       		.uleb128 0x5
 701 025d 03       		.byte	0x3
 702 025e 24000000 		.4byte	cy_cfg_addr_table.4864
ARM GAS  C:\Users\MIHAILO\AppData\Local\Temp\ccvuaoJ0.s 			page 20


 703 0262 17       		.uleb128 0x17
 704 0263 45000000 		.4byte	.LASF31
 705 0267 01       		.byte	0x1
 706 0268 2F01     		.2byte	0x12f
 707 026a 70030000 		.4byte	0x370
 708 026e 05       		.uleb128 0x5
 709 026f 03       		.byte	0x3
 710 0270 0C000000 		.4byte	cy_cfg_data_table.4865
 711 0274 18       		.uleb128 0x18
 712 0275 06       		.byte	0x6
 713 0276 01       		.byte	0x1
 714 0277 4001     		.2byte	0x140
 715 0279 98020000 		.4byte	0x298
 716 027d 19       		.uleb128 0x19
 717 027e 4D010000 		.4byte	.LASF32
 718 0282 01       		.byte	0x1
 719 0283 4101     		.2byte	0x141
 720 0285 84000000 		.4byte	0x84
 721 0289 00       		.byte	0
 722 028a 19       		.uleb128 0x19
 723 028b A9000000 		.4byte	.LASF33
 724 028f 01       		.byte	0x1
 725 0290 4201     		.2byte	0x142
 726 0292 99000000 		.4byte	0x99
 727 0296 04       		.byte	0x4
 728 0297 00       		.byte	0
 729 0298 06       		.uleb128 0x6
 730 0299 FA010000 		.4byte	.LASF34
 731 029d 01       		.byte	0x1
 732 029e 4301     		.2byte	0x143
 733 02a0 74020000 		.4byte	0x274
 734 02a4 1A       		.uleb128 0x1a
 735 02a5 B4020000 		.4byte	0x2b4
 736 02a9 B4020000 		.4byte	0x2b4
 737 02ad 1B       		.uleb128 0x1b
 738 02ae 7D000000 		.4byte	0x7d
 739 02b2 01       		.byte	0x1
 740 02b3 00       		.byte	0
 741 02b4 10       		.uleb128 0x10
 742 02b5 98020000 		.4byte	0x298
 743 02b9 17       		.uleb128 0x17
 744 02ba 99000000 		.4byte	.LASF35
 745 02be 01       		.byte	0x1
 746 02bf 4501     		.2byte	0x145
 747 02c1 CB020000 		.4byte	0x2cb
 748 02c5 05       		.uleb128 0x5
 749 02c6 03       		.byte	0x3
 750 02c7 00000000 		.4byte	cfg_memset_list.4870
 751 02cb 10       		.uleb128 0x10
 752 02cc A4020000 		.4byte	0x2a4
 753 02d0 1C       		.uleb128 0x1c
 754 02d1 6900     		.ascii	"i\000"
 755 02d3 01       		.byte	0x1
 756 02d4 4B01     		.2byte	0x14b
 757 02d6 8D000000 		.4byte	0x8d
 758 02da BC000000 		.4byte	.LLST6
 759 02de 16       		.uleb128 0x16
ARM GAS  C:\Users\MIHAILO\AppData\Local\Temp\ccvuaoJ0.s 			page 21


 760 02df 8C000000 		.4byte	.LBB4
 761 02e3 1C000000 		.4byte	.LBE4-.LBB4
 762 02e7 24030000 		.4byte	0x324
 763 02eb 1C       		.uleb128 0x1c
 764 02ec 6D7300   		.ascii	"ms\000"
 765 02ef 01       		.byte	0x1
 766 02f0 5001     		.2byte	0x150
 767 02f2 FA020000 		.4byte	0x2fa
 768 02f6 E6000000 		.4byte	.LLST7
 769 02fa 0F       		.uleb128 0xf
 770 02fb 04       		.byte	0x4
 771 02fc B4020000 		.4byte	0x2b4
 772 0300 12       		.uleb128 0x12
 773 0301 A8000000 		.4byte	.LVL20
 774 0305 95010000 		.4byte	0x195
 775 0309 13       		.uleb128 0x13
 776 030a 01       		.uleb128 0x1
 777 030b 51       		.byte	0x51
 778 030c 15       		.uleb128 0x15
 779 030d 74       		.byte	0x74
 780 030e 00       		.sleb128 0
 781 030f 31       		.byte	0x31
 782 0310 24       		.byte	0x24
 783 0311 74       		.byte	0x74
 784 0312 00       		.sleb128 0
 785 0313 22       		.byte	0x22
 786 0314 31       		.byte	0x31
 787 0315 24       		.byte	0x24
 788 0316 03       		.byte	0x3
 789 0317 04000000 		.4byte	.LANCHOR0+4
 790 031b 22       		.byte	0x22
 791 031c 94       		.byte	0x94
 792 031d 02       		.byte	0x2
 793 031e 0A       		.byte	0xa
 794 031f FFFF     		.2byte	0xffff
 795 0321 1A       		.byte	0x1a
 796 0322 00       		.byte	0
 797 0323 00       		.byte	0
 798 0324 12       		.uleb128 0x12
 799 0325 BC000000 		.4byte	.LVL23
 800 0329 0D010000 		.4byte	0x10d
 801 032d 13       		.uleb128 0x13
 802 032e 01       		.uleb128 0x1
 803 032f 50       		.byte	0x50
 804 0330 05       		.uleb128 0x5
 805 0331 03       		.byte	0x3
 806 0332 24000000 		.4byte	.LANCHOR0+36
 807 0336 13       		.uleb128 0x13
 808 0337 01       		.uleb128 0x1
 809 0338 51       		.byte	0x51
 810 0339 05       		.uleb128 0x5
 811 033a 03       		.byte	0x3
 812 033b 0C000000 		.4byte	.LANCHOR0+12
 813 033f 00       		.byte	0
 814 0340 00       		.byte	0
 815 0341 1D       		.uleb128 0x1d
 816 0342 12010000 		.4byte	.LVL24
ARM GAS  C:\Users\MIHAILO\AppData\Local\Temp\ccvuaoJ0.s 			page 22


 817 0346 E2010000 		.4byte	0x1e2
 818 034a 00       		.byte	0
 819 034b 1A       		.uleb128 0x1a
 820 034c 85010000 		.4byte	0x185
 821 0350 5B030000 		.4byte	0x35b
 822 0354 1B       		.uleb128 0x1b
 823 0355 7D000000 		.4byte	0x7d
 824 0359 04       		.byte	0x4
 825 035a 00       		.byte	0
 826 035b 10       		.uleb128 0x10
 827 035c 4B030000 		.4byte	0x34b
 828 0360 1A       		.uleb128 0x1a
 829 0361 90010000 		.4byte	0x190
 830 0365 70030000 		.4byte	0x370
 831 0369 1B       		.uleb128 0x1b
 832 036a 7D000000 		.4byte	0x7d
 833 036e 0B       		.byte	0xb
 834 036f 00       		.byte	0
 835 0370 10       		.uleb128 0x10
 836 0371 60030000 		.4byte	0x360
 837 0375 1E       		.uleb128 0x1e
 838 0376 E3000000 		.4byte	.LASF43
 839 037a E3000000 		.4byte	.LASF43
 840 037e 1F       		.uleb128 0x1f
 841 037f 63020000 		.4byte	.LASF36
 842 0383 63020000 		.4byte	.LASF36
 843 0387 04       		.byte	0x4
 844 0388 6C       		.byte	0x6c
 845 0389 1F       		.uleb128 0x1f
 846 038a 0D000000 		.4byte	.LASF37
 847 038e 0D000000 		.4byte	.LASF37
 848 0392 04       		.byte	0x4
 849 0393 D0       		.byte	0xd0
 850 0394 1F       		.uleb128 0x1f
 851 0395 03010000 		.4byte	.LASF38
 852 0399 03010000 		.4byte	.LASF38
 853 039d 04       		.byte	0x4
 854 039e D6       		.byte	0xd6
 855 039f 00       		.byte	0
 856              		.section	.debug_abbrev,"",%progbits
 857              	.Ldebug_abbrev0:
 858 0000 01       		.uleb128 0x1
 859 0001 11       		.uleb128 0x11
 860 0002 01       		.byte	0x1
 861 0003 25       		.uleb128 0x25
 862 0004 0E       		.uleb128 0xe
 863 0005 13       		.uleb128 0x13
 864 0006 0B       		.uleb128 0xb
 865 0007 03       		.uleb128 0x3
 866 0008 0E       		.uleb128 0xe
 867 0009 1B       		.uleb128 0x1b
 868 000a 0E       		.uleb128 0xe
 869 000b 55       		.uleb128 0x55
 870 000c 17       		.uleb128 0x17
 871 000d 11       		.uleb128 0x11
 872 000e 01       		.uleb128 0x1
 873 000f 10       		.uleb128 0x10
ARM GAS  C:\Users\MIHAILO\AppData\Local\Temp\ccvuaoJ0.s 			page 23


 874 0010 17       		.uleb128 0x17
 875 0011 00       		.byte	0
 876 0012 00       		.byte	0
 877 0013 02       		.uleb128 0x2
 878 0014 24       		.uleb128 0x24
 879 0015 00       		.byte	0
 880 0016 0B       		.uleb128 0xb
 881 0017 0B       		.uleb128 0xb
 882 0018 3E       		.uleb128 0x3e
 883 0019 0B       		.uleb128 0xb
 884 001a 03       		.uleb128 0x3
 885 001b 08       		.uleb128 0x8
 886 001c 00       		.byte	0
 887 001d 00       		.byte	0
 888 001e 03       		.uleb128 0x3
 889 001f 16       		.uleb128 0x16
 890 0020 00       		.byte	0
 891 0021 03       		.uleb128 0x3
 892 0022 0E       		.uleb128 0xe
 893 0023 3A       		.uleb128 0x3a
 894 0024 0B       		.uleb128 0xb
 895 0025 3B       		.uleb128 0x3b
 896 0026 0B       		.uleb128 0xb
 897 0027 49       		.uleb128 0x49
 898 0028 13       		.uleb128 0x13
 899 0029 00       		.byte	0
 900 002a 00       		.byte	0
 901 002b 04       		.uleb128 0x4
 902 002c 24       		.uleb128 0x24
 903 002d 00       		.byte	0
 904 002e 0B       		.uleb128 0xb
 905 002f 0B       		.uleb128 0xb
 906 0030 3E       		.uleb128 0x3e
 907 0031 0B       		.uleb128 0xb
 908 0032 03       		.uleb128 0x3
 909 0033 0E       		.uleb128 0xe
 910 0034 00       		.byte	0
 911 0035 00       		.byte	0
 912 0036 05       		.uleb128 0x5
 913 0037 0F       		.uleb128 0xf
 914 0038 00       		.byte	0
 915 0039 0B       		.uleb128 0xb
 916 003a 0B       		.uleb128 0xb
 917 003b 00       		.byte	0
 918 003c 00       		.byte	0
 919 003d 06       		.uleb128 0x6
 920 003e 16       		.uleb128 0x16
 921 003f 00       		.byte	0
 922 0040 03       		.uleb128 0x3
 923 0041 0E       		.uleb128 0xe
 924 0042 3A       		.uleb128 0x3a
 925 0043 0B       		.uleb128 0xb
 926 0044 3B       		.uleb128 0x3b
 927 0045 05       		.uleb128 0x5
 928 0046 49       		.uleb128 0x49
 929 0047 13       		.uleb128 0x13
 930 0048 00       		.byte	0
ARM GAS  C:\Users\MIHAILO\AppData\Local\Temp\ccvuaoJ0.s 			page 24


 931 0049 00       		.byte	0
 932 004a 07       		.uleb128 0x7
 933 004b 35       		.uleb128 0x35
 934 004c 00       		.byte	0
 935 004d 49       		.uleb128 0x49
 936 004e 13       		.uleb128 0x13
 937 004f 00       		.byte	0
 938 0050 00       		.byte	0
 939 0051 08       		.uleb128 0x8
 940 0052 13       		.uleb128 0x13
 941 0053 01       		.byte	0x1
 942 0054 0B       		.uleb128 0xb
 943 0055 0B       		.uleb128 0xb
 944 0056 3A       		.uleb128 0x3a
 945 0057 0B       		.uleb128 0xb
 946 0058 3B       		.uleb128 0x3b
 947 0059 0B       		.uleb128 0xb
 948 005a 01       		.uleb128 0x1
 949 005b 13       		.uleb128 0x13
 950 005c 00       		.byte	0
 951 005d 00       		.byte	0
 952 005e 09       		.uleb128 0x9
 953 005f 0D       		.uleb128 0xd
 954 0060 00       		.byte	0
 955 0061 03       		.uleb128 0x3
 956 0062 0E       		.uleb128 0xe
 957 0063 3A       		.uleb128 0x3a
 958 0064 0B       		.uleb128 0xb
 959 0065 3B       		.uleb128 0x3b
 960 0066 0B       		.uleb128 0xb
 961 0067 49       		.uleb128 0x49
 962 0068 13       		.uleb128 0x13
 963 0069 38       		.uleb128 0x38
 964 006a 0B       		.uleb128 0xb
 965 006b 00       		.byte	0
 966 006c 00       		.byte	0
 967 006d 0A       		.uleb128 0xa
 968 006e 2E       		.uleb128 0x2e
 969 006f 01       		.byte	0x1
 970 0070 03       		.uleb128 0x3
 971 0071 0E       		.uleb128 0xe
 972 0072 3A       		.uleb128 0x3a
 973 0073 0B       		.uleb128 0xb
 974 0074 3B       		.uleb128 0x3b
 975 0075 0B       		.uleb128 0xb
 976 0076 27       		.uleb128 0x27
 977 0077 19       		.uleb128 0x19
 978 0078 11       		.uleb128 0x11
 979 0079 01       		.uleb128 0x1
 980 007a 12       		.uleb128 0x12
 981 007b 06       		.uleb128 0x6
 982 007c 40       		.uleb128 0x40
 983 007d 18       		.uleb128 0x18
 984 007e 9742     		.uleb128 0x2117
 985 0080 19       		.uleb128 0x19
 986 0081 01       		.uleb128 0x1
 987 0082 13       		.uleb128 0x13
ARM GAS  C:\Users\MIHAILO\AppData\Local\Temp\ccvuaoJ0.s 			page 25


 988 0083 00       		.byte	0
 989 0084 00       		.byte	0
 990 0085 0B       		.uleb128 0xb
 991 0086 05       		.uleb128 0x5
 992 0087 00       		.byte	0
 993 0088 03       		.uleb128 0x3
 994 0089 0E       		.uleb128 0xe
 995 008a 3A       		.uleb128 0x3a
 996 008b 0B       		.uleb128 0xb
 997 008c 3B       		.uleb128 0x3b
 998 008d 0B       		.uleb128 0xb
 999 008e 49       		.uleb128 0x49
 1000 008f 13       		.uleb128 0x13
 1001 0090 02       		.uleb128 0x2
 1002 0091 18       		.uleb128 0x18
 1003 0092 00       		.byte	0
 1004 0093 00       		.byte	0
 1005 0094 0C       		.uleb128 0xc
 1006 0095 34       		.uleb128 0x34
 1007 0096 00       		.byte	0
 1008 0097 03       		.uleb128 0x3
 1009 0098 08       		.uleb128 0x8
 1010 0099 3A       		.uleb128 0x3a
 1011 009a 0B       		.uleb128 0xb
 1012 009b 3B       		.uleb128 0x3b
 1013 009c 0B       		.uleb128 0xb
 1014 009d 49       		.uleb128 0x49
 1015 009e 13       		.uleb128 0x13
 1016 009f 02       		.uleb128 0x2
 1017 00a0 17       		.uleb128 0x17
 1018 00a1 00       		.byte	0
 1019 00a2 00       		.byte	0
 1020 00a3 0D       		.uleb128 0xd
 1021 00a4 0B       		.uleb128 0xb
 1022 00a5 01       		.byte	0x1
 1023 00a6 11       		.uleb128 0x11
 1024 00a7 01       		.uleb128 0x1
 1025 00a8 12       		.uleb128 0x12
 1026 00a9 06       		.uleb128 0x6
 1027 00aa 00       		.byte	0
 1028 00ab 00       		.byte	0
 1029 00ac 0E       		.uleb128 0xe
 1030 00ad 34       		.uleb128 0x34
 1031 00ae 00       		.byte	0
 1032 00af 03       		.uleb128 0x3
 1033 00b0 0E       		.uleb128 0xe
 1034 00b1 3A       		.uleb128 0x3a
 1035 00b2 0B       		.uleb128 0xb
 1036 00b3 3B       		.uleb128 0x3b
 1037 00b4 0B       		.uleb128 0xb
 1038 00b5 49       		.uleb128 0x49
 1039 00b6 13       		.uleb128 0x13
 1040 00b7 02       		.uleb128 0x2
 1041 00b8 17       		.uleb128 0x17
 1042 00b9 00       		.byte	0
 1043 00ba 00       		.byte	0
 1044 00bb 0F       		.uleb128 0xf
ARM GAS  C:\Users\MIHAILO\AppData\Local\Temp\ccvuaoJ0.s 			page 26


 1045 00bc 0F       		.uleb128 0xf
 1046 00bd 00       		.byte	0
 1047 00be 0B       		.uleb128 0xb
 1048 00bf 0B       		.uleb128 0xb
 1049 00c0 49       		.uleb128 0x49
 1050 00c1 13       		.uleb128 0x13
 1051 00c2 00       		.byte	0
 1052 00c3 00       		.byte	0
 1053 00c4 10       		.uleb128 0x10
 1054 00c5 26       		.uleb128 0x26
 1055 00c6 00       		.byte	0
 1056 00c7 49       		.uleb128 0x49
 1057 00c8 13       		.uleb128 0x13
 1058 00c9 00       		.byte	0
 1059 00ca 00       		.byte	0
 1060 00cb 11       		.uleb128 0x11
 1061 00cc 05       		.uleb128 0x5
 1062 00cd 00       		.byte	0
 1063 00ce 03       		.uleb128 0x3
 1064 00cf 08       		.uleb128 0x8
 1065 00d0 3A       		.uleb128 0x3a
 1066 00d1 0B       		.uleb128 0xb
 1067 00d2 3B       		.uleb128 0x3b
 1068 00d3 0B       		.uleb128 0xb
 1069 00d4 49       		.uleb128 0x49
 1070 00d5 13       		.uleb128 0x13
 1071 00d6 02       		.uleb128 0x2
 1072 00d7 17       		.uleb128 0x17
 1073 00d8 00       		.byte	0
 1074 00d9 00       		.byte	0
 1075 00da 12       		.uleb128 0x12
 1076 00db 898201   		.uleb128 0x4109
 1077 00de 01       		.byte	0x1
 1078 00df 11       		.uleb128 0x11
 1079 00e0 01       		.uleb128 0x1
 1080 00e1 31       		.uleb128 0x31
 1081 00e2 13       		.uleb128 0x13
 1082 00e3 00       		.byte	0
 1083 00e4 00       		.byte	0
 1084 00e5 13       		.uleb128 0x13
 1085 00e6 8A8201   		.uleb128 0x410a
 1086 00e9 00       		.byte	0
 1087 00ea 02       		.uleb128 0x2
 1088 00eb 18       		.uleb128 0x18
 1089 00ec 9142     		.uleb128 0x2111
 1090 00ee 18       		.uleb128 0x18
 1091 00ef 00       		.byte	0
 1092 00f0 00       		.byte	0
 1093 00f1 14       		.uleb128 0x14
 1094 00f2 898201   		.uleb128 0x4109
 1095 00f5 01       		.byte	0x1
 1096 00f6 11       		.uleb128 0x11
 1097 00f7 01       		.uleb128 0x1
 1098 00f8 31       		.uleb128 0x31
 1099 00f9 13       		.uleb128 0x13
 1100 00fa 01       		.uleb128 0x1
 1101 00fb 13       		.uleb128 0x13
ARM GAS  C:\Users\MIHAILO\AppData\Local\Temp\ccvuaoJ0.s 			page 27


 1102 00fc 00       		.byte	0
 1103 00fd 00       		.byte	0
 1104 00fe 15       		.uleb128 0x15
 1105 00ff 2E       		.uleb128 0x2e
 1106 0100 01       		.byte	0x1
 1107 0101 3F       		.uleb128 0x3f
 1108 0102 19       		.uleb128 0x19
 1109 0103 03       		.uleb128 0x3
 1110 0104 0E       		.uleb128 0xe
 1111 0105 3A       		.uleb128 0x3a
 1112 0106 0B       		.uleb128 0xb
 1113 0107 3B       		.uleb128 0x3b
 1114 0108 05       		.uleb128 0x5
 1115 0109 27       		.uleb128 0x27
 1116 010a 19       		.uleb128 0x19
 1117 010b 11       		.uleb128 0x11
 1118 010c 01       		.uleb128 0x1
 1119 010d 12       		.uleb128 0x12
 1120 010e 06       		.uleb128 0x6
 1121 010f 40       		.uleb128 0x40
 1122 0110 18       		.uleb128 0x18
 1123 0111 9742     		.uleb128 0x2117
 1124 0113 19       		.uleb128 0x19
 1125 0114 01       		.uleb128 0x1
 1126 0115 13       		.uleb128 0x13
 1127 0116 00       		.byte	0
 1128 0117 00       		.byte	0
 1129 0118 16       		.uleb128 0x16
 1130 0119 0B       		.uleb128 0xb
 1131 011a 01       		.byte	0x1
 1132 011b 11       		.uleb128 0x11
 1133 011c 01       		.uleb128 0x1
 1134 011d 12       		.uleb128 0x12
 1135 011e 06       		.uleb128 0x6
 1136 011f 01       		.uleb128 0x1
 1137 0120 13       		.uleb128 0x13
 1138 0121 00       		.byte	0
 1139 0122 00       		.byte	0
 1140 0123 17       		.uleb128 0x17
 1141 0124 34       		.uleb128 0x34
 1142 0125 00       		.byte	0
 1143 0126 03       		.uleb128 0x3
 1144 0127 0E       		.uleb128 0xe
 1145 0128 3A       		.uleb128 0x3a
 1146 0129 0B       		.uleb128 0xb
 1147 012a 3B       		.uleb128 0x3b
 1148 012b 05       		.uleb128 0x5
 1149 012c 49       		.uleb128 0x49
 1150 012d 13       		.uleb128 0x13
 1151 012e 02       		.uleb128 0x2
 1152 012f 18       		.uleb128 0x18
 1153 0130 00       		.byte	0
 1154 0131 00       		.byte	0
 1155 0132 18       		.uleb128 0x18
 1156 0133 13       		.uleb128 0x13
 1157 0134 01       		.byte	0x1
 1158 0135 0B       		.uleb128 0xb
ARM GAS  C:\Users\MIHAILO\AppData\Local\Temp\ccvuaoJ0.s 			page 28


 1159 0136 0B       		.uleb128 0xb
 1160 0137 3A       		.uleb128 0x3a
 1161 0138 0B       		.uleb128 0xb
 1162 0139 3B       		.uleb128 0x3b
 1163 013a 05       		.uleb128 0x5
 1164 013b 01       		.uleb128 0x1
 1165 013c 13       		.uleb128 0x13
 1166 013d 00       		.byte	0
 1167 013e 00       		.byte	0
 1168 013f 19       		.uleb128 0x19
 1169 0140 0D       		.uleb128 0xd
 1170 0141 00       		.byte	0
 1171 0142 03       		.uleb128 0x3
 1172 0143 0E       		.uleb128 0xe
 1173 0144 3A       		.uleb128 0x3a
 1174 0145 0B       		.uleb128 0xb
 1175 0146 3B       		.uleb128 0x3b
 1176 0147 05       		.uleb128 0x5
 1177 0148 49       		.uleb128 0x49
 1178 0149 13       		.uleb128 0x13
 1179 014a 38       		.uleb128 0x38
 1180 014b 0B       		.uleb128 0xb
 1181 014c 00       		.byte	0
 1182 014d 00       		.byte	0
 1183 014e 1A       		.uleb128 0x1a
 1184 014f 01       		.uleb128 0x1
 1185 0150 01       		.byte	0x1
 1186 0151 49       		.uleb128 0x49
 1187 0152 13       		.uleb128 0x13
 1188 0153 01       		.uleb128 0x1
 1189 0154 13       		.uleb128 0x13
 1190 0155 00       		.byte	0
 1191 0156 00       		.byte	0
 1192 0157 1B       		.uleb128 0x1b
 1193 0158 21       		.uleb128 0x21
 1194 0159 00       		.byte	0
 1195 015a 49       		.uleb128 0x49
 1196 015b 13       		.uleb128 0x13
 1197 015c 2F       		.uleb128 0x2f
 1198 015d 0B       		.uleb128 0xb
 1199 015e 00       		.byte	0
 1200 015f 00       		.byte	0
 1201 0160 1C       		.uleb128 0x1c
 1202 0161 34       		.uleb128 0x34
 1203 0162 00       		.byte	0
 1204 0163 03       		.uleb128 0x3
 1205 0164 08       		.uleb128 0x8
 1206 0165 3A       		.uleb128 0x3a
 1207 0166 0B       		.uleb128 0xb
 1208 0167 3B       		.uleb128 0x3b
 1209 0168 05       		.uleb128 0x5
 1210 0169 49       		.uleb128 0x49
 1211 016a 13       		.uleb128 0x13
 1212 016b 02       		.uleb128 0x2
 1213 016c 17       		.uleb128 0x17
 1214 016d 00       		.byte	0
 1215 016e 00       		.byte	0
ARM GAS  C:\Users\MIHAILO\AppData\Local\Temp\ccvuaoJ0.s 			page 29


 1216 016f 1D       		.uleb128 0x1d
 1217 0170 898201   		.uleb128 0x4109
 1218 0173 00       		.byte	0
 1219 0174 11       		.uleb128 0x11
 1220 0175 01       		.uleb128 0x1
 1221 0176 31       		.uleb128 0x31
 1222 0177 13       		.uleb128 0x13
 1223 0178 00       		.byte	0
 1224 0179 00       		.byte	0
 1225 017a 1E       		.uleb128 0x1e
 1226 017b 2E       		.uleb128 0x2e
 1227 017c 00       		.byte	0
 1228 017d 3F       		.uleb128 0x3f
 1229 017e 19       		.uleb128 0x19
 1230 017f 3C       		.uleb128 0x3c
 1231 0180 19       		.uleb128 0x19
 1232 0181 6E       		.uleb128 0x6e
 1233 0182 0E       		.uleb128 0xe
 1234 0183 03       		.uleb128 0x3
 1235 0184 0E       		.uleb128 0xe
 1236 0185 00       		.byte	0
 1237 0186 00       		.byte	0
 1238 0187 1F       		.uleb128 0x1f
 1239 0188 2E       		.uleb128 0x2e
 1240 0189 00       		.byte	0
 1241 018a 3F       		.uleb128 0x3f
 1242 018b 19       		.uleb128 0x19
 1243 018c 3C       		.uleb128 0x3c
 1244 018d 19       		.uleb128 0x19
 1245 018e 6E       		.uleb128 0x6e
 1246 018f 0E       		.uleb128 0xe
 1247 0190 03       		.uleb128 0x3
 1248 0191 0E       		.uleb128 0xe
 1249 0192 3A       		.uleb128 0x3a
 1250 0193 0B       		.uleb128 0xb
 1251 0194 3B       		.uleb128 0x3b
 1252 0195 0B       		.uleb128 0xb
 1253 0196 00       		.byte	0
 1254 0197 00       		.byte	0
 1255 0198 00       		.byte	0
 1256              		.section	.debug_loc,"",%progbits
 1257              	.Ldebug_loc0:
 1258              	.LLST0:
 1259 0000 02000000 		.4byte	.LVL1
 1260 0004 08000000 		.4byte	.LVL2
 1261 0008 0200     		.2byte	0x2
 1262 000a 30       		.byte	0x30
 1263 000b 9F       		.byte	0x9f
 1264 000c 08000000 		.4byte	.LVL2
 1265 0010 30000000 		.4byte	.LVL11
 1266 0014 0100     		.2byte	0x1
 1267 0016 57       		.byte	0x57
 1268 0017 00000000 		.4byte	0
 1269 001b 00000000 		.4byte	0
 1270              	.LLST1:
 1271 001f 02000000 		.4byte	.LVL1
 1272 0023 08000000 		.4byte	.LVL2
ARM GAS  C:\Users\MIHAILO\AppData\Local\Temp\ccvuaoJ0.s 			page 30


 1273 0027 0200     		.2byte	0x2
 1274 0029 30       		.byte	0x30
 1275 002a 9F       		.byte	0x9f
 1276 002b 08000000 		.4byte	.LVL2
 1277 002f 30000000 		.4byte	.LVL10
 1278 0033 0100     		.2byte	0x1
 1279 0035 55       		.byte	0x55
 1280 0036 00000000 		.4byte	0
 1281 003a 00000000 		.4byte	0
 1282              	.LLST2:
 1283 003e 0C000000 		.4byte	.LVL3
 1284 0042 2C000000 		.4byte	.LVL9
 1285 0046 0100     		.2byte	0x1
 1286 0048 56       		.byte	0x56
 1287 0049 00000000 		.4byte	0
 1288 004d 00000000 		.4byte	0
 1289              	.LLST3:
 1290 0051 0E000000 		.4byte	.LVL4
 1291 0055 24000000 		.4byte	.LVL7
 1292 0059 0100     		.2byte	0x1
 1293 005b 53       		.byte	0x53
 1294 005c 26000000 		.4byte	.LVL8
 1295 0060 2C000000 		.4byte	.LVL9
 1296 0064 0100     		.2byte	0x1
 1297 0066 53       		.byte	0x53
 1298 0067 00000000 		.4byte	0
 1299 006b 00000000 		.4byte	0
 1300              	.LLST4:
 1301 006f 00000000 		.4byte	.LVL12
 1302 0073 09000000 		.4byte	.LVL14-1
 1303 0077 0100     		.2byte	0x1
 1304 0079 50       		.byte	0x50
 1305 007a 09000000 		.4byte	.LVL14-1
 1306 007e 0C000000 		.4byte	.LFE0
 1307 0082 0400     		.2byte	0x4
 1308 0084 F3       		.byte	0xf3
 1309 0085 01       		.uleb128 0x1
 1310 0086 50       		.byte	0x50
 1311 0087 9F       		.byte	0x9f
 1312 0088 00000000 		.4byte	0
 1313 008c 00000000 		.4byte	0
 1314              	.LLST5:
 1315 0090 00000000 		.4byte	.LVL12
 1316 0094 06000000 		.4byte	.LVL13
 1317 0098 0100     		.2byte	0x1
 1318 009a 51       		.byte	0x51
 1319 009b 06000000 		.4byte	.LVL13
 1320 009f 09000000 		.4byte	.LVL14-1
 1321 00a3 0100     		.2byte	0x1
 1322 00a5 52       		.byte	0x52
 1323 00a6 09000000 		.4byte	.LVL14-1
 1324 00aa 0C000000 		.4byte	.LFE0
 1325 00ae 0400     		.2byte	0x4
 1326 00b0 F3       		.byte	0xf3
 1327 00b1 01       		.uleb128 0x1
 1328 00b2 51       		.byte	0x51
 1329 00b3 9F       		.byte	0x9f
ARM GAS  C:\Users\MIHAILO\AppData\Local\Temp\ccvuaoJ0.s 			page 31


 1330 00b4 00000000 		.4byte	0
 1331 00b8 00000000 		.4byte	0
 1332              	.LLST6:
 1333 00bc 88000000 		.4byte	.LVL18
 1334 00c0 8C000000 		.4byte	.LVL19
 1335 00c4 0200     		.2byte	0x2
 1336 00c6 30       		.byte	0x30
 1337 00c7 9F       		.byte	0x9f
 1338 00c8 8C000000 		.4byte	.LVL19
 1339 00cc AA000000 		.4byte	.LVL21
 1340 00d0 0100     		.2byte	0x1
 1341 00d2 54       		.byte	0x54
 1342 00d3 AC000000 		.4byte	.LVL22
 1343 00d7 12010000 		.4byte	.LVL25
 1344 00db 0100     		.2byte	0x1
 1345 00dd 54       		.byte	0x54
 1346 00de 00000000 		.4byte	0
 1347 00e2 00000000 		.4byte	0
 1348              	.LLST7:
 1349 00e6 8C000000 		.4byte	.LVL19
 1350 00ea AA000000 		.4byte	.LVL21
 1351 00ee 0B00     		.2byte	0xb
 1352 00f0 74       		.byte	0x74
 1353 00f1 00       		.sleb128 0
 1354 00f2 36       		.byte	0x36
 1355 00f3 1E       		.byte	0x1e
 1356 00f4 03       		.byte	0x3
 1357 00f5 00000000 		.4byte	cfg_memset_list.4870
 1358 00f9 22       		.byte	0x22
 1359 00fa 9F       		.byte	0x9f
 1360 00fb AA000000 		.4byte	.LVL21
 1361 00ff AC000000 		.4byte	.LVL22
 1362 0103 0B00     		.2byte	0xb
 1363 0105 74       		.byte	0x74
 1364 0106 7F       		.sleb128 -1
 1365 0107 36       		.byte	0x36
 1366 0108 1E       		.byte	0x1e
 1367 0109 03       		.byte	0x3
 1368 010a 00000000 		.4byte	cfg_memset_list.4870
 1369 010e 22       		.byte	0x22
 1370 010f 9F       		.byte	0x9f
 1371 0110 00000000 		.4byte	0
 1372 0114 00000000 		.4byte	0
 1373              		.section	.debug_aranges,"",%progbits
 1374 0000 34000000 		.4byte	0x34
 1375 0004 0200     		.2byte	0x2
 1376 0006 00000000 		.4byte	.Ldebug_info0
 1377 000a 04       		.byte	0x4
 1378 000b 00       		.byte	0
 1379 000c 0000     		.2byte	0
 1380 000e 0000     		.2byte	0
 1381 0010 00000000 		.4byte	.LFB3
 1382 0014 32000000 		.4byte	.LFE3-.LFB3
 1383 0018 00000000 		.4byte	.LFB0
 1384 001c 0C000000 		.4byte	.LFE0-.LFB0
 1385 0020 00000000 		.4byte	.LFB4
 1386 0024 84000000 		.4byte	.LFE4-.LFB4
ARM GAS  C:\Users\MIHAILO\AppData\Local\Temp\ccvuaoJ0.s 			page 32


 1387 0028 84000000 		.4byte	.LFB6
 1388 002c BC000000 		.4byte	.LFE6-.LFB6
 1389 0030 00000000 		.4byte	0
 1390 0034 00000000 		.4byte	0
 1391              		.section	.debug_ranges,"",%progbits
 1392              	.Ldebug_ranges0:
 1393 0000 00000000 		.4byte	.LFB3
 1394 0004 32000000 		.4byte	.LFE3
 1395 0008 00000000 		.4byte	.LFB0
 1396 000c 0C000000 		.4byte	.LFE0
 1397 0010 00000000 		.4byte	.LFB4
 1398 0014 84000000 		.4byte	.LFE4
 1399 0018 84000000 		.4byte	.LFB6
 1400 001c 40010000 		.4byte	.LFE6
 1401 0020 00000000 		.4byte	0
 1402 0024 00000000 		.4byte	0
 1403              		.section	.debug_line,"",%progbits
 1404              	.Ldebug_line0:
 1405 0000 5A010000 		.section	.debug_str,"MS",%progbits,1
 1405      0200D600 
 1405      00000201 
 1405      FB0E0D00 
 1405      01010101 
 1406              	.LASF19:
 1407 0000 72656733 		.ascii	"reg32\000"
 1407      3200
 1408              	.LASF12:
 1409 0006 73697A65 		.ascii	"size_t\000"
 1409      5F7400
 1410              	.LASF37:
 1411 000d 4379496E 		.ascii	"CyIntSetVector\000"
 1411      74536574 
 1411      56656374 
 1411      6F7200
 1412              	.LASF21:
 1413 001c 76616C75 		.ascii	"value\000"
 1413      6500
 1414              	.LASF26:
 1415 0022 636F756E 		.ascii	"count\000"
 1415      7400
 1416              	.LASF29:
 1417 0028 436C6F63 		.ascii	"ClockSetup\000"
 1417      6B536574 
 1417      757000
 1418              	.LASF30:
 1419 0033 63795F63 		.ascii	"cy_cfg_addr_table\000"
 1419      66675F61 
 1419      6464725F 
 1419      7461626C 
 1419      6500
 1420              	.LASF31:
 1421 0045 63795F63 		.ascii	"cy_cfg_data_table\000"
 1421      66675F64 
 1421      6174615F 
 1421      7461626C 
 1421      6500
 1422              	.LASF41:
ARM GAS  C:\Users\MIHAILO\AppData\Local\Temp\ccvuaoJ0.s 			page 33


 1423 0057 433A5C55 		.ascii	"C:\\Users\\MIHAILO\\Documents\\PSoC Creator\\PSoC10"
 1423      73657273 
 1423      5C4D4948 
 1423      41494C4F 
 1423      5C446F63 
 1424 0085 315C4C61 		.ascii	"1\\Lab03.cydsn\000"
 1424      6230332E 
 1424      63796473 
 1424      6E00
 1425              	.LASF16:
 1426 0093 666C6F61 		.ascii	"float\000"
 1426      7400
 1427              	.LASF35:
 1428 0099 6366675F 		.ascii	"cfg_memset_list\000"
 1428      6D656D73 
 1428      65745F6C 
 1428      69737400 
 1429              	.LASF33:
 1430 00a9 73697A65 		.ascii	"size\000"
 1430      00
 1431              	.LASF18:
 1432 00ae 72656738 		.ascii	"reg8\000"
 1432      00
 1433              	.LASF8:
 1434 00b3 6C6F6E67 		.ascii	"long unsigned int\000"
 1434      20756E73 
 1434      69676E65 
 1434      6420696E 
 1434      7400
 1435              	.LASF13:
 1436 00c5 75696E74 		.ascii	"uint8\000"
 1436      3800
 1437              	.LASF28:
 1438 00cb 43594D45 		.ascii	"CYMEMZERO\000"
 1438      4D5A4552 
 1438      4F00
 1439              	.LASF4:
 1440 00d5 756E7369 		.ascii	"unsigned char\000"
 1440      676E6564 
 1440      20636861 
 1440      7200
 1441              	.LASF43:
 1442 00e3 6D656D73 		.ascii	"memset\000"
 1442      657400
 1443              	.LASF17:
 1444 00ea 646F7562 		.ascii	"double\000"
 1444      6C6500
 1445              	.LASF27:
 1446 00f1 6366675F 		.ascii	"cfg_write_bytes32\000"
 1446      77726974 
 1446      655F6279 
 1446      74657333 
 1446      3200
 1447              	.LASF38:
 1448 0103 4379496E 		.ascii	"CyIntEnable\000"
 1448      74456E61 
 1448      626C6500 
ARM GAS  C:\Users\MIHAILO\AppData\Local\Temp\ccvuaoJ0.s 			page 34


 1449              	.LASF23:
 1450 010f 61646472 		.ascii	"addr_table\000"
 1450      5F746162 
 1450      6C6500
 1451              	.LASF14:
 1452 011a 75696E74 		.ascii	"uint16\000"
 1452      313600
 1453              	.LASF24:
 1454 0121 64617461 		.ascii	"data_table\000"
 1454      5F746162 
 1454      6C6500
 1455              	.LASF15:
 1456 012c 75696E74 		.ascii	"uint32\000"
 1456      333200
 1457              	.LASF0:
 1458 0133 756E7369 		.ascii	"unsigned int\000"
 1458      676E6564 
 1458      20696E74 
 1458      00
 1459              	.LASF42:
 1460 0140 63796669 		.ascii	"cyfitter_cfg\000"
 1460      74746572 
 1460      5F636667 
 1460      00
 1461              	.LASF32:
 1462 014d 61646472 		.ascii	"address\000"
 1462      65737300 
 1463              	.LASF9:
 1464 0155 6C6F6E67 		.ascii	"long long unsigned int\000"
 1464      206C6F6E 
 1464      6720756E 
 1464      7369676E 
 1464      65642069 
 1465              	.LASF39:
 1466 016c 474E5520 		.ascii	"GNU C11 5.4.1 20160609 (release) [ARM/embedded-5-br"
 1466      43313120 
 1466      352E342E 
 1466      31203230 
 1466      31363036 
 1467 019f 616E6368 		.ascii	"anch revision 237715] -mcpu=cortex-m0 -mthumb -g -O"
 1467      20726576 
 1467      6973696F 
 1467      6E203233 
 1467      37373135 
 1468 01d2 67202D66 		.ascii	"g -ffunction-sections -ffat-lto-objects\000"
 1468      66756E63 
 1468      74696F6E 
 1468      2D736563 
 1468      74696F6E 
 1469              	.LASF34:
 1470 01fa 6366675F 		.ascii	"cfg_memset_t\000"
 1470      6D656D73 
 1470      65745F74 
 1470      00
 1471              	.LASF25:
 1472 0207 62617365 		.ascii	"baseAddr\000"
 1472      41646472 
ARM GAS  C:\Users\MIHAILO\AppData\Local\Temp\ccvuaoJ0.s 			page 35


 1472      00
 1473              	.LASF10:
 1474 0210 73697A65 		.ascii	"sizetype\000"
 1474      74797065 
 1474      00
 1475              	.LASF6:
 1476 0219 73686F72 		.ascii	"short unsigned int\000"
 1476      7420756E 
 1476      7369676E 
 1476      65642069 
 1476      6E7400
 1477              	.LASF1:
 1478 022c 6C6F6E67 		.ascii	"long long int\000"
 1478      206C6F6E 
 1478      6720696E 
 1478      7400
 1479              	.LASF11:
 1480 023a 63686172 		.ascii	"char\000"
 1480      00
 1481              	.LASF22:
 1482 023f 63795F63 		.ascii	"cy_cfg_addrvalue_t\000"
 1482      66675F61 
 1482      64647276 
 1482      616C7565 
 1482      5F7400
 1483              	.LASF20:
 1484 0252 6F666673 		.ascii	"offset\000"
 1484      657400
 1485              	.LASF5:
 1486 0259 73686F72 		.ascii	"short int\000"
 1486      7420696E 
 1486      7400
 1487              	.LASF36:
 1488 0263 43795379 		.ascii	"CySysClkWriteImoFreq\000"
 1488      73436C6B 
 1488      57726974 
 1488      65496D6F 
 1488      46726571 
 1489              	.LASF7:
 1490 0278 6C6F6E67 		.ascii	"long int\000"
 1490      20696E74 
 1490      00
 1491              	.LASF2:
 1492 0281 6C6F6E67 		.ascii	"long double\000"
 1492      20646F75 
 1492      626C6500 
 1493              	.LASF3:
 1494 028d 7369676E 		.ascii	"signed char\000"
 1494      65642063 
 1494      68617200 
 1495              	.LASF40:
 1496 0299 47656E65 		.ascii	"Generated_Source\\PSoC4\\cyfitter_cfg.c\000"
 1496      72617465 
 1496      645F536F 
 1496      75726365 
 1496      5C50536F 
 1497              		.ident	"GCC: (GNU Tools for ARM Embedded Processors) 5.4.1 20160609 (release) [ARM/embedded-5-bran
ARM GAS  C:\Users\MIHAILO\AppData\Local\Temp\ccvuaoJ0.s 			page 36


