ARM GAS  C:\Users\MIHAILO\AppData\Local\Temp\ccE17Ja9.s 			page 1


   1              		.syntax unified
   2              		.cpu cortex-m0
   3              		.fpu softvfp
   4              		.eabi_attribute 20, 1
   5              		.eabi_attribute 21, 1
   6              		.eabi_attribute 23, 3
   7              		.eabi_attribute 24, 1
   8              		.eabi_attribute 25, 1
   9              		.eabi_attribute 26, 1
  10              		.eabi_attribute 30, 1
  11              		.eabi_attribute 34, 0
  12              		.eabi_attribute 18, 4
  13              		.thumb
  14              		.syntax unified
  15              		.file	"main.c"
  16              		.text
  17              	.Ltext0:
  18              		.cfi_sections	.debug_frame
  19              		.section	.text.main,"ax",%progbits
  20              		.align	2
  21              		.global	main
  22              		.code	16
  23              		.thumb_func
  24              		.type	main, %function
  25              	main:
  26              	.LFB32:
  27              		.file 1 "main.c"
   1:main.c        **** /* ========================================
   2:main.c        ****  *
   3:main.c        ****  * Copyright YOUR COMPANY, THE YEAR
   4:main.c        ****  * All Rights Reserved
   5:main.c        ****  * UNPUBLISHED, LICENSED SOFTWARE.
   6:main.c        ****  *
   7:main.c        ****  * CONFIDENTIAL AND PROPRIETARY INFORMATION
   8:main.c        ****  * WHICH IS THE PROPERTY OF your company.
   9:main.c        ****  *
  10:main.c        ****  * ========================================
  11:main.c        **** */
  12:main.c        **** #include "project.h"
  13:main.c        **** #define POT_CHAN (0)
  14:main.c        **** int main(void)
  15:main.c        **** {
  28              		.loc 1 15 0
  29              		.cfi_startproc
  30              		@ args = 0, pretend = 0, frame = 0
  31              		@ frame_needed = 0, uses_anonymous_args = 0
  32 0000 10B5     		push	{r4, lr}
  33              		.cfi_def_cfa_offset 8
  34              		.cfi_offset 4, -8
  35              		.cfi_offset 14, -4
  36              	.LVL0:
  16:main.c        ****     int16 counts=0;
  17:main.c        ****     int16 mVolts=0;
  18:main.c        ****     CyGlobalIntEnable; /* Enable global interrupts. */
  37              		.loc 1 18 0
  38              		.syntax divided
  39              	@ 18 "main.c" 1
ARM GAS  C:\Users\MIHAILO\AppData\Local\Temp\ccE17Ja9.s 			page 2


  40 0002 62B6     		CPSIE   i
  41              	@ 0 "" 2
  19:main.c        ****     
  20:main.c        ****     /* Place your initialization/startup code here (e.g. MyInst_Start()) */
  21:main.c        ****     ADC_Start();
  42              		.loc 1 21 0
  43              		.thumb
  44              		.syntax unified
  45 0004 FFF7FEFF 		bl	ADC_Start
  46              	.LVL1:
  22:main.c        ****     ADC_StartConvert();
  47              		.loc 1 22 0
  48 0008 FFF7FEFF 		bl	ADC_StartConvert
  49              	.LVL2:
  23:main.c        ****     LCD_Start();
  50              		.loc 1 23 0
  51 000c FFF7FEFF 		bl	LCD_Start
  52              	.LVL3:
  53              	.L2:
  24:main.c        ****     for(;;)
  25:main.c        ****     {
  26:main.c        ****         /* Place your application code here. */
  27:main.c        ****         counts= ADC_GetResult16(POT_CHAN);
  54              		.loc 1 27 0 discriminator 1
  55 0010 0020     		movs	r0, #0
  56 0012 FFF7FEFF 		bl	ADC_GetResult16
  57              	.LVL4:
  58 0016 0100     		movs	r1, r0
  59              	.LVL5:
  28:main.c        ****         mVolts= ADC_CountsTo_mVolts(POT_CHAN,counts);
  60              		.loc 1 28 0 discriminator 1
  61 0018 0020     		movs	r0, #0
  62 001a FFF7FEFF 		bl	ADC_CountsTo_mVolts
  63              	.LVL6:
  64 001e 0400     		movs	r4, r0
  65              	.LVL7:
  29:main.c        ****         LCD_Position(0,0);
  66              		.loc 1 29 0 discriminator 1
  67 0020 0021     		movs	r1, #0
  68 0022 0020     		movs	r0, #0
  69 0024 FFF7FEFF 		bl	LCD_Position
  70              	.LVL8:
  30:main.c        ****         LCD_PrintNumber(mVolts);
  71              		.loc 1 30 0 discriminator 1
  72 0028 A0B2     		uxth	r0, r4
  73 002a FFF7FEFF 		bl	LCD_PrintU32Number
  74              	.LVL9:
  31:main.c        ****         LCD_PrintString("mV   ");
  75              		.loc 1 31 0 discriminator 1
  76 002e 0248     		ldr	r0, .L3
  77 0030 FFF7FEFF 		bl	LCD_PrintString
  78              	.LVL10:
  79 0034 ECE7     		b	.L2
  80              	.L4:
  81 0036 C046     		.align	2
  82              	.L3:
  83 0038 00000000 		.word	.LC0
ARM GAS  C:\Users\MIHAILO\AppData\Local\Temp\ccE17Ja9.s 			page 3


  84              		.cfi_endproc
  85              	.LFE32:
  86              		.size	main, .-main
  87              		.section	.rodata.str1.4,"aMS",%progbits,1
  88              		.align	2
  89              	.LC0:
  90 0000 6D562020 		.ascii	"mV   \000"
  90      2000
  91              		.text
  92              	.Letext0:
  93              		.file 2 "Generated_Source\\PSoC4/cytypes.h"
  94              		.file 3 "Generated_Source\\PSoC4/ADC.h"
  95              		.file 4 "Generated_Source\\PSoC4/LCD.h"
  96              		.section	.debug_info,"",%progbits
  97              	.Ldebug_info0:
  98 0000 B7010000 		.4byte	0x1b7
  99 0004 0400     		.2byte	0x4
 100 0006 00000000 		.4byte	.Ldebug_abbrev0
 101 000a 04       		.byte	0x4
 102 000b 01       		.uleb128 0x1
 103 000c 2F010000 		.4byte	.LASF26
 104 0010 0C       		.byte	0xc
 105 0011 DE010000 		.4byte	.LASF27
 106 0015 22000000 		.4byte	.LASF28
 107 0019 00000000 		.4byte	.Ldebug_ranges0+0
 108 001d 00000000 		.4byte	0
 109 0021 00000000 		.4byte	.Ldebug_line0
 110 0025 02       		.uleb128 0x2
 111 0026 01       		.byte	0x1
 112 0027 06       		.byte	0x6
 113 0028 09020000 		.4byte	.LASF0
 114 002c 02       		.uleb128 0x2
 115 002d 01       		.byte	0x1
 116 002e 08       		.byte	0x8
 117 002f 6E000000 		.4byte	.LASF1
 118 0033 02       		.uleb128 0x2
 119 0034 02       		.byte	0x2
 120 0035 05       		.byte	0x5
 121 0036 EA010000 		.4byte	.LASF2
 122 003a 02       		.uleb128 0x2
 123 003b 02       		.byte	0x2
 124 003c 07       		.byte	0x7
 125 003d 94000000 		.4byte	.LASF3
 126 0041 02       		.uleb128 0x2
 127 0042 04       		.byte	0x4
 128 0043 05       		.byte	0x5
 129 0044 F4010000 		.4byte	.LASF4
 130 0048 02       		.uleb128 0x2
 131 0049 04       		.byte	0x4
 132 004a 07       		.byte	0x7
 133 004b 82000000 		.4byte	.LASF5
 134 004f 02       		.uleb128 0x2
 135 0050 08       		.byte	0x8
 136 0051 05       		.byte	0x5
 137 0052 00000000 		.4byte	.LASF6
 138 0056 02       		.uleb128 0x2
 139 0057 08       		.byte	0x8
ARM GAS  C:\Users\MIHAILO\AppData\Local\Temp\ccE17Ja9.s 			page 4


 140 0058 07       		.byte	0x7
 141 0059 EE000000 		.4byte	.LASF7
 142 005d 03       		.uleb128 0x3
 143 005e 04       		.byte	0x4
 144 005f 05       		.byte	0x5
 145 0060 696E7400 		.ascii	"int\000"
 146 0064 02       		.uleb128 0x2
 147 0065 04       		.byte	0x4
 148 0066 07       		.byte	0x7
 149 0067 DA000000 		.4byte	.LASF8
 150 006b 04       		.uleb128 0x4
 151 006c D3000000 		.4byte	.LASF9
 152 0070 02       		.byte	0x2
 153 0071 FC01     		.2byte	0x1fc
 154 0073 3A000000 		.4byte	0x3a
 155 0077 04       		.uleb128 0x4
 156 0078 7C000000 		.4byte	.LASF10
 157 007c 02       		.byte	0x2
 158 007d FF01     		.2byte	0x1ff
 159 007f 33000000 		.4byte	0x33
 160 0083 02       		.uleb128 0x2
 161 0084 04       		.byte	0x4
 162 0085 04       		.byte	0x4
 163 0086 5E000000 		.4byte	.LASF11
 164 008a 02       		.uleb128 0x2
 165 008b 08       		.byte	0x8
 166 008c 04       		.byte	0x4
 167 008d B7000000 		.4byte	.LASF12
 168 0091 02       		.uleb128 0x2
 169 0092 01       		.byte	0x1
 170 0093 08       		.byte	0x8
 171 0094 E5010000 		.4byte	.LASF13
 172 0098 02       		.uleb128 0x2
 173 0099 08       		.byte	0x8
 174 009a 04       		.byte	0x4
 175 009b FD010000 		.4byte	.LASF14
 176 009f 02       		.uleb128 0x2
 177 00a0 04       		.byte	0x4
 178 00a1 07       		.byte	0x7
 179 00a2 C4010000 		.4byte	.LASF15
 180 00a6 05       		.uleb128 0x5
 181 00a7 BE000000 		.4byte	.LASF29
 182 00ab 01       		.byte	0x1
 183 00ac 0E       		.byte	0xe
 184 00ad 5D000000 		.4byte	0x5d
 185 00b1 00000000 		.4byte	.LFB32
 186 00b5 3C000000 		.4byte	.LFE32-.LFB32
 187 00b9 01       		.uleb128 0x1
 188 00ba 9C       		.byte	0x9c
 189 00bb 62010000 		.4byte	0x162
 190 00bf 06       		.uleb128 0x6
 191 00c0 E7000000 		.4byte	.LASF16
 192 00c4 01       		.byte	0x1
 193 00c5 10       		.byte	0x10
 194 00c6 77000000 		.4byte	0x77
 195 00ca 00000000 		.4byte	.LLST0
 196 00ce 06       		.uleb128 0x6
ARM GAS  C:\Users\MIHAILO\AppData\Local\Temp\ccE17Ja9.s 			page 5


 197 00cf BD010000 		.4byte	.LASF17
 198 00d3 01       		.byte	0x1
 199 00d4 11       		.byte	0x11
 200 00d5 77000000 		.4byte	0x77
 201 00d9 1F000000 		.4byte	.LLST1
 202 00dd 07       		.uleb128 0x7
 203 00de 08000000 		.4byte	.LVL1
 204 00e2 62010000 		.4byte	0x162
 205 00e6 07       		.uleb128 0x7
 206 00e7 0C000000 		.4byte	.LVL2
 207 00eb 6D010000 		.4byte	0x16d
 208 00ef 07       		.uleb128 0x7
 209 00f0 10000000 		.4byte	.LVL3
 210 00f4 78010000 		.4byte	0x178
 211 00f8 08       		.uleb128 0x8
 212 00f9 16000000 		.4byte	.LVL4
 213 00fd 83010000 		.4byte	0x183
 214 0101 0B010000 		.4byte	0x10b
 215 0105 09       		.uleb128 0x9
 216 0106 01       		.uleb128 0x1
 217 0107 50       		.byte	0x50
 218 0108 01       		.uleb128 0x1
 219 0109 30       		.byte	0x30
 220 010a 00       		.byte	0
 221 010b 08       		.uleb128 0x8
 222 010c 1E000000 		.4byte	.LVL6
 223 0110 8E010000 		.4byte	0x18e
 224 0114 1E010000 		.4byte	0x11e
 225 0118 09       		.uleb128 0x9
 226 0119 01       		.uleb128 0x1
 227 011a 50       		.byte	0x50
 228 011b 01       		.uleb128 0x1
 229 011c 30       		.byte	0x30
 230 011d 00       		.byte	0
 231 011e 08       		.uleb128 0x8
 232 011f 28000000 		.4byte	.LVL8
 233 0123 99010000 		.4byte	0x199
 234 0127 36010000 		.4byte	0x136
 235 012b 09       		.uleb128 0x9
 236 012c 01       		.uleb128 0x1
 237 012d 50       		.byte	0x50
 238 012e 01       		.uleb128 0x1
 239 012f 30       		.byte	0x30
 240 0130 09       		.uleb128 0x9
 241 0131 01       		.uleb128 0x1
 242 0132 51       		.byte	0x51
 243 0133 01       		.uleb128 0x1
 244 0134 30       		.byte	0x30
 245 0135 00       		.byte	0
 246 0136 08       		.uleb128 0x8
 247 0137 2E000000 		.4byte	.LVL9
 248 013b A4010000 		.4byte	0x1a4
 249 013f 4E010000 		.4byte	0x14e
 250 0143 09       		.uleb128 0x9
 251 0144 01       		.uleb128 0x1
 252 0145 50       		.byte	0x50
 253 0146 06       		.uleb128 0x6
ARM GAS  C:\Users\MIHAILO\AppData\Local\Temp\ccE17Ja9.s 			page 6


 254 0147 74       		.byte	0x74
 255 0148 00       		.sleb128 0
 256 0149 0A       		.byte	0xa
 257 014a FFFF     		.2byte	0xffff
 258 014c 1A       		.byte	0x1a
 259 014d 00       		.byte	0
 260 014e 0A       		.uleb128 0xa
 261 014f 34000000 		.4byte	.LVL10
 262 0153 AF010000 		.4byte	0x1af
 263 0157 09       		.uleb128 0x9
 264 0158 01       		.uleb128 0x1
 265 0159 50       		.byte	0x50
 266 015a 05       		.uleb128 0x5
 267 015b 03       		.byte	0x3
 268 015c 00000000 		.4byte	.LC0
 269 0160 00       		.byte	0
 270 0161 00       		.byte	0
 271 0162 0B       		.uleb128 0xb
 272 0163 25010000 		.4byte	.LASF18
 273 0167 25010000 		.4byte	.LASF18
 274 016b 03       		.byte	0x3
 275 016c 99       		.byte	0x99
 276 016d 0B       		.uleb128 0xb
 277 016e CD010000 		.4byte	.LASF19
 278 0172 CD010000 		.4byte	.LASF19
 279 0176 03       		.byte	0x3
 280 0177 9D       		.byte	0x9d
 281 0178 0B       		.uleb128 0xb
 282 0179 64000000 		.4byte	.LASF20
 283 017d 64000000 		.4byte	.LASF20
 284 0181 04       		.byte	0x4
 285 0182 38       		.byte	0x38
 286 0183 0B       		.uleb128 0xb
 287 0184 A7000000 		.4byte	.LASF21
 288 0188 A7000000 		.4byte	.LASF21
 289 018c 03       		.byte	0x3
 290 018d A0       		.byte	0xa0
 291 018e 0B       		.uleb128 0xb
 292 018f 0E000000 		.4byte	.LASF22
 293 0193 0E000000 		.4byte	.LASF22
 294 0197 03       		.byte	0x3
 295 0198 AC       		.byte	0xac
 296 0199 0B       		.uleb128 0xb
 297 019a 05010000 		.4byte	.LASF23
 298 019e 05010000 		.4byte	.LASF23
 299 01a2 04       		.byte	0x4
 300 01a3 3D       		.byte	0x3d
 301 01a4 0B       		.uleb128 0xb
 302 01a5 12010000 		.4byte	.LASF24
 303 01a9 12010000 		.4byte	.LASF24
 304 01ad 04       		.byte	0x4
 305 01ae 61       		.byte	0x61
 306 01af 0B       		.uleb128 0xb
 307 01b0 C3000000 		.4byte	.LASF25
 308 01b4 C3000000 		.4byte	.LASF25
 309 01b8 04       		.byte	0x4
 310 01b9 3C       		.byte	0x3c
ARM GAS  C:\Users\MIHAILO\AppData\Local\Temp\ccE17Ja9.s 			page 7


 311 01ba 00       		.byte	0
 312              		.section	.debug_abbrev,"",%progbits
 313              	.Ldebug_abbrev0:
 314 0000 01       		.uleb128 0x1
 315 0001 11       		.uleb128 0x11
 316 0002 01       		.byte	0x1
 317 0003 25       		.uleb128 0x25
 318 0004 0E       		.uleb128 0xe
 319 0005 13       		.uleb128 0x13
 320 0006 0B       		.uleb128 0xb
 321 0007 03       		.uleb128 0x3
 322 0008 0E       		.uleb128 0xe
 323 0009 1B       		.uleb128 0x1b
 324 000a 0E       		.uleb128 0xe
 325 000b 55       		.uleb128 0x55
 326 000c 17       		.uleb128 0x17
 327 000d 11       		.uleb128 0x11
 328 000e 01       		.uleb128 0x1
 329 000f 10       		.uleb128 0x10
 330 0010 17       		.uleb128 0x17
 331 0011 00       		.byte	0
 332 0012 00       		.byte	0
 333 0013 02       		.uleb128 0x2
 334 0014 24       		.uleb128 0x24
 335 0015 00       		.byte	0
 336 0016 0B       		.uleb128 0xb
 337 0017 0B       		.uleb128 0xb
 338 0018 3E       		.uleb128 0x3e
 339 0019 0B       		.uleb128 0xb
 340 001a 03       		.uleb128 0x3
 341 001b 0E       		.uleb128 0xe
 342 001c 00       		.byte	0
 343 001d 00       		.byte	0
 344 001e 03       		.uleb128 0x3
 345 001f 24       		.uleb128 0x24
 346 0020 00       		.byte	0
 347 0021 0B       		.uleb128 0xb
 348 0022 0B       		.uleb128 0xb
 349 0023 3E       		.uleb128 0x3e
 350 0024 0B       		.uleb128 0xb
 351 0025 03       		.uleb128 0x3
 352 0026 08       		.uleb128 0x8
 353 0027 00       		.byte	0
 354 0028 00       		.byte	0
 355 0029 04       		.uleb128 0x4
 356 002a 16       		.uleb128 0x16
 357 002b 00       		.byte	0
 358 002c 03       		.uleb128 0x3
 359 002d 0E       		.uleb128 0xe
 360 002e 3A       		.uleb128 0x3a
 361 002f 0B       		.uleb128 0xb
 362 0030 3B       		.uleb128 0x3b
 363 0031 05       		.uleb128 0x5
 364 0032 49       		.uleb128 0x49
 365 0033 13       		.uleb128 0x13
 366 0034 00       		.byte	0
 367 0035 00       		.byte	0
ARM GAS  C:\Users\MIHAILO\AppData\Local\Temp\ccE17Ja9.s 			page 8


 368 0036 05       		.uleb128 0x5
 369 0037 2E       		.uleb128 0x2e
 370 0038 01       		.byte	0x1
 371 0039 3F       		.uleb128 0x3f
 372 003a 19       		.uleb128 0x19
 373 003b 03       		.uleb128 0x3
 374 003c 0E       		.uleb128 0xe
 375 003d 3A       		.uleb128 0x3a
 376 003e 0B       		.uleb128 0xb
 377 003f 3B       		.uleb128 0x3b
 378 0040 0B       		.uleb128 0xb
 379 0041 27       		.uleb128 0x27
 380 0042 19       		.uleb128 0x19
 381 0043 49       		.uleb128 0x49
 382 0044 13       		.uleb128 0x13
 383 0045 8701     		.uleb128 0x87
 384 0047 19       		.uleb128 0x19
 385 0048 11       		.uleb128 0x11
 386 0049 01       		.uleb128 0x1
 387 004a 12       		.uleb128 0x12
 388 004b 06       		.uleb128 0x6
 389 004c 40       		.uleb128 0x40
 390 004d 18       		.uleb128 0x18
 391 004e 9742     		.uleb128 0x2117
 392 0050 19       		.uleb128 0x19
 393 0051 01       		.uleb128 0x1
 394 0052 13       		.uleb128 0x13
 395 0053 00       		.byte	0
 396 0054 00       		.byte	0
 397 0055 06       		.uleb128 0x6
 398 0056 34       		.uleb128 0x34
 399 0057 00       		.byte	0
 400 0058 03       		.uleb128 0x3
 401 0059 0E       		.uleb128 0xe
 402 005a 3A       		.uleb128 0x3a
 403 005b 0B       		.uleb128 0xb
 404 005c 3B       		.uleb128 0x3b
 405 005d 0B       		.uleb128 0xb
 406 005e 49       		.uleb128 0x49
 407 005f 13       		.uleb128 0x13
 408 0060 02       		.uleb128 0x2
 409 0061 17       		.uleb128 0x17
 410 0062 00       		.byte	0
 411 0063 00       		.byte	0
 412 0064 07       		.uleb128 0x7
 413 0065 898201   		.uleb128 0x4109
 414 0068 00       		.byte	0
 415 0069 11       		.uleb128 0x11
 416 006a 01       		.uleb128 0x1
 417 006b 31       		.uleb128 0x31
 418 006c 13       		.uleb128 0x13
 419 006d 00       		.byte	0
 420 006e 00       		.byte	0
 421 006f 08       		.uleb128 0x8
 422 0070 898201   		.uleb128 0x4109
 423 0073 01       		.byte	0x1
 424 0074 11       		.uleb128 0x11
ARM GAS  C:\Users\MIHAILO\AppData\Local\Temp\ccE17Ja9.s 			page 9


 425 0075 01       		.uleb128 0x1
 426 0076 31       		.uleb128 0x31
 427 0077 13       		.uleb128 0x13
 428 0078 01       		.uleb128 0x1
 429 0079 13       		.uleb128 0x13
 430 007a 00       		.byte	0
 431 007b 00       		.byte	0
 432 007c 09       		.uleb128 0x9
 433 007d 8A8201   		.uleb128 0x410a
 434 0080 00       		.byte	0
 435 0081 02       		.uleb128 0x2
 436 0082 18       		.uleb128 0x18
 437 0083 9142     		.uleb128 0x2111
 438 0085 18       		.uleb128 0x18
 439 0086 00       		.byte	0
 440 0087 00       		.byte	0
 441 0088 0A       		.uleb128 0xa
 442 0089 898201   		.uleb128 0x4109
 443 008c 01       		.byte	0x1
 444 008d 11       		.uleb128 0x11
 445 008e 01       		.uleb128 0x1
 446 008f 31       		.uleb128 0x31
 447 0090 13       		.uleb128 0x13
 448 0091 00       		.byte	0
 449 0092 00       		.byte	0
 450 0093 0B       		.uleb128 0xb
 451 0094 2E       		.uleb128 0x2e
 452 0095 00       		.byte	0
 453 0096 3F       		.uleb128 0x3f
 454 0097 19       		.uleb128 0x19
 455 0098 3C       		.uleb128 0x3c
 456 0099 19       		.uleb128 0x19
 457 009a 6E       		.uleb128 0x6e
 458 009b 0E       		.uleb128 0xe
 459 009c 03       		.uleb128 0x3
 460 009d 0E       		.uleb128 0xe
 461 009e 3A       		.uleb128 0x3a
 462 009f 0B       		.uleb128 0xb
 463 00a0 3B       		.uleb128 0x3b
 464 00a1 0B       		.uleb128 0xb
 465 00a2 00       		.byte	0
 466 00a3 00       		.byte	0
 467 00a4 00       		.byte	0
 468              		.section	.debug_loc,"",%progbits
 469              	.Ldebug_loc0:
 470              	.LLST0:
 471 0000 02000000 		.4byte	.LVL0
 472 0004 10000000 		.4byte	.LVL3
 473 0008 0200     		.2byte	0x2
 474 000a 30       		.byte	0x30
 475 000b 9F       		.byte	0x9f
 476 000c 18000000 		.4byte	.LVL5
 477 0010 1D000000 		.4byte	.LVL6-1
 478 0014 0100     		.2byte	0x1
 479 0016 51       		.byte	0x51
 480 0017 00000000 		.4byte	0
 481 001b 00000000 		.4byte	0
ARM GAS  C:\Users\MIHAILO\AppData\Local\Temp\ccE17Ja9.s 			page 10


 482              	.LLST1:
 483 001f 02000000 		.4byte	.LVL0
 484 0023 10000000 		.4byte	.LVL3
 485 0027 0200     		.2byte	0x2
 486 0029 30       		.byte	0x30
 487 002a 9F       		.byte	0x9f
 488 002b 20000000 		.4byte	.LVL7
 489 002f 3C000000 		.4byte	.LFE32
 490 0033 0100     		.2byte	0x1
 491 0035 54       		.byte	0x54
 492 0036 00000000 		.4byte	0
 493 003a 00000000 		.4byte	0
 494              		.section	.debug_aranges,"",%progbits
 495 0000 1C000000 		.4byte	0x1c
 496 0004 0200     		.2byte	0x2
 497 0006 00000000 		.4byte	.Ldebug_info0
 498 000a 04       		.byte	0x4
 499 000b 00       		.byte	0
 500 000c 0000     		.2byte	0
 501 000e 0000     		.2byte	0
 502 0010 00000000 		.4byte	.LFB32
 503 0014 3C000000 		.4byte	.LFE32-.LFB32
 504 0018 00000000 		.4byte	0
 505 001c 00000000 		.4byte	0
 506              		.section	.debug_ranges,"",%progbits
 507              	.Ldebug_ranges0:
 508 0000 00000000 		.4byte	.LFB32
 509 0004 3C000000 		.4byte	.LFE32
 510 0008 00000000 		.4byte	0
 511 000c 00000000 		.4byte	0
 512              		.section	.debug_line,"",%progbits
 513              	.Ldebug_line0:
 514 0000 85000000 		.section	.debug_str,"MS",%progbits,1
 514      02005300 
 514      00000201 
 514      FB0E0D00 
 514      01010101 
 515              	.LASF6:
 516 0000 6C6F6E67 		.ascii	"long long int\000"
 516      206C6F6E 
 516      6720696E 
 516      7400
 517              	.LASF22:
 518 000e 4144435F 		.ascii	"ADC_CountsTo_mVolts\000"
 518      436F756E 
 518      7473546F 
 518      5F6D566F 
 518      6C747300 
 519              	.LASF28:
 520 0022 433A5C55 		.ascii	"C:\\Users\\MIHAILO\\Documents\\PSoC Creator\\PSoC10"
 520      73657273 
 520      5C4D4948 
 520      41494C4F 
 520      5C446F63 
 521 0050 315C4C61 		.ascii	"1\\Lab01.cydsn\000"
 521      6230312E 
 521      63796473 
ARM GAS  C:\Users\MIHAILO\AppData\Local\Temp\ccE17Ja9.s 			page 11


 521      6E00
 522              	.LASF11:
 523 005e 666C6F61 		.ascii	"float\000"
 523      7400
 524              	.LASF20:
 525 0064 4C43445F 		.ascii	"LCD_Start\000"
 525      53746172 
 525      7400
 526              	.LASF1:
 527 006e 756E7369 		.ascii	"unsigned char\000"
 527      676E6564 
 527      20636861 
 527      7200
 528              	.LASF10:
 529 007c 696E7431 		.ascii	"int16\000"
 529      3600
 530              	.LASF5:
 531 0082 6C6F6E67 		.ascii	"long unsigned int\000"
 531      20756E73 
 531      69676E65 
 531      6420696E 
 531      7400
 532              	.LASF3:
 533 0094 73686F72 		.ascii	"short unsigned int\000"
 533      7420756E 
 533      7369676E 
 533      65642069 
 533      6E7400
 534              	.LASF21:
 535 00a7 4144435F 		.ascii	"ADC_GetResult16\000"
 535      47657452 
 535      6573756C 
 535      74313600 
 536              	.LASF12:
 537 00b7 646F7562 		.ascii	"double\000"
 537      6C6500
 538              	.LASF29:
 539 00be 6D61696E 		.ascii	"main\000"
 539      00
 540              	.LASF25:
 541 00c3 4C43445F 		.ascii	"LCD_PrintString\000"
 541      5072696E 
 541      74537472 
 541      696E6700 
 542              	.LASF9:
 543 00d3 75696E74 		.ascii	"uint16\000"
 543      313600
 544              	.LASF8:
 545 00da 756E7369 		.ascii	"unsigned int\000"
 545      676E6564 
 545      20696E74 
 545      00
 546              	.LASF16:
 547 00e7 636F756E 		.ascii	"counts\000"
 547      747300
 548              	.LASF7:
 549 00ee 6C6F6E67 		.ascii	"long long unsigned int\000"
ARM GAS  C:\Users\MIHAILO\AppData\Local\Temp\ccE17Ja9.s 			page 12


 549      206C6F6E 
 549      6720756E 
 549      7369676E 
 549      65642069 
 550              	.LASF23:
 551 0105 4C43445F 		.ascii	"LCD_Position\000"
 551      506F7369 
 551      74696F6E 
 551      00
 552              	.LASF24:
 553 0112 4C43445F 		.ascii	"LCD_PrintU32Number\000"
 553      5072696E 
 553      74553332 
 553      4E756D62 
 553      657200
 554              	.LASF18:
 555 0125 4144435F 		.ascii	"ADC_Start\000"
 555      53746172 
 555      7400
 556              	.LASF26:
 557 012f 474E5520 		.ascii	"GNU C11 5.4.1 20160609 (release) [ARM/embedded-5-br"
 557      43313120 
 557      352E342E 
 557      31203230 
 557      31363036 
 558 0162 616E6368 		.ascii	"anch revision 237715] -mcpu=cortex-m0 -mthumb -g -O"
 558      20726576 
 558      6973696F 
 558      6E203233 
 558      37373135 
 559 0195 67202D66 		.ascii	"g -ffunction-sections -ffat-lto-objects\000"
 559      66756E63 
 559      74696F6E 
 559      2D736563 
 559      74696F6E 
 560              	.LASF17:
 561 01bd 6D566F6C 		.ascii	"mVolts\000"
 561      747300
 562              	.LASF15:
 563 01c4 73697A65 		.ascii	"sizetype\000"
 563      74797065 
 563      00
 564              	.LASF19:
 565 01cd 4144435F 		.ascii	"ADC_StartConvert\000"
 565      53746172 
 565      74436F6E 
 565      76657274 
 565      00
 566              	.LASF27:
 567 01de 6D61696E 		.ascii	"main.c\000"
 567      2E6300
 568              	.LASF13:
 569 01e5 63686172 		.ascii	"char\000"
 569      00
 570              	.LASF2:
 571 01ea 73686F72 		.ascii	"short int\000"
 571      7420696E 
ARM GAS  C:\Users\MIHAILO\AppData\Local\Temp\ccE17Ja9.s 			page 13


 571      7400
 572              	.LASF4:
 573 01f4 6C6F6E67 		.ascii	"long int\000"
 573      20696E74 
 573      00
 574              	.LASF14:
 575 01fd 6C6F6E67 		.ascii	"long double\000"
 575      20646F75 
 575      626C6500 
 576              	.LASF0:
 577 0209 7369676E 		.ascii	"signed char\000"
 577      65642063 
 577      68617200 
 578              		.ident	"GCC: (GNU Tools for ARM Embedded Processors) 5.4.1 20160609 (release) [ARM/embedded-5-bran
