ARM GAS  C:\Users\MIHAILO\AppData\Local\Temp\cc2mQryJ.s 			page 1


   1              		.syntax unified
   2              		.cpu cortex-m0
   3              		.fpu softvfp
   4              		.eabi_attribute 20, 1
   5              		.eabi_attribute 21, 1
   6              		.eabi_attribute 23, 3
   7              		.eabi_attribute 24, 1
   8              		.eabi_attribute 25, 1
   9              		.eabi_attribute 26, 1
  10              		.eabi_attribute 30, 1
  11              		.eabi_attribute 34, 0
  12              		.eabi_attribute 18, 4
  13              		.thumb
  14              		.syntax unified
  15              		.file	"cyfitter_cfg.c"
  16              		.text
  17              	.Ltext0:
  18              		.cfi_sections	.debug_frame
  19              		.section	.text.cfg_write_bytes32,"ax",%progbits
  20              		.align	2
  21              		.code	16
  22              		.thumb_func
  23              		.type	cfg_write_bytes32, %function
  24              	cfg_write_bytes32:
  25              	.LFB3:
  26              		.file 1 "Generated_Source\\PSoC4\\cyfitter_cfg.c"
   1:Generated_Source\PSoC4/cyfitter_cfg.c **** 
   2:Generated_Source\PSoC4/cyfitter_cfg.c **** /*******************************************************************************
   3:Generated_Source\PSoC4/cyfitter_cfg.c **** * File Name: cyfitter_cfg.c
   4:Generated_Source\PSoC4/cyfitter_cfg.c **** * 
   5:Generated_Source\PSoC4/cyfitter_cfg.c **** * PSoC Creator  4.4
   6:Generated_Source\PSoC4/cyfitter_cfg.c **** *
   7:Generated_Source\PSoC4/cyfitter_cfg.c **** * Description:
   8:Generated_Source\PSoC4/cyfitter_cfg.c **** * This file contains device initialization code.
   9:Generated_Source\PSoC4/cyfitter_cfg.c **** * Except for the user defined sections in CyClockStartupError(), this file should not be modified.
  10:Generated_Source\PSoC4/cyfitter_cfg.c **** * This file is automatically generated by PSoC Creator.
  11:Generated_Source\PSoC4/cyfitter_cfg.c **** *
  12:Generated_Source\PSoC4/cyfitter_cfg.c **** ********************************************************************************
  13:Generated_Source\PSoC4/cyfitter_cfg.c **** * Copyright (c) 2007-2020 Cypress Semiconductor.  All rights reserved.
  14:Generated_Source\PSoC4/cyfitter_cfg.c **** * You may use this file only in accordance with the license, terms, conditions, 
  15:Generated_Source\PSoC4/cyfitter_cfg.c **** * disclaimers, and limitations in the end user license agreement accompanying 
  16:Generated_Source\PSoC4/cyfitter_cfg.c **** * the software package with which this file was provided.
  17:Generated_Source\PSoC4/cyfitter_cfg.c **** ********************************************************************************/
  18:Generated_Source\PSoC4/cyfitter_cfg.c **** 
  19:Generated_Source\PSoC4/cyfitter_cfg.c **** #include <string.h>
  20:Generated_Source\PSoC4/cyfitter_cfg.c **** #include "cytypes.h"
  21:Generated_Source\PSoC4/cyfitter_cfg.c **** #include "cydevice_trm.h"
  22:Generated_Source\PSoC4/cyfitter_cfg.c **** #include "cyfitter.h"
  23:Generated_Source\PSoC4/cyfitter_cfg.c **** #include "CyLib.h"
  24:Generated_Source\PSoC4/cyfitter_cfg.c **** #include "CyLFClk.h"
  25:Generated_Source\PSoC4/cyfitter_cfg.c **** #include "cyfitter_cfg.h"
  26:Generated_Source\PSoC4/cyfitter_cfg.c **** #include "cyapicallbacks.h"
  27:Generated_Source\PSoC4/cyfitter_cfg.c **** 
  28:Generated_Source\PSoC4/cyfitter_cfg.c **** 
  29:Generated_Source\PSoC4/cyfitter_cfg.c **** #if defined(__GNUC__) || defined(__ARMCC_VERSION)
  30:Generated_Source\PSoC4/cyfitter_cfg.c ****     #define CYPACKED 
  31:Generated_Source\PSoC4/cyfitter_cfg.c ****     #define CYPACKED_ATTR __attribute__ ((packed))
ARM GAS  C:\Users\MIHAILO\AppData\Local\Temp\cc2mQryJ.s 			page 2


  32:Generated_Source\PSoC4/cyfitter_cfg.c ****     #define CYALIGNED __attribute__ ((aligned))
  33:Generated_Source\PSoC4/cyfitter_cfg.c ****     #define CY_CFG_UNUSED __attribute__ ((unused))
  34:Generated_Source\PSoC4/cyfitter_cfg.c ****     #ifndef CY_CFG_SECTION
  35:Generated_Source\PSoC4/cyfitter_cfg.c ****         #define CY_CFG_SECTION __attribute__ ((section(".psocinit")))
  36:Generated_Source\PSoC4/cyfitter_cfg.c ****     #endif
  37:Generated_Source\PSoC4/cyfitter_cfg.c ****     
  38:Generated_Source\PSoC4/cyfitter_cfg.c ****     #if defined(__ARMCC_VERSION)
  39:Generated_Source\PSoC4/cyfitter_cfg.c ****         #define CY_CFG_MEMORY_BARRIER() __memory_changed()
  40:Generated_Source\PSoC4/cyfitter_cfg.c ****     #else
  41:Generated_Source\PSoC4/cyfitter_cfg.c ****         #define CY_CFG_MEMORY_BARRIER() __sync_synchronize()
  42:Generated_Source\PSoC4/cyfitter_cfg.c ****     #endif
  43:Generated_Source\PSoC4/cyfitter_cfg.c ****     
  44:Generated_Source\PSoC4/cyfitter_cfg.c **** #elif defined(__ICCARM__)
  45:Generated_Source\PSoC4/cyfitter_cfg.c ****     #include <intrinsics.h>
  46:Generated_Source\PSoC4/cyfitter_cfg.c **** 
  47:Generated_Source\PSoC4/cyfitter_cfg.c ****     #define CYPACKED __packed
  48:Generated_Source\PSoC4/cyfitter_cfg.c ****     #define CYPACKED_ATTR 
  49:Generated_Source\PSoC4/cyfitter_cfg.c ****     #define CYALIGNED _Pragma("data_alignment=4")
  50:Generated_Source\PSoC4/cyfitter_cfg.c ****     #define CY_CFG_UNUSED _Pragma("diag_suppress=Pe177")
  51:Generated_Source\PSoC4/cyfitter_cfg.c ****     #define CY_CFG_SECTION _Pragma("location=\".psocinit\"")
  52:Generated_Source\PSoC4/cyfitter_cfg.c ****     
  53:Generated_Source\PSoC4/cyfitter_cfg.c ****     #define CY_CFG_MEMORY_BARRIER() __DMB()
  54:Generated_Source\PSoC4/cyfitter_cfg.c ****     
  55:Generated_Source\PSoC4/cyfitter_cfg.c **** #else
  56:Generated_Source\PSoC4/cyfitter_cfg.c ****     #error Unsupported toolchain
  57:Generated_Source\PSoC4/cyfitter_cfg.c **** #endif
  58:Generated_Source\PSoC4/cyfitter_cfg.c **** 
  59:Generated_Source\PSoC4/cyfitter_cfg.c **** #ifndef CYCODE
  60:Generated_Source\PSoC4/cyfitter_cfg.c ****     #define CYCODE
  61:Generated_Source\PSoC4/cyfitter_cfg.c **** #endif
  62:Generated_Source\PSoC4/cyfitter_cfg.c **** #ifndef CYDATA
  63:Generated_Source\PSoC4/cyfitter_cfg.c ****     #define CYDATA
  64:Generated_Source\PSoC4/cyfitter_cfg.c **** #endif
  65:Generated_Source\PSoC4/cyfitter_cfg.c **** #ifndef CYFAR
  66:Generated_Source\PSoC4/cyfitter_cfg.c ****     #define CYFAR
  67:Generated_Source\PSoC4/cyfitter_cfg.c **** #endif
  68:Generated_Source\PSoC4/cyfitter_cfg.c **** #ifndef CYXDATA
  69:Generated_Source\PSoC4/cyfitter_cfg.c ****     #define CYXDATA
  70:Generated_Source\PSoC4/cyfitter_cfg.c **** #endif
  71:Generated_Source\PSoC4/cyfitter_cfg.c **** 
  72:Generated_Source\PSoC4/cyfitter_cfg.c **** 
  73:Generated_Source\PSoC4/cyfitter_cfg.c **** CY_CFG_UNUSED
  74:Generated_Source\PSoC4/cyfitter_cfg.c **** static void CYMEMZERO(void *s, size_t n);
  75:Generated_Source\PSoC4/cyfitter_cfg.c **** CY_CFG_UNUSED
  76:Generated_Source\PSoC4/cyfitter_cfg.c **** static void CYMEMZERO(void *s, size_t n)
  77:Generated_Source\PSoC4/cyfitter_cfg.c **** {
  78:Generated_Source\PSoC4/cyfitter_cfg.c **** 	(void)memset(s, 0, n);
  79:Generated_Source\PSoC4/cyfitter_cfg.c **** }
  80:Generated_Source\PSoC4/cyfitter_cfg.c **** CY_CFG_UNUSED
  81:Generated_Source\PSoC4/cyfitter_cfg.c **** static void CYCONFIGCPY(void *dest, const void *src, size_t n);
  82:Generated_Source\PSoC4/cyfitter_cfg.c **** CY_CFG_UNUSED
  83:Generated_Source\PSoC4/cyfitter_cfg.c **** static void CYCONFIGCPY(void *dest, const void *src, size_t n)
  84:Generated_Source\PSoC4/cyfitter_cfg.c **** {
  85:Generated_Source\PSoC4/cyfitter_cfg.c **** 	(void)memcpy(dest, src, n);
  86:Generated_Source\PSoC4/cyfitter_cfg.c **** }
  87:Generated_Source\PSoC4/cyfitter_cfg.c **** CY_CFG_UNUSED
  88:Generated_Source\PSoC4/cyfitter_cfg.c **** static void CYCONFIGCPYCODE(void *dest, const void *src, size_t n);
ARM GAS  C:\Users\MIHAILO\AppData\Local\Temp\cc2mQryJ.s 			page 3


  89:Generated_Source\PSoC4/cyfitter_cfg.c **** CY_CFG_UNUSED
  90:Generated_Source\PSoC4/cyfitter_cfg.c **** static void CYCONFIGCPYCODE(void *dest, const void *src, size_t n)
  91:Generated_Source\PSoC4/cyfitter_cfg.c **** {
  92:Generated_Source\PSoC4/cyfitter_cfg.c **** 	(void)memcpy(dest, src, n);
  93:Generated_Source\PSoC4/cyfitter_cfg.c **** }
  94:Generated_Source\PSoC4/cyfitter_cfg.c **** 
  95:Generated_Source\PSoC4/cyfitter_cfg.c **** 
  96:Generated_Source\PSoC4/cyfitter_cfg.c **** 
  97:Generated_Source\PSoC4/cyfitter_cfg.c **** 
  98:Generated_Source\PSoC4/cyfitter_cfg.c **** /* Clock startup error codes                                                   */
  99:Generated_Source\PSoC4/cyfitter_cfg.c **** #define CYCLOCKSTART_NO_ERROR    0u
 100:Generated_Source\PSoC4/cyfitter_cfg.c **** #define CYCLOCKSTART_XTAL_ERROR  1u
 101:Generated_Source\PSoC4/cyfitter_cfg.c **** #define CYCLOCKSTART_32KHZ_ERROR 2u
 102:Generated_Source\PSoC4/cyfitter_cfg.c **** #define CYCLOCKSTART_PLL_ERROR   3u
 103:Generated_Source\PSoC4/cyfitter_cfg.c **** #define CYCLOCKSTART_FLL_ERROR   4u
 104:Generated_Source\PSoC4/cyfitter_cfg.c **** #define CYCLOCKSTART_WCO_ERROR   5u
 105:Generated_Source\PSoC4/cyfitter_cfg.c **** 
 106:Generated_Source\PSoC4/cyfitter_cfg.c **** 
 107:Generated_Source\PSoC4/cyfitter_cfg.c **** #ifdef CY_NEED_CYCLOCKSTARTUPERROR
 108:Generated_Source\PSoC4/cyfitter_cfg.c **** /*******************************************************************************
 109:Generated_Source\PSoC4/cyfitter_cfg.c **** * Function Name: CyClockStartupError
 110:Generated_Source\PSoC4/cyfitter_cfg.c **** ********************************************************************************
 111:Generated_Source\PSoC4/cyfitter_cfg.c **** * Summary:
 112:Generated_Source\PSoC4/cyfitter_cfg.c **** *  If an error is encountered during clock configuration (crystal startup error,
 113:Generated_Source\PSoC4/cyfitter_cfg.c **** *  PLL lock error, etc.), the system will end up here.  Unless reimplemented by
 114:Generated_Source\PSoC4/cyfitter_cfg.c **** *  the customer, this function will stop in an infinite loop.
 115:Generated_Source\PSoC4/cyfitter_cfg.c **** *
 116:Generated_Source\PSoC4/cyfitter_cfg.c **** * Parameters:
 117:Generated_Source\PSoC4/cyfitter_cfg.c **** *   void
 118:Generated_Source\PSoC4/cyfitter_cfg.c **** *
 119:Generated_Source\PSoC4/cyfitter_cfg.c **** * Return:
 120:Generated_Source\PSoC4/cyfitter_cfg.c **** *   void
 121:Generated_Source\PSoC4/cyfitter_cfg.c **** *
 122:Generated_Source\PSoC4/cyfitter_cfg.c **** *******************************************************************************/
 123:Generated_Source\PSoC4/cyfitter_cfg.c **** CY_CFG_UNUSED
 124:Generated_Source\PSoC4/cyfitter_cfg.c **** static void CyClockStartupError(uint8 errorCode);
 125:Generated_Source\PSoC4/cyfitter_cfg.c **** CY_CFG_UNUSED
 126:Generated_Source\PSoC4/cyfitter_cfg.c **** static void CyClockStartupError(uint8 errorCode)
 127:Generated_Source\PSoC4/cyfitter_cfg.c **** {
 128:Generated_Source\PSoC4/cyfitter_cfg.c ****     /* To remove the compiler warning if errorCode not used.                */
 129:Generated_Source\PSoC4/cyfitter_cfg.c ****     errorCode = errorCode;
 130:Generated_Source\PSoC4/cyfitter_cfg.c **** 
 131:Generated_Source\PSoC4/cyfitter_cfg.c ****     /* If we have a clock startup error (bad MHz crystal, PLL lock, etc.),  */
 132:Generated_Source\PSoC4/cyfitter_cfg.c ****     /* we will end up here to allow the customer to implement something to  */
 133:Generated_Source\PSoC4/cyfitter_cfg.c ****     /* deal with the clock condition.                                       */
 134:Generated_Source\PSoC4/cyfitter_cfg.c **** 
 135:Generated_Source\PSoC4/cyfitter_cfg.c **** #ifdef CY_CFG_CLOCK_STARTUP_ERROR_CALLBACK
 136:Generated_Source\PSoC4/cyfitter_cfg.c ****     CY_CFG_Clock_Startup_ErrorCallback();
 137:Generated_Source\PSoC4/cyfitter_cfg.c **** #else
 138:Generated_Source\PSoC4/cyfitter_cfg.c ****     /*  If not using CY_CFG_CLOCK_STARTUP_ERROR_CALLBACK, place your clock startup code here. */
 139:Generated_Source\PSoC4/cyfitter_cfg.c ****     /* `#START CyClockStartupError` */
 140:Generated_Source\PSoC4/cyfitter_cfg.c **** 
 141:Generated_Source\PSoC4/cyfitter_cfg.c **** 
 142:Generated_Source\PSoC4/cyfitter_cfg.c **** 
 143:Generated_Source\PSoC4/cyfitter_cfg.c ****     /* `#END` */
 144:Generated_Source\PSoC4/cyfitter_cfg.c **** 
 145:Generated_Source\PSoC4/cyfitter_cfg.c ****     while(1) {}
ARM GAS  C:\Users\MIHAILO\AppData\Local\Temp\cc2mQryJ.s 			page 4


 146:Generated_Source\PSoC4/cyfitter_cfg.c **** #endif /* CY_CFG_CLOCK_STARTUP_ERROR_CALLBACK */
 147:Generated_Source\PSoC4/cyfitter_cfg.c **** }
 148:Generated_Source\PSoC4/cyfitter_cfg.c **** #endif
 149:Generated_Source\PSoC4/cyfitter_cfg.c **** 
 150:Generated_Source\PSoC4/cyfitter_cfg.c **** #define CY_CFG_BASE_ADDR_COUNT 1u
 151:Generated_Source\PSoC4/cyfitter_cfg.c **** CYPACKED typedef struct
 152:Generated_Source\PSoC4/cyfitter_cfg.c **** {
 153:Generated_Source\PSoC4/cyfitter_cfg.c **** 	uint8 offset;
 154:Generated_Source\PSoC4/cyfitter_cfg.c **** 	uint8 value;
 155:Generated_Source\PSoC4/cyfitter_cfg.c **** } CYPACKED_ATTR cy_cfg_addrvalue_t;
 156:Generated_Source\PSoC4/cyfitter_cfg.c **** 
 157:Generated_Source\PSoC4/cyfitter_cfg.c **** 
 158:Generated_Source\PSoC4/cyfitter_cfg.c **** 
 159:Generated_Source\PSoC4/cyfitter_cfg.c **** /*******************************************************************************
 160:Generated_Source\PSoC4/cyfitter_cfg.c **** * Function Name: cfg_write_bytes32
 161:Generated_Source\PSoC4/cyfitter_cfg.c **** ********************************************************************************
 162:Generated_Source\PSoC4/cyfitter_cfg.c **** * Summary:
 163:Generated_Source\PSoC4/cyfitter_cfg.c **** *  This function is used for setting up the chip configuration areas that
 164:Generated_Source\PSoC4/cyfitter_cfg.c **** *  contain relatively sparse data.
 165:Generated_Source\PSoC4/cyfitter_cfg.c **** *
 166:Generated_Source\PSoC4/cyfitter_cfg.c **** * Parameters:
 167:Generated_Source\PSoC4/cyfitter_cfg.c **** *   void
 168:Generated_Source\PSoC4/cyfitter_cfg.c **** *
 169:Generated_Source\PSoC4/cyfitter_cfg.c **** * Return:
 170:Generated_Source\PSoC4/cyfitter_cfg.c **** *   void
 171:Generated_Source\PSoC4/cyfitter_cfg.c **** *
 172:Generated_Source\PSoC4/cyfitter_cfg.c **** *******************************************************************************/
 173:Generated_Source\PSoC4/cyfitter_cfg.c **** static void cfg_write_bytes32(const uint32 addr_table[], const cy_cfg_addrvalue_t data_table[]);
 174:Generated_Source\PSoC4/cyfitter_cfg.c **** static void cfg_write_bytes32(const uint32 addr_table[], const cy_cfg_addrvalue_t data_table[])
 175:Generated_Source\PSoC4/cyfitter_cfg.c **** {
  27              		.loc 1 175 0
  28              		.cfi_startproc
  29              		@ args = 0, pretend = 0, frame = 0
  30              		@ frame_needed = 0, uses_anonymous_args = 0
  31              	.LVL0:
  32 0000 F0B5     		push	{r4, r5, r6, r7, lr}
  33              		.cfi_def_cfa_offset 20
  34              		.cfi_offset 4, -20
  35              		.cfi_offset 5, -16
  36              		.cfi_offset 6, -12
  37              		.cfi_offset 7, -8
  38              		.cfi_offset 14, -4
  39              	.LVL1:
 176:Generated_Source\PSoC4/cyfitter_cfg.c **** 	/* For 32-bit little-endian architectures */
 177:Generated_Source\PSoC4/cyfitter_cfg.c **** 	uint32 i, j = 0u;
  40              		.loc 1 177 0
  41 0002 0025     		movs	r5, #0
 178:Generated_Source\PSoC4/cyfitter_cfg.c **** 	for (i = 0u; i < CY_CFG_BASE_ADDR_COUNT; i++)
  42              		.loc 1 178 0
  43 0004 0027     		movs	r7, #0
  44 0006 11E0     		b	.L2
  45              	.LVL2:
  46              	.L5:
  47              	.LBB2:
 179:Generated_Source\PSoC4/cyfitter_cfg.c **** 	{
 180:Generated_Source\PSoC4/cyfitter_cfg.c **** 		uint32 baseAddr = addr_table[i];
  48              		.loc 1 180 0
ARM GAS  C:\Users\MIHAILO\AppData\Local\Temp\cc2mQryJ.s 			page 5


  49 0008 BB00     		lsls	r3, r7, #2
  50 000a C658     		ldr	r6, [r0, r3]
  51              	.LVL3:
 181:Generated_Source\PSoC4/cyfitter_cfg.c **** 		uint8 count = (uint8)baseAddr;
  52              		.loc 1 181 0
  53 000c F3B2     		uxtb	r3, r6
  54              	.LVL4:
 182:Generated_Source\PSoC4/cyfitter_cfg.c **** 		baseAddr &= 0xFFFFFF00u;
  55              		.loc 1 182 0
  56 000e FF22     		movs	r2, #255
  57 0010 9643     		bics	r6, r2
  58              	.LVL5:
 183:Generated_Source\PSoC4/cyfitter_cfg.c **** 		while (count != 0u)
  59              		.loc 1 183 0
  60 0012 08E0     		b	.L3
  61              	.L4:
 184:Generated_Source\PSoC4/cyfitter_cfg.c **** 		{
 185:Generated_Source\PSoC4/cyfitter_cfg.c **** 			CY_SET_REG8((void *)(baseAddr + data_table[j].offset), data_table[j].value);
  62              		.loc 1 185 0
  63 0014 6A00     		lsls	r2, r5, #1
  64 0016 8A18     		adds	r2, r1, r2
  65 0018 1478     		ldrb	r4, [r2]
  66 001a A419     		adds	r4, r4, r6
  67 001c 5278     		ldrb	r2, [r2, #1]
  68 001e 2270     		strb	r2, [r4]
 186:Generated_Source\PSoC4/cyfitter_cfg.c **** 			j++;
  69              		.loc 1 186 0
  70 0020 0135     		adds	r5, r5, #1
  71              	.LVL6:
 187:Generated_Source\PSoC4/cyfitter_cfg.c **** 			count--;
  72              		.loc 1 187 0
  73 0022 013B     		subs	r3, r3, #1
  74              	.LVL7:
  75 0024 DBB2     		uxtb	r3, r3
  76              	.LVL8:
  77              	.L3:
 183:Generated_Source\PSoC4/cyfitter_cfg.c **** 		{
  78              		.loc 1 183 0
  79 0026 002B     		cmp	r3, #0
  80 0028 F4D1     		bne	.L4
  81              	.LBE2:
 178:Generated_Source\PSoC4/cyfitter_cfg.c **** 	{
  82              		.loc 1 178 0 discriminator 2
  83 002a 0137     		adds	r7, r7, #1
  84              	.LVL9:
  85              	.L2:
 178:Generated_Source\PSoC4/cyfitter_cfg.c **** 	{
  86              		.loc 1 178 0 is_stmt 0 discriminator 1
  87 002c 002F     		cmp	r7, #0
  88 002e EBD0     		beq	.L5
 188:Generated_Source\PSoC4/cyfitter_cfg.c **** 		}
 189:Generated_Source\PSoC4/cyfitter_cfg.c **** 	}
 190:Generated_Source\PSoC4/cyfitter_cfg.c **** }
  89              		.loc 1 190 0 is_stmt 1
  90              		@ sp needed
  91              	.LVL10:
  92              	.LVL11:
ARM GAS  C:\Users\MIHAILO\AppData\Local\Temp\cc2mQryJ.s 			page 6


  93 0030 F0BD     		pop	{r4, r5, r6, r7, pc}
  94              		.cfi_endproc
  95              	.LFE3:
  96              		.size	cfg_write_bytes32, .-cfg_write_bytes32
  97 0032 C046     		.section	.text.CYMEMZERO,"ax",%progbits
  98              		.align	2
  99              		.code	16
 100              		.thumb_func
 101              		.type	CYMEMZERO, %function
 102              	CYMEMZERO:
 103              	.LFB0:
  77:Generated_Source\PSoC4/cyfitter_cfg.c **** 	(void)memset(s, 0, n);
 104              		.loc 1 77 0
 105              		.cfi_startproc
 106              		@ args = 0, pretend = 0, frame = 0
 107              		@ frame_needed = 0, uses_anonymous_args = 0
 108              	.LVL12:
 109 0000 10B5     		push	{r4, lr}
 110              		.cfi_def_cfa_offset 8
 111              		.cfi_offset 4, -8
 112              		.cfi_offset 14, -4
 113 0002 0A00     		movs	r2, r1
  78:Generated_Source\PSoC4/cyfitter_cfg.c **** }
 114              		.loc 1 78 0
 115 0004 0021     		movs	r1, #0
 116              	.LVL13:
 117 0006 FFF7FEFF 		bl	memset
 118              	.LVL14:
  79:Generated_Source\PSoC4/cyfitter_cfg.c **** CY_CFG_UNUSED
 119              		.loc 1 79 0
 120              		@ sp needed
 121 000a 10BD     		pop	{r4, pc}
 122              		.cfi_endproc
 123              	.LFE0:
 124              		.size	CYMEMZERO, .-CYMEMZERO
 125              		.section	.psocinit,"ax",%progbits
 126              		.align	2
 127              		.code	16
 128              		.thumb_func
 129              		.type	ClockSetup, %function
 130              	ClockSetup:
 131              	.LFB4:
 191:Generated_Source\PSoC4/cyfitter_cfg.c **** 
 192:Generated_Source\PSoC4/cyfitter_cfg.c **** 
 193:Generated_Source\PSoC4/cyfitter_cfg.c **** /*******************************************************************************
 194:Generated_Source\PSoC4/cyfitter_cfg.c **** * Function Name: ClockSetup
 195:Generated_Source\PSoC4/cyfitter_cfg.c **** ********************************************************************************
 196:Generated_Source\PSoC4/cyfitter_cfg.c **** *
 197:Generated_Source\PSoC4/cyfitter_cfg.c **** * Summary:
 198:Generated_Source\PSoC4/cyfitter_cfg.c **** *   Performs the initialization of all of the clocks in the device based on the
 199:Generated_Source\PSoC4/cyfitter_cfg.c **** *   settings in the Clock tab of the DWR.  This includes enabling the requested
 200:Generated_Source\PSoC4/cyfitter_cfg.c **** *   clocks and setting the necessary dividers to produce the desired frequency. 
 201:Generated_Source\PSoC4/cyfitter_cfg.c **** *
 202:Generated_Source\PSoC4/cyfitter_cfg.c **** * Parameters:
 203:Generated_Source\PSoC4/cyfitter_cfg.c **** *   void
 204:Generated_Source\PSoC4/cyfitter_cfg.c **** *
 205:Generated_Source\PSoC4/cyfitter_cfg.c **** * Return:
ARM GAS  C:\Users\MIHAILO\AppData\Local\Temp\cc2mQryJ.s 			page 7


 206:Generated_Source\PSoC4/cyfitter_cfg.c **** *   void
 207:Generated_Source\PSoC4/cyfitter_cfg.c **** *
 208:Generated_Source\PSoC4/cyfitter_cfg.c **** *******************************************************************************/
 209:Generated_Source\PSoC4/cyfitter_cfg.c **** static void ClockSetup(void);
 210:Generated_Source\PSoC4/cyfitter_cfg.c **** CY_CFG_SECTION
 211:Generated_Source\PSoC4/cyfitter_cfg.c **** static void ClockSetup(void)
 212:Generated_Source\PSoC4/cyfitter_cfg.c **** {
 132              		.loc 1 212 0
 133              		.cfi_startproc
 134              		@ args = 0, pretend = 0, frame = 0
 135              		@ frame_needed = 0, uses_anonymous_args = 0
 136 0000 70B5     		push	{r4, r5, r6, lr}
 137              		.cfi_def_cfa_offset 16
 138              		.cfi_offset 4, -16
 139              		.cfi_offset 5, -12
 140              		.cfi_offset 6, -8
 141              		.cfi_offset 14, -4
 213:Generated_Source\PSoC4/cyfitter_cfg.c **** 	/* Enable HALF_EN before trimming for the flash accelerator. */
 214:Generated_Source\PSoC4/cyfitter_cfg.c **** 	CY_SET_REG32((void CYXDATA *)(CYREG_CLK_SELECT), (CY_GET_REG32((void *)CYREG_CLK_SELECT) | 0x00040
 142              		.loc 1 214 0
 143 0002 0F4C     		ldr	r4, .L8
 144 0004 2368     		ldr	r3, [r4]
 145 0006 8022     		movs	r2, #128
 146 0008 D202     		lsls	r2, r2, #11
 147 000a 1343     		orrs	r3, r2
 148 000c 2360     		str	r3, [r4]
 215:Generated_Source\PSoC4/cyfitter_cfg.c **** 
 216:Generated_Source\PSoC4/cyfitter_cfg.c **** 	/* Setup and trim IMO based on desired frequency. */
 217:Generated_Source\PSoC4/cyfitter_cfg.c **** 	CySysClkWriteImoFreq(24u);
 149              		.loc 1 217 0
 150 000e 1820     		movs	r0, #24
 151 0010 FFF7FEFF 		bl	CySysClkWriteImoFreq
 152              	.LVL15:
 218:Generated_Source\PSoC4/cyfitter_cfg.c **** 
 219:Generated_Source\PSoC4/cyfitter_cfg.c **** 	/* Disable HALF_EN since it is not required at this IMO frequency. */
 220:Generated_Source\PSoC4/cyfitter_cfg.c **** 	CY_SET_REG32((void CYXDATA *)(CYREG_CLK_SELECT), (CY_GET_REG32((void *)CYREG_CLK_SELECT) & 0xFFFBF
 153              		.loc 1 220 0
 154 0014 2268     		ldr	r2, [r4]
 155 0016 0B4B     		ldr	r3, .L8+4
 156 0018 1340     		ands	r3, r2
 157 001a 2360     		str	r3, [r4]
 221:Generated_Source\PSoC4/cyfitter_cfg.c **** 	/* CYDEV_CLK_ILO_CONFIG Starting address: CYDEV_CLK_ILO_CONFIG */
 222:Generated_Source\PSoC4/cyfitter_cfg.c **** 	CY_SET_REG32((void *)(CYREG_CLK_ILO_CONFIG), 0x80000006u);
 158              		.loc 1 222 0
 159 001c 0A4A     		ldr	r2, .L8+8
 160 001e 0B4B     		ldr	r3, .L8+12
 161 0020 1A60     		str	r2, [r3]
 223:Generated_Source\PSoC4/cyfitter_cfg.c **** 
 224:Generated_Source\PSoC4/cyfitter_cfg.c **** 
 225:Generated_Source\PSoC4/cyfitter_cfg.c **** 	/* CYDEV_CLK_IMO_CONFIG Starting address: CYDEV_CLK_IMO_CONFIG */
 226:Generated_Source\PSoC4/cyfitter_cfg.c **** 	CY_SET_REG32((void *)(CYREG_CLK_IMO_CONFIG), 0x80000000u);
 162              		.loc 1 226 0
 163 0022 063A     		subs	r2, r2, #6
 164 0024 0A4B     		ldr	r3, .L8+16
 165 0026 1A60     		str	r2, [r3]
 227:Generated_Source\PSoC4/cyfitter_cfg.c **** 
 228:Generated_Source\PSoC4/cyfitter_cfg.c **** 	/* CYDEV_CLK_SELECT Starting address: CYDEV_CLK_SELECT */
ARM GAS  C:\Users\MIHAILO\AppData\Local\Temp\cc2mQryJ.s 			page 8


 229:Generated_Source\PSoC4/cyfitter_cfg.c **** 	CY_SET_REG32((void *)(CYREG_CLK_SELECT), 0x00000000u);
 166              		.loc 1 229 0
 167 0028 0025     		movs	r5, #0
 168 002a 2560     		str	r5, [r4]
 230:Generated_Source\PSoC4/cyfitter_cfg.c **** 
 231:Generated_Source\PSoC4/cyfitter_cfg.c **** 	(void)CyIntSetVector(9u, &CySysWdtIsr);
 169              		.loc 1 231 0
 170 002c 0949     		ldr	r1, .L8+20
 171 002e 0920     		movs	r0, #9
 172 0030 FFF7FEFF 		bl	CyIntSetVector
 173              	.LVL16:
 232:Generated_Source\PSoC4/cyfitter_cfg.c **** 	CyIntEnable(9u);
 174              		.loc 1 232 0
 175 0034 0920     		movs	r0, #9
 176 0036 FFF7FEFF 		bl	CyIntEnable
 177              	.LVL17:
 233:Generated_Source\PSoC4/cyfitter_cfg.c **** 	CY_SET_REG32((void *)(CYREG_WDT_CONFIG), 0x00000000u);
 178              		.loc 1 233 0
 179 003a 074B     		ldr	r3, .L8+24
 180 003c 1D60     		str	r5, [r3]
 234:Generated_Source\PSoC4/cyfitter_cfg.c **** }
 181              		.loc 1 234 0
 182              		@ sp needed
 183 003e 70BD     		pop	{r4, r5, r6, pc}
 184              	.L9:
 185              		.align	2
 186              	.L8:
 187 0040 00010B40 		.word	1074462976
 188 0044 FFFFFBFF 		.word	-262145
 189 0048 06000080 		.word	-2147483642
 190 004c 04010B40 		.word	1074462980
 191 0050 08010B40 		.word	1074462984
 192 0054 00000000 		.word	CySysWdtIsr
 193 0058 0C020B40 		.word	1074463244
 194              		.cfi_endproc
 195              	.LFE4:
 196              		.size	ClockSetup, .-ClockSetup
 197              		.align	2
 198              		.global	cyfitter_cfg
 199              		.code	16
 200              		.thumb_func
 201              		.type	cyfitter_cfg, %function
 202              	cyfitter_cfg:
 203              	.LFB6:
 235:Generated_Source\PSoC4/cyfitter_cfg.c **** 
 236:Generated_Source\PSoC4/cyfitter_cfg.c **** 
 237:Generated_Source\PSoC4/cyfitter_cfg.c **** /* Analog API Functions */
 238:Generated_Source\PSoC4/cyfitter_cfg.c **** 
 239:Generated_Source\PSoC4/cyfitter_cfg.c **** 
 240:Generated_Source\PSoC4/cyfitter_cfg.c **** /*******************************************************************************
 241:Generated_Source\PSoC4/cyfitter_cfg.c **** * Function Name: AnalogSetDefault
 242:Generated_Source\PSoC4/cyfitter_cfg.c **** ********************************************************************************
 243:Generated_Source\PSoC4/cyfitter_cfg.c **** *
 244:Generated_Source\PSoC4/cyfitter_cfg.c **** * Summary:
 245:Generated_Source\PSoC4/cyfitter_cfg.c **** *  Sets up the analog portions of the chip to default values based on chip
 246:Generated_Source\PSoC4/cyfitter_cfg.c **** *  configuration options from the project.
 247:Generated_Source\PSoC4/cyfitter_cfg.c **** *
ARM GAS  C:\Users\MIHAILO\AppData\Local\Temp\cc2mQryJ.s 			page 9


 248:Generated_Source\PSoC4/cyfitter_cfg.c **** * Parameters:
 249:Generated_Source\PSoC4/cyfitter_cfg.c **** *  void
 250:Generated_Source\PSoC4/cyfitter_cfg.c **** *
 251:Generated_Source\PSoC4/cyfitter_cfg.c **** * Return:
 252:Generated_Source\PSoC4/cyfitter_cfg.c **** *  void
 253:Generated_Source\PSoC4/cyfitter_cfg.c **** *
 254:Generated_Source\PSoC4/cyfitter_cfg.c **** *******************************************************************************/
 255:Generated_Source\PSoC4/cyfitter_cfg.c **** static void AnalogSetDefault(void);
 256:Generated_Source\PSoC4/cyfitter_cfg.c **** static void AnalogSetDefault(void)
 257:Generated_Source\PSoC4/cyfitter_cfg.c **** {
 258:Generated_Source\PSoC4/cyfitter_cfg.c **** }
 259:Generated_Source\PSoC4/cyfitter_cfg.c **** 
 260:Generated_Source\PSoC4/cyfitter_cfg.c **** 
 261:Generated_Source\PSoC4/cyfitter_cfg.c **** 
 262:Generated_Source\PSoC4/cyfitter_cfg.c **** 
 263:Generated_Source\PSoC4/cyfitter_cfg.c **** /*******************************************************************************
 264:Generated_Source\PSoC4/cyfitter_cfg.c **** * Function Name: cyfitter_cfg
 265:Generated_Source\PSoC4/cyfitter_cfg.c **** ********************************************************************************
 266:Generated_Source\PSoC4/cyfitter_cfg.c **** * Summary:
 267:Generated_Source\PSoC4/cyfitter_cfg.c **** *  This function is called by the start-up code for the selected device. It
 268:Generated_Source\PSoC4/cyfitter_cfg.c **** *  performs all of the necessary device configuration based on the design
 269:Generated_Source\PSoC4/cyfitter_cfg.c **** *  settings.  This includes settings from the Design Wide Resources (DWR) such
 270:Generated_Source\PSoC4/cyfitter_cfg.c **** *  as Clocks and Pins as well as any component configuration that is necessary.
 271:Generated_Source\PSoC4/cyfitter_cfg.c **** *
 272:Generated_Source\PSoC4/cyfitter_cfg.c **** * Parameters:
 273:Generated_Source\PSoC4/cyfitter_cfg.c **** *   void
 274:Generated_Source\PSoC4/cyfitter_cfg.c **** *
 275:Generated_Source\PSoC4/cyfitter_cfg.c **** * Return:
 276:Generated_Source\PSoC4/cyfitter_cfg.c **** *   void
 277:Generated_Source\PSoC4/cyfitter_cfg.c **** *
 278:Generated_Source\PSoC4/cyfitter_cfg.c **** *******************************************************************************/
 279:Generated_Source\PSoC4/cyfitter_cfg.c **** CY_CFG_SECTION
 280:Generated_Source\PSoC4/cyfitter_cfg.c **** void cyfitter_cfg(void)
 281:Generated_Source\PSoC4/cyfitter_cfg.c **** {
 204              		.loc 1 281 0
 205              		.cfi_startproc
 206              		@ args = 0, pretend = 0, frame = 0
 207              		@ frame_needed = 0, uses_anonymous_args = 0
 208 005c 10B5     		push	{r4, lr}
 209              		.cfi_def_cfa_offset 8
 210              		.cfi_offset 4, -8
 211              		.cfi_offset 14, -4
 282:Generated_Source\PSoC4/cyfitter_cfg.c **** 	/* Disable interrupts by default. Let user enable if/when they want. */
 283:Generated_Source\PSoC4/cyfitter_cfg.c **** 	CyGlobalIntDisable;
 212              		.loc 1 283 0
 213              		.syntax divided
 214              	@ 283 "Generated_Source\PSoC4\cyfitter_cfg.c" 1
 215 005e 72B6     		CPSID   i
 216              	@ 0 "" 2
 217              	.LVL18:
 218              		.thumb
 219              		.syntax unified
 220              	.LBB3:
 284:Generated_Source\PSoC4/cyfitter_cfg.c **** 
 285:Generated_Source\PSoC4/cyfitter_cfg.c **** 	{
 286:Generated_Source\PSoC4/cyfitter_cfg.c **** 		static const uint32 CYCODE cy_cfg_addr_table[] = {
 287:Generated_Source\PSoC4/cyfitter_cfg.c **** 			0x400F4004u, /* Base address: 0x400F4000 Count: 4 */
ARM GAS  C:\Users\MIHAILO\AppData\Local\Temp\cc2mQryJ.s 			page 10


 288:Generated_Source\PSoC4/cyfitter_cfg.c **** 		};
 289:Generated_Source\PSoC4/cyfitter_cfg.c **** 
 290:Generated_Source\PSoC4/cyfitter_cfg.c **** 		static const cy_cfg_addrvalue_t CYCODE cy_cfg_data_table[] = {
 291:Generated_Source\PSoC4/cyfitter_cfg.c **** 			{0x0Fu, 0x08u},
 292:Generated_Source\PSoC4/cyfitter_cfg.c **** 			{0x57u, 0x04u},
 293:Generated_Source\PSoC4/cyfitter_cfg.c **** 			{0xC2u, 0x80u},
 294:Generated_Source\PSoC4/cyfitter_cfg.c **** 			{0xD4u, 0x40u},
 295:Generated_Source\PSoC4/cyfitter_cfg.c **** 		};
 296:Generated_Source\PSoC4/cyfitter_cfg.c **** 
 297:Generated_Source\PSoC4/cyfitter_cfg.c **** 
 298:Generated_Source\PSoC4/cyfitter_cfg.c **** 
 299:Generated_Source\PSoC4/cyfitter_cfg.c **** 		CYPACKED typedef struct {
 300:Generated_Source\PSoC4/cyfitter_cfg.c **** 			void CYFAR *address;
 301:Generated_Source\PSoC4/cyfitter_cfg.c **** 			uint16 size;
 302:Generated_Source\PSoC4/cyfitter_cfg.c **** 		} CYPACKED_ATTR cfg_memset_t;
 303:Generated_Source\PSoC4/cyfitter_cfg.c **** 
 304:Generated_Source\PSoC4/cyfitter_cfg.c **** 		static const cfg_memset_t CYCODE cfg_memset_list[] = {
 305:Generated_Source\PSoC4/cyfitter_cfg.c **** 			/* address, size */
 306:Generated_Source\PSoC4/cyfitter_cfg.c **** 			{(void CYFAR *)(CYDEV_UDB_P0_U0_BASE), 1024u},
 307:Generated_Source\PSoC4/cyfitter_cfg.c **** 			{(void CYFAR *)(CYDEV_UDB_DSI0_BASE), 1024u},
 308:Generated_Source\PSoC4/cyfitter_cfg.c **** 		};
 309:Generated_Source\PSoC4/cyfitter_cfg.c **** 
 310:Generated_Source\PSoC4/cyfitter_cfg.c **** 		uint8 CYDATA i;
 311:Generated_Source\PSoC4/cyfitter_cfg.c **** 
 312:Generated_Source\PSoC4/cyfitter_cfg.c **** 		/* Zero out critical memory blocks before beginning configuration */
 313:Generated_Source\PSoC4/cyfitter_cfg.c **** 		for (i = 0u; i < (sizeof(cfg_memset_list)/sizeof(cfg_memset_list[0])); i++)
 221              		.loc 1 313 0
 222 0060 0024     		movs	r4, #0
 223 0062 0FE0     		b	.L11
 224              	.LVL19:
 225              	.L12:
 226              	.LBB4:
 314:Generated_Source\PSoC4/cyfitter_cfg.c **** 		{
 315:Generated_Source\PSoC4/cyfitter_cfg.c **** 			const cfg_memset_t CYCODE * CYDATA ms = &cfg_memset_list[i];
 316:Generated_Source\PSoC4/cyfitter_cfg.c **** 			CYMEMZERO(ms->address, (size_t)(uint32)(ms->size));
 227              		.loc 1 316 0 discriminator 3
 228 0064 1E48     		ldr	r0, .L13
 229 0066 6200     		lsls	r2, r4, #1
 230 0068 1319     		adds	r3, r2, r4
 231 006a 5900     		lsls	r1, r3, #1
 232 006c 0B00     		movs	r3, r1
 233 006e 4118     		adds	r1, r0, r1
 234 0070 8988     		ldrh	r1, [r1, #4]
 235 0072 1A5A     		ldrh	r2, [r3, r0]
 236 0074 C318     		adds	r3, r0, r3
 237 0076 5888     		ldrh	r0, [r3, #2]
 238 0078 0004     		lsls	r0, r0, #16
 239 007a 1043     		orrs	r0, r2
 240 007c FFF7FEFF 		bl	CYMEMZERO
 241              	.LVL20:
 242              	.LBE4:
 313:Generated_Source\PSoC4/cyfitter_cfg.c **** 		{
 243              		.loc 1 313 0 discriminator 3
 244 0080 0134     		adds	r4, r4, #1
 245              	.LVL21:
 246 0082 E4B2     		uxtb	r4, r4
 247              	.LVL22:
ARM GAS  C:\Users\MIHAILO\AppData\Local\Temp\cc2mQryJ.s 			page 11


 248              	.L11:
 313:Generated_Source\PSoC4/cyfitter_cfg.c **** 		{
 249              		.loc 1 313 0 is_stmt 0 discriminator 1
 250 0084 012C     		cmp	r4, #1
 251 0086 EDD9     		bls	.L12
 317:Generated_Source\PSoC4/cyfitter_cfg.c **** 		}
 318:Generated_Source\PSoC4/cyfitter_cfg.c **** 
 319:Generated_Source\PSoC4/cyfitter_cfg.c **** 		cfg_write_bytes32(cy_cfg_addr_table, cy_cfg_data_table);
 252              		.loc 1 319 0 is_stmt 1
 253 0088 1548     		ldr	r0, .L13
 254 008a 0100     		movs	r1, r0
 255 008c 0C31     		adds	r1, r1, #12
 256 008e 1430     		adds	r0, r0, #20
 257 0090 FFF7FEFF 		bl	cfg_write_bytes32
 258              	.LVL23:
 320:Generated_Source\PSoC4/cyfitter_cfg.c **** 
 321:Generated_Source\PSoC4/cyfitter_cfg.c **** 		/* HSIOM Starting address: CYDEV_HSIOM_BASE */
 322:Generated_Source\PSoC4/cyfitter_cfg.c **** 		CY_SET_REG32((void *)(CYDEV_HSIOM_BASE), 0x00000300u);
 259              		.loc 1 322 0
 260 0094 C022     		movs	r2, #192
 261 0096 9200     		lsls	r2, r2, #2
 262 0098 124B     		ldr	r3, .L13+4
 263 009a 1A60     		str	r2, [r3]
 323:Generated_Source\PSoC4/cyfitter_cfg.c **** 		CY_SET_REG32((void *)(CYREG_HSIOM_PORT_SEL3), 0x0000EE00u);
 264              		.loc 1 323 0
 265 009c EE22     		movs	r2, #238
 266 009e 1202     		lsls	r2, r2, #8
 267 00a0 114B     		ldr	r3, .L13+8
 268 00a2 1A60     		str	r2, [r3]
 324:Generated_Source\PSoC4/cyfitter_cfg.c **** 
 325:Generated_Source\PSoC4/cyfitter_cfg.c **** 		/* UDB_PA_0 Starting address: CYDEV_UDB_PA0_BASE */
 326:Generated_Source\PSoC4/cyfitter_cfg.c **** 		CY_SET_REG32((void *)(CYDEV_UDB_PA0_BASE), 0x00990000u);
 269              		.loc 1 326 0
 270 00a4 9923     		movs	r3, #153
 271 00a6 1B04     		lsls	r3, r3, #16
 272 00a8 104A     		ldr	r2, .L13+12
 273 00aa 1360     		str	r3, [r2]
 327:Generated_Source\PSoC4/cyfitter_cfg.c **** 		CY_SET_REG32((void *)(CYREG_UDB_PA0_CFG8), 0x00100000u);
 274              		.loc 1 327 0
 275 00ac 8021     		movs	r1, #128
 276 00ae 4903     		lsls	r1, r1, #13
 277 00b0 0F4A     		ldr	r2, .L13+16
 278 00b2 1160     		str	r1, [r2]
 328:Generated_Source\PSoC4/cyfitter_cfg.c **** 
 329:Generated_Source\PSoC4/cyfitter_cfg.c **** 		/* UDB_PA_3 Starting address: CYDEV_UDB_PA3_BASE */
 330:Generated_Source\PSoC4/cyfitter_cfg.c **** 		CY_SET_REG32((void *)(CYDEV_UDB_PA3_BASE), 0x00990000u);
 279              		.loc 1 330 0
 280 00b4 0F4A     		ldr	r2, .L13+20
 281 00b6 1360     		str	r3, [r2]
 331:Generated_Source\PSoC4/cyfitter_cfg.c **** 
 332:Generated_Source\PSoC4/cyfitter_cfg.c **** 		/* Enable digital routing */
 333:Generated_Source\PSoC4/cyfitter_cfg.c **** 		CY_SET_XTND_REG8((void *)CYREG_UDB_UDBIF_BANK_CTL, (uint8)(CY_GET_XTND_REG8((void *)CYREG_UDB_UDB
 282              		.loc 1 333 0
 283 00b8 0F4A     		ldr	r2, .L13+24
 284 00ba 1178     		ldrb	r1, [r2]
 285 00bc 0623     		movs	r3, #6
 286 00be 0B43     		orrs	r3, r1
ARM GAS  C:\Users\MIHAILO\AppData\Local\Temp\cc2mQryJ.s 			page 12


 287 00c0 DBB2     		uxtb	r3, r3
 288 00c2 1370     		strb	r3, [r2]
 289              	.LBE3:
 334:Generated_Source\PSoC4/cyfitter_cfg.c **** 	}
 335:Generated_Source\PSoC4/cyfitter_cfg.c **** 
 336:Generated_Source\PSoC4/cyfitter_cfg.c **** 	/* Perform second pass device configuration. These items must be configured in specific order afte
 337:Generated_Source\PSoC4/cyfitter_cfg.c **** 	/* IOPINS0_0 Starting address: CYDEV_PRT0_BASE */
 338:Generated_Source\PSoC4/cyfitter_cfg.c **** 	CY_SET_REG32((void *)(CYDEV_PRT0_BASE), 0x00000004u);
 290              		.loc 1 338 0
 291 00c4 0422     		movs	r2, #4
 292 00c6 0D4B     		ldr	r3, .L13+28
 293 00c8 1A60     		str	r2, [r3]
 339:Generated_Source\PSoC4/cyfitter_cfg.c **** 	CY_SET_REG32((void *)(CYREG_PRT0_PC), 0x00600080u);
 294              		.loc 1 339 0
 295 00ca 0D4A     		ldr	r2, .L13+32
 296 00cc 0D4B     		ldr	r3, .L13+36
 297 00ce 1A60     		str	r2, [r3]
 340:Generated_Source\PSoC4/cyfitter_cfg.c **** 
 341:Generated_Source\PSoC4/cyfitter_cfg.c **** 	/* IOPINS0_3 Starting address: CYDEV_PRT3_BASE */
 342:Generated_Source\PSoC4/cyfitter_cfg.c **** 	CY_SET_REG32((void *)(CYREG_PRT3_PC), 0x00000D80u);
 298              		.loc 1 342 0
 299 00d0 D822     		movs	r2, #216
 300 00d2 1201     		lsls	r2, r2, #4
 301 00d4 0C4B     		ldr	r3, .L13+40
 302 00d6 1A60     		str	r2, [r3]
 343:Generated_Source\PSoC4/cyfitter_cfg.c **** 
 344:Generated_Source\PSoC4/cyfitter_cfg.c **** 
 345:Generated_Source\PSoC4/cyfitter_cfg.c **** 	/* Setup clocks based on selections from Clock DWR */
 346:Generated_Source\PSoC4/cyfitter_cfg.c **** 	ClockSetup();
 303              		.loc 1 346 0
 304 00d8 FFF792FF 		bl	ClockSetup
 305              	.LVL24:
 347:Generated_Source\PSoC4/cyfitter_cfg.c **** 
 348:Generated_Source\PSoC4/cyfitter_cfg.c **** 	/* Perform basic analog initialization to defaults */
 349:Generated_Source\PSoC4/cyfitter_cfg.c **** 	AnalogSetDefault();
 350:Generated_Source\PSoC4/cyfitter_cfg.c **** 
 351:Generated_Source\PSoC4/cyfitter_cfg.c **** }
 306              		.loc 1 351 0
 307              		@ sp needed
 308              	.LVL25:
 309 00dc 10BD     		pop	{r4, pc}
 310              	.L14:
 311 00de C046     		.align	2
 312              	.L13:
 313 00e0 00000000 		.word	.LANCHOR0
 314 00e4 00000140 		.word	1073807360
 315 00e8 0C000140 		.word	1073807372
 316 00ec 00500F40 		.word	1074745344
 317 00f0 08500F40 		.word	1074745352
 318 00f4 30500F40 		.word	1074745392
 319 00f8 00700F40 		.word	1074753536
 320 00fc 00000440 		.word	1074003968
 321 0100 80006000 		.word	6291584
 322 0104 08000440 		.word	1074003976
 323 0108 08030440 		.word	1074004744
 324              		.cfi_endproc
 325              	.LFE6:
ARM GAS  C:\Users\MIHAILO\AppData\Local\Temp\cc2mQryJ.s 			page 13


 326              		.size	cyfitter_cfg, .-cyfitter_cfg
 327              		.section	.rodata
 328              		.align	2
 329              		.set	.LANCHOR0,. + 0
 330              		.type	cfg_memset_list.4870, %object
 331              		.size	cfg_memset_list.4870, 12
 332              	cfg_memset_list.4870:
 333 0000 00300F40 		.word	1074737152
 334 0004 0004     		.short	1024
 335 0006 00400F40 		.4byte	1074741248
 336 000a 0004     		.short	1024
 337              		.type	cy_cfg_data_table.4865, %object
 338              		.size	cy_cfg_data_table.4865, 8
 339              	cy_cfg_data_table.4865:
 340 000c 0F       		.byte	15
 341 000d 08       		.byte	8
 342 000e 57       		.byte	87
 343 000f 04       		.byte	4
 344 0010 C2       		.byte	-62
 345 0011 80       		.byte	-128
 346 0012 D4       		.byte	-44
 347 0013 40       		.byte	64
 348              		.type	cy_cfg_addr_table.4864, %object
 349              		.size	cy_cfg_addr_table.4864, 4
 350              	cy_cfg_addr_table.4864:
 351 0014 04400F40 		.word	1074741252
 352              		.text
 353              	.Letext0:
 354              		.file 2 "c:\\program files (x86)\\cypress\\psoc creator\\4.4\\psoc creator\\import\\gnu\\arm\\5.4.
 355              		.file 3 "Generated_Source\\PSoC4\\cytypes.h"
 356              		.file 4 "Generated_Source\\PSoC4\\CyLib.h"
 357              		.section	.debug_info,"",%progbits
 358              	.Ldebug_info0:
 359 0000 9C030000 		.4byte	0x39c
 360 0004 0400     		.2byte	0x4
 361 0006 00000000 		.4byte	.Ldebug_abbrev0
 362 000a 04       		.byte	0x4
 363 000b 01       		.uleb128 0x1
 364 000c 6C010000 		.4byte	.LASF39
 365 0010 0C       		.byte	0xc
 366 0011 99020000 		.4byte	.LASF40
 367 0015 77000000 		.4byte	.LASF41
 368 0019 00000000 		.4byte	.Ldebug_ranges0+0
 369 001d 00000000 		.4byte	0
 370 0021 00000000 		.4byte	.Ldebug_line0
 371 0025 02       		.uleb128 0x2
 372 0026 04       		.byte	0x4
 373 0027 05       		.byte	0x5
 374 0028 696E7400 		.ascii	"int\000"
 375 002c 03       		.uleb128 0x3
 376 002d 06000000 		.4byte	.LASF12
 377 0031 02       		.byte	0x2
 378 0032 D8       		.byte	0xd8
 379 0033 37000000 		.4byte	0x37
 380 0037 04       		.uleb128 0x4
 381 0038 04       		.byte	0x4
 382 0039 07       		.byte	0x7
ARM GAS  C:\Users\MIHAILO\AppData\Local\Temp\cc2mQryJ.s 			page 14


 383 003a 33010000 		.4byte	.LASF0
 384 003e 04       		.uleb128 0x4
 385 003f 08       		.byte	0x8
 386 0040 05       		.byte	0x5
 387 0041 2C020000 		.4byte	.LASF1
 388 0045 04       		.uleb128 0x4
 389 0046 08       		.byte	0x8
 390 0047 04       		.byte	0x4
 391 0048 81020000 		.4byte	.LASF2
 392 004c 04       		.uleb128 0x4
 393 004d 01       		.byte	0x1
 394 004e 06       		.byte	0x6
 395 004f 8D020000 		.4byte	.LASF3
 396 0053 04       		.uleb128 0x4
 397 0054 01       		.byte	0x1
 398 0055 08       		.byte	0x8
 399 0056 D5000000 		.4byte	.LASF4
 400 005a 04       		.uleb128 0x4
 401 005b 02       		.byte	0x2
 402 005c 05       		.byte	0x5
 403 005d 59020000 		.4byte	.LASF5
 404 0061 04       		.uleb128 0x4
 405 0062 02       		.byte	0x2
 406 0063 07       		.byte	0x7
 407 0064 19020000 		.4byte	.LASF6
 408 0068 04       		.uleb128 0x4
 409 0069 04       		.byte	0x4
 410 006a 05       		.byte	0x5
 411 006b 78020000 		.4byte	.LASF7
 412 006f 04       		.uleb128 0x4
 413 0070 04       		.byte	0x4
 414 0071 07       		.byte	0x7
 415 0072 B3000000 		.4byte	.LASF8
 416 0076 04       		.uleb128 0x4
 417 0077 08       		.byte	0x8
 418 0078 07       		.byte	0x7
 419 0079 55010000 		.4byte	.LASF9
 420 007d 04       		.uleb128 0x4
 421 007e 04       		.byte	0x4
 422 007f 07       		.byte	0x7
 423 0080 10020000 		.4byte	.LASF10
 424 0084 05       		.uleb128 0x5
 425 0085 04       		.byte	0x4
 426 0086 04       		.uleb128 0x4
 427 0087 01       		.byte	0x1
 428 0088 08       		.byte	0x8
 429 0089 3A020000 		.4byte	.LASF11
 430 008d 06       		.uleb128 0x6
 431 008e C5000000 		.4byte	.LASF13
 432 0092 03       		.byte	0x3
 433 0093 FB01     		.2byte	0x1fb
 434 0095 53000000 		.4byte	0x53
 435 0099 06       		.uleb128 0x6
 436 009a 1A010000 		.4byte	.LASF14
 437 009e 03       		.byte	0x3
 438 009f FC01     		.2byte	0x1fc
 439 00a1 61000000 		.4byte	0x61
ARM GAS  C:\Users\MIHAILO\AppData\Local\Temp\cc2mQryJ.s 			page 15


 440 00a5 06       		.uleb128 0x6
 441 00a6 2C010000 		.4byte	.LASF15
 442 00aa 03       		.byte	0x3
 443 00ab FD01     		.2byte	0x1fd
 444 00ad 6F000000 		.4byte	0x6f
 445 00b1 04       		.uleb128 0x4
 446 00b2 04       		.byte	0x4
 447 00b3 04       		.byte	0x4
 448 00b4 57000000 		.4byte	.LASF16
 449 00b8 04       		.uleb128 0x4
 450 00b9 08       		.byte	0x8
 451 00ba 04       		.byte	0x4
 452 00bb EA000000 		.4byte	.LASF17
 453 00bf 06       		.uleb128 0x6
 454 00c0 72000000 		.4byte	.LASF18
 455 00c4 03       		.byte	0x3
 456 00c5 A502     		.2byte	0x2a5
 457 00c7 CB000000 		.4byte	0xcb
 458 00cb 07       		.uleb128 0x7
 459 00cc 8D000000 		.4byte	0x8d
 460 00d0 06       		.uleb128 0x6
 461 00d1 00000000 		.4byte	.LASF19
 462 00d5 03       		.byte	0x3
 463 00d6 A702     		.2byte	0x2a7
 464 00d8 DC000000 		.4byte	0xdc
 465 00dc 07       		.uleb128 0x7
 466 00dd A5000000 		.4byte	0xa5
 467 00e1 08       		.uleb128 0x8
 468 00e2 02       		.byte	0x2
 469 00e3 01       		.byte	0x1
 470 00e4 97       		.byte	0x97
 471 00e5 02010000 		.4byte	0x102
 472 00e9 09       		.uleb128 0x9
 473 00ea 52020000 		.4byte	.LASF20
 474 00ee 01       		.byte	0x1
 475 00ef 99       		.byte	0x99
 476 00f0 8D000000 		.4byte	0x8d
 477 00f4 00       		.byte	0
 478 00f5 09       		.uleb128 0x9
 479 00f6 1C000000 		.4byte	.LASF21
 480 00fa 01       		.byte	0x1
 481 00fb 9A       		.byte	0x9a
 482 00fc 8D000000 		.4byte	0x8d
 483 0100 01       		.byte	0x1
 484 0101 00       		.byte	0
 485 0102 03       		.uleb128 0x3
 486 0103 3F020000 		.4byte	.LASF22
 487 0107 01       		.byte	0x1
 488 0108 9B       		.byte	0x9b
 489 0109 E1000000 		.4byte	0xe1
 490 010d 0A       		.uleb128 0xa
 491 010e F1000000 		.4byte	.LASF27
 492 0112 01       		.byte	0x1
 493 0113 AE       		.byte	0xae
 494 0114 00000000 		.4byte	.LFB3
 495 0118 32000000 		.4byte	.LFE3-.LFB3
 496 011c 01       		.uleb128 0x1
ARM GAS  C:\Users\MIHAILO\AppData\Local\Temp\cc2mQryJ.s 			page 16


 497 011d 9C       		.byte	0x9c
 498 011e 7F010000 		.4byte	0x17f
 499 0122 0B       		.uleb128 0xb
 500 0123 0F010000 		.4byte	.LASF23
 501 0127 01       		.byte	0x1
 502 0128 AE       		.byte	0xae
 503 0129 7F010000 		.4byte	0x17f
 504 012d 01       		.uleb128 0x1
 505 012e 50       		.byte	0x50
 506 012f 0B       		.uleb128 0xb
 507 0130 21010000 		.4byte	.LASF24
 508 0134 01       		.byte	0x1
 509 0135 AE       		.byte	0xae
 510 0136 8A010000 		.4byte	0x18a
 511 013a 01       		.uleb128 0x1
 512 013b 51       		.byte	0x51
 513 013c 0C       		.uleb128 0xc
 514 013d 6900     		.ascii	"i\000"
 515 013f 01       		.byte	0x1
 516 0140 B1       		.byte	0xb1
 517 0141 A5000000 		.4byte	0xa5
 518 0145 00000000 		.4byte	.LLST0
 519 0149 0C       		.uleb128 0xc
 520 014a 6A00     		.ascii	"j\000"
 521 014c 01       		.byte	0x1
 522 014d B1       		.byte	0xb1
 523 014e A5000000 		.4byte	0xa5
 524 0152 1F000000 		.4byte	.LLST1
 525 0156 0D       		.uleb128 0xd
 526 0157 08000000 		.4byte	.LBB2
 527 015b 22000000 		.4byte	.LBE2-.LBB2
 528 015f 0E       		.uleb128 0xe
 529 0160 07020000 		.4byte	.LASF25
 530 0164 01       		.byte	0x1
 531 0165 B4       		.byte	0xb4
 532 0166 A5000000 		.4byte	0xa5
 533 016a 3E000000 		.4byte	.LLST2
 534 016e 0E       		.uleb128 0xe
 535 016f 22000000 		.4byte	.LASF26
 536 0173 01       		.byte	0x1
 537 0174 B5       		.byte	0xb5
 538 0175 8D000000 		.4byte	0x8d
 539 0179 51000000 		.4byte	.LLST3
 540 017d 00       		.byte	0
 541 017e 00       		.byte	0
 542 017f 0F       		.uleb128 0xf
 543 0180 04       		.byte	0x4
 544 0181 85010000 		.4byte	0x185
 545 0185 10       		.uleb128 0x10
 546 0186 A5000000 		.4byte	0xa5
 547 018a 0F       		.uleb128 0xf
 548 018b 04       		.byte	0x4
 549 018c 90010000 		.4byte	0x190
 550 0190 10       		.uleb128 0x10
 551 0191 02010000 		.4byte	0x102
 552 0195 0A       		.uleb128 0xa
 553 0196 CB000000 		.4byte	.LASF28
ARM GAS  C:\Users\MIHAILO\AppData\Local\Temp\cc2mQryJ.s 			page 17


 554 019a 01       		.byte	0x1
 555 019b 4C       		.byte	0x4c
 556 019c 00000000 		.4byte	.LFB0
 557 01a0 0C000000 		.4byte	.LFE0-.LFB0
 558 01a4 01       		.uleb128 0x1
 559 01a5 9C       		.byte	0x9c
 560 01a6 E2010000 		.4byte	0x1e2
 561 01aa 11       		.uleb128 0x11
 562 01ab 7300     		.ascii	"s\000"
 563 01ad 01       		.byte	0x1
 564 01ae 4C       		.byte	0x4c
 565 01af 84000000 		.4byte	0x84
 566 01b3 6F000000 		.4byte	.LLST4
 567 01b7 11       		.uleb128 0x11
 568 01b8 6E00     		.ascii	"n\000"
 569 01ba 01       		.byte	0x1
 570 01bb 4C       		.byte	0x4c
 571 01bc 2C000000 		.4byte	0x2c
 572 01c0 90000000 		.4byte	.LLST5
 573 01c4 12       		.uleb128 0x12
 574 01c5 0A000000 		.4byte	.LVL14
 575 01c9 75030000 		.4byte	0x375
 576 01cd 13       		.uleb128 0x13
 577 01ce 01       		.uleb128 0x1
 578 01cf 50       		.byte	0x50
 579 01d0 03       		.uleb128 0x3
 580 01d1 F3       		.byte	0xf3
 581 01d2 01       		.uleb128 0x1
 582 01d3 50       		.byte	0x50
 583 01d4 13       		.uleb128 0x13
 584 01d5 01       		.uleb128 0x1
 585 01d6 51       		.byte	0x51
 586 01d7 01       		.uleb128 0x1
 587 01d8 30       		.byte	0x30
 588 01d9 13       		.uleb128 0x13
 589 01da 01       		.uleb128 0x1
 590 01db 52       		.byte	0x52
 591 01dc 03       		.uleb128 0x3
 592 01dd F3       		.byte	0xf3
 593 01de 01       		.uleb128 0x1
 594 01df 51       		.byte	0x51
 595 01e0 00       		.byte	0
 596 01e1 00       		.byte	0
 597 01e2 0A       		.uleb128 0xa
 598 01e3 28000000 		.4byte	.LASF29
 599 01e7 01       		.byte	0x1
 600 01e8 D3       		.byte	0xd3
 601 01e9 00000000 		.4byte	.LFB4
 602 01ed 5C000000 		.4byte	.LFE4-.LFB4
 603 01f1 01       		.uleb128 0x1
 604 01f2 9C       		.byte	0x9c
 605 01f3 2D020000 		.4byte	0x22d
 606 01f7 14       		.uleb128 0x14
 607 01f8 14000000 		.4byte	.LVL15
 608 01fc 7E030000 		.4byte	0x37e
 609 0200 0A020000 		.4byte	0x20a
 610 0204 13       		.uleb128 0x13
ARM GAS  C:\Users\MIHAILO\AppData\Local\Temp\cc2mQryJ.s 			page 18


 611 0205 01       		.uleb128 0x1
 612 0206 50       		.byte	0x50
 613 0207 01       		.uleb128 0x1
 614 0208 48       		.byte	0x48
 615 0209 00       		.byte	0
 616 020a 14       		.uleb128 0x14
 617 020b 34000000 		.4byte	.LVL16
 618 020f 89030000 		.4byte	0x389
 619 0213 1D020000 		.4byte	0x21d
 620 0217 13       		.uleb128 0x13
 621 0218 01       		.uleb128 0x1
 622 0219 50       		.byte	0x50
 623 021a 01       		.uleb128 0x1
 624 021b 39       		.byte	0x39
 625 021c 00       		.byte	0
 626 021d 12       		.uleb128 0x12
 627 021e 3A000000 		.4byte	.LVL17
 628 0222 94030000 		.4byte	0x394
 629 0226 13       		.uleb128 0x13
 630 0227 01       		.uleb128 0x1
 631 0228 50       		.byte	0x50
 632 0229 01       		.uleb128 0x1
 633 022a 39       		.byte	0x39
 634 022b 00       		.byte	0
 635 022c 00       		.byte	0
 636 022d 15       		.uleb128 0x15
 637 022e 40010000 		.4byte	.LASF42
 638 0232 01       		.byte	0x1
 639 0233 1801     		.2byte	0x118
 640 0235 5C000000 		.4byte	.LFB6
 641 0239 B0000000 		.4byte	.LFE6-.LFB6
 642 023d 01       		.uleb128 0x1
 643 023e 9C       		.byte	0x9c
 644 023f 4B030000 		.4byte	0x34b
 645 0243 16       		.uleb128 0x16
 646 0244 60000000 		.4byte	.LBB3
 647 0248 64000000 		.4byte	.LBE3-.LBB3
 648 024c 41030000 		.4byte	0x341
 649 0250 17       		.uleb128 0x17
 650 0251 33000000 		.4byte	.LASF30
 651 0255 01       		.byte	0x1
 652 0256 1E01     		.2byte	0x11e
 653 0258 5B030000 		.4byte	0x35b
 654 025c 05       		.uleb128 0x5
 655 025d 03       		.byte	0x3
 656 025e 14000000 		.4byte	cy_cfg_addr_table.4864
 657 0262 17       		.uleb128 0x17
 658 0263 45000000 		.4byte	.LASF31
 659 0267 01       		.byte	0x1
 660 0268 2201     		.2byte	0x122
 661 026a 70030000 		.4byte	0x370
 662 026e 05       		.uleb128 0x5
 663 026f 03       		.byte	0x3
 664 0270 0C000000 		.4byte	cy_cfg_data_table.4865
 665 0274 18       		.uleb128 0x18
 666 0275 06       		.byte	0x6
 667 0276 01       		.byte	0x1
ARM GAS  C:\Users\MIHAILO\AppData\Local\Temp\cc2mQryJ.s 			page 19


 668 0277 2B01     		.2byte	0x12b
 669 0279 98020000 		.4byte	0x298
 670 027d 19       		.uleb128 0x19
 671 027e 4D010000 		.4byte	.LASF32
 672 0282 01       		.byte	0x1
 673 0283 2C01     		.2byte	0x12c
 674 0285 84000000 		.4byte	0x84
 675 0289 00       		.byte	0
 676 028a 19       		.uleb128 0x19
 677 028b 6D000000 		.4byte	.LASF33
 678 028f 01       		.byte	0x1
 679 0290 2D01     		.2byte	0x12d
 680 0292 99000000 		.4byte	0x99
 681 0296 04       		.byte	0x4
 682 0297 00       		.byte	0
 683 0298 06       		.uleb128 0x6
 684 0299 FA010000 		.4byte	.LASF34
 685 029d 01       		.byte	0x1
 686 029e 2E01     		.2byte	0x12e
 687 02a0 74020000 		.4byte	0x274
 688 02a4 1A       		.uleb128 0x1a
 689 02a5 B4020000 		.4byte	0x2b4
 690 02a9 B4020000 		.4byte	0x2b4
 691 02ad 1B       		.uleb128 0x1b
 692 02ae 7D000000 		.4byte	0x7d
 693 02b2 01       		.byte	0x1
 694 02b3 00       		.byte	0
 695 02b4 10       		.uleb128 0x10
 696 02b5 98020000 		.4byte	0x298
 697 02b9 17       		.uleb128 0x17
 698 02ba 5D000000 		.4byte	.LASF35
 699 02be 01       		.byte	0x1
 700 02bf 3001     		.2byte	0x130
 701 02c1 CB020000 		.4byte	0x2cb
 702 02c5 05       		.uleb128 0x5
 703 02c6 03       		.byte	0x3
 704 02c7 00000000 		.4byte	cfg_memset_list.4870
 705 02cb 10       		.uleb128 0x10
 706 02cc A4020000 		.4byte	0x2a4
 707 02d0 1C       		.uleb128 0x1c
 708 02d1 6900     		.ascii	"i\000"
 709 02d3 01       		.byte	0x1
 710 02d4 3601     		.2byte	0x136
 711 02d6 8D000000 		.4byte	0x8d
 712 02da BC000000 		.4byte	.LLST6
 713 02de 16       		.uleb128 0x16
 714 02df 64000000 		.4byte	.LBB4
 715 02e3 1C000000 		.4byte	.LBE4-.LBB4
 716 02e7 24030000 		.4byte	0x324
 717 02eb 1C       		.uleb128 0x1c
 718 02ec 6D7300   		.ascii	"ms\000"
 719 02ef 01       		.byte	0x1
 720 02f0 3B01     		.2byte	0x13b
 721 02f2 FA020000 		.4byte	0x2fa
 722 02f6 E6000000 		.4byte	.LLST7
 723 02fa 0F       		.uleb128 0xf
 724 02fb 04       		.byte	0x4
ARM GAS  C:\Users\MIHAILO\AppData\Local\Temp\cc2mQryJ.s 			page 20


 725 02fc B4020000 		.4byte	0x2b4
 726 0300 12       		.uleb128 0x12
 727 0301 80000000 		.4byte	.LVL20
 728 0305 95010000 		.4byte	0x195
 729 0309 13       		.uleb128 0x13
 730 030a 01       		.uleb128 0x1
 731 030b 51       		.byte	0x51
 732 030c 15       		.uleb128 0x15
 733 030d 74       		.byte	0x74
 734 030e 00       		.sleb128 0
 735 030f 31       		.byte	0x31
 736 0310 24       		.byte	0x24
 737 0311 74       		.byte	0x74
 738 0312 00       		.sleb128 0
 739 0313 22       		.byte	0x22
 740 0314 31       		.byte	0x31
 741 0315 24       		.byte	0x24
 742 0316 03       		.byte	0x3
 743 0317 04000000 		.4byte	.LANCHOR0+4
 744 031b 22       		.byte	0x22
 745 031c 94       		.byte	0x94
 746 031d 02       		.byte	0x2
 747 031e 0A       		.byte	0xa
 748 031f FFFF     		.2byte	0xffff
 749 0321 1A       		.byte	0x1a
 750 0322 00       		.byte	0
 751 0323 00       		.byte	0
 752 0324 12       		.uleb128 0x12
 753 0325 94000000 		.4byte	.LVL23
 754 0329 0D010000 		.4byte	0x10d
 755 032d 13       		.uleb128 0x13
 756 032e 01       		.uleb128 0x1
 757 032f 50       		.byte	0x50
 758 0330 05       		.uleb128 0x5
 759 0331 03       		.byte	0x3
 760 0332 14000000 		.4byte	.LANCHOR0+20
 761 0336 13       		.uleb128 0x13
 762 0337 01       		.uleb128 0x1
 763 0338 51       		.byte	0x51
 764 0339 05       		.uleb128 0x5
 765 033a 03       		.byte	0x3
 766 033b 0C000000 		.4byte	.LANCHOR0+12
 767 033f 00       		.byte	0
 768 0340 00       		.byte	0
 769 0341 1D       		.uleb128 0x1d
 770 0342 DC000000 		.4byte	.LVL24
 771 0346 E2010000 		.4byte	0x1e2
 772 034a 00       		.byte	0
 773 034b 1A       		.uleb128 0x1a
 774 034c 85010000 		.4byte	0x185
 775 0350 5B030000 		.4byte	0x35b
 776 0354 1B       		.uleb128 0x1b
 777 0355 7D000000 		.4byte	0x7d
 778 0359 00       		.byte	0
 779 035a 00       		.byte	0
 780 035b 10       		.uleb128 0x10
 781 035c 4B030000 		.4byte	0x34b
ARM GAS  C:\Users\MIHAILO\AppData\Local\Temp\cc2mQryJ.s 			page 21


 782 0360 1A       		.uleb128 0x1a
 783 0361 90010000 		.4byte	0x190
 784 0365 70030000 		.4byte	0x370
 785 0369 1B       		.uleb128 0x1b
 786 036a 7D000000 		.4byte	0x7d
 787 036e 03       		.byte	0x3
 788 036f 00       		.byte	0
 789 0370 10       		.uleb128 0x10
 790 0371 60030000 		.4byte	0x360
 791 0375 1E       		.uleb128 0x1e
 792 0376 E3000000 		.4byte	.LASF43
 793 037a E3000000 		.4byte	.LASF43
 794 037e 1F       		.uleb128 0x1f
 795 037f 63020000 		.4byte	.LASF36
 796 0383 63020000 		.4byte	.LASF36
 797 0387 04       		.byte	0x4
 798 0388 6C       		.byte	0x6c
 799 0389 1F       		.uleb128 0x1f
 800 038a 0D000000 		.4byte	.LASF37
 801 038e 0D000000 		.4byte	.LASF37
 802 0392 04       		.byte	0x4
 803 0393 D0       		.byte	0xd0
 804 0394 1F       		.uleb128 0x1f
 805 0395 03010000 		.4byte	.LASF38
 806 0399 03010000 		.4byte	.LASF38
 807 039d 04       		.byte	0x4
 808 039e D6       		.byte	0xd6
 809 039f 00       		.byte	0
 810              		.section	.debug_abbrev,"",%progbits
 811              	.Ldebug_abbrev0:
 812 0000 01       		.uleb128 0x1
 813 0001 11       		.uleb128 0x11
 814 0002 01       		.byte	0x1
 815 0003 25       		.uleb128 0x25
 816 0004 0E       		.uleb128 0xe
 817 0005 13       		.uleb128 0x13
 818 0006 0B       		.uleb128 0xb
 819 0007 03       		.uleb128 0x3
 820 0008 0E       		.uleb128 0xe
 821 0009 1B       		.uleb128 0x1b
 822 000a 0E       		.uleb128 0xe
 823 000b 55       		.uleb128 0x55
 824 000c 17       		.uleb128 0x17
 825 000d 11       		.uleb128 0x11
 826 000e 01       		.uleb128 0x1
 827 000f 10       		.uleb128 0x10
 828 0010 17       		.uleb128 0x17
 829 0011 00       		.byte	0
 830 0012 00       		.byte	0
 831 0013 02       		.uleb128 0x2
 832 0014 24       		.uleb128 0x24
 833 0015 00       		.byte	0
 834 0016 0B       		.uleb128 0xb
 835 0017 0B       		.uleb128 0xb
 836 0018 3E       		.uleb128 0x3e
 837 0019 0B       		.uleb128 0xb
 838 001a 03       		.uleb128 0x3
ARM GAS  C:\Users\MIHAILO\AppData\Local\Temp\cc2mQryJ.s 			page 22


 839 001b 08       		.uleb128 0x8
 840 001c 00       		.byte	0
 841 001d 00       		.byte	0
 842 001e 03       		.uleb128 0x3
 843 001f 16       		.uleb128 0x16
 844 0020 00       		.byte	0
 845 0021 03       		.uleb128 0x3
 846 0022 0E       		.uleb128 0xe
 847 0023 3A       		.uleb128 0x3a
 848 0024 0B       		.uleb128 0xb
 849 0025 3B       		.uleb128 0x3b
 850 0026 0B       		.uleb128 0xb
 851 0027 49       		.uleb128 0x49
 852 0028 13       		.uleb128 0x13
 853 0029 00       		.byte	0
 854 002a 00       		.byte	0
 855 002b 04       		.uleb128 0x4
 856 002c 24       		.uleb128 0x24
 857 002d 00       		.byte	0
 858 002e 0B       		.uleb128 0xb
 859 002f 0B       		.uleb128 0xb
 860 0030 3E       		.uleb128 0x3e
 861 0031 0B       		.uleb128 0xb
 862 0032 03       		.uleb128 0x3
 863 0033 0E       		.uleb128 0xe
 864 0034 00       		.byte	0
 865 0035 00       		.byte	0
 866 0036 05       		.uleb128 0x5
 867 0037 0F       		.uleb128 0xf
 868 0038 00       		.byte	0
 869 0039 0B       		.uleb128 0xb
 870 003a 0B       		.uleb128 0xb
 871 003b 00       		.byte	0
 872 003c 00       		.byte	0
 873 003d 06       		.uleb128 0x6
 874 003e 16       		.uleb128 0x16
 875 003f 00       		.byte	0
 876 0040 03       		.uleb128 0x3
 877 0041 0E       		.uleb128 0xe
 878 0042 3A       		.uleb128 0x3a
 879 0043 0B       		.uleb128 0xb
 880 0044 3B       		.uleb128 0x3b
 881 0045 05       		.uleb128 0x5
 882 0046 49       		.uleb128 0x49
 883 0047 13       		.uleb128 0x13
 884 0048 00       		.byte	0
 885 0049 00       		.byte	0
 886 004a 07       		.uleb128 0x7
 887 004b 35       		.uleb128 0x35
 888 004c 00       		.byte	0
 889 004d 49       		.uleb128 0x49
 890 004e 13       		.uleb128 0x13
 891 004f 00       		.byte	0
 892 0050 00       		.byte	0
 893 0051 08       		.uleb128 0x8
 894 0052 13       		.uleb128 0x13
 895 0053 01       		.byte	0x1
ARM GAS  C:\Users\MIHAILO\AppData\Local\Temp\cc2mQryJ.s 			page 23


 896 0054 0B       		.uleb128 0xb
 897 0055 0B       		.uleb128 0xb
 898 0056 3A       		.uleb128 0x3a
 899 0057 0B       		.uleb128 0xb
 900 0058 3B       		.uleb128 0x3b
 901 0059 0B       		.uleb128 0xb
 902 005a 01       		.uleb128 0x1
 903 005b 13       		.uleb128 0x13
 904 005c 00       		.byte	0
 905 005d 00       		.byte	0
 906 005e 09       		.uleb128 0x9
 907 005f 0D       		.uleb128 0xd
 908 0060 00       		.byte	0
 909 0061 03       		.uleb128 0x3
 910 0062 0E       		.uleb128 0xe
 911 0063 3A       		.uleb128 0x3a
 912 0064 0B       		.uleb128 0xb
 913 0065 3B       		.uleb128 0x3b
 914 0066 0B       		.uleb128 0xb
 915 0067 49       		.uleb128 0x49
 916 0068 13       		.uleb128 0x13
 917 0069 38       		.uleb128 0x38
 918 006a 0B       		.uleb128 0xb
 919 006b 00       		.byte	0
 920 006c 00       		.byte	0
 921 006d 0A       		.uleb128 0xa
 922 006e 2E       		.uleb128 0x2e
 923 006f 01       		.byte	0x1
 924 0070 03       		.uleb128 0x3
 925 0071 0E       		.uleb128 0xe
 926 0072 3A       		.uleb128 0x3a
 927 0073 0B       		.uleb128 0xb
 928 0074 3B       		.uleb128 0x3b
 929 0075 0B       		.uleb128 0xb
 930 0076 27       		.uleb128 0x27
 931 0077 19       		.uleb128 0x19
 932 0078 11       		.uleb128 0x11
 933 0079 01       		.uleb128 0x1
 934 007a 12       		.uleb128 0x12
 935 007b 06       		.uleb128 0x6
 936 007c 40       		.uleb128 0x40
 937 007d 18       		.uleb128 0x18
 938 007e 9742     		.uleb128 0x2117
 939 0080 19       		.uleb128 0x19
 940 0081 01       		.uleb128 0x1
 941 0082 13       		.uleb128 0x13
 942 0083 00       		.byte	0
 943 0084 00       		.byte	0
 944 0085 0B       		.uleb128 0xb
 945 0086 05       		.uleb128 0x5
 946 0087 00       		.byte	0
 947 0088 03       		.uleb128 0x3
 948 0089 0E       		.uleb128 0xe
 949 008a 3A       		.uleb128 0x3a
 950 008b 0B       		.uleb128 0xb
 951 008c 3B       		.uleb128 0x3b
 952 008d 0B       		.uleb128 0xb
ARM GAS  C:\Users\MIHAILO\AppData\Local\Temp\cc2mQryJ.s 			page 24


 953 008e 49       		.uleb128 0x49
 954 008f 13       		.uleb128 0x13
 955 0090 02       		.uleb128 0x2
 956 0091 18       		.uleb128 0x18
 957 0092 00       		.byte	0
 958 0093 00       		.byte	0
 959 0094 0C       		.uleb128 0xc
 960 0095 34       		.uleb128 0x34
 961 0096 00       		.byte	0
 962 0097 03       		.uleb128 0x3
 963 0098 08       		.uleb128 0x8
 964 0099 3A       		.uleb128 0x3a
 965 009a 0B       		.uleb128 0xb
 966 009b 3B       		.uleb128 0x3b
 967 009c 0B       		.uleb128 0xb
 968 009d 49       		.uleb128 0x49
 969 009e 13       		.uleb128 0x13
 970 009f 02       		.uleb128 0x2
 971 00a0 17       		.uleb128 0x17
 972 00a1 00       		.byte	0
 973 00a2 00       		.byte	0
 974 00a3 0D       		.uleb128 0xd
 975 00a4 0B       		.uleb128 0xb
 976 00a5 01       		.byte	0x1
 977 00a6 11       		.uleb128 0x11
 978 00a7 01       		.uleb128 0x1
 979 00a8 12       		.uleb128 0x12
 980 00a9 06       		.uleb128 0x6
 981 00aa 00       		.byte	0
 982 00ab 00       		.byte	0
 983 00ac 0E       		.uleb128 0xe
 984 00ad 34       		.uleb128 0x34
 985 00ae 00       		.byte	0
 986 00af 03       		.uleb128 0x3
 987 00b0 0E       		.uleb128 0xe
 988 00b1 3A       		.uleb128 0x3a
 989 00b2 0B       		.uleb128 0xb
 990 00b3 3B       		.uleb128 0x3b
 991 00b4 0B       		.uleb128 0xb
 992 00b5 49       		.uleb128 0x49
 993 00b6 13       		.uleb128 0x13
 994 00b7 02       		.uleb128 0x2
 995 00b8 17       		.uleb128 0x17
 996 00b9 00       		.byte	0
 997 00ba 00       		.byte	0
 998 00bb 0F       		.uleb128 0xf
 999 00bc 0F       		.uleb128 0xf
 1000 00bd 00       		.byte	0
 1001 00be 0B       		.uleb128 0xb
 1002 00bf 0B       		.uleb128 0xb
 1003 00c0 49       		.uleb128 0x49
 1004 00c1 13       		.uleb128 0x13
 1005 00c2 00       		.byte	0
 1006 00c3 00       		.byte	0
 1007 00c4 10       		.uleb128 0x10
 1008 00c5 26       		.uleb128 0x26
 1009 00c6 00       		.byte	0
ARM GAS  C:\Users\MIHAILO\AppData\Local\Temp\cc2mQryJ.s 			page 25


 1010 00c7 49       		.uleb128 0x49
 1011 00c8 13       		.uleb128 0x13
 1012 00c9 00       		.byte	0
 1013 00ca 00       		.byte	0
 1014 00cb 11       		.uleb128 0x11
 1015 00cc 05       		.uleb128 0x5
 1016 00cd 00       		.byte	0
 1017 00ce 03       		.uleb128 0x3
 1018 00cf 08       		.uleb128 0x8
 1019 00d0 3A       		.uleb128 0x3a
 1020 00d1 0B       		.uleb128 0xb
 1021 00d2 3B       		.uleb128 0x3b
 1022 00d3 0B       		.uleb128 0xb
 1023 00d4 49       		.uleb128 0x49
 1024 00d5 13       		.uleb128 0x13
 1025 00d6 02       		.uleb128 0x2
 1026 00d7 17       		.uleb128 0x17
 1027 00d8 00       		.byte	0
 1028 00d9 00       		.byte	0
 1029 00da 12       		.uleb128 0x12
 1030 00db 898201   		.uleb128 0x4109
 1031 00de 01       		.byte	0x1
 1032 00df 11       		.uleb128 0x11
 1033 00e0 01       		.uleb128 0x1
 1034 00e1 31       		.uleb128 0x31
 1035 00e2 13       		.uleb128 0x13
 1036 00e3 00       		.byte	0
 1037 00e4 00       		.byte	0
 1038 00e5 13       		.uleb128 0x13
 1039 00e6 8A8201   		.uleb128 0x410a
 1040 00e9 00       		.byte	0
 1041 00ea 02       		.uleb128 0x2
 1042 00eb 18       		.uleb128 0x18
 1043 00ec 9142     		.uleb128 0x2111
 1044 00ee 18       		.uleb128 0x18
 1045 00ef 00       		.byte	0
 1046 00f0 00       		.byte	0
 1047 00f1 14       		.uleb128 0x14
 1048 00f2 898201   		.uleb128 0x4109
 1049 00f5 01       		.byte	0x1
 1050 00f6 11       		.uleb128 0x11
 1051 00f7 01       		.uleb128 0x1
 1052 00f8 31       		.uleb128 0x31
 1053 00f9 13       		.uleb128 0x13
 1054 00fa 01       		.uleb128 0x1
 1055 00fb 13       		.uleb128 0x13
 1056 00fc 00       		.byte	0
 1057 00fd 00       		.byte	0
 1058 00fe 15       		.uleb128 0x15
 1059 00ff 2E       		.uleb128 0x2e
 1060 0100 01       		.byte	0x1
 1061 0101 3F       		.uleb128 0x3f
 1062 0102 19       		.uleb128 0x19
 1063 0103 03       		.uleb128 0x3
 1064 0104 0E       		.uleb128 0xe
 1065 0105 3A       		.uleb128 0x3a
 1066 0106 0B       		.uleb128 0xb
ARM GAS  C:\Users\MIHAILO\AppData\Local\Temp\cc2mQryJ.s 			page 26


 1067 0107 3B       		.uleb128 0x3b
 1068 0108 05       		.uleb128 0x5
 1069 0109 27       		.uleb128 0x27
 1070 010a 19       		.uleb128 0x19
 1071 010b 11       		.uleb128 0x11
 1072 010c 01       		.uleb128 0x1
 1073 010d 12       		.uleb128 0x12
 1074 010e 06       		.uleb128 0x6
 1075 010f 40       		.uleb128 0x40
 1076 0110 18       		.uleb128 0x18
 1077 0111 9742     		.uleb128 0x2117
 1078 0113 19       		.uleb128 0x19
 1079 0114 01       		.uleb128 0x1
 1080 0115 13       		.uleb128 0x13
 1081 0116 00       		.byte	0
 1082 0117 00       		.byte	0
 1083 0118 16       		.uleb128 0x16
 1084 0119 0B       		.uleb128 0xb
 1085 011a 01       		.byte	0x1
 1086 011b 11       		.uleb128 0x11
 1087 011c 01       		.uleb128 0x1
 1088 011d 12       		.uleb128 0x12
 1089 011e 06       		.uleb128 0x6
 1090 011f 01       		.uleb128 0x1
 1091 0120 13       		.uleb128 0x13
 1092 0121 00       		.byte	0
 1093 0122 00       		.byte	0
 1094 0123 17       		.uleb128 0x17
 1095 0124 34       		.uleb128 0x34
 1096 0125 00       		.byte	0
 1097 0126 03       		.uleb128 0x3
 1098 0127 0E       		.uleb128 0xe
 1099 0128 3A       		.uleb128 0x3a
 1100 0129 0B       		.uleb128 0xb
 1101 012a 3B       		.uleb128 0x3b
 1102 012b 05       		.uleb128 0x5
 1103 012c 49       		.uleb128 0x49
 1104 012d 13       		.uleb128 0x13
 1105 012e 02       		.uleb128 0x2
 1106 012f 18       		.uleb128 0x18
 1107 0130 00       		.byte	0
 1108 0131 00       		.byte	0
 1109 0132 18       		.uleb128 0x18
 1110 0133 13       		.uleb128 0x13
 1111 0134 01       		.byte	0x1
 1112 0135 0B       		.uleb128 0xb
 1113 0136 0B       		.uleb128 0xb
 1114 0137 3A       		.uleb128 0x3a
 1115 0138 0B       		.uleb128 0xb
 1116 0139 3B       		.uleb128 0x3b
 1117 013a 05       		.uleb128 0x5
 1118 013b 01       		.uleb128 0x1
 1119 013c 13       		.uleb128 0x13
 1120 013d 00       		.byte	0
 1121 013e 00       		.byte	0
 1122 013f 19       		.uleb128 0x19
 1123 0140 0D       		.uleb128 0xd
ARM GAS  C:\Users\MIHAILO\AppData\Local\Temp\cc2mQryJ.s 			page 27


 1124 0141 00       		.byte	0
 1125 0142 03       		.uleb128 0x3
 1126 0143 0E       		.uleb128 0xe
 1127 0144 3A       		.uleb128 0x3a
 1128 0145 0B       		.uleb128 0xb
 1129 0146 3B       		.uleb128 0x3b
 1130 0147 05       		.uleb128 0x5
 1131 0148 49       		.uleb128 0x49
 1132 0149 13       		.uleb128 0x13
 1133 014a 38       		.uleb128 0x38
 1134 014b 0B       		.uleb128 0xb
 1135 014c 00       		.byte	0
 1136 014d 00       		.byte	0
 1137 014e 1A       		.uleb128 0x1a
 1138 014f 01       		.uleb128 0x1
 1139 0150 01       		.byte	0x1
 1140 0151 49       		.uleb128 0x49
 1141 0152 13       		.uleb128 0x13
 1142 0153 01       		.uleb128 0x1
 1143 0154 13       		.uleb128 0x13
 1144 0155 00       		.byte	0
 1145 0156 00       		.byte	0
 1146 0157 1B       		.uleb128 0x1b
 1147 0158 21       		.uleb128 0x21
 1148 0159 00       		.byte	0
 1149 015a 49       		.uleb128 0x49
 1150 015b 13       		.uleb128 0x13
 1151 015c 2F       		.uleb128 0x2f
 1152 015d 0B       		.uleb128 0xb
 1153 015e 00       		.byte	0
 1154 015f 00       		.byte	0
 1155 0160 1C       		.uleb128 0x1c
 1156 0161 34       		.uleb128 0x34
 1157 0162 00       		.byte	0
 1158 0163 03       		.uleb128 0x3
 1159 0164 08       		.uleb128 0x8
 1160 0165 3A       		.uleb128 0x3a
 1161 0166 0B       		.uleb128 0xb
 1162 0167 3B       		.uleb128 0x3b
 1163 0168 05       		.uleb128 0x5
 1164 0169 49       		.uleb128 0x49
 1165 016a 13       		.uleb128 0x13
 1166 016b 02       		.uleb128 0x2
 1167 016c 17       		.uleb128 0x17
 1168 016d 00       		.byte	0
 1169 016e 00       		.byte	0
 1170 016f 1D       		.uleb128 0x1d
 1171 0170 898201   		.uleb128 0x4109
 1172 0173 00       		.byte	0
 1173 0174 11       		.uleb128 0x11
 1174 0175 01       		.uleb128 0x1
 1175 0176 31       		.uleb128 0x31
 1176 0177 13       		.uleb128 0x13
 1177 0178 00       		.byte	0
 1178 0179 00       		.byte	0
 1179 017a 1E       		.uleb128 0x1e
 1180 017b 2E       		.uleb128 0x2e
ARM GAS  C:\Users\MIHAILO\AppData\Local\Temp\cc2mQryJ.s 			page 28


 1181 017c 00       		.byte	0
 1182 017d 3F       		.uleb128 0x3f
 1183 017e 19       		.uleb128 0x19
 1184 017f 3C       		.uleb128 0x3c
 1185 0180 19       		.uleb128 0x19
 1186 0181 6E       		.uleb128 0x6e
 1187 0182 0E       		.uleb128 0xe
 1188 0183 03       		.uleb128 0x3
 1189 0184 0E       		.uleb128 0xe
 1190 0185 00       		.byte	0
 1191 0186 00       		.byte	0
 1192 0187 1F       		.uleb128 0x1f
 1193 0188 2E       		.uleb128 0x2e
 1194 0189 00       		.byte	0
 1195 018a 3F       		.uleb128 0x3f
 1196 018b 19       		.uleb128 0x19
 1197 018c 3C       		.uleb128 0x3c
 1198 018d 19       		.uleb128 0x19
 1199 018e 6E       		.uleb128 0x6e
 1200 018f 0E       		.uleb128 0xe
 1201 0190 03       		.uleb128 0x3
 1202 0191 0E       		.uleb128 0xe
 1203 0192 3A       		.uleb128 0x3a
 1204 0193 0B       		.uleb128 0xb
 1205 0194 3B       		.uleb128 0x3b
 1206 0195 0B       		.uleb128 0xb
 1207 0196 00       		.byte	0
 1208 0197 00       		.byte	0
 1209 0198 00       		.byte	0
 1210              		.section	.debug_loc,"",%progbits
 1211              	.Ldebug_loc0:
 1212              	.LLST0:
 1213 0000 02000000 		.4byte	.LVL1
 1214 0004 08000000 		.4byte	.LVL2
 1215 0008 0200     		.2byte	0x2
 1216 000a 30       		.byte	0x30
 1217 000b 9F       		.byte	0x9f
 1218 000c 08000000 		.4byte	.LVL2
 1219 0010 30000000 		.4byte	.LVL11
 1220 0014 0100     		.2byte	0x1
 1221 0016 57       		.byte	0x57
 1222 0017 00000000 		.4byte	0
 1223 001b 00000000 		.4byte	0
 1224              	.LLST1:
 1225 001f 02000000 		.4byte	.LVL1
 1226 0023 08000000 		.4byte	.LVL2
 1227 0027 0200     		.2byte	0x2
 1228 0029 30       		.byte	0x30
 1229 002a 9F       		.byte	0x9f
 1230 002b 08000000 		.4byte	.LVL2
 1231 002f 30000000 		.4byte	.LVL10
 1232 0033 0100     		.2byte	0x1
 1233 0035 55       		.byte	0x55
 1234 0036 00000000 		.4byte	0
 1235 003a 00000000 		.4byte	0
 1236              	.LLST2:
 1237 003e 0C000000 		.4byte	.LVL3
ARM GAS  C:\Users\MIHAILO\AppData\Local\Temp\cc2mQryJ.s 			page 29


 1238 0042 2C000000 		.4byte	.LVL9
 1239 0046 0100     		.2byte	0x1
 1240 0048 56       		.byte	0x56
 1241 0049 00000000 		.4byte	0
 1242 004d 00000000 		.4byte	0
 1243              	.LLST3:
 1244 0051 0E000000 		.4byte	.LVL4
 1245 0055 24000000 		.4byte	.LVL7
 1246 0059 0100     		.2byte	0x1
 1247 005b 53       		.byte	0x53
 1248 005c 26000000 		.4byte	.LVL8
 1249 0060 2C000000 		.4byte	.LVL9
 1250 0064 0100     		.2byte	0x1
 1251 0066 53       		.byte	0x53
 1252 0067 00000000 		.4byte	0
 1253 006b 00000000 		.4byte	0
 1254              	.LLST4:
 1255 006f 00000000 		.4byte	.LVL12
 1256 0073 09000000 		.4byte	.LVL14-1
 1257 0077 0100     		.2byte	0x1
 1258 0079 50       		.byte	0x50
 1259 007a 09000000 		.4byte	.LVL14-1
 1260 007e 0C000000 		.4byte	.LFE0
 1261 0082 0400     		.2byte	0x4
 1262 0084 F3       		.byte	0xf3
 1263 0085 01       		.uleb128 0x1
 1264 0086 50       		.byte	0x50
 1265 0087 9F       		.byte	0x9f
 1266 0088 00000000 		.4byte	0
 1267 008c 00000000 		.4byte	0
 1268              	.LLST5:
 1269 0090 00000000 		.4byte	.LVL12
 1270 0094 06000000 		.4byte	.LVL13
 1271 0098 0100     		.2byte	0x1
 1272 009a 51       		.byte	0x51
 1273 009b 06000000 		.4byte	.LVL13
 1274 009f 09000000 		.4byte	.LVL14-1
 1275 00a3 0100     		.2byte	0x1
 1276 00a5 52       		.byte	0x52
 1277 00a6 09000000 		.4byte	.LVL14-1
 1278 00aa 0C000000 		.4byte	.LFE0
 1279 00ae 0400     		.2byte	0x4
 1280 00b0 F3       		.byte	0xf3
 1281 00b1 01       		.uleb128 0x1
 1282 00b2 51       		.byte	0x51
 1283 00b3 9F       		.byte	0x9f
 1284 00b4 00000000 		.4byte	0
 1285 00b8 00000000 		.4byte	0
 1286              	.LLST6:
 1287 00bc 60000000 		.4byte	.LVL18
 1288 00c0 64000000 		.4byte	.LVL19
 1289 00c4 0200     		.2byte	0x2
 1290 00c6 30       		.byte	0x30
 1291 00c7 9F       		.byte	0x9f
 1292 00c8 64000000 		.4byte	.LVL19
 1293 00cc 82000000 		.4byte	.LVL21
 1294 00d0 0100     		.2byte	0x1
ARM GAS  C:\Users\MIHAILO\AppData\Local\Temp\cc2mQryJ.s 			page 30


 1295 00d2 54       		.byte	0x54
 1296 00d3 84000000 		.4byte	.LVL22
 1297 00d7 DC000000 		.4byte	.LVL25
 1298 00db 0100     		.2byte	0x1
 1299 00dd 54       		.byte	0x54
 1300 00de 00000000 		.4byte	0
 1301 00e2 00000000 		.4byte	0
 1302              	.LLST7:
 1303 00e6 64000000 		.4byte	.LVL19
 1304 00ea 82000000 		.4byte	.LVL21
 1305 00ee 0B00     		.2byte	0xb
 1306 00f0 74       		.byte	0x74
 1307 00f1 00       		.sleb128 0
 1308 00f2 36       		.byte	0x36
 1309 00f3 1E       		.byte	0x1e
 1310 00f4 03       		.byte	0x3
 1311 00f5 00000000 		.4byte	cfg_memset_list.4870
 1312 00f9 22       		.byte	0x22
 1313 00fa 9F       		.byte	0x9f
 1314 00fb 82000000 		.4byte	.LVL21
 1315 00ff 84000000 		.4byte	.LVL22
 1316 0103 0B00     		.2byte	0xb
 1317 0105 74       		.byte	0x74
 1318 0106 7F       		.sleb128 -1
 1319 0107 36       		.byte	0x36
 1320 0108 1E       		.byte	0x1e
 1321 0109 03       		.byte	0x3
 1322 010a 00000000 		.4byte	cfg_memset_list.4870
 1323 010e 22       		.byte	0x22
 1324 010f 9F       		.byte	0x9f
 1325 0110 00000000 		.4byte	0
 1326 0114 00000000 		.4byte	0
 1327              		.section	.debug_aranges,"",%progbits
 1328 0000 34000000 		.4byte	0x34
 1329 0004 0200     		.2byte	0x2
 1330 0006 00000000 		.4byte	.Ldebug_info0
 1331 000a 04       		.byte	0x4
 1332 000b 00       		.byte	0
 1333 000c 0000     		.2byte	0
 1334 000e 0000     		.2byte	0
 1335 0010 00000000 		.4byte	.LFB3
 1336 0014 32000000 		.4byte	.LFE3-.LFB3
 1337 0018 00000000 		.4byte	.LFB0
 1338 001c 0C000000 		.4byte	.LFE0-.LFB0
 1339 0020 00000000 		.4byte	.LFB4
 1340 0024 5C000000 		.4byte	.LFE4-.LFB4
 1341 0028 5C000000 		.4byte	.LFB6
 1342 002c B0000000 		.4byte	.LFE6-.LFB6
 1343 0030 00000000 		.4byte	0
 1344 0034 00000000 		.4byte	0
 1345              		.section	.debug_ranges,"",%progbits
 1346              	.Ldebug_ranges0:
 1347 0000 00000000 		.4byte	.LFB3
 1348 0004 32000000 		.4byte	.LFE3
 1349 0008 00000000 		.4byte	.LFB0
 1350 000c 0C000000 		.4byte	.LFE0
 1351 0010 00000000 		.4byte	.LFB4
ARM GAS  C:\Users\MIHAILO\AppData\Local\Temp\cc2mQryJ.s 			page 31


 1352 0014 5C000000 		.4byte	.LFE4
 1353 0018 5C000000 		.4byte	.LFB6
 1354 001c 0C010000 		.4byte	.LFE6
 1355 0020 00000000 		.4byte	0
 1356 0024 00000000 		.4byte	0
 1357              		.section	.debug_line,"",%progbits
 1358              	.Ldebug_line0:
 1359 0000 55010000 		.section	.debug_str,"MS",%progbits,1
 1359      0200D600 
 1359      00000201 
 1359      FB0E0D00 
 1359      01010101 
 1360              	.LASF19:
 1361 0000 72656733 		.ascii	"reg32\000"
 1361      3200
 1362              	.LASF12:
 1363 0006 73697A65 		.ascii	"size_t\000"
 1363      5F7400
 1364              	.LASF37:
 1365 000d 4379496E 		.ascii	"CyIntSetVector\000"
 1365      74536574 
 1365      56656374 
 1365      6F7200
 1366              	.LASF21:
 1367 001c 76616C75 		.ascii	"value\000"
 1367      6500
 1368              	.LASF26:
 1369 0022 636F756E 		.ascii	"count\000"
 1369      7400
 1370              	.LASF29:
 1371 0028 436C6F63 		.ascii	"ClockSetup\000"
 1371      6B536574 
 1371      757000
 1372              	.LASF30:
 1373 0033 63795F63 		.ascii	"cy_cfg_addr_table\000"
 1373      66675F61 
 1373      6464725F 
 1373      7461626C 
 1373      6500
 1374              	.LASF31:
 1375 0045 63795F63 		.ascii	"cy_cfg_data_table\000"
 1375      66675F64 
 1375      6174615F 
 1375      7461626C 
 1375      6500
 1376              	.LASF16:
 1377 0057 666C6F61 		.ascii	"float\000"
 1377      7400
 1378              	.LASF35:
 1379 005d 6366675F 		.ascii	"cfg_memset_list\000"
 1379      6D656D73 
 1379      65745F6C 
 1379      69737400 
 1380              	.LASF33:
 1381 006d 73697A65 		.ascii	"size\000"
 1381      00
 1382              	.LASF18:
ARM GAS  C:\Users\MIHAILO\AppData\Local\Temp\cc2mQryJ.s 			page 32


 1383 0072 72656738 		.ascii	"reg8\000"
 1383      00
 1384              	.LASF41:
 1385 0077 433A5C55 		.ascii	"C:\\Users\\MIHAILO\\Documents\\PSoC Creator\\PSoC10"
 1385      73657273 
 1385      5C4D4948 
 1385      41494C4F 
 1385      5C446F63 
 1386 00a5 315C4C61 		.ascii	"1\\Lab04.cydsn\000"
 1386      6230342E 
 1386      63796473 
 1386      6E00
 1387              	.LASF8:
 1388 00b3 6C6F6E67 		.ascii	"long unsigned int\000"
 1388      20756E73 
 1388      69676E65 
 1388      6420696E 
 1388      7400
 1389              	.LASF13:
 1390 00c5 75696E74 		.ascii	"uint8\000"
 1390      3800
 1391              	.LASF28:
 1392 00cb 43594D45 		.ascii	"CYMEMZERO\000"
 1392      4D5A4552 
 1392      4F00
 1393              	.LASF4:
 1394 00d5 756E7369 		.ascii	"unsigned char\000"
 1394      676E6564 
 1394      20636861 
 1394      7200
 1395              	.LASF43:
 1396 00e3 6D656D73 		.ascii	"memset\000"
 1396      657400
 1397              	.LASF17:
 1398 00ea 646F7562 		.ascii	"double\000"
 1398      6C6500
 1399              	.LASF27:
 1400 00f1 6366675F 		.ascii	"cfg_write_bytes32\000"
 1400      77726974 
 1400      655F6279 
 1400      74657333 
 1400      3200
 1401              	.LASF38:
 1402 0103 4379496E 		.ascii	"CyIntEnable\000"
 1402      74456E61 
 1402      626C6500 
 1403              	.LASF23:
 1404 010f 61646472 		.ascii	"addr_table\000"
 1404      5F746162 
 1404      6C6500
 1405              	.LASF14:
 1406 011a 75696E74 		.ascii	"uint16\000"
 1406      313600
 1407              	.LASF24:
 1408 0121 64617461 		.ascii	"data_table\000"
 1408      5F746162 
 1408      6C6500
ARM GAS  C:\Users\MIHAILO\AppData\Local\Temp\cc2mQryJ.s 			page 33


 1409              	.LASF15:
 1410 012c 75696E74 		.ascii	"uint32\000"
 1410      333200
 1411              	.LASF0:
 1412 0133 756E7369 		.ascii	"unsigned int\000"
 1412      676E6564 
 1412      20696E74 
 1412      00
 1413              	.LASF42:
 1414 0140 63796669 		.ascii	"cyfitter_cfg\000"
 1414      74746572 
 1414      5F636667 
 1414      00
 1415              	.LASF32:
 1416 014d 61646472 		.ascii	"address\000"
 1416      65737300 
 1417              	.LASF9:
 1418 0155 6C6F6E67 		.ascii	"long long unsigned int\000"
 1418      206C6F6E 
 1418      6720756E 
 1418      7369676E 
 1418      65642069 
 1419              	.LASF39:
 1420 016c 474E5520 		.ascii	"GNU C11 5.4.1 20160609 (release) [ARM/embedded-5-br"
 1420      43313120 
 1420      352E342E 
 1420      31203230 
 1420      31363036 
 1421 019f 616E6368 		.ascii	"anch revision 237715] -mcpu=cortex-m0 -mthumb -g -O"
 1421      20726576 
 1421      6973696F 
 1421      6E203233 
 1421      37373135 
 1422 01d2 67202D66 		.ascii	"g -ffunction-sections -ffat-lto-objects\000"
 1422      66756E63 
 1422      74696F6E 
 1422      2D736563 
 1422      74696F6E 
 1423              	.LASF34:
 1424 01fa 6366675F 		.ascii	"cfg_memset_t\000"
 1424      6D656D73 
 1424      65745F74 
 1424      00
 1425              	.LASF25:
 1426 0207 62617365 		.ascii	"baseAddr\000"
 1426      41646472 
 1426      00
 1427              	.LASF10:
 1428 0210 73697A65 		.ascii	"sizetype\000"
 1428      74797065 
 1428      00
 1429              	.LASF6:
 1430 0219 73686F72 		.ascii	"short unsigned int\000"
 1430      7420756E 
 1430      7369676E 
 1430      65642069 
 1430      6E7400
ARM GAS  C:\Users\MIHAILO\AppData\Local\Temp\cc2mQryJ.s 			page 34


 1431              	.LASF1:
 1432 022c 6C6F6E67 		.ascii	"long long int\000"
 1432      206C6F6E 
 1432      6720696E 
 1432      7400
 1433              	.LASF11:
 1434 023a 63686172 		.ascii	"char\000"
 1434      00
 1435              	.LASF22:
 1436 023f 63795F63 		.ascii	"cy_cfg_addrvalue_t\000"
 1436      66675F61 
 1436      64647276 
 1436      616C7565 
 1436      5F7400
 1437              	.LASF20:
 1438 0252 6F666673 		.ascii	"offset\000"
 1438      657400
 1439              	.LASF5:
 1440 0259 73686F72 		.ascii	"short int\000"
 1440      7420696E 
 1440      7400
 1441              	.LASF36:
 1442 0263 43795379 		.ascii	"CySysClkWriteImoFreq\000"
 1442      73436C6B 
 1442      57726974 
 1442      65496D6F 
 1442      46726571 
 1443              	.LASF7:
 1444 0278 6C6F6E67 		.ascii	"long int\000"
 1444      20696E74 
 1444      00
 1445              	.LASF2:
 1446 0281 6C6F6E67 		.ascii	"long double\000"
 1446      20646F75 
 1446      626C6500 
 1447              	.LASF3:
 1448 028d 7369676E 		.ascii	"signed char\000"
 1448      65642063 
 1448      68617200 
 1449              	.LASF40:
 1450 0299 47656E65 		.ascii	"Generated_Source\\PSoC4\\cyfitter_cfg.c\000"
 1450      72617465 
 1450      645F536F 
 1450      75726365 
 1450      5C50536F 
 1451              		.ident	"GCC: (GNU Tools for ARM Embedded Processors) 5.4.1 20160609 (release) [ARM/embedded-5-bran
