ARM GAS  C:\Users\MIHAILO\AppData\Local\Temp\cctN8K4m.s 			page 1


   1              		.syntax unified
   2              		.cpu cortex-m0
   3              		.fpu softvfp
   4              		.eabi_attribute 20, 1
   5              		.eabi_attribute 21, 1
   6              		.eabi_attribute 23, 3
   7              		.eabi_attribute 24, 1
   8              		.eabi_attribute 25, 1
   9              		.eabi_attribute 26, 1
  10              		.eabi_attribute 30, 1
  11              		.eabi_attribute 34, 0
  12              		.eabi_attribute 18, 4
  13              		.thumb
  14              		.syntax unified
  15              		.file	"cyfitter_cfg.c"
  16              		.text
  17              	.Ltext0:
  18              		.cfi_sections	.debug_frame
  19              		.section	.text.cfg_write_bytes32,"ax",%progbits
  20              		.align	2
  21              		.code	16
  22              		.thumb_func
  23              		.type	cfg_write_bytes32, %function
  24              	cfg_write_bytes32:
  25              	.LFB3:
  26              		.file 1 "Generated_Source\\PSoC4\\cyfitter_cfg.c"
   1:Generated_Source\PSoC4/cyfitter_cfg.c **** 
   2:Generated_Source\PSoC4/cyfitter_cfg.c **** /*******************************************************************************
   3:Generated_Source\PSoC4/cyfitter_cfg.c **** * File Name: cyfitter_cfg.c
   4:Generated_Source\PSoC4/cyfitter_cfg.c **** * 
   5:Generated_Source\PSoC4/cyfitter_cfg.c **** * PSoC Creator  4.4
   6:Generated_Source\PSoC4/cyfitter_cfg.c **** *
   7:Generated_Source\PSoC4/cyfitter_cfg.c **** * Description:
   8:Generated_Source\PSoC4/cyfitter_cfg.c **** * This file contains device initialization code.
   9:Generated_Source\PSoC4/cyfitter_cfg.c **** * Except for the user defined sections in CyClockStartupError(), this file should not be modified.
  10:Generated_Source\PSoC4/cyfitter_cfg.c **** * This file is automatically generated by PSoC Creator.
  11:Generated_Source\PSoC4/cyfitter_cfg.c **** *
  12:Generated_Source\PSoC4/cyfitter_cfg.c **** ********************************************************************************
  13:Generated_Source\PSoC4/cyfitter_cfg.c **** * Copyright (c) 2007-2020 Cypress Semiconductor.  All rights reserved.
  14:Generated_Source\PSoC4/cyfitter_cfg.c **** * You may use this file only in accordance with the license, terms, conditions, 
  15:Generated_Source\PSoC4/cyfitter_cfg.c **** * disclaimers, and limitations in the end user license agreement accompanying 
  16:Generated_Source\PSoC4/cyfitter_cfg.c **** * the software package with which this file was provided.
  17:Generated_Source\PSoC4/cyfitter_cfg.c **** ********************************************************************************/
  18:Generated_Source\PSoC4/cyfitter_cfg.c **** 
  19:Generated_Source\PSoC4/cyfitter_cfg.c **** #include <string.h>
  20:Generated_Source\PSoC4/cyfitter_cfg.c **** #include "cytypes.h"
  21:Generated_Source\PSoC4/cyfitter_cfg.c **** #include "cydevice_trm.h"
  22:Generated_Source\PSoC4/cyfitter_cfg.c **** #include "cyfitter.h"
  23:Generated_Source\PSoC4/cyfitter_cfg.c **** #include "CyLib.h"
  24:Generated_Source\PSoC4/cyfitter_cfg.c **** #include "CyLFClk.h"
  25:Generated_Source\PSoC4/cyfitter_cfg.c **** #include "cyfitter_cfg.h"
  26:Generated_Source\PSoC4/cyfitter_cfg.c **** #include "cyapicallbacks.h"
  27:Generated_Source\PSoC4/cyfitter_cfg.c **** 
  28:Generated_Source\PSoC4/cyfitter_cfg.c **** 
  29:Generated_Source\PSoC4/cyfitter_cfg.c **** #if defined(__GNUC__) || defined(__ARMCC_VERSION)
  30:Generated_Source\PSoC4/cyfitter_cfg.c ****     #define CYPACKED 
  31:Generated_Source\PSoC4/cyfitter_cfg.c ****     #define CYPACKED_ATTR __attribute__ ((packed))
ARM GAS  C:\Users\MIHAILO\AppData\Local\Temp\cctN8K4m.s 			page 2


  32:Generated_Source\PSoC4/cyfitter_cfg.c ****     #define CYALIGNED __attribute__ ((aligned))
  33:Generated_Source\PSoC4/cyfitter_cfg.c ****     #define CY_CFG_UNUSED __attribute__ ((unused))
  34:Generated_Source\PSoC4/cyfitter_cfg.c ****     #ifndef CY_CFG_SECTION
  35:Generated_Source\PSoC4/cyfitter_cfg.c ****         #define CY_CFG_SECTION __attribute__ ((section(".psocinit")))
  36:Generated_Source\PSoC4/cyfitter_cfg.c ****     #endif
  37:Generated_Source\PSoC4/cyfitter_cfg.c ****     
  38:Generated_Source\PSoC4/cyfitter_cfg.c ****     #if defined(__ARMCC_VERSION)
  39:Generated_Source\PSoC4/cyfitter_cfg.c ****         #define CY_CFG_MEMORY_BARRIER() __memory_changed()
  40:Generated_Source\PSoC4/cyfitter_cfg.c ****     #else
  41:Generated_Source\PSoC4/cyfitter_cfg.c ****         #define CY_CFG_MEMORY_BARRIER() __sync_synchronize()
  42:Generated_Source\PSoC4/cyfitter_cfg.c ****     #endif
  43:Generated_Source\PSoC4/cyfitter_cfg.c ****     
  44:Generated_Source\PSoC4/cyfitter_cfg.c **** #elif defined(__ICCARM__)
  45:Generated_Source\PSoC4/cyfitter_cfg.c ****     #include <intrinsics.h>
  46:Generated_Source\PSoC4/cyfitter_cfg.c **** 
  47:Generated_Source\PSoC4/cyfitter_cfg.c ****     #define CYPACKED __packed
  48:Generated_Source\PSoC4/cyfitter_cfg.c ****     #define CYPACKED_ATTR 
  49:Generated_Source\PSoC4/cyfitter_cfg.c ****     #define CYALIGNED _Pragma("data_alignment=4")
  50:Generated_Source\PSoC4/cyfitter_cfg.c ****     #define CY_CFG_UNUSED _Pragma("diag_suppress=Pe177")
  51:Generated_Source\PSoC4/cyfitter_cfg.c ****     #define CY_CFG_SECTION _Pragma("location=\".psocinit\"")
  52:Generated_Source\PSoC4/cyfitter_cfg.c ****     
  53:Generated_Source\PSoC4/cyfitter_cfg.c ****     #define CY_CFG_MEMORY_BARRIER() __DMB()
  54:Generated_Source\PSoC4/cyfitter_cfg.c ****     
  55:Generated_Source\PSoC4/cyfitter_cfg.c **** #else
  56:Generated_Source\PSoC4/cyfitter_cfg.c ****     #error Unsupported toolchain
  57:Generated_Source\PSoC4/cyfitter_cfg.c **** #endif
  58:Generated_Source\PSoC4/cyfitter_cfg.c **** 
  59:Generated_Source\PSoC4/cyfitter_cfg.c **** #ifndef CYCODE
  60:Generated_Source\PSoC4/cyfitter_cfg.c ****     #define CYCODE
  61:Generated_Source\PSoC4/cyfitter_cfg.c **** #endif
  62:Generated_Source\PSoC4/cyfitter_cfg.c **** #ifndef CYDATA
  63:Generated_Source\PSoC4/cyfitter_cfg.c ****     #define CYDATA
  64:Generated_Source\PSoC4/cyfitter_cfg.c **** #endif
  65:Generated_Source\PSoC4/cyfitter_cfg.c **** #ifndef CYFAR
  66:Generated_Source\PSoC4/cyfitter_cfg.c ****     #define CYFAR
  67:Generated_Source\PSoC4/cyfitter_cfg.c **** #endif
  68:Generated_Source\PSoC4/cyfitter_cfg.c **** #ifndef CYXDATA
  69:Generated_Source\PSoC4/cyfitter_cfg.c ****     #define CYXDATA
  70:Generated_Source\PSoC4/cyfitter_cfg.c **** #endif
  71:Generated_Source\PSoC4/cyfitter_cfg.c **** 
  72:Generated_Source\PSoC4/cyfitter_cfg.c **** 
  73:Generated_Source\PSoC4/cyfitter_cfg.c **** CY_CFG_UNUSED
  74:Generated_Source\PSoC4/cyfitter_cfg.c **** static void CYMEMZERO(void *s, size_t n);
  75:Generated_Source\PSoC4/cyfitter_cfg.c **** CY_CFG_UNUSED
  76:Generated_Source\PSoC4/cyfitter_cfg.c **** static void CYMEMZERO(void *s, size_t n)
  77:Generated_Source\PSoC4/cyfitter_cfg.c **** {
  78:Generated_Source\PSoC4/cyfitter_cfg.c **** 	(void)memset(s, 0, n);
  79:Generated_Source\PSoC4/cyfitter_cfg.c **** }
  80:Generated_Source\PSoC4/cyfitter_cfg.c **** CY_CFG_UNUSED
  81:Generated_Source\PSoC4/cyfitter_cfg.c **** static void CYCONFIGCPY(void *dest, const void *src, size_t n);
  82:Generated_Source\PSoC4/cyfitter_cfg.c **** CY_CFG_UNUSED
  83:Generated_Source\PSoC4/cyfitter_cfg.c **** static void CYCONFIGCPY(void *dest, const void *src, size_t n)
  84:Generated_Source\PSoC4/cyfitter_cfg.c **** {
  85:Generated_Source\PSoC4/cyfitter_cfg.c **** 	(void)memcpy(dest, src, n);
  86:Generated_Source\PSoC4/cyfitter_cfg.c **** }
  87:Generated_Source\PSoC4/cyfitter_cfg.c **** CY_CFG_UNUSED
  88:Generated_Source\PSoC4/cyfitter_cfg.c **** static void CYCONFIGCPYCODE(void *dest, const void *src, size_t n);
ARM GAS  C:\Users\MIHAILO\AppData\Local\Temp\cctN8K4m.s 			page 3


  89:Generated_Source\PSoC4/cyfitter_cfg.c **** CY_CFG_UNUSED
  90:Generated_Source\PSoC4/cyfitter_cfg.c **** static void CYCONFIGCPYCODE(void *dest, const void *src, size_t n)
  91:Generated_Source\PSoC4/cyfitter_cfg.c **** {
  92:Generated_Source\PSoC4/cyfitter_cfg.c **** 	(void)memcpy(dest, src, n);
  93:Generated_Source\PSoC4/cyfitter_cfg.c **** }
  94:Generated_Source\PSoC4/cyfitter_cfg.c **** 
  95:Generated_Source\PSoC4/cyfitter_cfg.c **** 
  96:Generated_Source\PSoC4/cyfitter_cfg.c **** 
  97:Generated_Source\PSoC4/cyfitter_cfg.c **** 
  98:Generated_Source\PSoC4/cyfitter_cfg.c **** /* Clock startup error codes                                                   */
  99:Generated_Source\PSoC4/cyfitter_cfg.c **** #define CYCLOCKSTART_NO_ERROR    0u
 100:Generated_Source\PSoC4/cyfitter_cfg.c **** #define CYCLOCKSTART_XTAL_ERROR  1u
 101:Generated_Source\PSoC4/cyfitter_cfg.c **** #define CYCLOCKSTART_32KHZ_ERROR 2u
 102:Generated_Source\PSoC4/cyfitter_cfg.c **** #define CYCLOCKSTART_PLL_ERROR   3u
 103:Generated_Source\PSoC4/cyfitter_cfg.c **** #define CYCLOCKSTART_FLL_ERROR   4u
 104:Generated_Source\PSoC4/cyfitter_cfg.c **** #define CYCLOCKSTART_WCO_ERROR   5u
 105:Generated_Source\PSoC4/cyfitter_cfg.c **** 
 106:Generated_Source\PSoC4/cyfitter_cfg.c **** 
 107:Generated_Source\PSoC4/cyfitter_cfg.c **** #ifdef CY_NEED_CYCLOCKSTARTUPERROR
 108:Generated_Source\PSoC4/cyfitter_cfg.c **** /*******************************************************************************
 109:Generated_Source\PSoC4/cyfitter_cfg.c **** * Function Name: CyClockStartupError
 110:Generated_Source\PSoC4/cyfitter_cfg.c **** ********************************************************************************
 111:Generated_Source\PSoC4/cyfitter_cfg.c **** * Summary:
 112:Generated_Source\PSoC4/cyfitter_cfg.c **** *  If an error is encountered during clock configuration (crystal startup error,
 113:Generated_Source\PSoC4/cyfitter_cfg.c **** *  PLL lock error, etc.), the system will end up here.  Unless reimplemented by
 114:Generated_Source\PSoC4/cyfitter_cfg.c **** *  the customer, this function will stop in an infinite loop.
 115:Generated_Source\PSoC4/cyfitter_cfg.c **** *
 116:Generated_Source\PSoC4/cyfitter_cfg.c **** * Parameters:
 117:Generated_Source\PSoC4/cyfitter_cfg.c **** *   void
 118:Generated_Source\PSoC4/cyfitter_cfg.c **** *
 119:Generated_Source\PSoC4/cyfitter_cfg.c **** * Return:
 120:Generated_Source\PSoC4/cyfitter_cfg.c **** *   void
 121:Generated_Source\PSoC4/cyfitter_cfg.c **** *
 122:Generated_Source\PSoC4/cyfitter_cfg.c **** *******************************************************************************/
 123:Generated_Source\PSoC4/cyfitter_cfg.c **** CY_CFG_UNUSED
 124:Generated_Source\PSoC4/cyfitter_cfg.c **** static void CyClockStartupError(uint8 errorCode);
 125:Generated_Source\PSoC4/cyfitter_cfg.c **** CY_CFG_UNUSED
 126:Generated_Source\PSoC4/cyfitter_cfg.c **** static void CyClockStartupError(uint8 errorCode)
 127:Generated_Source\PSoC4/cyfitter_cfg.c **** {
 128:Generated_Source\PSoC4/cyfitter_cfg.c ****     /* To remove the compiler warning if errorCode not used.                */
 129:Generated_Source\PSoC4/cyfitter_cfg.c ****     errorCode = errorCode;
 130:Generated_Source\PSoC4/cyfitter_cfg.c **** 
 131:Generated_Source\PSoC4/cyfitter_cfg.c ****     /* If we have a clock startup error (bad MHz crystal, PLL lock, etc.),  */
 132:Generated_Source\PSoC4/cyfitter_cfg.c ****     /* we will end up here to allow the customer to implement something to  */
 133:Generated_Source\PSoC4/cyfitter_cfg.c ****     /* deal with the clock condition.                                       */
 134:Generated_Source\PSoC4/cyfitter_cfg.c **** 
 135:Generated_Source\PSoC4/cyfitter_cfg.c **** #ifdef CY_CFG_CLOCK_STARTUP_ERROR_CALLBACK
 136:Generated_Source\PSoC4/cyfitter_cfg.c ****     CY_CFG_Clock_Startup_ErrorCallback();
 137:Generated_Source\PSoC4/cyfitter_cfg.c **** #else
 138:Generated_Source\PSoC4/cyfitter_cfg.c ****     /*  If not using CY_CFG_CLOCK_STARTUP_ERROR_CALLBACK, place your clock startup code here. */
 139:Generated_Source\PSoC4/cyfitter_cfg.c ****     /* `#START CyClockStartupError` */
 140:Generated_Source\PSoC4/cyfitter_cfg.c **** 
 141:Generated_Source\PSoC4/cyfitter_cfg.c **** 
 142:Generated_Source\PSoC4/cyfitter_cfg.c **** 
 143:Generated_Source\PSoC4/cyfitter_cfg.c ****     /* `#END` */
 144:Generated_Source\PSoC4/cyfitter_cfg.c **** 
 145:Generated_Source\PSoC4/cyfitter_cfg.c ****     while(1) {}
ARM GAS  C:\Users\MIHAILO\AppData\Local\Temp\cctN8K4m.s 			page 4


 146:Generated_Source\PSoC4/cyfitter_cfg.c **** #endif /* CY_CFG_CLOCK_STARTUP_ERROR_CALLBACK */
 147:Generated_Source\PSoC4/cyfitter_cfg.c **** }
 148:Generated_Source\PSoC4/cyfitter_cfg.c **** #endif
 149:Generated_Source\PSoC4/cyfitter_cfg.c **** 
 150:Generated_Source\PSoC4/cyfitter_cfg.c **** #define CY_CFG_BASE_ADDR_COUNT 5u
 151:Generated_Source\PSoC4/cyfitter_cfg.c **** CYPACKED typedef struct
 152:Generated_Source\PSoC4/cyfitter_cfg.c **** {
 153:Generated_Source\PSoC4/cyfitter_cfg.c **** 	uint8 offset;
 154:Generated_Source\PSoC4/cyfitter_cfg.c **** 	uint8 value;
 155:Generated_Source\PSoC4/cyfitter_cfg.c **** } CYPACKED_ATTR cy_cfg_addrvalue_t;
 156:Generated_Source\PSoC4/cyfitter_cfg.c **** 
 157:Generated_Source\PSoC4/cyfitter_cfg.c **** 
 158:Generated_Source\PSoC4/cyfitter_cfg.c **** 
 159:Generated_Source\PSoC4/cyfitter_cfg.c **** /*******************************************************************************
 160:Generated_Source\PSoC4/cyfitter_cfg.c **** * Function Name: cfg_write_bytes32
 161:Generated_Source\PSoC4/cyfitter_cfg.c **** ********************************************************************************
 162:Generated_Source\PSoC4/cyfitter_cfg.c **** * Summary:
 163:Generated_Source\PSoC4/cyfitter_cfg.c **** *  This function is used for setting up the chip configuration areas that
 164:Generated_Source\PSoC4/cyfitter_cfg.c **** *  contain relatively sparse data.
 165:Generated_Source\PSoC4/cyfitter_cfg.c **** *
 166:Generated_Source\PSoC4/cyfitter_cfg.c **** * Parameters:
 167:Generated_Source\PSoC4/cyfitter_cfg.c **** *   void
 168:Generated_Source\PSoC4/cyfitter_cfg.c **** *
 169:Generated_Source\PSoC4/cyfitter_cfg.c **** * Return:
 170:Generated_Source\PSoC4/cyfitter_cfg.c **** *   void
 171:Generated_Source\PSoC4/cyfitter_cfg.c **** *
 172:Generated_Source\PSoC4/cyfitter_cfg.c **** *******************************************************************************/
 173:Generated_Source\PSoC4/cyfitter_cfg.c **** static void cfg_write_bytes32(const uint32 addr_table[], const cy_cfg_addrvalue_t data_table[]);
 174:Generated_Source\PSoC4/cyfitter_cfg.c **** static void cfg_write_bytes32(const uint32 addr_table[], const cy_cfg_addrvalue_t data_table[])
 175:Generated_Source\PSoC4/cyfitter_cfg.c **** {
  27              		.loc 1 175 0
  28              		.cfi_startproc
  29              		@ args = 0, pretend = 0, frame = 0
  30              		@ frame_needed = 0, uses_anonymous_args = 0
  31              	.LVL0:
  32 0000 F0B5     		push	{r4, r5, r6, r7, lr}
  33              		.cfi_def_cfa_offset 20
  34              		.cfi_offset 4, -20
  35              		.cfi_offset 5, -16
  36              		.cfi_offset 6, -12
  37              		.cfi_offset 7, -8
  38              		.cfi_offset 14, -4
  39              	.LVL1:
 176:Generated_Source\PSoC4/cyfitter_cfg.c **** 	/* For 32-bit little-endian architectures */
 177:Generated_Source\PSoC4/cyfitter_cfg.c **** 	uint32 i, j = 0u;
  40              		.loc 1 177 0
  41 0002 0025     		movs	r5, #0
 178:Generated_Source\PSoC4/cyfitter_cfg.c **** 	for (i = 0u; i < CY_CFG_BASE_ADDR_COUNT; i++)
  42              		.loc 1 178 0
  43 0004 0027     		movs	r7, #0
  44 0006 11E0     		b	.L2
  45              	.LVL2:
  46              	.L5:
  47              	.LBB2:
 179:Generated_Source\PSoC4/cyfitter_cfg.c **** 	{
 180:Generated_Source\PSoC4/cyfitter_cfg.c **** 		uint32 baseAddr = addr_table[i];
  48              		.loc 1 180 0
ARM GAS  C:\Users\MIHAILO\AppData\Local\Temp\cctN8K4m.s 			page 5


  49 0008 BB00     		lsls	r3, r7, #2
  50 000a C658     		ldr	r6, [r0, r3]
  51              	.LVL3:
 181:Generated_Source\PSoC4/cyfitter_cfg.c **** 		uint8 count = (uint8)baseAddr;
  52              		.loc 1 181 0
  53 000c F3B2     		uxtb	r3, r6
  54              	.LVL4:
 182:Generated_Source\PSoC4/cyfitter_cfg.c **** 		baseAddr &= 0xFFFFFF00u;
  55              		.loc 1 182 0
  56 000e FF22     		movs	r2, #255
  57 0010 9643     		bics	r6, r2
  58              	.LVL5:
 183:Generated_Source\PSoC4/cyfitter_cfg.c **** 		while (count != 0u)
  59              		.loc 1 183 0
  60 0012 08E0     		b	.L3
  61              	.L4:
 184:Generated_Source\PSoC4/cyfitter_cfg.c **** 		{
 185:Generated_Source\PSoC4/cyfitter_cfg.c **** 			CY_SET_REG8((void *)(baseAddr + data_table[j].offset), data_table[j].value);
  62              		.loc 1 185 0
  63 0014 6A00     		lsls	r2, r5, #1
  64 0016 8A18     		adds	r2, r1, r2
  65 0018 1478     		ldrb	r4, [r2]
  66 001a A419     		adds	r4, r4, r6
  67 001c 5278     		ldrb	r2, [r2, #1]
  68 001e 2270     		strb	r2, [r4]
 186:Generated_Source\PSoC4/cyfitter_cfg.c **** 			j++;
  69              		.loc 1 186 0
  70 0020 0135     		adds	r5, r5, #1
  71              	.LVL6:
 187:Generated_Source\PSoC4/cyfitter_cfg.c **** 			count--;
  72              		.loc 1 187 0
  73 0022 013B     		subs	r3, r3, #1
  74              	.LVL7:
  75 0024 DBB2     		uxtb	r3, r3
  76              	.LVL8:
  77              	.L3:
 183:Generated_Source\PSoC4/cyfitter_cfg.c **** 		{
  78              		.loc 1 183 0
  79 0026 002B     		cmp	r3, #0
  80 0028 F4D1     		bne	.L4
  81              	.LBE2:
 178:Generated_Source\PSoC4/cyfitter_cfg.c **** 	{
  82              		.loc 1 178 0 discriminator 2
  83 002a 0137     		adds	r7, r7, #1
  84              	.LVL9:
  85              	.L2:
 178:Generated_Source\PSoC4/cyfitter_cfg.c **** 	{
  86              		.loc 1 178 0 is_stmt 0 discriminator 1
  87 002c 042F     		cmp	r7, #4
  88 002e EBD9     		bls	.L5
 188:Generated_Source\PSoC4/cyfitter_cfg.c **** 		}
 189:Generated_Source\PSoC4/cyfitter_cfg.c **** 	}
 190:Generated_Source\PSoC4/cyfitter_cfg.c **** }
  89              		.loc 1 190 0 is_stmt 1
  90              		@ sp needed
  91              	.LVL10:
  92              	.LVL11:
ARM GAS  C:\Users\MIHAILO\AppData\Local\Temp\cctN8K4m.s 			page 6


  93 0030 F0BD     		pop	{r4, r5, r6, r7, pc}
  94              		.cfi_endproc
  95              	.LFE3:
  96              		.size	cfg_write_bytes32, .-cfg_write_bytes32
  97 0032 C046     		.section	.text.CYMEMZERO,"ax",%progbits
  98              		.align	2
  99              		.code	16
 100              		.thumb_func
 101              		.type	CYMEMZERO, %function
 102              	CYMEMZERO:
 103              	.LFB0:
  77:Generated_Source\PSoC4/cyfitter_cfg.c **** 	(void)memset(s, 0, n);
 104              		.loc 1 77 0
 105              		.cfi_startproc
 106              		@ args = 0, pretend = 0, frame = 0
 107              		@ frame_needed = 0, uses_anonymous_args = 0
 108              	.LVL12:
 109 0000 10B5     		push	{r4, lr}
 110              		.cfi_def_cfa_offset 8
 111              		.cfi_offset 4, -8
 112              		.cfi_offset 14, -4
 113 0002 0A00     		movs	r2, r1
  78:Generated_Source\PSoC4/cyfitter_cfg.c **** }
 114              		.loc 1 78 0
 115 0004 0021     		movs	r1, #0
 116              	.LVL13:
 117 0006 FFF7FEFF 		bl	memset
 118              	.LVL14:
  79:Generated_Source\PSoC4/cyfitter_cfg.c **** CY_CFG_UNUSED
 119              		.loc 1 79 0
 120              		@ sp needed
 121 000a 10BD     		pop	{r4, pc}
 122              		.cfi_endproc
 123              	.LFE0:
 124              		.size	CYMEMZERO, .-CYMEMZERO
 125              		.section	.psocinit,"ax",%progbits
 126              		.align	2
 127              		.code	16
 128              		.thumb_func
 129              		.type	ClockSetup, %function
 130              	ClockSetup:
 131              	.LFB4:
 191:Generated_Source\PSoC4/cyfitter_cfg.c **** 
 192:Generated_Source\PSoC4/cyfitter_cfg.c **** 
 193:Generated_Source\PSoC4/cyfitter_cfg.c **** /*******************************************************************************
 194:Generated_Source\PSoC4/cyfitter_cfg.c **** * Function Name: ClockSetup
 195:Generated_Source\PSoC4/cyfitter_cfg.c **** ********************************************************************************
 196:Generated_Source\PSoC4/cyfitter_cfg.c **** *
 197:Generated_Source\PSoC4/cyfitter_cfg.c **** * Summary:
 198:Generated_Source\PSoC4/cyfitter_cfg.c **** *   Performs the initialization of all of the clocks in the device based on the
 199:Generated_Source\PSoC4/cyfitter_cfg.c **** *   settings in the Clock tab of the DWR.  This includes enabling the requested
 200:Generated_Source\PSoC4/cyfitter_cfg.c **** *   clocks and setting the necessary dividers to produce the desired frequency. 
 201:Generated_Source\PSoC4/cyfitter_cfg.c **** *
 202:Generated_Source\PSoC4/cyfitter_cfg.c **** * Parameters:
 203:Generated_Source\PSoC4/cyfitter_cfg.c **** *   void
 204:Generated_Source\PSoC4/cyfitter_cfg.c **** *
 205:Generated_Source\PSoC4/cyfitter_cfg.c **** * Return:
ARM GAS  C:\Users\MIHAILO\AppData\Local\Temp\cctN8K4m.s 			page 7


 206:Generated_Source\PSoC4/cyfitter_cfg.c **** *   void
 207:Generated_Source\PSoC4/cyfitter_cfg.c **** *
 208:Generated_Source\PSoC4/cyfitter_cfg.c **** *******************************************************************************/
 209:Generated_Source\PSoC4/cyfitter_cfg.c **** static void ClockSetup(void);
 210:Generated_Source\PSoC4/cyfitter_cfg.c **** CY_CFG_SECTION
 211:Generated_Source\PSoC4/cyfitter_cfg.c **** static void ClockSetup(void)
 212:Generated_Source\PSoC4/cyfitter_cfg.c **** {
 132              		.loc 1 212 0
 133              		.cfi_startproc
 134              		@ args = 0, pretend = 0, frame = 0
 135              		@ frame_needed = 0, uses_anonymous_args = 0
 136 0000 70B5     		push	{r4, r5, r6, lr}
 137              		.cfi_def_cfa_offset 16
 138              		.cfi_offset 4, -16
 139              		.cfi_offset 5, -12
 140              		.cfi_offset 6, -8
 141              		.cfi_offset 14, -4
 213:Generated_Source\PSoC4/cyfitter_cfg.c **** 	/* Enable HALF_EN before trimming for the flash accelerator. */
 214:Generated_Source\PSoC4/cyfitter_cfg.c **** 	CY_SET_REG32((void CYXDATA *)(CYREG_CLK_SELECT), (CY_GET_REG32((void *)CYREG_CLK_SELECT) | 0x00040
 142              		.loc 1 214 0
 143 0002 134C     		ldr	r4, .L8
 144 0004 2368     		ldr	r3, [r4]
 145 0006 8022     		movs	r2, #128
 146 0008 D202     		lsls	r2, r2, #11
 147 000a 1343     		orrs	r3, r2
 148 000c 2360     		str	r3, [r4]
 215:Generated_Source\PSoC4/cyfitter_cfg.c **** 
 216:Generated_Source\PSoC4/cyfitter_cfg.c **** 	/* Setup and trim IMO based on desired frequency. */
 217:Generated_Source\PSoC4/cyfitter_cfg.c **** 	CySysClkWriteImoFreq(24u);
 149              		.loc 1 217 0
 150 000e 1820     		movs	r0, #24
 151 0010 FFF7FEFF 		bl	CySysClkWriteImoFreq
 152              	.LVL15:
 218:Generated_Source\PSoC4/cyfitter_cfg.c **** 
 219:Generated_Source\PSoC4/cyfitter_cfg.c **** 	/* Disable HALF_EN since it is not required at this IMO frequency. */
 220:Generated_Source\PSoC4/cyfitter_cfg.c **** 	CY_SET_REG32((void CYXDATA *)(CYREG_CLK_SELECT), (CY_GET_REG32((void *)CYREG_CLK_SELECT) & 0xFFFBF
 153              		.loc 1 220 0
 154 0014 2268     		ldr	r2, [r4]
 155 0016 0F4B     		ldr	r3, .L8+4
 156 0018 1340     		ands	r3, r2
 157 001a 2360     		str	r3, [r4]
 221:Generated_Source\PSoC4/cyfitter_cfg.c **** 	/* CYDEV_CLK_ILO_CONFIG Starting address: CYDEV_CLK_ILO_CONFIG */
 222:Generated_Source\PSoC4/cyfitter_cfg.c **** 	CY_SET_REG32((void *)(CYREG_CLK_ILO_CONFIG), 0x80000006u);
 158              		.loc 1 222 0
 159 001c 0E4A     		ldr	r2, .L8+8
 160 001e 0F4B     		ldr	r3, .L8+12
 161 0020 1A60     		str	r2, [r3]
 223:Generated_Source\PSoC4/cyfitter_cfg.c **** 
 224:Generated_Source\PSoC4/cyfitter_cfg.c **** 
 225:Generated_Source\PSoC4/cyfitter_cfg.c **** 	/* CYDEV_CLK_SELECT00 Starting address: CYDEV_CLK_SELECT00 */
 226:Generated_Source\PSoC4/cyfitter_cfg.c **** 	CY_SET_REG32((void *)(CYREG_CLK_SELECT12), 0x00000010u);
 162              		.loc 1 226 0
 163 0022 1022     		movs	r2, #16
 164 0024 0E4B     		ldr	r3, .L8+16
 165 0026 1A60     		str	r2, [r3]
 227:Generated_Source\PSoC4/cyfitter_cfg.c **** 
 228:Generated_Source\PSoC4/cyfitter_cfg.c **** 	/* CYDEV_CLK_IMO_CONFIG Starting address: CYDEV_CLK_IMO_CONFIG */
ARM GAS  C:\Users\MIHAILO\AppData\Local\Temp\cctN8K4m.s 			page 8


 229:Generated_Source\PSoC4/cyfitter_cfg.c **** 	CY_SET_REG32((void *)(CYREG_CLK_IMO_CONFIG), 0x80000000u);
 166              		.loc 1 229 0
 167 0028 8022     		movs	r2, #128
 168 002a 1206     		lsls	r2, r2, #24
 169 002c 0D4B     		ldr	r3, .L8+20
 170 002e 1A60     		str	r2, [r3]
 230:Generated_Source\PSoC4/cyfitter_cfg.c **** 
 231:Generated_Source\PSoC4/cyfitter_cfg.c **** 	/* CYDEV_CLK_SELECT Starting address: CYDEV_CLK_SELECT */
 232:Generated_Source\PSoC4/cyfitter_cfg.c **** 	CY_SET_REG32((void *)(CYREG_CLK_SELECT), 0x00000000u);
 171              		.loc 1 232 0
 172 0030 0025     		movs	r5, #0
 173 0032 2560     		str	r5, [r4]
 233:Generated_Source\PSoC4/cyfitter_cfg.c **** 
 234:Generated_Source\PSoC4/cyfitter_cfg.c **** 	/* CYDEV_CLK_DIVIDER_A00 Starting address: CYDEV_CLK_DIVIDER_A00 */
 235:Generated_Source\PSoC4/cyfitter_cfg.c **** 	CY_SET_REG32((void *)(CYREG_CLK_DIVIDER_A00), 0x8000B6ABu);
 174              		.loc 1 235 0
 175 0034 0C4A     		ldr	r2, .L8+24
 176 0036 0D4B     		ldr	r3, .L8+28
 177 0038 1A60     		str	r2, [r3]
 236:Generated_Source\PSoC4/cyfitter_cfg.c **** 
 237:Generated_Source\PSoC4/cyfitter_cfg.c **** 	(void)CyIntSetVector(9u, &CySysWdtIsr);
 178              		.loc 1 237 0
 179 003a 0D49     		ldr	r1, .L8+32
 180 003c 0920     		movs	r0, #9
 181 003e FFF7FEFF 		bl	CyIntSetVector
 182              	.LVL16:
 238:Generated_Source\PSoC4/cyfitter_cfg.c **** 	CyIntEnable(9u);
 183              		.loc 1 238 0
 184 0042 0920     		movs	r0, #9
 185 0044 FFF7FEFF 		bl	CyIntEnable
 186              	.LVL17:
 239:Generated_Source\PSoC4/cyfitter_cfg.c **** 	CY_SET_REG32((void *)(CYREG_WDT_CONFIG), 0x00000000u);
 187              		.loc 1 239 0
 188 0048 0A4B     		ldr	r3, .L8+36
 189 004a 1D60     		str	r5, [r3]
 240:Generated_Source\PSoC4/cyfitter_cfg.c **** }
 190              		.loc 1 240 0
 191              		@ sp needed
 192 004c 70BD     		pop	{r4, r5, r6, pc}
 193              	.L9:
 194 004e C046     		.align	2
 195              	.L8:
 196 0050 00010B40 		.word	1074462976
 197 0054 FFFFFBFF 		.word	-262145
 198 0058 06000080 		.word	-2147483642
 199 005c 04010B40 		.word	1074462980
 200 0060 30020240 		.word	1073873456
 201 0064 08010B40 		.word	1074462984
 202 0068 ABB60080 		.word	-2147436885
 203 006c 00000240 		.word	1073872896
 204 0070 00000000 		.word	CySysWdtIsr
 205 0074 0C020B40 		.word	1074463244
 206              		.cfi_endproc
 207              	.LFE4:
 208              		.size	ClockSetup, .-ClockSetup
 209              		.align	2
 210              		.global	cyfitter_cfg
ARM GAS  C:\Users\MIHAILO\AppData\Local\Temp\cctN8K4m.s 			page 9


 211              		.code	16
 212              		.thumb_func
 213              		.type	cyfitter_cfg, %function
 214              	cyfitter_cfg:
 215              	.LFB6:
 241:Generated_Source\PSoC4/cyfitter_cfg.c **** 
 242:Generated_Source\PSoC4/cyfitter_cfg.c **** 
 243:Generated_Source\PSoC4/cyfitter_cfg.c **** /* Analog API Functions */
 244:Generated_Source\PSoC4/cyfitter_cfg.c **** 
 245:Generated_Source\PSoC4/cyfitter_cfg.c **** 
 246:Generated_Source\PSoC4/cyfitter_cfg.c **** /*******************************************************************************
 247:Generated_Source\PSoC4/cyfitter_cfg.c **** * Function Name: AnalogSetDefault
 248:Generated_Source\PSoC4/cyfitter_cfg.c **** ********************************************************************************
 249:Generated_Source\PSoC4/cyfitter_cfg.c **** *
 250:Generated_Source\PSoC4/cyfitter_cfg.c **** * Summary:
 251:Generated_Source\PSoC4/cyfitter_cfg.c **** *  Sets up the analog portions of the chip to default values based on chip
 252:Generated_Source\PSoC4/cyfitter_cfg.c **** *  configuration options from the project.
 253:Generated_Source\PSoC4/cyfitter_cfg.c **** *
 254:Generated_Source\PSoC4/cyfitter_cfg.c **** * Parameters:
 255:Generated_Source\PSoC4/cyfitter_cfg.c **** *  void
 256:Generated_Source\PSoC4/cyfitter_cfg.c **** *
 257:Generated_Source\PSoC4/cyfitter_cfg.c **** * Return:
 258:Generated_Source\PSoC4/cyfitter_cfg.c **** *  void
 259:Generated_Source\PSoC4/cyfitter_cfg.c **** *
 260:Generated_Source\PSoC4/cyfitter_cfg.c **** *******************************************************************************/
 261:Generated_Source\PSoC4/cyfitter_cfg.c **** static void AnalogSetDefault(void);
 262:Generated_Source\PSoC4/cyfitter_cfg.c **** static void AnalogSetDefault(void)
 263:Generated_Source\PSoC4/cyfitter_cfg.c **** {
 264:Generated_Source\PSoC4/cyfitter_cfg.c **** }
 265:Generated_Source\PSoC4/cyfitter_cfg.c **** 
 266:Generated_Source\PSoC4/cyfitter_cfg.c **** 
 267:Generated_Source\PSoC4/cyfitter_cfg.c **** 
 268:Generated_Source\PSoC4/cyfitter_cfg.c **** 
 269:Generated_Source\PSoC4/cyfitter_cfg.c **** /*******************************************************************************
 270:Generated_Source\PSoC4/cyfitter_cfg.c **** * Function Name: cyfitter_cfg
 271:Generated_Source\PSoC4/cyfitter_cfg.c **** ********************************************************************************
 272:Generated_Source\PSoC4/cyfitter_cfg.c **** * Summary:
 273:Generated_Source\PSoC4/cyfitter_cfg.c **** *  This function is called by the start-up code for the selected device. It
 274:Generated_Source\PSoC4/cyfitter_cfg.c **** *  performs all of the necessary device configuration based on the design
 275:Generated_Source\PSoC4/cyfitter_cfg.c **** *  settings.  This includes settings from the Design Wide Resources (DWR) such
 276:Generated_Source\PSoC4/cyfitter_cfg.c **** *  as Clocks and Pins as well as any component configuration that is necessary.
 277:Generated_Source\PSoC4/cyfitter_cfg.c **** *
 278:Generated_Source\PSoC4/cyfitter_cfg.c **** * Parameters:
 279:Generated_Source\PSoC4/cyfitter_cfg.c **** *   void
 280:Generated_Source\PSoC4/cyfitter_cfg.c **** *
 281:Generated_Source\PSoC4/cyfitter_cfg.c **** * Return:
 282:Generated_Source\PSoC4/cyfitter_cfg.c **** *   void
 283:Generated_Source\PSoC4/cyfitter_cfg.c **** *
 284:Generated_Source\PSoC4/cyfitter_cfg.c **** *******************************************************************************/
 285:Generated_Source\PSoC4/cyfitter_cfg.c **** CY_CFG_SECTION
 286:Generated_Source\PSoC4/cyfitter_cfg.c **** void cyfitter_cfg(void)
 287:Generated_Source\PSoC4/cyfitter_cfg.c **** {
 216              		.loc 1 287 0
 217              		.cfi_startproc
 218              		@ args = 0, pretend = 0, frame = 0
 219              		@ frame_needed = 0, uses_anonymous_args = 0
 220 0078 10B5     		push	{r4, lr}
ARM GAS  C:\Users\MIHAILO\AppData\Local\Temp\cctN8K4m.s 			page 10


 221              		.cfi_def_cfa_offset 8
 222              		.cfi_offset 4, -8
 223              		.cfi_offset 14, -4
 288:Generated_Source\PSoC4/cyfitter_cfg.c **** 	/* Disable interrupts by default. Let user enable if/when they want. */
 289:Generated_Source\PSoC4/cyfitter_cfg.c **** 	CyGlobalIntDisable;
 224              		.loc 1 289 0
 225              		.syntax divided
 226              	@ 289 "Generated_Source\PSoC4\cyfitter_cfg.c" 1
 227 007a 72B6     		CPSID   i
 228              	@ 0 "" 2
 229              	.LVL18:
 230              		.thumb
 231              		.syntax unified
 232              	.LBB3:
 290:Generated_Source\PSoC4/cyfitter_cfg.c **** 
 291:Generated_Source\PSoC4/cyfitter_cfg.c **** 	{
 292:Generated_Source\PSoC4/cyfitter_cfg.c **** 		static const uint32 CYCODE cy_cfg_addr_table[] = {
 293:Generated_Source\PSoC4/cyfitter_cfg.c **** 			0x400F3203u, /* Base address: 0x400F3200 Count: 3 */
 294:Generated_Source\PSoC4/cyfitter_cfg.c **** 			0x400F3302u, /* Base address: 0x400F3300 Count: 2 */
 295:Generated_Source\PSoC4/cyfitter_cfg.c **** 			0x400F4002u, /* Base address: 0x400F4000 Count: 2 */
 296:Generated_Source\PSoC4/cyfitter_cfg.c **** 			0x400F4103u, /* Base address: 0x400F4100 Count: 3 */
 297:Generated_Source\PSoC4/cyfitter_cfg.c **** 			0x400F6002u, /* Base address: 0x400F6000 Count: 2 */
 298:Generated_Source\PSoC4/cyfitter_cfg.c **** 		};
 299:Generated_Source\PSoC4/cyfitter_cfg.c **** 
 300:Generated_Source\PSoC4/cyfitter_cfg.c **** 		static const cy_cfg_addrvalue_t CYCODE cy_cfg_data_table[] = {
 301:Generated_Source\PSoC4/cyfitter_cfg.c **** 			{0x3Au, 0xC0u},
 302:Generated_Source\PSoC4/cyfitter_cfg.c **** 			{0x58u, 0x04u},
 303:Generated_Source\PSoC4/cyfitter_cfg.c **** 			{0x5Fu, 0x01u},
 304:Generated_Source\PSoC4/cyfitter_cfg.c **** 			{0x1Fu, 0x80u},
 305:Generated_Source\PSoC4/cyfitter_cfg.c **** 			{0x87u, 0x80u},
 306:Generated_Source\PSoC4/cyfitter_cfg.c **** 			{0x57u, 0x20u},
 307:Generated_Source\PSoC4/cyfitter_cfg.c **** 			{0xD4u, 0x40u},
 308:Generated_Source\PSoC4/cyfitter_cfg.c **** 			{0x87u, 0x20u},
 309:Generated_Source\PSoC4/cyfitter_cfg.c **** 			{0xA7u, 0x20u},
 310:Generated_Source\PSoC4/cyfitter_cfg.c **** 			{0xE6u, 0x10u},
 311:Generated_Source\PSoC4/cyfitter_cfg.c **** 			{0x01u, 0x01u},
 312:Generated_Source\PSoC4/cyfitter_cfg.c **** 			{0x10u, 0x01u},
 313:Generated_Source\PSoC4/cyfitter_cfg.c **** 		};
 314:Generated_Source\PSoC4/cyfitter_cfg.c **** 
 315:Generated_Source\PSoC4/cyfitter_cfg.c **** 
 316:Generated_Source\PSoC4/cyfitter_cfg.c **** 
 317:Generated_Source\PSoC4/cyfitter_cfg.c **** 		CYPACKED typedef struct {
 318:Generated_Source\PSoC4/cyfitter_cfg.c **** 			void CYFAR *address;
 319:Generated_Source\PSoC4/cyfitter_cfg.c **** 			uint16 size;
 320:Generated_Source\PSoC4/cyfitter_cfg.c **** 		} CYPACKED_ATTR cfg_memset_t;
 321:Generated_Source\PSoC4/cyfitter_cfg.c **** 
 322:Generated_Source\PSoC4/cyfitter_cfg.c **** 		static const cfg_memset_t CYCODE cfg_memset_list[] = {
 323:Generated_Source\PSoC4/cyfitter_cfg.c **** 			/* address, size */
 324:Generated_Source\PSoC4/cyfitter_cfg.c **** 			{(void CYFAR *)(CYDEV_UDB_P0_U0_BASE), 1024u},
 325:Generated_Source\PSoC4/cyfitter_cfg.c **** 			{(void CYFAR *)(CYDEV_UDB_DSI0_BASE), 1024u},
 326:Generated_Source\PSoC4/cyfitter_cfg.c **** 		};
 327:Generated_Source\PSoC4/cyfitter_cfg.c **** 
 328:Generated_Source\PSoC4/cyfitter_cfg.c **** 		uint8 CYDATA i;
 329:Generated_Source\PSoC4/cyfitter_cfg.c **** 
 330:Generated_Source\PSoC4/cyfitter_cfg.c **** 		/* Zero out critical memory blocks before beginning configuration */
 331:Generated_Source\PSoC4/cyfitter_cfg.c **** 		for (i = 0u; i < (sizeof(cfg_memset_list)/sizeof(cfg_memset_list[0])); i++)
 233              		.loc 1 331 0
ARM GAS  C:\Users\MIHAILO\AppData\Local\Temp\cctN8K4m.s 			page 11


 234 007c 0024     		movs	r4, #0
 235 007e 0FE0     		b	.L11
 236              	.LVL19:
 237              	.L12:
 238              	.LBB4:
 332:Generated_Source\PSoC4/cyfitter_cfg.c **** 		{
 333:Generated_Source\PSoC4/cyfitter_cfg.c **** 			const cfg_memset_t CYCODE * CYDATA ms = &cfg_memset_list[i];
 334:Generated_Source\PSoC4/cyfitter_cfg.c **** 			CYMEMZERO(ms->address, (size_t)(uint32)(ms->size));
 239              		.loc 1 334 0 discriminator 3
 240 0080 2148     		ldr	r0, .L13
 241 0082 6200     		lsls	r2, r4, #1
 242 0084 1319     		adds	r3, r2, r4
 243 0086 5900     		lsls	r1, r3, #1
 244 0088 0B00     		movs	r3, r1
 245 008a 4118     		adds	r1, r0, r1
 246 008c 8988     		ldrh	r1, [r1, #4]
 247 008e 1A5A     		ldrh	r2, [r3, r0]
 248 0090 C318     		adds	r3, r0, r3
 249 0092 5888     		ldrh	r0, [r3, #2]
 250 0094 0004     		lsls	r0, r0, #16
 251 0096 1043     		orrs	r0, r2
 252 0098 FFF7FEFF 		bl	CYMEMZERO
 253              	.LVL20:
 254              	.LBE4:
 331:Generated_Source\PSoC4/cyfitter_cfg.c **** 		{
 255              		.loc 1 331 0 discriminator 3
 256 009c 0134     		adds	r4, r4, #1
 257              	.LVL21:
 258 009e E4B2     		uxtb	r4, r4
 259              	.LVL22:
 260              	.L11:
 331:Generated_Source\PSoC4/cyfitter_cfg.c **** 		{
 261              		.loc 1 331 0 is_stmt 0 discriminator 1
 262 00a0 012C     		cmp	r4, #1
 263 00a2 EDD9     		bls	.L12
 335:Generated_Source\PSoC4/cyfitter_cfg.c **** 		}
 336:Generated_Source\PSoC4/cyfitter_cfg.c **** 
 337:Generated_Source\PSoC4/cyfitter_cfg.c **** 		cfg_write_bytes32(cy_cfg_addr_table, cy_cfg_data_table);
 264              		.loc 1 337 0 is_stmt 1
 265 00a4 1848     		ldr	r0, .L13
 266 00a6 0100     		movs	r1, r0
 267 00a8 0C31     		adds	r1, r1, #12
 268 00aa 2430     		adds	r0, r0, #36
 269 00ac FFF7FEFF 		bl	cfg_write_bytes32
 270              	.LVL23:
 338:Generated_Source\PSoC4/cyfitter_cfg.c **** 
 339:Generated_Source\PSoC4/cyfitter_cfg.c **** 		/* HSIOM Starting address: CYDEV_HSIOM_BASE */
 340:Generated_Source\PSoC4/cyfitter_cfg.c **** 		CY_SET_REG32((void *)(CYDEV_HSIOM_BASE), 0x00000003u);
 271              		.loc 1 340 0
 272 00b0 0322     		movs	r2, #3
 273 00b2 164B     		ldr	r3, .L13+4
 274 00b4 1A60     		str	r2, [r3]
 341:Generated_Source\PSoC4/cyfitter_cfg.c **** 		CY_SET_REG32((void *)(CYREG_HSIOM_PORT_SEL3), 0x0000EE00u);
 275              		.loc 1 341 0
 276 00b6 EE22     		movs	r2, #238
 277 00b8 1202     		lsls	r2, r2, #8
 278 00ba 154B     		ldr	r3, .L13+8
ARM GAS  C:\Users\MIHAILO\AppData\Local\Temp\cctN8K4m.s 			page 12


 279 00bc 1A60     		str	r2, [r3]
 342:Generated_Source\PSoC4/cyfitter_cfg.c **** 
 343:Generated_Source\PSoC4/cyfitter_cfg.c **** 		/* UDB_PA_0 Starting address: CYDEV_UDB_PA0_BASE */
 344:Generated_Source\PSoC4/cyfitter_cfg.c **** 		CY_SET_REG32((void *)(CYDEV_UDB_PA0_BASE), 0x00990000u);
 280              		.loc 1 344 0
 281 00be 9923     		movs	r3, #153
 282 00c0 1B04     		lsls	r3, r3, #16
 283 00c2 144A     		ldr	r2, .L13+12
 284 00c4 1360     		str	r3, [r2]
 345:Generated_Source\PSoC4/cyfitter_cfg.c **** 		CY_SET_REG32((void *)(CYREG_UDB_PA0_CFG8), 0x00010000u);
 285              		.loc 1 345 0
 286 00c6 8021     		movs	r1, #128
 287 00c8 4902     		lsls	r1, r1, #9
 288 00ca 134A     		ldr	r2, .L13+16
 289 00cc 1160     		str	r1, [r2]
 346:Generated_Source\PSoC4/cyfitter_cfg.c **** 
 347:Generated_Source\PSoC4/cyfitter_cfg.c **** 		/* UDB_PA_3 Starting address: CYDEV_UDB_PA3_BASE */
 348:Generated_Source\PSoC4/cyfitter_cfg.c **** 		CY_SET_REG32((void *)(CYDEV_UDB_PA3_BASE), 0x00990000u);
 290              		.loc 1 348 0
 291 00ce 134A     		ldr	r2, .L13+20
 292 00d0 1360     		str	r3, [r2]
 349:Generated_Source\PSoC4/cyfitter_cfg.c **** 
 350:Generated_Source\PSoC4/cyfitter_cfg.c **** 		/* Enable UDB array and digital routing */
 351:Generated_Source\PSoC4/cyfitter_cfg.c **** 		CY_SET_XTND_REG8((void *)CYREG_UDB_UDBIF_WAIT_CFG, (uint8)((CY_GET_XTND_REG8((void *)CYREG_UDB_UD
 293              		.loc 1 351 0
 294 00d2 1349     		ldr	r1, .L13+24
 295 00d4 0B78     		ldrb	r3, [r1]
 296 00d6 3C22     		movs	r2, #60
 297 00d8 9343     		bics	r3, r2
 298 00da 1422     		movs	r2, #20
 299 00dc 1343     		orrs	r3, r2
 300 00de DBB2     		uxtb	r3, r3
 301 00e0 0B70     		strb	r3, [r1]
 352:Generated_Source\PSoC4/cyfitter_cfg.c **** 		CY_SET_XTND_REG8((void *)CYREG_UDB_UDBIF_BANK_CTL, (uint8)(CY_GET_XTND_REG8((void *)CYREG_UDB_UDB
 302              		.loc 1 352 0
 303 00e2 104A     		ldr	r2, .L13+28
 304 00e4 1178     		ldrb	r1, [r2]
 305 00e6 1623     		movs	r3, #22
 306 00e8 0B43     		orrs	r3, r1
 307 00ea DBB2     		uxtb	r3, r3
 308 00ec 1370     		strb	r3, [r2]
 309              	.LBE3:
 353:Generated_Source\PSoC4/cyfitter_cfg.c **** 	}
 354:Generated_Source\PSoC4/cyfitter_cfg.c **** 
 355:Generated_Source\PSoC4/cyfitter_cfg.c **** 	/* Perform second pass device configuration. These items must be configured in specific order afte
 356:Generated_Source\PSoC4/cyfitter_cfg.c **** 	/* IOPINS0_0 Starting address: CYDEV_PRT0_BASE */
 357:Generated_Source\PSoC4/cyfitter_cfg.c **** 	CY_SET_REG32((void *)(CYDEV_PRT0_BASE), 0x00000001u);
 310              		.loc 1 357 0
 311 00ee 0122     		movs	r2, #1
 312 00f0 0D4B     		ldr	r3, .L13+32
 313 00f2 1A60     		str	r2, [r3]
 358:Generated_Source\PSoC4/cyfitter_cfg.c **** 	CY_SET_REG32((void *)(CYREG_PRT0_PC), 0x00000006u);
 314              		.loc 1 358 0
 315 00f4 0532     		adds	r2, r2, #5
 316 00f6 0D4B     		ldr	r3, .L13+36
 317 00f8 1A60     		str	r2, [r3]
 359:Generated_Source\PSoC4/cyfitter_cfg.c **** 
ARM GAS  C:\Users\MIHAILO\AppData\Local\Temp\cctN8K4m.s 			page 13


 360:Generated_Source\PSoC4/cyfitter_cfg.c **** 	/* IOPINS0_3 Starting address: CYDEV_PRT3_BASE */
 361:Generated_Source\PSoC4/cyfitter_cfg.c **** 	CY_SET_REG32((void *)(CYREG_PRT3_PC), 0x00000D80u);
 318              		.loc 1 361 0
 319 00fa D822     		movs	r2, #216
 320 00fc 1201     		lsls	r2, r2, #4
 321 00fe 0C4B     		ldr	r3, .L13+40
 322 0100 1A60     		str	r2, [r3]
 362:Generated_Source\PSoC4/cyfitter_cfg.c **** 
 363:Generated_Source\PSoC4/cyfitter_cfg.c **** 
 364:Generated_Source\PSoC4/cyfitter_cfg.c **** 	/* Setup clocks based on selections from Clock DWR */
 365:Generated_Source\PSoC4/cyfitter_cfg.c **** 	ClockSetup();
 323              		.loc 1 365 0
 324 0102 FFF77DFF 		bl	ClockSetup
 325              	.LVL24:
 366:Generated_Source\PSoC4/cyfitter_cfg.c **** 
 367:Generated_Source\PSoC4/cyfitter_cfg.c **** 	/* Perform basic analog initialization to defaults */
 368:Generated_Source\PSoC4/cyfitter_cfg.c **** 	AnalogSetDefault();
 369:Generated_Source\PSoC4/cyfitter_cfg.c **** 
 370:Generated_Source\PSoC4/cyfitter_cfg.c **** }
 326              		.loc 1 370 0
 327              		@ sp needed
 328              	.LVL25:
 329 0106 10BD     		pop	{r4, pc}
 330              	.L14:
 331              		.align	2
 332              	.L13:
 333 0108 00000000 		.word	.LANCHOR0
 334 010c 00000140 		.word	1073807360
 335 0110 0C000140 		.word	1073807372
 336 0114 00500F40 		.word	1074745344
 337 0118 08500F40 		.word	1074745352
 338 011c 30500F40 		.word	1074745392
 339 0120 01700F40 		.word	1074753537
 340 0124 00700F40 		.word	1074753536
 341 0128 00000440 		.word	1074003968
 342 012c 08000440 		.word	1074003976
 343 0130 08030440 		.word	1074004744
 344              		.cfi_endproc
 345              	.LFE6:
 346              		.size	cyfitter_cfg, .-cyfitter_cfg
 347              		.section	.rodata
 348              		.align	2
 349              		.set	.LANCHOR0,. + 0
 350              		.type	cfg_memset_list.4870, %object
 351              		.size	cfg_memset_list.4870, 12
 352              	cfg_memset_list.4870:
 353 0000 00300F40 		.word	1074737152
 354 0004 0004     		.short	1024
 355 0006 00400F40 		.4byte	1074741248
 356 000a 0004     		.short	1024
 357              		.type	cy_cfg_data_table.4865, %object
 358              		.size	cy_cfg_data_table.4865, 24
 359              	cy_cfg_data_table.4865:
 360 000c 3A       		.byte	58
 361 000d C0       		.byte	-64
 362 000e 58       		.byte	88
 363 000f 04       		.byte	4
ARM GAS  C:\Users\MIHAILO\AppData\Local\Temp\cctN8K4m.s 			page 14


 364 0010 5F       		.byte	95
 365 0011 01       		.byte	1
 366 0012 1F       		.byte	31
 367 0013 80       		.byte	-128
 368 0014 87       		.byte	-121
 369 0015 80       		.byte	-128
 370 0016 57       		.byte	87
 371 0017 20       		.byte	32
 372 0018 D4       		.byte	-44
 373 0019 40       		.byte	64
 374 001a 87       		.byte	-121
 375 001b 20       		.byte	32
 376 001c A7       		.byte	-89
 377 001d 20       		.byte	32
 378 001e E6       		.byte	-26
 379 001f 10       		.byte	16
 380 0020 01       		.byte	1
 381 0021 01       		.byte	1
 382 0022 10       		.byte	16
 383 0023 01       		.byte	1
 384              		.type	cy_cfg_addr_table.4864, %object
 385              		.size	cy_cfg_addr_table.4864, 20
 386              	cy_cfg_addr_table.4864:
 387 0024 03320F40 		.word	1074737667
 388 0028 02330F40 		.word	1074737922
 389 002c 02400F40 		.word	1074741250
 390 0030 03410F40 		.word	1074741507
 391 0034 02600F40 		.word	1074749442
 392              		.text
 393              	.Letext0:
 394              		.file 2 "c:\\program files (x86)\\cypress\\psoc creator\\4.4\\psoc creator\\import\\gnu\\arm\\5.4.
 395              		.file 3 "Generated_Source\\PSoC4\\cytypes.h"
 396              		.file 4 "Generated_Source\\PSoC4\\CyLib.h"
 397              		.section	.debug_info,"",%progbits
 398              	.Ldebug_info0:
 399 0000 9C030000 		.4byte	0x39c
 400 0004 0400     		.2byte	0x4
 401 0006 00000000 		.4byte	.Ldebug_abbrev0
 402 000a 04       		.byte	0x4
 403 000b 01       		.uleb128 0x1
 404 000c 6C010000 		.4byte	.LASF39
 405 0010 0C       		.byte	0xc
 406 0011 99020000 		.4byte	.LASF40
 407 0015 F0000000 		.4byte	.LASF41
 408 0019 00000000 		.4byte	.Ldebug_ranges0+0
 409 001d 00000000 		.4byte	0
 410 0021 00000000 		.4byte	.Ldebug_line0
 411 0025 02       		.uleb128 0x2
 412 0026 04       		.byte	0x4
 413 0027 05       		.byte	0x5
 414 0028 696E7400 		.ascii	"int\000"
 415 002c 03       		.uleb128 0x3
 416 002d 06000000 		.4byte	.LASF12
 417 0031 02       		.byte	0x2
 418 0032 D8       		.byte	0xd8
 419 0033 37000000 		.4byte	0x37
 420 0037 04       		.uleb128 0x4
ARM GAS  C:\Users\MIHAILO\AppData\Local\Temp\cctN8K4m.s 			page 15


 421 0038 04       		.byte	0x4
 422 0039 07       		.byte	0x7
 423 003a 33010000 		.4byte	.LASF0
 424 003e 04       		.uleb128 0x4
 425 003f 08       		.byte	0x8
 426 0040 05       		.byte	0x5
 427 0041 2C020000 		.4byte	.LASF1
 428 0045 04       		.uleb128 0x4
 429 0046 08       		.byte	0x8
 430 0047 04       		.byte	0x4
 431 0048 81020000 		.4byte	.LASF2
 432 004c 04       		.uleb128 0x4
 433 004d 01       		.byte	0x1
 434 004e 06       		.byte	0x6
 435 004f 8D020000 		.4byte	.LASF3
 436 0053 04       		.uleb128 0x4
 437 0054 01       		.byte	0x1
 438 0055 08       		.byte	0x8
 439 0056 99000000 		.4byte	.LASF4
 440 005a 04       		.uleb128 0x4
 441 005b 02       		.byte	0x2
 442 005c 05       		.byte	0x5
 443 005d 59020000 		.4byte	.LASF5
 444 0061 04       		.uleb128 0x4
 445 0062 02       		.byte	0x2
 446 0063 07       		.byte	0x7
 447 0064 19020000 		.4byte	.LASF6
 448 0068 04       		.uleb128 0x4
 449 0069 04       		.byte	0x4
 450 006a 05       		.byte	0x5
 451 006b 78020000 		.4byte	.LASF7
 452 006f 04       		.uleb128 0x4
 453 0070 04       		.byte	0x4
 454 0071 07       		.byte	0x7
 455 0072 77000000 		.4byte	.LASF8
 456 0076 04       		.uleb128 0x4
 457 0077 08       		.byte	0x8
 458 0078 07       		.byte	0x7
 459 0079 55010000 		.4byte	.LASF9
 460 007d 04       		.uleb128 0x4
 461 007e 04       		.byte	0x4
 462 007f 07       		.byte	0x7
 463 0080 10020000 		.4byte	.LASF10
 464 0084 05       		.uleb128 0x5
 465 0085 04       		.byte	0x4
 466 0086 04       		.uleb128 0x4
 467 0087 01       		.byte	0x1
 468 0088 08       		.byte	0x8
 469 0089 3A020000 		.4byte	.LASF11
 470 008d 06       		.uleb128 0x6
 471 008e 89000000 		.4byte	.LASF13
 472 0092 03       		.byte	0x3
 473 0093 FB01     		.2byte	0x1fb
 474 0095 53000000 		.4byte	0x53
 475 0099 06       		.uleb128 0x6
 476 009a DE000000 		.4byte	.LASF14
 477 009e 03       		.byte	0x3
ARM GAS  C:\Users\MIHAILO\AppData\Local\Temp\cctN8K4m.s 			page 16


 478 009f FC01     		.2byte	0x1fc
 479 00a1 61000000 		.4byte	0x61
 480 00a5 06       		.uleb128 0x6
 481 00a6 2C010000 		.4byte	.LASF15
 482 00aa 03       		.byte	0x3
 483 00ab FD01     		.2byte	0x1fd
 484 00ad 6F000000 		.4byte	0x6f
 485 00b1 04       		.uleb128 0x4
 486 00b2 04       		.byte	0x4
 487 00b3 04       		.byte	0x4
 488 00b4 57000000 		.4byte	.LASF16
 489 00b8 04       		.uleb128 0x4
 490 00b9 08       		.byte	0x8
 491 00ba 04       		.byte	0x4
 492 00bb AE000000 		.4byte	.LASF17
 493 00bf 06       		.uleb128 0x6
 494 00c0 72000000 		.4byte	.LASF18
 495 00c4 03       		.byte	0x3
 496 00c5 A502     		.2byte	0x2a5
 497 00c7 CB000000 		.4byte	0xcb
 498 00cb 07       		.uleb128 0x7
 499 00cc 8D000000 		.4byte	0x8d
 500 00d0 06       		.uleb128 0x6
 501 00d1 00000000 		.4byte	.LASF19
 502 00d5 03       		.byte	0x3
 503 00d6 A702     		.2byte	0x2a7
 504 00d8 DC000000 		.4byte	0xdc
 505 00dc 07       		.uleb128 0x7
 506 00dd A5000000 		.4byte	0xa5
 507 00e1 08       		.uleb128 0x8
 508 00e2 02       		.byte	0x2
 509 00e3 01       		.byte	0x1
 510 00e4 97       		.byte	0x97
 511 00e5 02010000 		.4byte	0x102
 512 00e9 09       		.uleb128 0x9
 513 00ea 52020000 		.4byte	.LASF20
 514 00ee 01       		.byte	0x1
 515 00ef 99       		.byte	0x99
 516 00f0 8D000000 		.4byte	0x8d
 517 00f4 00       		.byte	0
 518 00f5 09       		.uleb128 0x9
 519 00f6 1C000000 		.4byte	.LASF21
 520 00fa 01       		.byte	0x1
 521 00fb 9A       		.byte	0x9a
 522 00fc 8D000000 		.4byte	0x8d
 523 0100 01       		.byte	0x1
 524 0101 00       		.byte	0
 525 0102 03       		.uleb128 0x3
 526 0103 3F020000 		.4byte	.LASF22
 527 0107 01       		.byte	0x1
 528 0108 9B       		.byte	0x9b
 529 0109 E1000000 		.4byte	0xe1
 530 010d 0A       		.uleb128 0xa
 531 010e B5000000 		.4byte	.LASF27
 532 0112 01       		.byte	0x1
 533 0113 AE       		.byte	0xae
 534 0114 00000000 		.4byte	.LFB3
ARM GAS  C:\Users\MIHAILO\AppData\Local\Temp\cctN8K4m.s 			page 17


 535 0118 32000000 		.4byte	.LFE3-.LFB3
 536 011c 01       		.uleb128 0x1
 537 011d 9C       		.byte	0x9c
 538 011e 7F010000 		.4byte	0x17f
 539 0122 0B       		.uleb128 0xb
 540 0123 D3000000 		.4byte	.LASF23
 541 0127 01       		.byte	0x1
 542 0128 AE       		.byte	0xae
 543 0129 7F010000 		.4byte	0x17f
 544 012d 01       		.uleb128 0x1
 545 012e 50       		.byte	0x50
 546 012f 0B       		.uleb128 0xb
 547 0130 E5000000 		.4byte	.LASF24
 548 0134 01       		.byte	0x1
 549 0135 AE       		.byte	0xae
 550 0136 8A010000 		.4byte	0x18a
 551 013a 01       		.uleb128 0x1
 552 013b 51       		.byte	0x51
 553 013c 0C       		.uleb128 0xc
 554 013d 6900     		.ascii	"i\000"
 555 013f 01       		.byte	0x1
 556 0140 B1       		.byte	0xb1
 557 0141 A5000000 		.4byte	0xa5
 558 0145 00000000 		.4byte	.LLST0
 559 0149 0C       		.uleb128 0xc
 560 014a 6A00     		.ascii	"j\000"
 561 014c 01       		.byte	0x1
 562 014d B1       		.byte	0xb1
 563 014e A5000000 		.4byte	0xa5
 564 0152 1F000000 		.4byte	.LLST1
 565 0156 0D       		.uleb128 0xd
 566 0157 08000000 		.4byte	.LBB2
 567 015b 22000000 		.4byte	.LBE2-.LBB2
 568 015f 0E       		.uleb128 0xe
 569 0160 07020000 		.4byte	.LASF25
 570 0164 01       		.byte	0x1
 571 0165 B4       		.byte	0xb4
 572 0166 A5000000 		.4byte	0xa5
 573 016a 3E000000 		.4byte	.LLST2
 574 016e 0E       		.uleb128 0xe
 575 016f 22000000 		.4byte	.LASF26
 576 0173 01       		.byte	0x1
 577 0174 B5       		.byte	0xb5
 578 0175 8D000000 		.4byte	0x8d
 579 0179 51000000 		.4byte	.LLST3
 580 017d 00       		.byte	0
 581 017e 00       		.byte	0
 582 017f 0F       		.uleb128 0xf
 583 0180 04       		.byte	0x4
 584 0181 85010000 		.4byte	0x185
 585 0185 10       		.uleb128 0x10
 586 0186 A5000000 		.4byte	0xa5
 587 018a 0F       		.uleb128 0xf
 588 018b 04       		.byte	0x4
 589 018c 90010000 		.4byte	0x190
 590 0190 10       		.uleb128 0x10
 591 0191 02010000 		.4byte	0x102
ARM GAS  C:\Users\MIHAILO\AppData\Local\Temp\cctN8K4m.s 			page 18


 592 0195 0A       		.uleb128 0xa
 593 0196 8F000000 		.4byte	.LASF28
 594 019a 01       		.byte	0x1
 595 019b 4C       		.byte	0x4c
 596 019c 00000000 		.4byte	.LFB0
 597 01a0 0C000000 		.4byte	.LFE0-.LFB0
 598 01a4 01       		.uleb128 0x1
 599 01a5 9C       		.byte	0x9c
 600 01a6 E2010000 		.4byte	0x1e2
 601 01aa 11       		.uleb128 0x11
 602 01ab 7300     		.ascii	"s\000"
 603 01ad 01       		.byte	0x1
 604 01ae 4C       		.byte	0x4c
 605 01af 84000000 		.4byte	0x84
 606 01b3 6F000000 		.4byte	.LLST4
 607 01b7 11       		.uleb128 0x11
 608 01b8 6E00     		.ascii	"n\000"
 609 01ba 01       		.byte	0x1
 610 01bb 4C       		.byte	0x4c
 611 01bc 2C000000 		.4byte	0x2c
 612 01c0 90000000 		.4byte	.LLST5
 613 01c4 12       		.uleb128 0x12
 614 01c5 0A000000 		.4byte	.LVL14
 615 01c9 75030000 		.4byte	0x375
 616 01cd 13       		.uleb128 0x13
 617 01ce 01       		.uleb128 0x1
 618 01cf 50       		.byte	0x50
 619 01d0 03       		.uleb128 0x3
 620 01d1 F3       		.byte	0xf3
 621 01d2 01       		.uleb128 0x1
 622 01d3 50       		.byte	0x50
 623 01d4 13       		.uleb128 0x13
 624 01d5 01       		.uleb128 0x1
 625 01d6 51       		.byte	0x51
 626 01d7 01       		.uleb128 0x1
 627 01d8 30       		.byte	0x30
 628 01d9 13       		.uleb128 0x13
 629 01da 01       		.uleb128 0x1
 630 01db 52       		.byte	0x52
 631 01dc 03       		.uleb128 0x3
 632 01dd F3       		.byte	0xf3
 633 01de 01       		.uleb128 0x1
 634 01df 51       		.byte	0x51
 635 01e0 00       		.byte	0
 636 01e1 00       		.byte	0
 637 01e2 0A       		.uleb128 0xa
 638 01e3 28000000 		.4byte	.LASF29
 639 01e7 01       		.byte	0x1
 640 01e8 D3       		.byte	0xd3
 641 01e9 00000000 		.4byte	.LFB4
 642 01ed 78000000 		.4byte	.LFE4-.LFB4
 643 01f1 01       		.uleb128 0x1
 644 01f2 9C       		.byte	0x9c
 645 01f3 2D020000 		.4byte	0x22d
 646 01f7 14       		.uleb128 0x14
 647 01f8 14000000 		.4byte	.LVL15
 648 01fc 7E030000 		.4byte	0x37e
ARM GAS  C:\Users\MIHAILO\AppData\Local\Temp\cctN8K4m.s 			page 19


 649 0200 0A020000 		.4byte	0x20a
 650 0204 13       		.uleb128 0x13
 651 0205 01       		.uleb128 0x1
 652 0206 50       		.byte	0x50
 653 0207 01       		.uleb128 0x1
 654 0208 48       		.byte	0x48
 655 0209 00       		.byte	0
 656 020a 14       		.uleb128 0x14
 657 020b 42000000 		.4byte	.LVL16
 658 020f 89030000 		.4byte	0x389
 659 0213 1D020000 		.4byte	0x21d
 660 0217 13       		.uleb128 0x13
 661 0218 01       		.uleb128 0x1
 662 0219 50       		.byte	0x50
 663 021a 01       		.uleb128 0x1
 664 021b 39       		.byte	0x39
 665 021c 00       		.byte	0
 666 021d 12       		.uleb128 0x12
 667 021e 48000000 		.4byte	.LVL17
 668 0222 94030000 		.4byte	0x394
 669 0226 13       		.uleb128 0x13
 670 0227 01       		.uleb128 0x1
 671 0228 50       		.byte	0x50
 672 0229 01       		.uleb128 0x1
 673 022a 39       		.byte	0x39
 674 022b 00       		.byte	0
 675 022c 00       		.byte	0
 676 022d 15       		.uleb128 0x15
 677 022e 40010000 		.4byte	.LASF42
 678 0232 01       		.byte	0x1
 679 0233 1E01     		.2byte	0x11e
 680 0235 78000000 		.4byte	.LFB6
 681 0239 BC000000 		.4byte	.LFE6-.LFB6
 682 023d 01       		.uleb128 0x1
 683 023e 9C       		.byte	0x9c
 684 023f 4B030000 		.4byte	0x34b
 685 0243 16       		.uleb128 0x16
 686 0244 7C000000 		.4byte	.LBB3
 687 0248 72000000 		.4byte	.LBE3-.LBB3
 688 024c 41030000 		.4byte	0x341
 689 0250 17       		.uleb128 0x17
 690 0251 33000000 		.4byte	.LASF30
 691 0255 01       		.byte	0x1
 692 0256 2401     		.2byte	0x124
 693 0258 5B030000 		.4byte	0x35b
 694 025c 05       		.uleb128 0x5
 695 025d 03       		.byte	0x3
 696 025e 24000000 		.4byte	cy_cfg_addr_table.4864
 697 0262 17       		.uleb128 0x17
 698 0263 45000000 		.4byte	.LASF31
 699 0267 01       		.byte	0x1
 700 0268 2C01     		.2byte	0x12c
 701 026a 70030000 		.4byte	0x370
 702 026e 05       		.uleb128 0x5
 703 026f 03       		.byte	0x3
 704 0270 0C000000 		.4byte	cy_cfg_data_table.4865
 705 0274 18       		.uleb128 0x18
ARM GAS  C:\Users\MIHAILO\AppData\Local\Temp\cctN8K4m.s 			page 20


 706 0275 06       		.byte	0x6
 707 0276 01       		.byte	0x1
 708 0277 3D01     		.2byte	0x13d
 709 0279 98020000 		.4byte	0x298
 710 027d 19       		.uleb128 0x19
 711 027e 4D010000 		.4byte	.LASF32
 712 0282 01       		.byte	0x1
 713 0283 3E01     		.2byte	0x13e
 714 0285 84000000 		.4byte	0x84
 715 0289 00       		.byte	0
 716 028a 19       		.uleb128 0x19
 717 028b 6D000000 		.4byte	.LASF33
 718 028f 01       		.byte	0x1
 719 0290 3F01     		.2byte	0x13f
 720 0292 99000000 		.4byte	0x99
 721 0296 04       		.byte	0x4
 722 0297 00       		.byte	0
 723 0298 06       		.uleb128 0x6
 724 0299 FA010000 		.4byte	.LASF34
 725 029d 01       		.byte	0x1
 726 029e 4001     		.2byte	0x140
 727 02a0 74020000 		.4byte	0x274
 728 02a4 1A       		.uleb128 0x1a
 729 02a5 B4020000 		.4byte	0x2b4
 730 02a9 B4020000 		.4byte	0x2b4
 731 02ad 1B       		.uleb128 0x1b
 732 02ae 7D000000 		.4byte	0x7d
 733 02b2 01       		.byte	0x1
 734 02b3 00       		.byte	0
 735 02b4 10       		.uleb128 0x10
 736 02b5 98020000 		.4byte	0x298
 737 02b9 17       		.uleb128 0x17
 738 02ba 5D000000 		.4byte	.LASF35
 739 02be 01       		.byte	0x1
 740 02bf 4201     		.2byte	0x142
 741 02c1 CB020000 		.4byte	0x2cb
 742 02c5 05       		.uleb128 0x5
 743 02c6 03       		.byte	0x3
 744 02c7 00000000 		.4byte	cfg_memset_list.4870
 745 02cb 10       		.uleb128 0x10
 746 02cc A4020000 		.4byte	0x2a4
 747 02d0 1C       		.uleb128 0x1c
 748 02d1 6900     		.ascii	"i\000"
 749 02d3 01       		.byte	0x1
 750 02d4 4801     		.2byte	0x148
 751 02d6 8D000000 		.4byte	0x8d
 752 02da BC000000 		.4byte	.LLST6
 753 02de 16       		.uleb128 0x16
 754 02df 80000000 		.4byte	.LBB4
 755 02e3 1C000000 		.4byte	.LBE4-.LBB4
 756 02e7 24030000 		.4byte	0x324
 757 02eb 1C       		.uleb128 0x1c
 758 02ec 6D7300   		.ascii	"ms\000"
 759 02ef 01       		.byte	0x1
 760 02f0 4D01     		.2byte	0x14d
 761 02f2 FA020000 		.4byte	0x2fa
 762 02f6 E6000000 		.4byte	.LLST7
ARM GAS  C:\Users\MIHAILO\AppData\Local\Temp\cctN8K4m.s 			page 21


 763 02fa 0F       		.uleb128 0xf
 764 02fb 04       		.byte	0x4
 765 02fc B4020000 		.4byte	0x2b4
 766 0300 12       		.uleb128 0x12
 767 0301 9C000000 		.4byte	.LVL20
 768 0305 95010000 		.4byte	0x195
 769 0309 13       		.uleb128 0x13
 770 030a 01       		.uleb128 0x1
 771 030b 51       		.byte	0x51
 772 030c 15       		.uleb128 0x15
 773 030d 74       		.byte	0x74
 774 030e 00       		.sleb128 0
 775 030f 31       		.byte	0x31
 776 0310 24       		.byte	0x24
 777 0311 74       		.byte	0x74
 778 0312 00       		.sleb128 0
 779 0313 22       		.byte	0x22
 780 0314 31       		.byte	0x31
 781 0315 24       		.byte	0x24
 782 0316 03       		.byte	0x3
 783 0317 04000000 		.4byte	.LANCHOR0+4
 784 031b 22       		.byte	0x22
 785 031c 94       		.byte	0x94
 786 031d 02       		.byte	0x2
 787 031e 0A       		.byte	0xa
 788 031f FFFF     		.2byte	0xffff
 789 0321 1A       		.byte	0x1a
 790 0322 00       		.byte	0
 791 0323 00       		.byte	0
 792 0324 12       		.uleb128 0x12
 793 0325 B0000000 		.4byte	.LVL23
 794 0329 0D010000 		.4byte	0x10d
 795 032d 13       		.uleb128 0x13
 796 032e 01       		.uleb128 0x1
 797 032f 50       		.byte	0x50
 798 0330 05       		.uleb128 0x5
 799 0331 03       		.byte	0x3
 800 0332 24000000 		.4byte	.LANCHOR0+36
 801 0336 13       		.uleb128 0x13
 802 0337 01       		.uleb128 0x1
 803 0338 51       		.byte	0x51
 804 0339 05       		.uleb128 0x5
 805 033a 03       		.byte	0x3
 806 033b 0C000000 		.4byte	.LANCHOR0+12
 807 033f 00       		.byte	0
 808 0340 00       		.byte	0
 809 0341 1D       		.uleb128 0x1d
 810 0342 06010000 		.4byte	.LVL24
 811 0346 E2010000 		.4byte	0x1e2
 812 034a 00       		.byte	0
 813 034b 1A       		.uleb128 0x1a
 814 034c 85010000 		.4byte	0x185
 815 0350 5B030000 		.4byte	0x35b
 816 0354 1B       		.uleb128 0x1b
 817 0355 7D000000 		.4byte	0x7d
 818 0359 04       		.byte	0x4
 819 035a 00       		.byte	0
ARM GAS  C:\Users\MIHAILO\AppData\Local\Temp\cctN8K4m.s 			page 22


 820 035b 10       		.uleb128 0x10
 821 035c 4B030000 		.4byte	0x34b
 822 0360 1A       		.uleb128 0x1a
 823 0361 90010000 		.4byte	0x190
 824 0365 70030000 		.4byte	0x370
 825 0369 1B       		.uleb128 0x1b
 826 036a 7D000000 		.4byte	0x7d
 827 036e 0B       		.byte	0xb
 828 036f 00       		.byte	0
 829 0370 10       		.uleb128 0x10
 830 0371 60030000 		.4byte	0x360
 831 0375 1E       		.uleb128 0x1e
 832 0376 A7000000 		.4byte	.LASF43
 833 037a A7000000 		.4byte	.LASF43
 834 037e 1F       		.uleb128 0x1f
 835 037f 63020000 		.4byte	.LASF36
 836 0383 63020000 		.4byte	.LASF36
 837 0387 04       		.byte	0x4
 838 0388 6C       		.byte	0x6c
 839 0389 1F       		.uleb128 0x1f
 840 038a 0D000000 		.4byte	.LASF37
 841 038e 0D000000 		.4byte	.LASF37
 842 0392 04       		.byte	0x4
 843 0393 D0       		.byte	0xd0
 844 0394 1F       		.uleb128 0x1f
 845 0395 C7000000 		.4byte	.LASF38
 846 0399 C7000000 		.4byte	.LASF38
 847 039d 04       		.byte	0x4
 848 039e D6       		.byte	0xd6
 849 039f 00       		.byte	0
 850              		.section	.debug_abbrev,"",%progbits
 851              	.Ldebug_abbrev0:
 852 0000 01       		.uleb128 0x1
 853 0001 11       		.uleb128 0x11
 854 0002 01       		.byte	0x1
 855 0003 25       		.uleb128 0x25
 856 0004 0E       		.uleb128 0xe
 857 0005 13       		.uleb128 0x13
 858 0006 0B       		.uleb128 0xb
 859 0007 03       		.uleb128 0x3
 860 0008 0E       		.uleb128 0xe
 861 0009 1B       		.uleb128 0x1b
 862 000a 0E       		.uleb128 0xe
 863 000b 55       		.uleb128 0x55
 864 000c 17       		.uleb128 0x17
 865 000d 11       		.uleb128 0x11
 866 000e 01       		.uleb128 0x1
 867 000f 10       		.uleb128 0x10
 868 0010 17       		.uleb128 0x17
 869 0011 00       		.byte	0
 870 0012 00       		.byte	0
 871 0013 02       		.uleb128 0x2
 872 0014 24       		.uleb128 0x24
 873 0015 00       		.byte	0
 874 0016 0B       		.uleb128 0xb
 875 0017 0B       		.uleb128 0xb
 876 0018 3E       		.uleb128 0x3e
ARM GAS  C:\Users\MIHAILO\AppData\Local\Temp\cctN8K4m.s 			page 23


 877 0019 0B       		.uleb128 0xb
 878 001a 03       		.uleb128 0x3
 879 001b 08       		.uleb128 0x8
 880 001c 00       		.byte	0
 881 001d 00       		.byte	0
 882 001e 03       		.uleb128 0x3
 883 001f 16       		.uleb128 0x16
 884 0020 00       		.byte	0
 885 0021 03       		.uleb128 0x3
 886 0022 0E       		.uleb128 0xe
 887 0023 3A       		.uleb128 0x3a
 888 0024 0B       		.uleb128 0xb
 889 0025 3B       		.uleb128 0x3b
 890 0026 0B       		.uleb128 0xb
 891 0027 49       		.uleb128 0x49
 892 0028 13       		.uleb128 0x13
 893 0029 00       		.byte	0
 894 002a 00       		.byte	0
 895 002b 04       		.uleb128 0x4
 896 002c 24       		.uleb128 0x24
 897 002d 00       		.byte	0
 898 002e 0B       		.uleb128 0xb
 899 002f 0B       		.uleb128 0xb
 900 0030 3E       		.uleb128 0x3e
 901 0031 0B       		.uleb128 0xb
 902 0032 03       		.uleb128 0x3
 903 0033 0E       		.uleb128 0xe
 904 0034 00       		.byte	0
 905 0035 00       		.byte	0
 906 0036 05       		.uleb128 0x5
 907 0037 0F       		.uleb128 0xf
 908 0038 00       		.byte	0
 909 0039 0B       		.uleb128 0xb
 910 003a 0B       		.uleb128 0xb
 911 003b 00       		.byte	0
 912 003c 00       		.byte	0
 913 003d 06       		.uleb128 0x6
 914 003e 16       		.uleb128 0x16
 915 003f 00       		.byte	0
 916 0040 03       		.uleb128 0x3
 917 0041 0E       		.uleb128 0xe
 918 0042 3A       		.uleb128 0x3a
 919 0043 0B       		.uleb128 0xb
 920 0044 3B       		.uleb128 0x3b
 921 0045 05       		.uleb128 0x5
 922 0046 49       		.uleb128 0x49
 923 0047 13       		.uleb128 0x13
 924 0048 00       		.byte	0
 925 0049 00       		.byte	0
 926 004a 07       		.uleb128 0x7
 927 004b 35       		.uleb128 0x35
 928 004c 00       		.byte	0
 929 004d 49       		.uleb128 0x49
 930 004e 13       		.uleb128 0x13
 931 004f 00       		.byte	0
 932 0050 00       		.byte	0
 933 0051 08       		.uleb128 0x8
ARM GAS  C:\Users\MIHAILO\AppData\Local\Temp\cctN8K4m.s 			page 24


 934 0052 13       		.uleb128 0x13
 935 0053 01       		.byte	0x1
 936 0054 0B       		.uleb128 0xb
 937 0055 0B       		.uleb128 0xb
 938 0056 3A       		.uleb128 0x3a
 939 0057 0B       		.uleb128 0xb
 940 0058 3B       		.uleb128 0x3b
 941 0059 0B       		.uleb128 0xb
 942 005a 01       		.uleb128 0x1
 943 005b 13       		.uleb128 0x13
 944 005c 00       		.byte	0
 945 005d 00       		.byte	0
 946 005e 09       		.uleb128 0x9
 947 005f 0D       		.uleb128 0xd
 948 0060 00       		.byte	0
 949 0061 03       		.uleb128 0x3
 950 0062 0E       		.uleb128 0xe
 951 0063 3A       		.uleb128 0x3a
 952 0064 0B       		.uleb128 0xb
 953 0065 3B       		.uleb128 0x3b
 954 0066 0B       		.uleb128 0xb
 955 0067 49       		.uleb128 0x49
 956 0068 13       		.uleb128 0x13
 957 0069 38       		.uleb128 0x38
 958 006a 0B       		.uleb128 0xb
 959 006b 00       		.byte	0
 960 006c 00       		.byte	0
 961 006d 0A       		.uleb128 0xa
 962 006e 2E       		.uleb128 0x2e
 963 006f 01       		.byte	0x1
 964 0070 03       		.uleb128 0x3
 965 0071 0E       		.uleb128 0xe
 966 0072 3A       		.uleb128 0x3a
 967 0073 0B       		.uleb128 0xb
 968 0074 3B       		.uleb128 0x3b
 969 0075 0B       		.uleb128 0xb
 970 0076 27       		.uleb128 0x27
 971 0077 19       		.uleb128 0x19
 972 0078 11       		.uleb128 0x11
 973 0079 01       		.uleb128 0x1
 974 007a 12       		.uleb128 0x12
 975 007b 06       		.uleb128 0x6
 976 007c 40       		.uleb128 0x40
 977 007d 18       		.uleb128 0x18
 978 007e 9742     		.uleb128 0x2117
 979 0080 19       		.uleb128 0x19
 980 0081 01       		.uleb128 0x1
 981 0082 13       		.uleb128 0x13
 982 0083 00       		.byte	0
 983 0084 00       		.byte	0
 984 0085 0B       		.uleb128 0xb
 985 0086 05       		.uleb128 0x5
 986 0087 00       		.byte	0
 987 0088 03       		.uleb128 0x3
 988 0089 0E       		.uleb128 0xe
 989 008a 3A       		.uleb128 0x3a
 990 008b 0B       		.uleb128 0xb
ARM GAS  C:\Users\MIHAILO\AppData\Local\Temp\cctN8K4m.s 			page 25


 991 008c 3B       		.uleb128 0x3b
 992 008d 0B       		.uleb128 0xb
 993 008e 49       		.uleb128 0x49
 994 008f 13       		.uleb128 0x13
 995 0090 02       		.uleb128 0x2
 996 0091 18       		.uleb128 0x18
 997 0092 00       		.byte	0
 998 0093 00       		.byte	0
 999 0094 0C       		.uleb128 0xc
 1000 0095 34       		.uleb128 0x34
 1001 0096 00       		.byte	0
 1002 0097 03       		.uleb128 0x3
 1003 0098 08       		.uleb128 0x8
 1004 0099 3A       		.uleb128 0x3a
 1005 009a 0B       		.uleb128 0xb
 1006 009b 3B       		.uleb128 0x3b
 1007 009c 0B       		.uleb128 0xb
 1008 009d 49       		.uleb128 0x49
 1009 009e 13       		.uleb128 0x13
 1010 009f 02       		.uleb128 0x2
 1011 00a0 17       		.uleb128 0x17
 1012 00a1 00       		.byte	0
 1013 00a2 00       		.byte	0
 1014 00a3 0D       		.uleb128 0xd
 1015 00a4 0B       		.uleb128 0xb
 1016 00a5 01       		.byte	0x1
 1017 00a6 11       		.uleb128 0x11
 1018 00a7 01       		.uleb128 0x1
 1019 00a8 12       		.uleb128 0x12
 1020 00a9 06       		.uleb128 0x6
 1021 00aa 00       		.byte	0
 1022 00ab 00       		.byte	0
 1023 00ac 0E       		.uleb128 0xe
 1024 00ad 34       		.uleb128 0x34
 1025 00ae 00       		.byte	0
 1026 00af 03       		.uleb128 0x3
 1027 00b0 0E       		.uleb128 0xe
 1028 00b1 3A       		.uleb128 0x3a
 1029 00b2 0B       		.uleb128 0xb
 1030 00b3 3B       		.uleb128 0x3b
 1031 00b4 0B       		.uleb128 0xb
 1032 00b5 49       		.uleb128 0x49
 1033 00b6 13       		.uleb128 0x13
 1034 00b7 02       		.uleb128 0x2
 1035 00b8 17       		.uleb128 0x17
 1036 00b9 00       		.byte	0
 1037 00ba 00       		.byte	0
 1038 00bb 0F       		.uleb128 0xf
 1039 00bc 0F       		.uleb128 0xf
 1040 00bd 00       		.byte	0
 1041 00be 0B       		.uleb128 0xb
 1042 00bf 0B       		.uleb128 0xb
 1043 00c0 49       		.uleb128 0x49
 1044 00c1 13       		.uleb128 0x13
 1045 00c2 00       		.byte	0
 1046 00c3 00       		.byte	0
 1047 00c4 10       		.uleb128 0x10
ARM GAS  C:\Users\MIHAILO\AppData\Local\Temp\cctN8K4m.s 			page 26


 1048 00c5 26       		.uleb128 0x26
 1049 00c6 00       		.byte	0
 1050 00c7 49       		.uleb128 0x49
 1051 00c8 13       		.uleb128 0x13
 1052 00c9 00       		.byte	0
 1053 00ca 00       		.byte	0
 1054 00cb 11       		.uleb128 0x11
 1055 00cc 05       		.uleb128 0x5
 1056 00cd 00       		.byte	0
 1057 00ce 03       		.uleb128 0x3
 1058 00cf 08       		.uleb128 0x8
 1059 00d0 3A       		.uleb128 0x3a
 1060 00d1 0B       		.uleb128 0xb
 1061 00d2 3B       		.uleb128 0x3b
 1062 00d3 0B       		.uleb128 0xb
 1063 00d4 49       		.uleb128 0x49
 1064 00d5 13       		.uleb128 0x13
 1065 00d6 02       		.uleb128 0x2
 1066 00d7 17       		.uleb128 0x17
 1067 00d8 00       		.byte	0
 1068 00d9 00       		.byte	0
 1069 00da 12       		.uleb128 0x12
 1070 00db 898201   		.uleb128 0x4109
 1071 00de 01       		.byte	0x1
 1072 00df 11       		.uleb128 0x11
 1073 00e0 01       		.uleb128 0x1
 1074 00e1 31       		.uleb128 0x31
 1075 00e2 13       		.uleb128 0x13
 1076 00e3 00       		.byte	0
 1077 00e4 00       		.byte	0
 1078 00e5 13       		.uleb128 0x13
 1079 00e6 8A8201   		.uleb128 0x410a
 1080 00e9 00       		.byte	0
 1081 00ea 02       		.uleb128 0x2
 1082 00eb 18       		.uleb128 0x18
 1083 00ec 9142     		.uleb128 0x2111
 1084 00ee 18       		.uleb128 0x18
 1085 00ef 00       		.byte	0
 1086 00f0 00       		.byte	0
 1087 00f1 14       		.uleb128 0x14
 1088 00f2 898201   		.uleb128 0x4109
 1089 00f5 01       		.byte	0x1
 1090 00f6 11       		.uleb128 0x11
 1091 00f7 01       		.uleb128 0x1
 1092 00f8 31       		.uleb128 0x31
 1093 00f9 13       		.uleb128 0x13
 1094 00fa 01       		.uleb128 0x1
 1095 00fb 13       		.uleb128 0x13
 1096 00fc 00       		.byte	0
 1097 00fd 00       		.byte	0
 1098 00fe 15       		.uleb128 0x15
 1099 00ff 2E       		.uleb128 0x2e
 1100 0100 01       		.byte	0x1
 1101 0101 3F       		.uleb128 0x3f
 1102 0102 19       		.uleb128 0x19
 1103 0103 03       		.uleb128 0x3
 1104 0104 0E       		.uleb128 0xe
ARM GAS  C:\Users\MIHAILO\AppData\Local\Temp\cctN8K4m.s 			page 27


 1105 0105 3A       		.uleb128 0x3a
 1106 0106 0B       		.uleb128 0xb
 1107 0107 3B       		.uleb128 0x3b
 1108 0108 05       		.uleb128 0x5
 1109 0109 27       		.uleb128 0x27
 1110 010a 19       		.uleb128 0x19
 1111 010b 11       		.uleb128 0x11
 1112 010c 01       		.uleb128 0x1
 1113 010d 12       		.uleb128 0x12
 1114 010e 06       		.uleb128 0x6
 1115 010f 40       		.uleb128 0x40
 1116 0110 18       		.uleb128 0x18
 1117 0111 9742     		.uleb128 0x2117
 1118 0113 19       		.uleb128 0x19
 1119 0114 01       		.uleb128 0x1
 1120 0115 13       		.uleb128 0x13
 1121 0116 00       		.byte	0
 1122 0117 00       		.byte	0
 1123 0118 16       		.uleb128 0x16
 1124 0119 0B       		.uleb128 0xb
 1125 011a 01       		.byte	0x1
 1126 011b 11       		.uleb128 0x11
 1127 011c 01       		.uleb128 0x1
 1128 011d 12       		.uleb128 0x12
 1129 011e 06       		.uleb128 0x6
 1130 011f 01       		.uleb128 0x1
 1131 0120 13       		.uleb128 0x13
 1132 0121 00       		.byte	0
 1133 0122 00       		.byte	0
 1134 0123 17       		.uleb128 0x17
 1135 0124 34       		.uleb128 0x34
 1136 0125 00       		.byte	0
 1137 0126 03       		.uleb128 0x3
 1138 0127 0E       		.uleb128 0xe
 1139 0128 3A       		.uleb128 0x3a
 1140 0129 0B       		.uleb128 0xb
 1141 012a 3B       		.uleb128 0x3b
 1142 012b 05       		.uleb128 0x5
 1143 012c 49       		.uleb128 0x49
 1144 012d 13       		.uleb128 0x13
 1145 012e 02       		.uleb128 0x2
 1146 012f 18       		.uleb128 0x18
 1147 0130 00       		.byte	0
 1148 0131 00       		.byte	0
 1149 0132 18       		.uleb128 0x18
 1150 0133 13       		.uleb128 0x13
 1151 0134 01       		.byte	0x1
 1152 0135 0B       		.uleb128 0xb
 1153 0136 0B       		.uleb128 0xb
 1154 0137 3A       		.uleb128 0x3a
 1155 0138 0B       		.uleb128 0xb
 1156 0139 3B       		.uleb128 0x3b
 1157 013a 05       		.uleb128 0x5
 1158 013b 01       		.uleb128 0x1
 1159 013c 13       		.uleb128 0x13
 1160 013d 00       		.byte	0
 1161 013e 00       		.byte	0
ARM GAS  C:\Users\MIHAILO\AppData\Local\Temp\cctN8K4m.s 			page 28


 1162 013f 19       		.uleb128 0x19
 1163 0140 0D       		.uleb128 0xd
 1164 0141 00       		.byte	0
 1165 0142 03       		.uleb128 0x3
 1166 0143 0E       		.uleb128 0xe
 1167 0144 3A       		.uleb128 0x3a
 1168 0145 0B       		.uleb128 0xb
 1169 0146 3B       		.uleb128 0x3b
 1170 0147 05       		.uleb128 0x5
 1171 0148 49       		.uleb128 0x49
 1172 0149 13       		.uleb128 0x13
 1173 014a 38       		.uleb128 0x38
 1174 014b 0B       		.uleb128 0xb
 1175 014c 00       		.byte	0
 1176 014d 00       		.byte	0
 1177 014e 1A       		.uleb128 0x1a
 1178 014f 01       		.uleb128 0x1
 1179 0150 01       		.byte	0x1
 1180 0151 49       		.uleb128 0x49
 1181 0152 13       		.uleb128 0x13
 1182 0153 01       		.uleb128 0x1
 1183 0154 13       		.uleb128 0x13
 1184 0155 00       		.byte	0
 1185 0156 00       		.byte	0
 1186 0157 1B       		.uleb128 0x1b
 1187 0158 21       		.uleb128 0x21
 1188 0159 00       		.byte	0
 1189 015a 49       		.uleb128 0x49
 1190 015b 13       		.uleb128 0x13
 1191 015c 2F       		.uleb128 0x2f
 1192 015d 0B       		.uleb128 0xb
 1193 015e 00       		.byte	0
 1194 015f 00       		.byte	0
 1195 0160 1C       		.uleb128 0x1c
 1196 0161 34       		.uleb128 0x34
 1197 0162 00       		.byte	0
 1198 0163 03       		.uleb128 0x3
 1199 0164 08       		.uleb128 0x8
 1200 0165 3A       		.uleb128 0x3a
 1201 0166 0B       		.uleb128 0xb
 1202 0167 3B       		.uleb128 0x3b
 1203 0168 05       		.uleb128 0x5
 1204 0169 49       		.uleb128 0x49
 1205 016a 13       		.uleb128 0x13
 1206 016b 02       		.uleb128 0x2
 1207 016c 17       		.uleb128 0x17
 1208 016d 00       		.byte	0
 1209 016e 00       		.byte	0
 1210 016f 1D       		.uleb128 0x1d
 1211 0170 898201   		.uleb128 0x4109
 1212 0173 00       		.byte	0
 1213 0174 11       		.uleb128 0x11
 1214 0175 01       		.uleb128 0x1
 1215 0176 31       		.uleb128 0x31
 1216 0177 13       		.uleb128 0x13
 1217 0178 00       		.byte	0
 1218 0179 00       		.byte	0
ARM GAS  C:\Users\MIHAILO\AppData\Local\Temp\cctN8K4m.s 			page 29


 1219 017a 1E       		.uleb128 0x1e
 1220 017b 2E       		.uleb128 0x2e
 1221 017c 00       		.byte	0
 1222 017d 3F       		.uleb128 0x3f
 1223 017e 19       		.uleb128 0x19
 1224 017f 3C       		.uleb128 0x3c
 1225 0180 19       		.uleb128 0x19
 1226 0181 6E       		.uleb128 0x6e
 1227 0182 0E       		.uleb128 0xe
 1228 0183 03       		.uleb128 0x3
 1229 0184 0E       		.uleb128 0xe
 1230 0185 00       		.byte	0
 1231 0186 00       		.byte	0
 1232 0187 1F       		.uleb128 0x1f
 1233 0188 2E       		.uleb128 0x2e
 1234 0189 00       		.byte	0
 1235 018a 3F       		.uleb128 0x3f
 1236 018b 19       		.uleb128 0x19
 1237 018c 3C       		.uleb128 0x3c
 1238 018d 19       		.uleb128 0x19
 1239 018e 6E       		.uleb128 0x6e
 1240 018f 0E       		.uleb128 0xe
 1241 0190 03       		.uleb128 0x3
 1242 0191 0E       		.uleb128 0xe
 1243 0192 3A       		.uleb128 0x3a
 1244 0193 0B       		.uleb128 0xb
 1245 0194 3B       		.uleb128 0x3b
 1246 0195 0B       		.uleb128 0xb
 1247 0196 00       		.byte	0
 1248 0197 00       		.byte	0
 1249 0198 00       		.byte	0
 1250              		.section	.debug_loc,"",%progbits
 1251              	.Ldebug_loc0:
 1252              	.LLST0:
 1253 0000 02000000 		.4byte	.LVL1
 1254 0004 08000000 		.4byte	.LVL2
 1255 0008 0200     		.2byte	0x2
 1256 000a 30       		.byte	0x30
 1257 000b 9F       		.byte	0x9f
 1258 000c 08000000 		.4byte	.LVL2
 1259 0010 30000000 		.4byte	.LVL11
 1260 0014 0100     		.2byte	0x1
 1261 0016 57       		.byte	0x57
 1262 0017 00000000 		.4byte	0
 1263 001b 00000000 		.4byte	0
 1264              	.LLST1:
 1265 001f 02000000 		.4byte	.LVL1
 1266 0023 08000000 		.4byte	.LVL2
 1267 0027 0200     		.2byte	0x2
 1268 0029 30       		.byte	0x30
 1269 002a 9F       		.byte	0x9f
 1270 002b 08000000 		.4byte	.LVL2
 1271 002f 30000000 		.4byte	.LVL10
 1272 0033 0100     		.2byte	0x1
 1273 0035 55       		.byte	0x55
 1274 0036 00000000 		.4byte	0
 1275 003a 00000000 		.4byte	0
ARM GAS  C:\Users\MIHAILO\AppData\Local\Temp\cctN8K4m.s 			page 30


 1276              	.LLST2:
 1277 003e 0C000000 		.4byte	.LVL3
 1278 0042 2C000000 		.4byte	.LVL9
 1279 0046 0100     		.2byte	0x1
 1280 0048 56       		.byte	0x56
 1281 0049 00000000 		.4byte	0
 1282 004d 00000000 		.4byte	0
 1283              	.LLST3:
 1284 0051 0E000000 		.4byte	.LVL4
 1285 0055 24000000 		.4byte	.LVL7
 1286 0059 0100     		.2byte	0x1
 1287 005b 53       		.byte	0x53
 1288 005c 26000000 		.4byte	.LVL8
 1289 0060 2C000000 		.4byte	.LVL9
 1290 0064 0100     		.2byte	0x1
 1291 0066 53       		.byte	0x53
 1292 0067 00000000 		.4byte	0
 1293 006b 00000000 		.4byte	0
 1294              	.LLST4:
 1295 006f 00000000 		.4byte	.LVL12
 1296 0073 09000000 		.4byte	.LVL14-1
 1297 0077 0100     		.2byte	0x1
 1298 0079 50       		.byte	0x50
 1299 007a 09000000 		.4byte	.LVL14-1
 1300 007e 0C000000 		.4byte	.LFE0
 1301 0082 0400     		.2byte	0x4
 1302 0084 F3       		.byte	0xf3
 1303 0085 01       		.uleb128 0x1
 1304 0086 50       		.byte	0x50
 1305 0087 9F       		.byte	0x9f
 1306 0088 00000000 		.4byte	0
 1307 008c 00000000 		.4byte	0
 1308              	.LLST5:
 1309 0090 00000000 		.4byte	.LVL12
 1310 0094 06000000 		.4byte	.LVL13
 1311 0098 0100     		.2byte	0x1
 1312 009a 51       		.byte	0x51
 1313 009b 06000000 		.4byte	.LVL13
 1314 009f 09000000 		.4byte	.LVL14-1
 1315 00a3 0100     		.2byte	0x1
 1316 00a5 52       		.byte	0x52
 1317 00a6 09000000 		.4byte	.LVL14-1
 1318 00aa 0C000000 		.4byte	.LFE0
 1319 00ae 0400     		.2byte	0x4
 1320 00b0 F3       		.byte	0xf3
 1321 00b1 01       		.uleb128 0x1
 1322 00b2 51       		.byte	0x51
 1323 00b3 9F       		.byte	0x9f
 1324 00b4 00000000 		.4byte	0
 1325 00b8 00000000 		.4byte	0
 1326              	.LLST6:
 1327 00bc 7C000000 		.4byte	.LVL18
 1328 00c0 80000000 		.4byte	.LVL19
 1329 00c4 0200     		.2byte	0x2
 1330 00c6 30       		.byte	0x30
 1331 00c7 9F       		.byte	0x9f
 1332 00c8 80000000 		.4byte	.LVL19
ARM GAS  C:\Users\MIHAILO\AppData\Local\Temp\cctN8K4m.s 			page 31


 1333 00cc 9E000000 		.4byte	.LVL21
 1334 00d0 0100     		.2byte	0x1
 1335 00d2 54       		.byte	0x54
 1336 00d3 A0000000 		.4byte	.LVL22
 1337 00d7 06010000 		.4byte	.LVL25
 1338 00db 0100     		.2byte	0x1
 1339 00dd 54       		.byte	0x54
 1340 00de 00000000 		.4byte	0
 1341 00e2 00000000 		.4byte	0
 1342              	.LLST7:
 1343 00e6 80000000 		.4byte	.LVL19
 1344 00ea 9E000000 		.4byte	.LVL21
 1345 00ee 0B00     		.2byte	0xb
 1346 00f0 74       		.byte	0x74
 1347 00f1 00       		.sleb128 0
 1348 00f2 36       		.byte	0x36
 1349 00f3 1E       		.byte	0x1e
 1350 00f4 03       		.byte	0x3
 1351 00f5 00000000 		.4byte	cfg_memset_list.4870
 1352 00f9 22       		.byte	0x22
 1353 00fa 9F       		.byte	0x9f
 1354 00fb 9E000000 		.4byte	.LVL21
 1355 00ff A0000000 		.4byte	.LVL22
 1356 0103 0B00     		.2byte	0xb
 1357 0105 74       		.byte	0x74
 1358 0106 7F       		.sleb128 -1
 1359 0107 36       		.byte	0x36
 1360 0108 1E       		.byte	0x1e
 1361 0109 03       		.byte	0x3
 1362 010a 00000000 		.4byte	cfg_memset_list.4870
 1363 010e 22       		.byte	0x22
 1364 010f 9F       		.byte	0x9f
 1365 0110 00000000 		.4byte	0
 1366 0114 00000000 		.4byte	0
 1367              		.section	.debug_aranges,"",%progbits
 1368 0000 34000000 		.4byte	0x34
 1369 0004 0200     		.2byte	0x2
 1370 0006 00000000 		.4byte	.Ldebug_info0
 1371 000a 04       		.byte	0x4
 1372 000b 00       		.byte	0
 1373 000c 0000     		.2byte	0
 1374 000e 0000     		.2byte	0
 1375 0010 00000000 		.4byte	.LFB3
 1376 0014 32000000 		.4byte	.LFE3-.LFB3
 1377 0018 00000000 		.4byte	.LFB0
 1378 001c 0C000000 		.4byte	.LFE0-.LFB0
 1379 0020 00000000 		.4byte	.LFB4
 1380 0024 78000000 		.4byte	.LFE4-.LFB4
 1381 0028 78000000 		.4byte	.LFB6
 1382 002c BC000000 		.4byte	.LFE6-.LFB6
 1383 0030 00000000 		.4byte	0
 1384 0034 00000000 		.4byte	0
 1385              		.section	.debug_ranges,"",%progbits
 1386              	.Ldebug_ranges0:
 1387 0000 00000000 		.4byte	.LFB3
 1388 0004 32000000 		.4byte	.LFE3
 1389 0008 00000000 		.4byte	.LFB0
ARM GAS  C:\Users\MIHAILO\AppData\Local\Temp\cctN8K4m.s 			page 32


 1390 000c 0C000000 		.4byte	.LFE0
 1391 0010 00000000 		.4byte	.LFB4
 1392 0014 78000000 		.4byte	.LFE4
 1393 0018 78000000 		.4byte	.LFB6
 1394 001c 34010000 		.4byte	.LFE6
 1395 0020 00000000 		.4byte	0
 1396 0024 00000000 		.4byte	0
 1397              		.section	.debug_line,"",%progbits
 1398              	.Ldebug_line0:
 1399 0000 59010000 		.section	.debug_str,"MS",%progbits,1
 1399      0200D600 
 1399      00000201 
 1399      FB0E0D00 
 1399      01010101 
 1400              	.LASF19:
 1401 0000 72656733 		.ascii	"reg32\000"
 1401      3200
 1402              	.LASF12:
 1403 0006 73697A65 		.ascii	"size_t\000"
 1403      5F7400
 1404              	.LASF37:
 1405 000d 4379496E 		.ascii	"CyIntSetVector\000"
 1405      74536574 
 1405      56656374 
 1405      6F7200
 1406              	.LASF21:
 1407 001c 76616C75 		.ascii	"value\000"
 1407      6500
 1408              	.LASF26:
 1409 0022 636F756E 		.ascii	"count\000"
 1409      7400
 1410              	.LASF29:
 1411 0028 436C6F63 		.ascii	"ClockSetup\000"
 1411      6B536574 
 1411      757000
 1412              	.LASF30:
 1413 0033 63795F63 		.ascii	"cy_cfg_addr_table\000"
 1413      66675F61 
 1413      6464725F 
 1413      7461626C 
 1413      6500
 1414              	.LASF31:
 1415 0045 63795F63 		.ascii	"cy_cfg_data_table\000"
 1415      66675F64 
 1415      6174615F 
 1415      7461626C 
 1415      6500
 1416              	.LASF16:
 1417 0057 666C6F61 		.ascii	"float\000"
 1417      7400
 1418              	.LASF35:
 1419 005d 6366675F 		.ascii	"cfg_memset_list\000"
 1419      6D656D73 
 1419      65745F6C 
 1419      69737400 
 1420              	.LASF33:
 1421 006d 73697A65 		.ascii	"size\000"
ARM GAS  C:\Users\MIHAILO\AppData\Local\Temp\cctN8K4m.s 			page 33


 1421      00
 1422              	.LASF18:
 1423 0072 72656738 		.ascii	"reg8\000"
 1423      00
 1424              	.LASF8:
 1425 0077 6C6F6E67 		.ascii	"long unsigned int\000"
 1425      20756E73 
 1425      69676E65 
 1425      6420696E 
 1425      7400
 1426              	.LASF13:
 1427 0089 75696E74 		.ascii	"uint8\000"
 1427      3800
 1428              	.LASF28:
 1429 008f 43594D45 		.ascii	"CYMEMZERO\000"
 1429      4D5A4552 
 1429      4F00
 1430              	.LASF4:
 1431 0099 756E7369 		.ascii	"unsigned char\000"
 1431      676E6564 
 1431      20636861 
 1431      7200
 1432              	.LASF43:
 1433 00a7 6D656D73 		.ascii	"memset\000"
 1433      657400
 1434              	.LASF17:
 1435 00ae 646F7562 		.ascii	"double\000"
 1435      6C6500
 1436              	.LASF27:
 1437 00b5 6366675F 		.ascii	"cfg_write_bytes32\000"
 1437      77726974 
 1437      655F6279 
 1437      74657333 
 1437      3200
 1438              	.LASF38:
 1439 00c7 4379496E 		.ascii	"CyIntEnable\000"
 1439      74456E61 
 1439      626C6500 
 1440              	.LASF23:
 1441 00d3 61646472 		.ascii	"addr_table\000"
 1441      5F746162 
 1441      6C6500
 1442              	.LASF14:
 1443 00de 75696E74 		.ascii	"uint16\000"
 1443      313600
 1444              	.LASF24:
 1445 00e5 64617461 		.ascii	"data_table\000"
 1445      5F746162 
 1445      6C6500
 1446              	.LASF41:
 1447 00f0 433A5C55 		.ascii	"C:\\Users\\MIHAILO\\Documents\\PSoC Creator\\PSoC10"
 1447      73657273 
 1447      5C4D4948 
 1447      41494C4F 
 1447      5C446F63 
 1448 011e 315C4C61 		.ascii	"1\\Lab06.cydsn\000"
 1448      6230362E 
ARM GAS  C:\Users\MIHAILO\AppData\Local\Temp\cctN8K4m.s 			page 34


 1448      63796473 
 1448      6E00
 1449              	.LASF15:
 1450 012c 75696E74 		.ascii	"uint32\000"
 1450      333200
 1451              	.LASF0:
 1452 0133 756E7369 		.ascii	"unsigned int\000"
 1452      676E6564 
 1452      20696E74 
 1452      00
 1453              	.LASF42:
 1454 0140 63796669 		.ascii	"cyfitter_cfg\000"
 1454      74746572 
 1454      5F636667 
 1454      00
 1455              	.LASF32:
 1456 014d 61646472 		.ascii	"address\000"
 1456      65737300 
 1457              	.LASF9:
 1458 0155 6C6F6E67 		.ascii	"long long unsigned int\000"
 1458      206C6F6E 
 1458      6720756E 
 1458      7369676E 
 1458      65642069 
 1459              	.LASF39:
 1460 016c 474E5520 		.ascii	"GNU C11 5.4.1 20160609 (release) [ARM/embedded-5-br"
 1460      43313120 
 1460      352E342E 
 1460      31203230 
 1460      31363036 
 1461 019f 616E6368 		.ascii	"anch revision 237715] -mcpu=cortex-m0 -mthumb -g -O"
 1461      20726576 
 1461      6973696F 
 1461      6E203233 
 1461      37373135 
 1462 01d2 67202D66 		.ascii	"g -ffunction-sections -ffat-lto-objects\000"
 1462      66756E63 
 1462      74696F6E 
 1462      2D736563 
 1462      74696F6E 
 1463              	.LASF34:
 1464 01fa 6366675F 		.ascii	"cfg_memset_t\000"
 1464      6D656D73 
 1464      65745F74 
 1464      00
 1465              	.LASF25:
 1466 0207 62617365 		.ascii	"baseAddr\000"
 1466      41646472 
 1466      00
 1467              	.LASF10:
 1468 0210 73697A65 		.ascii	"sizetype\000"
 1468      74797065 
 1468      00
 1469              	.LASF6:
 1470 0219 73686F72 		.ascii	"short unsigned int\000"
 1470      7420756E 
 1470      7369676E 
ARM GAS  C:\Users\MIHAILO\AppData\Local\Temp\cctN8K4m.s 			page 35


 1470      65642069 
 1470      6E7400
 1471              	.LASF1:
 1472 022c 6C6F6E67 		.ascii	"long long int\000"
 1472      206C6F6E 
 1472      6720696E 
 1472      7400
 1473              	.LASF11:
 1474 023a 63686172 		.ascii	"char\000"
 1474      00
 1475              	.LASF22:
 1476 023f 63795F63 		.ascii	"cy_cfg_addrvalue_t\000"
 1476      66675F61 
 1476      64647276 
 1476      616C7565 
 1476      5F7400
 1477              	.LASF20:
 1478 0252 6F666673 		.ascii	"offset\000"
 1478      657400
 1479              	.LASF5:
 1480 0259 73686F72 		.ascii	"short int\000"
 1480      7420696E 
 1480      7400
 1481              	.LASF36:
 1482 0263 43795379 		.ascii	"CySysClkWriteImoFreq\000"
 1482      73436C6B 
 1482      57726974 
 1482      65496D6F 
 1482      46726571 
 1483              	.LASF7:
 1484 0278 6C6F6E67 		.ascii	"long int\000"
 1484      20696E74 
 1484      00
 1485              	.LASF2:
 1486 0281 6C6F6E67 		.ascii	"long double\000"
 1486      20646F75 
 1486      626C6500 
 1487              	.LASF3:
 1488 028d 7369676E 		.ascii	"signed char\000"
 1488      65642063 
 1488      68617200 
 1489              	.LASF40:
 1490 0299 47656E65 		.ascii	"Generated_Source\\PSoC4\\cyfitter_cfg.c\000"
 1490      72617465 
 1490      645F536F 
 1490      75726365 
 1490      5C50536F 
 1491              		.ident	"GCC: (GNU Tools for ARM Embedded Processors) 5.4.1 20160609 (release) [ARM/embedded-5-bran
